<!DOCTYPE html PUBLIC "-//W3C//DTD XHTML 1.1//EN" "http://www.w3.org/TR/xhtml11/DTD/xhtml11.dtd">
<html xmlns="http://www.w3.org/1999/xhtml"><head><title>TestNG Report</title><style type="text/css">table {margin-bottom:10px;border-collapse:collapse;empty-cells:show}th,td {border:1px solid #009;padding:.25em .5em}th {vertical-align:bottom}td {vertical-align:top}table a {font-weight:bold}.stripe td {background-color: #E6EBF9}.num {text-align:right}.passedodd td {background-color: #3F3}.passedeven td {background-color: #0A0}.skippedodd td {background-color: #DDD}.skippedeven td {background-color: #CCC}.failedodd td,.attn {background-color: #F33}.failedeven td,.stripe .attn {background-color: #D00}.stacktrace {white-space:pre;font-family:monospace}.totop {font-size:85%;text-align:center;border-bottom:2px solid #000}</style></head><body><table><tr><th>Test</th><th># Passed</th><th># Skipped</th><th># Failed</th><th>Time (ms)</th><th>Included Groups</th><th>Excluded Groups</th></tr><tr><th colspan="7">RefferralActivities</th></tr><tr><td><a href="#t0">RefferralActivities</a></td><td class="num">0</td><td class="num">0</td><td class="num attn">1</td><td class="num">65,943</td><td></td><td></td></tr></table><table><thead><tr><th>Class</th><th>Method</th><th>Start</th><th>Time (ms)</th></tr></thead><tbody><tr><th colspan="4">RefferralActivities</th></tr></tbody><tbody id="t0"><tr><th colspan="4">RefferralActivities &#8212; failed</th></tr><tr class="failedeven"><td rowspan="1">com.edureka.refferralProcess.RefferralActivities</td><td><a href="#m0">test_002RefferralActivities</a></td><td rowspan="1">1472709545957</td><td rowspan="1">49216</td></tr></tbody></table><h2>RefferralActivities</h2><h3 id="m0">com.edureka.refferralProcess.RefferralActivities#test_002RefferralActivities</h3><table class="result"><tr><th>Messages</th></tr><tr><td><div class="messages">Navigate to the Edureka application url&lt;br&gt;<br/>Verify Edureka Dashboard Page&lt;br&gt;<br/>Click on SignIn Navigation header&lt;br&gt;<br/>Verify LogIn Is Default&lt;br&gt;<br/>click on Sign up link&lt;br&gt;<br/>Sign up user B who is refferrad by A in TC_001&lt;br&gt;<br/>Click on Sign create Account button&lt;br&gt;<br/>Verify User Home Page&lt;br&gt;<br/>&lt;a href= &apos;file://D:/workspace/Edureka_Automation/screenshots/test_002RefferralActivities2016-09-01.jpg&apos;target=&apos;_blank&apos; &gt;&lt;img src=&apos;file://D:/workspace/Edureka_Automation/screenshots/test_002RefferralActivities2016-09-01.jpg&apos; height=&quot;42&quot; width=&quot;42&quot; &gt;test_002RefferralActivities2016-09-01&lt;/a&gt;</div></td></tr><tr><th>Exception</th></tr><tr><td><div class="stacktrace">org.openqa.selenium.NoSuchElementException: Unable to locate element: {&quot;method&quot;:&quot;xpath&quot;,&quot;selector&quot;:&quot;//span[@class=&apos;webinar-profile-name&apos;]&quot;}
Command duration or timeout: 75 milliseconds
For documentation on this error, please visit: http://seleniumhq.org/exceptions/no_such_element.html
Build info: version: &apos;2.48.1&apos;, revision: &apos;d80083d&apos;, time: &apos;2015-10-08 21:11:00&apos;
System info: host: &apos;360LP048&apos;, ip: &apos;192.168.3.81&apos;, os.name: &apos;Windows 7&apos;, os.arch: &apos;amd64&apos;, os.version: &apos;6.1&apos;, java.version: &apos;1.8.0_91&apos;
Driver info: org.openqa.selenium.firefox.FirefoxDriver
Capabilities [{applicationCacheEnabled=true, rotatable=false, handlesAlerts=true, databaseEnabled=true, version=43.0.1, platform=WINDOWS, nativeEvents=false, acceptSslCerts=true, webStorageEnabled=true, locationContextEnabled=true, browserName=firefox, takesScreenshot=true, javascriptEnabled=true, cssSelectorsEnabled=true}]
Session ID: 44d60b30-a6be-4b04-afd4-8521420e4960
*** Element info: {Using=xpath, value=//span[@class=&apos;webinar-profile-name&apos;]}
	at org.openqa.selenium.remote.ErrorHandler.createThrowable(ErrorHandler.java:206)
	at org.openqa.selenium.remote.ErrorHandler.throwIfResponseFailed(ErrorHandler.java:158)
	at org.openqa.selenium.remote.RemoteWebDriver.execute(RemoteWebDriver.java:647)
	at org.openqa.selenium.remote.RemoteWebDriver.findElement(RemoteWebDriver.java:353)
	at org.openqa.selenium.remote.RemoteWebDriver.findElementByXPath(RemoteWebDriver.java:490)
	at org.openqa.selenium.By$ByXPath.findElement(By.java:361)
	at org.openqa.selenium.remote.RemoteWebDriver.findElement(RemoteWebDriver.java:345)
	at com.edureka.pages.UserHomePage.verifyUserPage(UserHomePage.java:70)
	at com.edureka.refferralProcess.RefferralActivities.test_002RefferralActivities(RefferralActivities.java:63)
Caused by: org.openqa.selenium.NoSuchElementException: Unable to locate element: {&quot;method&quot;:&quot;xpath&quot;,&quot;selector&quot;:&quot;//span[@class=&apos;webinar-profile-name&apos;]&quot;}
For documentation on this error, please visit: http://seleniumhq.org/exceptions/no_such_element.html
Build info: version: &apos;2.48.1&apos;, revision: &apos;d80083d&apos;, time: &apos;2015-10-08 21:11:00&apos;
System info: host: &apos;360LP048&apos;, ip: &apos;192.168.3.81&apos;, os.name: &apos;Windows 7&apos;, os.arch: &apos;amd64&apos;, os.version: &apos;6.1&apos;, java.version: &apos;1.8.0_91&apos;
Driver info: driver.version: unknown
	at &lt;anonymous class&gt;.FirefoxDriver.prototype.findElementInternal_(file:///C:/Users/ADMINI~1.360/AppData/Local/Temp/anonymous8644227588513468669webdriver-profile/extensions/fxdriver@googlecode.com/components/driver-component.js:10659)
	at &lt;anonymous class&gt;.FirefoxDriver.prototype.findElement(file:///C:/Users/ADMINI~1.360/AppData/Local/Temp/anonymous8644227588513468669webdriver-profile/extensions/fxdriver@googlecode.com/components/driver-component.js:10668)
	at &lt;anonymous class&gt;.DelayedCommand.prototype.executeInternal_/h(file:///C:/Users/ADMINI~1.360/AppData/Local/Temp/anonymous8644227588513468669webdriver-profile/extensions/fxdriver@googlecode.com/components/command-processor.js:12534)
	at &lt;anonymous class&gt;.DelayedCommand.prototype.executeInternal_(file:///C:/Users/ADMINI~1.360/AppData/Local/Temp/anonymous8644227588513468669webdriver-profile/extensions/fxdriver@googlecode.com/components/command-processor.js:12539)
	at &lt;anonymous class&gt;.DelayedCommand.prototype.execute/&lt;(file:///C:/Users/ADMINI~1.360/AppData/Local/Temp/anonymous8644227588513468669webdriver-profile/extensions/fxdriver@googlecode.com/components/command-processor.js:12481)
... Removed 26 stack frames</div></td></tr></table><p class="totop"><a href="#summary">back to summary</a></p></body></html>