<?xml version="1.0" encoding="UTF-8"?>
<testng-results skipped="0" failed="1" total="1" passed="0">
  <reporter-output>
    <line>
      <![CDATA[Navigate to the Edureka application url<br>]]>
    </line>
    <line>
      <![CDATA[Verify Edureka Dashboard Page<br>]]>
    </line>
    <line>
      <![CDATA[Click on SignIn Navigation header<br>]]>
    </line>
    <line>
      <![CDATA[Verify LogIn Is Default<br>]]>
    </line>
    <line>
      <![CDATA[click on Sign up link<br>]]>
    </line>
    <line>
      <![CDATA[Sign up user B who is refferrad by A in TC_001<br>]]>
    </line>
    <line>
      <![CDATA[Click on Sign create Account button<br>]]>
    </line>
    <line>
      <![CDATA[Verify User Home Page<br>]]>
    </line>
    <line>
      <![CDATA[<a href= 'file://D:/workspace/Edureka_Automation/screenshots/test_002RefferralActivities2016-09-01.jpg'target='_blank' ><img src='file://D:/workspace/Edureka_Automation/screenshots/test_002RefferralActivities2016-09-01.jpg' height="42" width="42" >test_002RefferralActivities2016-09-01</a>]]>
    </line>
  </reporter-output>
  <suite name="RefferralActivities" duration-ms="65943" started-at="2016-09-01T05:58:53Z" finished-at="2016-09-01T05:59:59Z">
    <groups>
    </groups>
    <test name="RefferralActivities" duration-ms="65943" started-at="2016-09-01T05:58:53Z" finished-at="2016-09-01T05:59:59Z">
      <class name="com.edureka.refferralProcess.RefferralActivities">
        <test-method status="PASS" signature="setUp()[pri:0, instance:com.edureka.refferralProcess.RefferralActivities@6fd02e5]" name="setUp" is-config="true" duration-ms="12521" started-at="2016-09-01T11:28:53Z" finished-at="2016-09-01T11:29:05Z">
          <reporter-output>
          </reporter-output>
        </test-method> <!-- setUp -->
        <test-method status="FAIL" signature="test_002RefferralActivities()[pri:0, instance:com.edureka.refferralProcess.RefferralActivities@6fd02e5]" name="test_002RefferralActivities" duration-ms="49216" started-at="2016-09-01T11:29:05Z" finished-at="2016-09-01T11:29:55Z">
          <exception class="org.openqa.selenium.NoSuchElementException">
            <message>
              <![CDATA[Unable to locate element: {"method":"xpath","selector":"//span[@class='webinar-profile-name']"}
Command duration or timeout: 75 milliseconds
For documentation on this error, please visit: http://seleniumhq.org/exceptions/no_such_element.html
Build info: version: '2.48.1', revision: 'd80083d', time: '2015-10-08 21:11:00'
System info: host: '360LP048', ip: '192.168.3.81', os.name: 'Windows 7', os.arch: 'amd64', os.version: '6.1', java.version: '1.8.0_91'
Driver info: org.openqa.selenium.firefox.FirefoxDriver
Capabilities [{applicationCacheEnabled=true, rotatable=false, handlesAlerts=true, databaseEnabled=true, version=43.0.1, platform=WINDOWS, nativeEvents=false, acceptSslCerts=true, webStorageEnabled=true, locationContextEnabled=true, browserName=firefox, takesScreenshot=true, javascriptEnabled=true, cssSelectorsEnabled=true}]
Session ID: 44d60b30-a6be-4b04-afd4-8521420e4960
*** Element info: {Using=xpath, value=//span[@class='webinar-profile-name']}]]>
            </message>
            <full-stacktrace>
              <![CDATA[org.openqa.selenium.NoSuchElementException: Unable to locate element: {"method":"xpath","selector":"//span[@class='webinar-profile-name']"}
Command duration or timeout: 75 milliseconds
For documentation on this error, please visit: http://seleniumhq.org/exceptions/no_such_element.html
Build info: version: '2.48.1', revision: 'd80083d', time: '2015-10-08 21:11:00'
System info: host: '360LP048', ip: '192.168.3.81', os.name: 'Windows 7', os.arch: 'amd64', os.version: '6.1', java.version: '1.8.0_91'
Driver info: org.openqa.selenium.firefox.FirefoxDriver
Capabilities [{applicationCacheEnabled=true, rotatable=false, handlesAlerts=true, databaseEnabled=true, version=43.0.1, platform=WINDOWS, nativeEvents=false, acceptSslCerts=true, webStorageEnabled=true, locationContextEnabled=true, browserName=firefox, takesScreenshot=true, javascriptEnabled=true, cssSelectorsEnabled=true}]
Session ID: 44d60b30-a6be-4b04-afd4-8521420e4960
*** Element info: {Using=xpath, value=//span[@class='webinar-profile-name']}
	at sun.reflect.GeneratedConstructorAccessor11.newInstance(Unknown Source)
	at sun.reflect.DelegatingConstructorAccessorImpl.newInstance(DelegatingConstructorAccessorImpl.java:45)
	at java.lang.reflect.Constructor.newInstance(Constructor.java:423)
	at org.openqa.selenium.remote.ErrorHandler.createThrowable(ErrorHandler.java:206)
	at org.openqa.selenium.remote.ErrorHandler.throwIfResponseFailed(ErrorHandler.java:158)
	at org.openqa.selenium.remote.RemoteWebDriver.execute(RemoteWebDriver.java:647)
	at org.openqa.selenium.remote.RemoteWebDriver.findElement(RemoteWebDriver.java:353)
	at org.openqa.selenium.remote.RemoteWebDriver.findElementByXPath(RemoteWebDriver.java:490)
	at org.openqa.selenium.By$ByXPath.findElement(By.java:361)
	at org.openqa.selenium.remote.RemoteWebDriver.findElement(RemoteWebDriver.java:345)
	at com.edureka.pages.UserHomePage.verifyUserPage(UserHomePage.java:70)
	at com.edureka.refferralProcess.RefferralActivities.test_002RefferralActivities(RefferralActivities.java:63)
	at sun.reflect.NativeMethodAccessorImpl.invoke0(Native Method)
	at sun.reflect.NativeMethodAccessorImpl.invoke(NativeMethodAccessorImpl.java:62)
	at sun.reflect.DelegatingMethodAccessorImpl.invoke(DelegatingMethodAccessorImpl.java:43)
	at java.lang.reflect.Method.invoke(Method.java:498)
	at org.testng.internal.MethodInvocationHelper.invokeMethod(MethodInvocationHelper.java:85)
	at org.testng.internal.Invoker.invokeMethod(Invoker.java:639)
	at org.testng.internal.Invoker.invokeTestMethod(Invoker.java:821)
	at org.testng.internal.Invoker.invokeTestMethods(Invoker.java:1131)
	at org.testng.internal.TestMethodWorker.invokeTestMethods(TestMethodWorker.java:124)
	at org.testng.internal.TestMethodWorker.run(TestMethodWorker.java:108)
	at org.testng.TestRunner.privateRun(TestRunner.java:773)
	at org.testng.TestRunner.run(TestRunner.java:623)
	at org.testng.SuiteRunner.runTest(SuiteRunner.java:357)
	at org.testng.SuiteRunner.runSequentially(SuiteRunner.java:352)
	at org.testng.SuiteRunner.privateRun(SuiteRunner.java:310)
	at org.testng.SuiteRunner.run(SuiteRunner.java:259)
	at org.testng.SuiteRunnerWorker.runSuite(SuiteRunnerWorker.java:52)
	at org.testng.SuiteRunnerWorker.run(SuiteRunnerWorker.java:86)
	at org.testng.TestNG.runSuitesSequentially(TestNG.java:1185)
	at org.testng.TestNG.runSuitesLocally(TestNG.java:1110)
	at org.testng.TestNG.run(TestNG.java:1018)
	at org.testng.TestNG.privateMain(TestNG.java:1325)
	at org.testng.TestNG.main(TestNG.java:1294)
Caused by: org.openqa.selenium.NoSuchElementException: Unable to locate element: {"method":"xpath","selector":"//span[@class='webinar-profile-name']"}
For documentation on this error, please visit: http://seleniumhq.org/exceptions/no_such_element.html
Build info: version: '2.48.1', revision: 'd80083d', time: '2015-10-08 21:11:00'
System info: host: '360LP048', ip: '192.168.3.81', os.name: 'Windows 7', os.arch: 'amd64', os.version: '6.1', java.version: '1.8.0_91'
Driver info: driver.version: unknown
	at <anonymous class>.FirefoxDriver.prototype.findElementInternal_(file:///C:/Users/ADMINI~1.360/AppData/Local/Temp/anonymous8644227588513468669webdriver-profile/extensions/fxdriver@googlecode.com/components/driver-component.js:10659)
	at <anonymous class>.FirefoxDriver.prototype.findElement(file:///C:/Users/ADMINI~1.360/AppData/Local/Temp/anonymous8644227588513468669webdriver-profile/extensions/fxdriver@googlecode.com/components/driver-component.js:10668)
	at <anonymous class>.DelayedCommand.prototype.executeInternal_/h(file:///C:/Users/ADMINI~1.360/AppData/Local/Temp/anonymous8644227588513468669webdriver-profile/extensions/fxdriver@googlecode.com/components/command-processor.js:12534)
	at <anonymous class>.DelayedCommand.prototype.executeInternal_(file:///C:/Users/ADMINI~1.360/AppData/Local/Temp/anonymous8644227588513468669webdriver-profile/extensions/fxdriver@googlecode.com/components/command-processor.js:12539)
	at <anonymous class>.DelayedCommand.prototype.execute/<(file:///C:/Users/ADMINI~1.360/AppData/Local/Temp/anonymous8644227588513468669webdriver-profile/extensions/fxdriver@googlecode.com/components/command-processor.js:12481)
]]>
            </full-stacktrace>
          </exception> <!-- org.openqa.selenium.NoSuchElementException -->
          <reporter-output>
            <line>
              <![CDATA[Navigate to the Edureka application url<br>]]>
            </line>
            <line>
              <![CDATA[Verify Edureka Dashboard Page<br>]]>
            </line>
            <line>
              <![CDATA[Click on SignIn Navigation header<br>]]>
            </line>
            <line>
              <![CDATA[Verify LogIn Is Default<br>]]>
            </line>
            <line>
              <![CDATA[click on Sign up link<br>]]>
            </line>
            <line>
              <![CDATA[Sign up user B who is refferrad by A in TC_001<br>]]>
            </line>
            <line>
              <![CDATA[Click on Sign create Account button<br>]]>
            </line>
            <line>
              <![CDATA[Verify User Home Page<br>]]>
            </line>
            <line>
              <![CDATA[<a href= 'file://D:/workspace/Edureka_Automation/screenshots/test_002RefferralActivities2016-09-01.jpg'target='_blank' ><img src='file://D:/workspace/Edureka_Automation/screenshots/test_002RefferralActivities2016-09-01.jpg' height="42" width="42" >test_002RefferralActivities2016-09-01</a>]]>
            </line>
          </reporter-output>
        </test-method> <!-- test_002RefferralActivities -->
        <test-method status="PASS" signature="tearDown()[pri:0, instance:com.edureka.refferralProcess.RefferralActivities@6fd02e5]" name="tearDown" is-config="true" duration-ms="4152" started-at="2016-09-01T11:29:55Z" finished-at="2016-09-01T11:29:59Z">
          <reporter-output>
          </reporter-output>
        </test-method> <!-- tearDown -->
      </class> <!-- com.edureka.refferralProcess.RefferralActivities -->
    </test> <!-- RefferralActivities -->
  </suite> <!-- RefferralActivities -->
</testng-results>
