<?xml version="1.0" encoding="UTF-8"?>
<!-- Generated by org.testng.reporters.JUnitXMLReporter -->
<testsuite hostname="360pc011" name="TestSuitePaymentProcess" tests="33" failures="11" timestamp="2 Feb 2017 13:03:36 GMT" time="1816.882" errors="0">
  <testcase name="test_005MakePaymentThroughCCAvenue" time="127.006" classname="com.edureka.paymentProcess.MakePaymentThroughCCAvenue">
    <failure type="java.lang.AssertionError" message="expected [true] but found [false]">
      <![CDATA[java.lang.AssertionError: expected [true] but found [false]
	at com.edureka.pages.RazorPayPage.verifyCCAvenuePage(RazorPayPage.java:132)
	at com.edureka.paymentProcess.MakePaymentThroughCCAvenue.test_005MakePaymentThroughCCAvenue(MakePaymentThroughCCAvenue.java:128)
... Removed 28 stack frames]]>
    </failure>
  </testcase> <!-- test_005MakePaymentThroughCCAvenue -->
  <testcase name="test_004MakePaymentThroughPaypal" time="175.551" classname="com.edureka.paymentProcess.MakePaymentThroughPaypal">
    <failure type="java.lang.AssertionError" message="Element Locator ://input[@id=&amp;apos;confirmButtonTop&amp;apos;] Not found expected [true] but found [false]">
      <![CDATA[java.lang.AssertionError: Element Locator ://input[@id='confirmButtonTop'] Not found expected [true] but found [false]
	at com.edureka.util.DriverHelper.clickOn(DriverHelper.java:353)
	at com.edureka.pages.PayPalPage.clickOnContinueButton(PayPalPage.java:73)
	at com.edureka.paymentProcess.MakePaymentThroughPaypal.test_004MakePaymentThroughPaypal(MakePaymentThroughPaypal.java:112)
... Removed 27 stack frames]]>
    </failure>
  </testcase> <!-- test_004MakePaymentThroughPaypal -->
  <testcase name="test_022ValidateMyOrdersDetailsOnMyProfilePage" time="0.0" classname="com.edureka.paymentProcess.MakePaymentThroughPaypal">
    <skipped/>
  </testcase> <!-- test_022ValidateMyOrdersDetailsOnMyProfilePage -->
  <testcase name="test_006MakePaymentThroughRazorPay" time="149.115" classname="com.edureka.paymentProcess.MakePaymentThroughRazorPay"/>
  <testcase name="test_023VerifyDataAfterPostPayment" time="0.003" classname="com.edureka.paymentProcess.MakePaymentThroughRazorPay"/>
  <testcase name="test_002PriceCalculationInBatchTable" time="72.275" classname="com.edureka.paymentProcess.PriceCalculationInBatchTable"/>
  <testcase name="test_013MakePaymentWhenNoDiscountNoB1S2__CCAvenue" time="120.125" classname="com.edureka.paymentProcess.MakePaymentWhenNoneOfOfferPresent">
    <failure type="org.openqa.selenium.TimeoutException" message="Timed out after 60 seconds waiting for visibility of Proxy element for: org.openqa.selenium.support.pagefactory.DefaultElementLocator@310023dd
Build info: version: &amp;apos;2.48.1&amp;apos;, revision: &amp;apos;d80083d&amp;apos;, time: &amp;apos;2015-10-08 21:11:00&amp;apos;
System info: host: &amp;apos;360pc011&amp;apos;, ip: &amp;apos;127.0.1.1&amp;apos;, os.name: &amp;apos;Linux&amp;apos;, os.arch: &amp;apos;amd64&amp;apos;, os.version: &amp;apos;4.2.0-27-generic&amp;apos;, java.version: &amp;apos;1.7.0_111&amp;apos;
Session ID: 9da227a7-35de-4ae6-a06a-7f20388009ac
Driver info: org.openqa.selenium.firefox.FirefoxDriver
Capabilities [{platform=LINUX, acceptSslCerts=true, javascriptEnabled=true, cssSelectorsEnabled=true, databaseEnabled=true, browserName=firefox, handlesAlerts=true, nativeEvents=false, webStorageEnabled=true, rotatable=false, locationContextEnabled=true, applicationCacheEnabled=true, takesScreenshot=true, version=41.0.2}]">
      <![CDATA[org.openqa.selenium.TimeoutException: Timed out after 60 seconds waiting for visibility of Proxy element for: org.openqa.selenium.support.pagefactory.DefaultElementLocator@310023dd
Build info: version: '2.48.1', revision: 'd80083d', time: '2015-10-08 21:11:00'
System info: host: '360pc011', ip: '127.0.1.1', os.name: 'Linux', os.arch: 'amd64', os.version: '4.2.0-27-generic', java.version: '1.7.0_111'
Session ID: 9da227a7-35de-4ae6-a06a-7f20388009ac
Driver info: org.openqa.selenium.firefox.FirefoxDriver
Capabilities [{platform=LINUX, acceptSslCerts=true, javascriptEnabled=true, cssSelectorsEnabled=true, databaseEnabled=true, browserName=firefox, handlesAlerts=true, nativeEvents=false, webStorageEnabled=true, rotatable=false, locationContextEnabled=true, applicationCacheEnabled=true, takesScreenshot=true, version=41.0.2}]
	at org.openqa.selenium.support.ui.WebDriverWait.timeoutException(WebDriverWait.java:80)
	at org.openqa.selenium.support.ui.FluentWait.until(FluentWait.java:261)
	at com.edureka.util.DriverHelper.waitForWebElementPresent(DriverHelper.java:624)
	at com.edureka.pages.AdminDashboard.activateTheOffer(AdminDashboard.java:219)
	at com.edureka.paymentProcess.MakePaymentWhenNoneOfOfferPresent.test_013MakePaymentWhenNoDiscountNoB1S2__CCAvenue(MakePaymentWhenNoneOfOfferPresent.java:463)
Caused by: org.openqa.selenium.NoSuchElementException: Unable to locate element: {"method":"id","selector":"OfferStatus"}
Command duration or timeout: 3 milliseconds
For documentation on this error, please visit: http://seleniumhq.org/exceptions/no_such_element.html
Build info: version: '2.48.1', revision: 'd80083d', time: '2015-10-08 21:11:00'
System info: host: '360pc011', ip: '127.0.1.1', os.name: 'Linux', os.arch: 'amd64', os.version: '4.2.0-27-generic', java.version: '1.7.0_111'
*** Element info: {Using=id, value=OfferStatus}
Session ID: 9da227a7-35de-4ae6-a06a-7f20388009ac
Driver info: org.openqa.selenium.firefox.FirefoxDriver
Capabilities [{platform=LINUX, acceptSslCerts=true, javascriptEnabled=true, cssSelectorsEnabled=true, databaseEnabled=true, browserName=firefox, handlesAlerts=true, nativeEvents=false, webStorageEnabled=true, rotatable=false, locationContextEnabled=true, applicationCacheEnabled=true, takesScreenshot=true, version=41.0.2}]
	at org.openqa.selenium.remote.ErrorHandler.createThrowable(ErrorHandler.java:206)
	at org.openqa.selenium.remote.ErrorHandler.throwIfResponseFailed(ErrorHandler.java:158)
	at org.openqa.selenium.remote.RemoteWebDriver.execute(RemoteWebDriver.java:647)
	at org.openqa.selenium.remote.RemoteWebDriver.findElement(RemoteWebDriver.java:353)
	at org.openqa.selenium.remote.RemoteWebDriver.findElementById(RemoteWebDriver.java:403)
	at org.openqa.selenium.By$ById.findElement(By.java:218)
	at org.openqa.selenium.remote.RemoteWebDriver.findElement(RemoteWebDriver.java:345)
	at org.openqa.selenium.support.pagefactory.DefaultElementLocator.findElement(DefaultElementLocator.java:69)
	at org.openqa.selenium.support.pagefactory.internal.LocatingElementHandler.invoke(LocatingElementHandler.java:38)
	at com.sun.proxy.$Proxy7.isDisplayed(Unknown Source)
	at org.openqa.selenium.support.ui.ExpectedConditions.elementIfVisible(ExpectedConditions.java:302)
	at org.openqa.selenium.support.ui.ExpectedConditions.access$1(ExpectedConditions.java:301)
	at org.openqa.selenium.support.ui.ExpectedConditions$10.apply(ExpectedConditions.java:288)
	at org.openqa.selenium.support.ui.ExpectedConditions$10.apply(ExpectedConditions.java:1)
	at org.openqa.selenium.support.ui.FluentWait.until(FluentWait.java:238)
	... 27 more
Caused by: org.openqa.selenium.NoSuchElementException: Unable to locate element: {"method":"id","selector":"OfferStatus"}
For documentation on this error, please visit: http://seleniumhq.org/exceptions/no_such_element.html
Build info: version: '2.48.1', revision: 'd80083d', time: '2015-10-08 21:11:00'
System info: host: '360pc011', ip: '127.0.1.1', os.name: 'Linux', os.arch: 'amd64', os.version: '4.2.0-27-generic', java.version: '1.7.0_111'
Driver info: driver.version: unknown
	at <anonymous class>.FirefoxDriver.prototype.findElementInternal_(file:///tmp/anonymous3467446526689421029webdriver-profile/extensions/fxdriver@googlecode.com/components/driver-component.js:10659)
	at <anonymous class>.FirefoxDriver.prototype.findElement(file:///tmp/anonymous3467446526689421029webdriver-profile/extensions/fxdriver@googlecode.com/components/driver-component.js:10668)
	at <anonymous class>.DelayedCommand.prototype.executeInternal_/h(file:///tmp/anonymous3467446526689421029webdriver-profile/extensions/fxdriver@googlecode.com/components/command-processor.js:12534)
	at <anonymous class>.DelayedCommand.prototype.executeInternal_(file:///tmp/anonymous3467446526689421029webdriver-profile/extensions/fxdriver@googlecode.com/components/command-processor.js:12539)
	at <anonymous class>.DelayedCommand.prototype.execute/<(file:///tmp/anonymous3467446526689421029webdriver-profile/extensions/fxdriver@googlecode.com/components/command-processor.js:12481)
... Removed 27 stack frames]]>
    </failure>
  </testcase> <!-- test_013MakePaymentWhenNoDiscountNoB1S2__CCAvenue -->
  <testcase name="test_013MakePaymentWhenNoDiscountNoB1S2__Paypal" time="0.0" classname="com.edureka.paymentProcess.MakePaymentWhenNoneOfOfferPresent">
    <skipped/>
  </testcase> <!-- test_013MakePaymentWhenNoDiscountNoB1S2__Paypal -->
  <testcase name="test_013MakePaymentWhenNoDiscountNoB1S2__RP" time="0.0" classname="com.edureka.paymentProcess.MakePaymentWhenNoneOfOfferPresent">
    <skipped/>
  </testcase> <!-- test_013MakePaymentWhenNoDiscountNoB1S2__RP -->
  <testcase name="test014_MakePaymentWhenAnyTypeOfDiscountNotB1S2_CCAvenue" time="121.579" classname="com.edureka.paymentProcess.MakePaymentWhenAnyTypeOfDiscountNotB1S2">
    <failure type="org.openqa.selenium.TimeoutException" message="Timed out after 60 seconds waiting for visibility of Proxy element for: org.openqa.selenium.support.pagefactory.DefaultElementLocator@2eee5031
Build info: version: &amp;apos;2.48.1&amp;apos;, revision: &amp;apos;d80083d&amp;apos;, time: &amp;apos;2015-10-08 21:11:00&amp;apos;
System info: host: &amp;apos;360pc011&amp;apos;, ip: &amp;apos;127.0.1.1&amp;apos;, os.name: &amp;apos;Linux&amp;apos;, os.arch: &amp;apos;amd64&amp;apos;, os.version: &amp;apos;4.2.0-27-generic&amp;apos;, java.version: &amp;apos;1.7.0_111&amp;apos;
Session ID: 688a5aff-474c-4f97-a806-7310a6be4338
Driver info: org.openqa.selenium.firefox.FirefoxDriver
Capabilities [{platform=LINUX, acceptSslCerts=true, javascriptEnabled=true, cssSelectorsEnabled=true, databaseEnabled=true, browserName=firefox, handlesAlerts=true, nativeEvents=false, webStorageEnabled=true, rotatable=false, locationContextEnabled=true, applicationCacheEnabled=true, takesScreenshot=true, version=41.0.2}]">
      <![CDATA[org.openqa.selenium.TimeoutException: Timed out after 60 seconds waiting for visibility of Proxy element for: org.openqa.selenium.support.pagefactory.DefaultElementLocator@2eee5031
Build info: version: '2.48.1', revision: 'd80083d', time: '2015-10-08 21:11:00'
System info: host: '360pc011', ip: '127.0.1.1', os.name: 'Linux', os.arch: 'amd64', os.version: '4.2.0-27-generic', java.version: '1.7.0_111'
Session ID: 688a5aff-474c-4f97-a806-7310a6be4338
Driver info: org.openqa.selenium.firefox.FirefoxDriver
Capabilities [{platform=LINUX, acceptSslCerts=true, javascriptEnabled=true, cssSelectorsEnabled=true, databaseEnabled=true, browserName=firefox, handlesAlerts=true, nativeEvents=false, webStorageEnabled=true, rotatable=false, locationContextEnabled=true, applicationCacheEnabled=true, takesScreenshot=true, version=41.0.2}]
	at org.openqa.selenium.support.ui.WebDriverWait.timeoutException(WebDriverWait.java:80)
	at org.openqa.selenium.support.ui.FluentWait.until(FluentWait.java:261)
	at com.edureka.util.DriverHelper.waitForWebElementPresent(DriverHelper.java:624)
	at com.edureka.pages.AdminDashboard.activateTheOffer(AdminDashboard.java:219)
	at com.edureka.paymentProcess.MakePaymentWhenAnyTypeOfDiscountNotB1S2.test014_MakePaymentWhenAnyTypeOfDiscountNotB1S2_CCAvenue(MakePaymentWhenAnyTypeOfDiscountNotB1S2.java:512)
Caused by: org.openqa.selenium.NoSuchElementException: Unable to locate element: {"method":"id","selector":"OfferStatus"}
Command duration or timeout: 6 milliseconds
For documentation on this error, please visit: http://seleniumhq.org/exceptions/no_such_element.html
Build info: version: '2.48.1', revision: 'd80083d', time: '2015-10-08 21:11:00'
System info: host: '360pc011', ip: '127.0.1.1', os.name: 'Linux', os.arch: 'amd64', os.version: '4.2.0-27-generic', java.version: '1.7.0_111'
*** Element info: {Using=id, value=OfferStatus}
Session ID: 688a5aff-474c-4f97-a806-7310a6be4338
Driver info: org.openqa.selenium.firefox.FirefoxDriver
Capabilities [{platform=LINUX, acceptSslCerts=true, javascriptEnabled=true, cssSelectorsEnabled=true, databaseEnabled=true, browserName=firefox, handlesAlerts=true, nativeEvents=false, webStorageEnabled=true, rotatable=false, locationContextEnabled=true, applicationCacheEnabled=true, takesScreenshot=true, version=41.0.2}]
	at org.openqa.selenium.remote.ErrorHandler.createThrowable(ErrorHandler.java:206)
	at org.openqa.selenium.remote.ErrorHandler.throwIfResponseFailed(ErrorHandler.java:158)
	at org.openqa.selenium.remote.RemoteWebDriver.execute(RemoteWebDriver.java:647)
	at org.openqa.selenium.remote.RemoteWebDriver.findElement(RemoteWebDriver.java:353)
	at org.openqa.selenium.remote.RemoteWebDriver.findElementById(RemoteWebDriver.java:403)
	at org.openqa.selenium.By$ById.findElement(By.java:218)
	at org.openqa.selenium.remote.RemoteWebDriver.findElement(RemoteWebDriver.java:345)
	at org.openqa.selenium.support.pagefactory.DefaultElementLocator.findElement(DefaultElementLocator.java:69)
	at org.openqa.selenium.support.pagefactory.internal.LocatingElementHandler.invoke(LocatingElementHandler.java:38)
	at com.sun.proxy.$Proxy7.isDisplayed(Unknown Source)
	at org.openqa.selenium.support.ui.ExpectedConditions.elementIfVisible(ExpectedConditions.java:302)
	at org.openqa.selenium.support.ui.ExpectedConditions.access$1(ExpectedConditions.java:301)
	at org.openqa.selenium.support.ui.ExpectedConditions$10.apply(ExpectedConditions.java:288)
	at org.openqa.selenium.support.ui.ExpectedConditions$10.apply(ExpectedConditions.java:1)
	at org.openqa.selenium.support.ui.FluentWait.until(FluentWait.java:238)
	... 27 more
Caused by: org.openqa.selenium.NoSuchElementException: Unable to locate element: {"method":"id","selector":"OfferStatus"}
For documentation on this error, please visit: http://seleniumhq.org/exceptions/no_such_element.html
Build info: version: '2.48.1', revision: 'd80083d', time: '2015-10-08 21:11:00'
System info: host: '360pc011', ip: '127.0.1.1', os.name: 'Linux', os.arch: 'amd64', os.version: '4.2.0-27-generic', java.version: '1.7.0_111'
Driver info: driver.version: unknown
	at <anonymous class>.FirefoxDriver.prototype.findElementInternal_(file:///tmp/anonymous702557509609118001webdriver-profile/extensions/fxdriver@googlecode.com/components/driver-component.js:10659)
	at <anonymous class>.FirefoxDriver.prototype.findElement(file:///tmp/anonymous702557509609118001webdriver-profile/extensions/fxdriver@googlecode.com/components/driver-component.js:10668)
	at <anonymous class>.DelayedCommand.prototype.executeInternal_/h(file:///tmp/anonymous702557509609118001webdriver-profile/extensions/fxdriver@googlecode.com/components/command-processor.js:12534)
	at <anonymous class>.DelayedCommand.prototype.executeInternal_(file:///tmp/anonymous702557509609118001webdriver-profile/extensions/fxdriver@googlecode.com/components/command-processor.js:12539)
	at <anonymous class>.DelayedCommand.prototype.execute/<(file:///tmp/anonymous702557509609118001webdriver-profile/extensions/fxdriver@googlecode.com/components/command-processor.js:12481)
... Removed 27 stack frames]]>
    </failure>
  </testcase> <!-- test014_MakePaymentWhenAnyTypeOfDiscountNotB1S2_CCAvenue -->
  <testcase name="test_014MakePaymentWhenAnyTypeOfDiscountNotB1S2_Paypal" time="0.0" classname="com.edureka.paymentProcess.MakePaymentWhenAnyTypeOfDiscountNotB1S2">
    <skipped/>
  </testcase> <!-- test_014MakePaymentWhenAnyTypeOfDiscountNotB1S2_Paypal -->
  <testcase name="test_014MakePaymentWhenAnyTypeOfDiscountNotB1S2_RP" time="0.0" classname="com.edureka.paymentProcess.MakePaymentWhenAnyTypeOfDiscountNotB1S2">
    <skipped/>
  </testcase> <!-- test_014MakePaymentWhenAnyTypeOfDiscountNotB1S2_RP -->
  <testcase name="test_017MakePaymentWhenAnyTypeOfDiscountWithB1S2IsPresent_CCAvenue" time="111.862" classname="com.edureka.paymentProcess.MakePaymentWhenAnyTypeOfDiscountWithB1S2IsPresent">
    <failure type="org.openqa.selenium.TimeoutException" message="Timed out after 60 seconds waiting for visibility of Proxy element for: org.openqa.selenium.support.pagefactory.DefaultElementLocator@27bc3936
Build info: version: &amp;apos;2.48.1&amp;apos;, revision: &amp;apos;d80083d&amp;apos;, time: &amp;apos;2015-10-08 21:11:00&amp;apos;
System info: host: &amp;apos;360pc011&amp;apos;, ip: &amp;apos;127.0.1.1&amp;apos;, os.name: &amp;apos;Linux&amp;apos;, os.arch: &amp;apos;amd64&amp;apos;, os.version: &amp;apos;4.2.0-27-generic&amp;apos;, java.version: &amp;apos;1.7.0_111&amp;apos;
Session ID: 42e33df5-6c45-4172-823b-729f7d8dfbfb
Driver info: org.openqa.selenium.firefox.FirefoxDriver
Capabilities [{platform=LINUX, acceptSslCerts=true, javascriptEnabled=true, cssSelectorsEnabled=true, databaseEnabled=true, browserName=firefox, handlesAlerts=true, nativeEvents=false, webStorageEnabled=true, rotatable=false, locationContextEnabled=true, applicationCacheEnabled=true, takesScreenshot=true, version=41.0.2}]">
      <![CDATA[org.openqa.selenium.TimeoutException: Timed out after 60 seconds waiting for visibility of Proxy element for: org.openqa.selenium.support.pagefactory.DefaultElementLocator@27bc3936
Build info: version: '2.48.1', revision: 'd80083d', time: '2015-10-08 21:11:00'
System info: host: '360pc011', ip: '127.0.1.1', os.name: 'Linux', os.arch: 'amd64', os.version: '4.2.0-27-generic', java.version: '1.7.0_111'
Session ID: 42e33df5-6c45-4172-823b-729f7d8dfbfb
Driver info: org.openqa.selenium.firefox.FirefoxDriver
Capabilities [{platform=LINUX, acceptSslCerts=true, javascriptEnabled=true, cssSelectorsEnabled=true, databaseEnabled=true, browserName=firefox, handlesAlerts=true, nativeEvents=false, webStorageEnabled=true, rotatable=false, locationContextEnabled=true, applicationCacheEnabled=true, takesScreenshot=true, version=41.0.2}]
	at org.openqa.selenium.support.ui.WebDriverWait.timeoutException(WebDriverWait.java:80)
	at org.openqa.selenium.support.ui.FluentWait.until(FluentWait.java:261)
	at com.edureka.util.DriverHelper.waitForWebElementPresent(DriverHelper.java:624)
	at com.edureka.pages.AdminDashboard.activateTheOffer(AdminDashboard.java:219)
	at com.edureka.paymentProcess.MakePaymentWhenAnyTypeOfDiscountWithB1S2IsPresent.test_017MakePaymentWhenAnyTypeOfDiscountWithB1S2IsPresent_CCAvenue(MakePaymentWhenAnyTypeOfDiscountWithB1S2IsPresent.java:559)
Caused by: org.openqa.selenium.NoSuchElementException: Unable to locate element: {"method":"id","selector":"OfferStatus"}
Command duration or timeout: 6 milliseconds
For documentation on this error, please visit: http://seleniumhq.org/exceptions/no_such_element.html
Build info: version: '2.48.1', revision: 'd80083d', time: '2015-10-08 21:11:00'
System info: host: '360pc011', ip: '127.0.1.1', os.name: 'Linux', os.arch: 'amd64', os.version: '4.2.0-27-generic', java.version: '1.7.0_111'
*** Element info: {Using=id, value=OfferStatus}
Session ID: 42e33df5-6c45-4172-823b-729f7d8dfbfb
Driver info: org.openqa.selenium.firefox.FirefoxDriver
Capabilities [{platform=LINUX, acceptSslCerts=true, javascriptEnabled=true, cssSelectorsEnabled=true, databaseEnabled=true, browserName=firefox, handlesAlerts=true, nativeEvents=false, webStorageEnabled=true, rotatable=false, locationContextEnabled=true, applicationCacheEnabled=true, takesScreenshot=true, version=41.0.2}]
	at org.openqa.selenium.remote.ErrorHandler.createThrowable(ErrorHandler.java:206)
	at org.openqa.selenium.remote.ErrorHandler.throwIfResponseFailed(ErrorHandler.java:158)
	at org.openqa.selenium.remote.RemoteWebDriver.execute(RemoteWebDriver.java:647)
	at org.openqa.selenium.remote.RemoteWebDriver.findElement(RemoteWebDriver.java:353)
	at org.openqa.selenium.remote.RemoteWebDriver.findElementById(RemoteWebDriver.java:403)
	at org.openqa.selenium.By$ById.findElement(By.java:218)
	at org.openqa.selenium.remote.RemoteWebDriver.findElement(RemoteWebDriver.java:345)
	at org.openqa.selenium.support.pagefactory.DefaultElementLocator.findElement(DefaultElementLocator.java:69)
	at org.openqa.selenium.support.pagefactory.internal.LocatingElementHandler.invoke(LocatingElementHandler.java:38)
	at com.sun.proxy.$Proxy7.isDisplayed(Unknown Source)
	at org.openqa.selenium.support.ui.ExpectedConditions.elementIfVisible(ExpectedConditions.java:302)
	at org.openqa.selenium.support.ui.ExpectedConditions.access$1(ExpectedConditions.java:301)
	at org.openqa.selenium.support.ui.ExpectedConditions$10.apply(ExpectedConditions.java:288)
	at org.openqa.selenium.support.ui.ExpectedConditions$10.apply(ExpectedConditions.java:1)
	at org.openqa.selenium.support.ui.FluentWait.until(FluentWait.java:238)
	... 27 more
Caused by: org.openqa.selenium.NoSuchElementException: Unable to locate element: {"method":"id","selector":"OfferStatus"}
For documentation on this error, please visit: http://seleniumhq.org/exceptions/no_such_element.html
Build info: version: '2.48.1', revision: 'd80083d', time: '2015-10-08 21:11:00'
System info: host: '360pc011', ip: '127.0.1.1', os.name: 'Linux', os.arch: 'amd64', os.version: '4.2.0-27-generic', java.version: '1.7.0_111'
Driver info: driver.version: unknown
	at <anonymous class>.FirefoxDriver.prototype.findElementInternal_(file:///tmp/anonymous8107510455646267787webdriver-profile/extensions/fxdriver@googlecode.com/components/driver-component.js:10659)
	at <anonymous class>.FirefoxDriver.prototype.findElement(file:///tmp/anonymous8107510455646267787webdriver-profile/extensions/fxdriver@googlecode.com/components/driver-component.js:10668)
	at <anonymous class>.DelayedCommand.prototype.executeInternal_/h(file:///tmp/anonymous8107510455646267787webdriver-profile/extensions/fxdriver@googlecode.com/components/command-processor.js:12534)
	at <anonymous class>.DelayedCommand.prototype.executeInternal_(file:///tmp/anonymous8107510455646267787webdriver-profile/extensions/fxdriver@googlecode.com/components/command-processor.js:12539)
	at <anonymous class>.DelayedCommand.prototype.execute/<(file:///tmp/anonymous8107510455646267787webdriver-profile/extensions/fxdriver@googlecode.com/components/command-processor.js:12481)
... Removed 27 stack frames]]>
    </failure>
  </testcase> <!-- test_017MakePaymentWhenAnyTypeOfDiscountWithB1S2IsPresent_CCAvenue -->
  <testcase name="test_017MakePaymentWhenAnyTypeOfDiscountWithB1S2IsPresent_Paypal" time="0.0" classname="com.edureka.paymentProcess.MakePaymentWhenAnyTypeOfDiscountWithB1S2IsPresent">
    <skipped/>
  </testcase> <!-- test_017MakePaymentWhenAnyTypeOfDiscountWithB1S2IsPresent_Paypal -->
  <testcase name="test_017MakePaymentWhenAnyTypeOfDiscountWithB1S2IsPresent_RP" time="0.0" classname="com.edureka.paymentProcess.MakePaymentWhenAnyTypeOfDiscountWithB1S2IsPresent">
    <skipped/>
  </testcase> <!-- test_017MakePaymentWhenAnyTypeOfDiscountWithB1S2IsPresent_RP -->
  <testcase name="test_016MakePaymentWhenB1S2OfferIsPresent_RP" time="124.121" classname="com.edureka.paymentProcess.MakePaymentWhenB1S2OfferIsPresent">
    <failure type="org.openqa.selenium.TimeoutException" message="Timed out after 60 seconds waiting for visibility of Proxy element for: org.openqa.selenium.support.pagefactory.DefaultElementLocator@15253eb5
Build info: version: &amp;apos;2.48.1&amp;apos;, revision: &amp;apos;d80083d&amp;apos;, time: &amp;apos;2015-10-08 21:11:00&amp;apos;
System info: host: &amp;apos;360pc011&amp;apos;, ip: &amp;apos;127.0.1.1&amp;apos;, os.name: &amp;apos;Linux&amp;apos;, os.arch: &amp;apos;amd64&amp;apos;, os.version: &amp;apos;4.2.0-27-generic&amp;apos;, java.version: &amp;apos;1.7.0_111&amp;apos;
Session ID: 9dc60a0f-14a0-4348-b33a-123512c41d21
Driver info: org.openqa.selenium.firefox.FirefoxDriver
Capabilities [{platform=LINUX, acceptSslCerts=true, javascriptEnabled=true, cssSelectorsEnabled=true, databaseEnabled=true, browserName=firefox, handlesAlerts=true, nativeEvents=false, webStorageEnabled=true, rotatable=false, locationContextEnabled=true, applicationCacheEnabled=true, takesScreenshot=true, version=41.0.2}]">
      <![CDATA[org.openqa.selenium.TimeoutException: Timed out after 60 seconds waiting for visibility of Proxy element for: org.openqa.selenium.support.pagefactory.DefaultElementLocator@15253eb5
Build info: version: '2.48.1', revision: 'd80083d', time: '2015-10-08 21:11:00'
System info: host: '360pc011', ip: '127.0.1.1', os.name: 'Linux', os.arch: 'amd64', os.version: '4.2.0-27-generic', java.version: '1.7.0_111'
Session ID: 9dc60a0f-14a0-4348-b33a-123512c41d21
Driver info: org.openqa.selenium.firefox.FirefoxDriver
Capabilities [{platform=LINUX, acceptSslCerts=true, javascriptEnabled=true, cssSelectorsEnabled=true, databaseEnabled=true, browserName=firefox, handlesAlerts=true, nativeEvents=false, webStorageEnabled=true, rotatable=false, locationContextEnabled=true, applicationCacheEnabled=true, takesScreenshot=true, version=41.0.2}]
	at org.openqa.selenium.support.ui.WebDriverWait.timeoutException(WebDriverWait.java:80)
	at org.openqa.selenium.support.ui.FluentWait.until(FluentWait.java:261)
	at com.edureka.util.DriverHelper.waitForWebElementPresent(DriverHelper.java:624)
	at com.edureka.pages.AdminDashboard.activateTheOffer(AdminDashboard.java:219)
	at com.edureka.paymentProcess.MakePaymentWhenB1S2OfferIsPresent.test_016MakePaymentWhenB1S2OfferIsPresent_RP(MakePaymentWhenB1S2OfferIsPresent.java:69)
Caused by: org.openqa.selenium.NoSuchElementException: Unable to locate element: {"method":"id","selector":"OfferStatus"}
Command duration or timeout: 8 milliseconds
For documentation on this error, please visit: http://seleniumhq.org/exceptions/no_such_element.html
Build info: version: '2.48.1', revision: 'd80083d', time: '2015-10-08 21:11:00'
System info: host: '360pc011', ip: '127.0.1.1', os.name: 'Linux', os.arch: 'amd64', os.version: '4.2.0-27-generic', java.version: '1.7.0_111'
*** Element info: {Using=id, value=OfferStatus}
Session ID: 9dc60a0f-14a0-4348-b33a-123512c41d21
Driver info: org.openqa.selenium.firefox.FirefoxDriver
Capabilities [{platform=LINUX, acceptSslCerts=true, javascriptEnabled=true, cssSelectorsEnabled=true, databaseEnabled=true, browserName=firefox, handlesAlerts=true, nativeEvents=false, webStorageEnabled=true, rotatable=false, locationContextEnabled=true, applicationCacheEnabled=true, takesScreenshot=true, version=41.0.2}]
	at org.openqa.selenium.remote.ErrorHandler.createThrowable(ErrorHandler.java:206)
	at org.openqa.selenium.remote.ErrorHandler.throwIfResponseFailed(ErrorHandler.java:158)
	at org.openqa.selenium.remote.RemoteWebDriver.execute(RemoteWebDriver.java:647)
	at org.openqa.selenium.remote.RemoteWebDriver.findElement(RemoteWebDriver.java:353)
	at org.openqa.selenium.remote.RemoteWebDriver.findElementById(RemoteWebDriver.java:403)
	at org.openqa.selenium.By$ById.findElement(By.java:218)
	at org.openqa.selenium.remote.RemoteWebDriver.findElement(RemoteWebDriver.java:345)
	at org.openqa.selenium.support.pagefactory.DefaultElementLocator.findElement(DefaultElementLocator.java:69)
	at org.openqa.selenium.support.pagefactory.internal.LocatingElementHandler.invoke(LocatingElementHandler.java:38)
	at com.sun.proxy.$Proxy7.isDisplayed(Unknown Source)
	at org.openqa.selenium.support.ui.ExpectedConditions.elementIfVisible(ExpectedConditions.java:302)
	at org.openqa.selenium.support.ui.ExpectedConditions.access$1(ExpectedConditions.java:301)
	at org.openqa.selenium.support.ui.ExpectedConditions$10.apply(ExpectedConditions.java:288)
	at org.openqa.selenium.support.ui.ExpectedConditions$10.apply(ExpectedConditions.java:1)
	at org.openqa.selenium.support.ui.FluentWait.until(FluentWait.java:238)
	... 27 more
Caused by: org.openqa.selenium.NoSuchElementException: Unable to locate element: {"method":"id","selector":"OfferStatus"}
For documentation on this error, please visit: http://seleniumhq.org/exceptions/no_such_element.html
Build info: version: '2.48.1', revision: 'd80083d', time: '2015-10-08 21:11:00'
System info: host: '360pc011', ip: '127.0.1.1', os.name: 'Linux', os.arch: 'amd64', os.version: '4.2.0-27-generic', java.version: '1.7.0_111'
Driver info: driver.version: unknown
	at <anonymous class>.FirefoxDriver.prototype.findElementInternal_(file:///tmp/anonymous5530364759173914548webdriver-profile/extensions/fxdriver@googlecode.com/components/driver-component.js:10659)
	at <anonymous class>.FirefoxDriver.prototype.findElement(file:///tmp/anonymous5530364759173914548webdriver-profile/extensions/fxdriver@googlecode.com/components/driver-component.js:10668)
	at <anonymous class>.DelayedCommand.prototype.executeInternal_/h(file:///tmp/anonymous5530364759173914548webdriver-profile/extensions/fxdriver@googlecode.com/components/command-processor.js:12534)
	at <anonymous class>.DelayedCommand.prototype.executeInternal_(file:///tmp/anonymous5530364759173914548webdriver-profile/extensions/fxdriver@googlecode.com/components/command-processor.js:12539)
	at <anonymous class>.DelayedCommand.prototype.execute/<(file:///tmp/anonymous5530364759173914548webdriver-profile/extensions/fxdriver@googlecode.com/components/command-processor.js:12481)
... Removed 27 stack frames]]>
    </failure>
  </testcase> <!-- test_016MakePaymentWhenB1S2OfferIsPresent_RP -->
  <testcase name="test_016MakePaymentWhenB1S2OfferIsPresent_Paypal" time="0.0" classname="com.edureka.paymentProcess.MakePaymentWhenB1S2OfferIsPresent">
    <skipped/>
  </testcase> <!-- test_016MakePaymentWhenB1S2OfferIsPresent_Paypal -->
  <testcase name="test_016MakePaymentWhenB1S2OfferIsPresent_CCAvenue" time="0.0" classname="com.edureka.paymentProcess.MakePaymentWhenB1S2OfferIsPresent">
    <skipped/>
  </testcase> <!-- test_016MakePaymentWhenB1S2OfferIsPresent_CCAvenue -->
  <testcase name="test_015MakePaymentWhenCreditPointsAvailable_CCAvenue" time="96.625" classname="com.edureka.paymentProcess.MakePaymentWhenCreditPointsAvailable">
    <failure type="org.openqa.selenium.TimeoutException" message="Timed out after 60 seconds waiting for visibility of Proxy element for: org.openqa.selenium.support.pagefactory.DefaultElementLocator@55499f8d
Build info: version: &amp;apos;2.48.1&amp;apos;, revision: &amp;apos;d80083d&amp;apos;, time: &amp;apos;2015-10-08 21:11:00&amp;apos;
System info: host: &amp;apos;360pc011&amp;apos;, ip: &amp;apos;127.0.1.1&amp;apos;, os.name: &amp;apos;Linux&amp;apos;, os.arch: &amp;apos;amd64&amp;apos;, os.version: &amp;apos;4.2.0-27-generic&amp;apos;, java.version: &amp;apos;1.7.0_111&amp;apos;
Session ID: b185592a-39e5-4095-9711-b7852e7bc314
Driver info: org.openqa.selenium.firefox.FirefoxDriver
Capabilities [{platform=LINUX, acceptSslCerts=true, javascriptEnabled=true, cssSelectorsEnabled=true, databaseEnabled=true, browserName=firefox, handlesAlerts=true, nativeEvents=false, webStorageEnabled=true, rotatable=false, locationContextEnabled=true, applicationCacheEnabled=true, takesScreenshot=true, version=41.0.2}]">
      <![CDATA[org.openqa.selenium.TimeoutException: Timed out after 60 seconds waiting for visibility of Proxy element for: org.openqa.selenium.support.pagefactory.DefaultElementLocator@55499f8d
Build info: version: '2.48.1', revision: 'd80083d', time: '2015-10-08 21:11:00'
System info: host: '360pc011', ip: '127.0.1.1', os.name: 'Linux', os.arch: 'amd64', os.version: '4.2.0-27-generic', java.version: '1.7.0_111'
Session ID: b185592a-39e5-4095-9711-b7852e7bc314
Driver info: org.openqa.selenium.firefox.FirefoxDriver
Capabilities [{platform=LINUX, acceptSslCerts=true, javascriptEnabled=true, cssSelectorsEnabled=true, databaseEnabled=true, browserName=firefox, handlesAlerts=true, nativeEvents=false, webStorageEnabled=true, rotatable=false, locationContextEnabled=true, applicationCacheEnabled=true, takesScreenshot=true, version=41.0.2}]
	at org.openqa.selenium.support.ui.WebDriverWait.timeoutException(WebDriverWait.java:80)
	at org.openqa.selenium.support.ui.FluentWait.until(FluentWait.java:261)
	at com.edureka.util.DriverHelper.waitForWebElementPresent(DriverHelper.java:624)
	at com.edureka.pages.AdminDashboard.activateTheOffer(AdminDashboard.java:219)
	at com.edureka.paymentProcess.MakePaymentWhenCreditPointsAvailable.test_015MakePaymentWhenCreditPointsAvailable_CCAvenue(MakePaymentWhenCreditPointsAvailable.java:435)
Caused by: org.openqa.selenium.NoSuchElementException: Unable to locate element: {"method":"id","selector":"OfferStatus"}
Command duration or timeout: 10 milliseconds
For documentation on this error, please visit: http://seleniumhq.org/exceptions/no_such_element.html
Build info: version: '2.48.1', revision: 'd80083d', time: '2015-10-08 21:11:00'
System info: host: '360pc011', ip: '127.0.1.1', os.name: 'Linux', os.arch: 'amd64', os.version: '4.2.0-27-generic', java.version: '1.7.0_111'
*** Element info: {Using=id, value=OfferStatus}
Session ID: b185592a-39e5-4095-9711-b7852e7bc314
Driver info: org.openqa.selenium.firefox.FirefoxDriver
Capabilities [{platform=LINUX, acceptSslCerts=true, javascriptEnabled=true, cssSelectorsEnabled=true, databaseEnabled=true, browserName=firefox, handlesAlerts=true, nativeEvents=false, webStorageEnabled=true, rotatable=false, locationContextEnabled=true, applicationCacheEnabled=true, takesScreenshot=true, version=41.0.2}]
	at org.openqa.selenium.remote.ErrorHandler.createThrowable(ErrorHandler.java:206)
	at org.openqa.selenium.remote.ErrorHandler.throwIfResponseFailed(ErrorHandler.java:158)
	at org.openqa.selenium.remote.RemoteWebDriver.execute(RemoteWebDriver.java:647)
	at org.openqa.selenium.remote.RemoteWebDriver.findElement(RemoteWebDriver.java:353)
	at org.openqa.selenium.remote.RemoteWebDriver.findElementById(RemoteWebDriver.java:403)
	at org.openqa.selenium.By$ById.findElement(By.java:218)
	at org.openqa.selenium.remote.RemoteWebDriver.findElement(RemoteWebDriver.java:345)
	at org.openqa.selenium.support.pagefactory.DefaultElementLocator.findElement(DefaultElementLocator.java:69)
	at org.openqa.selenium.support.pagefactory.internal.LocatingElementHandler.invoke(LocatingElementHandler.java:38)
	at com.sun.proxy.$Proxy7.isDisplayed(Unknown Source)
	at org.openqa.selenium.support.ui.ExpectedConditions.elementIfVisible(ExpectedConditions.java:302)
	at org.openqa.selenium.support.ui.ExpectedConditions.access$1(ExpectedConditions.java:301)
	at org.openqa.selenium.support.ui.ExpectedConditions$10.apply(ExpectedConditions.java:288)
	at org.openqa.selenium.support.ui.ExpectedConditions$10.apply(ExpectedConditions.java:1)
	at org.openqa.selenium.support.ui.FluentWait.until(FluentWait.java:238)
	... 27 more
Caused by: org.openqa.selenium.NoSuchElementException: Unable to locate element: {"method":"id","selector":"OfferStatus"}
For documentation on this error, please visit: http://seleniumhq.org/exceptions/no_such_element.html
Build info: version: '2.48.1', revision: 'd80083d', time: '2015-10-08 21:11:00'
System info: host: '360pc011', ip: '127.0.1.1', os.name: 'Linux', os.arch: 'amd64', os.version: '4.2.0-27-generic', java.version: '1.7.0_111'
Driver info: driver.version: unknown
	at <anonymous class>.FirefoxDriver.prototype.findElementInternal_(file:///tmp/anonymous7432045428006247475webdriver-profile/extensions/fxdriver@googlecode.com/components/driver-component.js:10659)
	at <anonymous class>.FirefoxDriver.prototype.findElement(file:///tmp/anonymous7432045428006247475webdriver-profile/extensions/fxdriver@googlecode.com/components/driver-component.js:10668)
	at <anonymous class>.DelayedCommand.prototype.executeInternal_/h(file:///tmp/anonymous7432045428006247475webdriver-profile/extensions/fxdriver@googlecode.com/components/command-processor.js:12534)
	at <anonymous class>.DelayedCommand.prototype.executeInternal_(file:///tmp/anonymous7432045428006247475webdriver-profile/extensions/fxdriver@googlecode.com/components/command-processor.js:12539)
	at <anonymous class>.DelayedCommand.prototype.execute/<(file:///tmp/anonymous7432045428006247475webdriver-profile/extensions/fxdriver@googlecode.com/components/command-processor.js:12481)
... Removed 27 stack frames]]>
    </failure>
  </testcase> <!-- test_015MakePaymentWhenCreditPointsAvailable_CCAvenue -->
  <testcase name="test_015MakePaymentWhenCreditPointsAvailable_RP" time="0.0" classname="com.edureka.paymentProcess.MakePaymentWhenCreditPointsAvailable">
    <skipped/>
  </testcase> <!-- test_015MakePaymentWhenCreditPointsAvailable_RP -->
  <testcase name="test_015MakePaymentWhenCreditPointsAvailable_Paypal" time="0.0" classname="com.edureka.paymentProcess.MakePaymentWhenCreditPointsAvailable">
    <skipped/>
  </testcase> <!-- test_015MakePaymentWhenCreditPointsAvailable_Paypal -->
  <testcase name="test_018MakePaymentWhenB1S2OfferIsPresent_RP" time="112.046" classname="com.edureka.paymentProcess.MakePaymentWhenCreditPointsAvailableAndB1S2OfferIsPresent">
    <failure type="org.openqa.selenium.TimeoutException" message="Timed out after 60 seconds waiting for visibility of Proxy element for: org.openqa.selenium.support.pagefactory.DefaultElementLocator@58f4d8f8
Build info: version: &amp;apos;2.48.1&amp;apos;, revision: &amp;apos;d80083d&amp;apos;, time: &amp;apos;2015-10-08 21:11:00&amp;apos;
System info: host: &amp;apos;360pc011&amp;apos;, ip: &amp;apos;127.0.1.1&amp;apos;, os.name: &amp;apos;Linux&amp;apos;, os.arch: &amp;apos;amd64&amp;apos;, os.version: &amp;apos;4.2.0-27-generic&amp;apos;, java.version: &amp;apos;1.7.0_111&amp;apos;
Session ID: 5e9a5958-5af3-46db-88b3-9595a65f36d2
Driver info: org.openqa.selenium.firefox.FirefoxDriver
Capabilities [{platform=LINUX, acceptSslCerts=true, javascriptEnabled=true, cssSelectorsEnabled=true, databaseEnabled=true, browserName=firefox, handlesAlerts=true, nativeEvents=false, webStorageEnabled=true, rotatable=false, locationContextEnabled=true, applicationCacheEnabled=true, takesScreenshot=true, version=41.0.2}]">
      <![CDATA[org.openqa.selenium.TimeoutException: Timed out after 60 seconds waiting for visibility of Proxy element for: org.openqa.selenium.support.pagefactory.DefaultElementLocator@58f4d8f8
Build info: version: '2.48.1', revision: 'd80083d', time: '2015-10-08 21:11:00'
System info: host: '360pc011', ip: '127.0.1.1', os.name: 'Linux', os.arch: 'amd64', os.version: '4.2.0-27-generic', java.version: '1.7.0_111'
Session ID: 5e9a5958-5af3-46db-88b3-9595a65f36d2
Driver info: org.openqa.selenium.firefox.FirefoxDriver
Capabilities [{platform=LINUX, acceptSslCerts=true, javascriptEnabled=true, cssSelectorsEnabled=true, databaseEnabled=true, browserName=firefox, handlesAlerts=true, nativeEvents=false, webStorageEnabled=true, rotatable=false, locationContextEnabled=true, applicationCacheEnabled=true, takesScreenshot=true, version=41.0.2}]
	at org.openqa.selenium.support.ui.WebDriverWait.timeoutException(WebDriverWait.java:80)
	at org.openqa.selenium.support.ui.FluentWait.until(FluentWait.java:261)
	at com.edureka.util.DriverHelper.waitForWebElementPresent(DriverHelper.java:624)
	at com.edureka.pages.AdminDashboard.activateTheOffer(AdminDashboard.java:219)
	at com.edureka.paymentProcess.MakePaymentWhenCreditPointsAvailableAndB1S2OfferIsPresent.test_018MakePaymentWhenB1S2OfferIsPresent_RP(MakePaymentWhenCreditPointsAvailableAndB1S2OfferIsPresent.java:68)
Caused by: org.openqa.selenium.NoSuchElementException: Unable to locate element: {"method":"id","selector":"OfferStatus"}
Command duration or timeout: 3 milliseconds
For documentation on this error, please visit: http://seleniumhq.org/exceptions/no_such_element.html
Build info: version: '2.48.1', revision: 'd80083d', time: '2015-10-08 21:11:00'
System info: host: '360pc011', ip: '127.0.1.1', os.name: 'Linux', os.arch: 'amd64', os.version: '4.2.0-27-generic', java.version: '1.7.0_111'
*** Element info: {Using=id, value=OfferStatus}
Session ID: 5e9a5958-5af3-46db-88b3-9595a65f36d2
Driver info: org.openqa.selenium.firefox.FirefoxDriver
Capabilities [{platform=LINUX, acceptSslCerts=true, javascriptEnabled=true, cssSelectorsEnabled=true, databaseEnabled=true, browserName=firefox, handlesAlerts=true, nativeEvents=false, webStorageEnabled=true, rotatable=false, locationContextEnabled=true, applicationCacheEnabled=true, takesScreenshot=true, version=41.0.2}]
	at org.openqa.selenium.remote.ErrorHandler.createThrowable(ErrorHandler.java:206)
	at org.openqa.selenium.remote.ErrorHandler.throwIfResponseFailed(ErrorHandler.java:158)
	at org.openqa.selenium.remote.RemoteWebDriver.execute(RemoteWebDriver.java:647)
	at org.openqa.selenium.remote.RemoteWebDriver.findElement(RemoteWebDriver.java:353)
	at org.openqa.selenium.remote.RemoteWebDriver.findElementById(RemoteWebDriver.java:403)
	at org.openqa.selenium.By$ById.findElement(By.java:218)
	at org.openqa.selenium.remote.RemoteWebDriver.findElement(RemoteWebDriver.java:345)
	at org.openqa.selenium.support.pagefactory.DefaultElementLocator.findElement(DefaultElementLocator.java:69)
	at org.openqa.selenium.support.pagefactory.internal.LocatingElementHandler.invoke(LocatingElementHandler.java:38)
	at com.sun.proxy.$Proxy7.isDisplayed(Unknown Source)
	at org.openqa.selenium.support.ui.ExpectedConditions.elementIfVisible(ExpectedConditions.java:302)
	at org.openqa.selenium.support.ui.ExpectedConditions.access$1(ExpectedConditions.java:301)
	at org.openqa.selenium.support.ui.ExpectedConditions$10.apply(ExpectedConditions.java:288)
	at org.openqa.selenium.support.ui.ExpectedConditions$10.apply(ExpectedConditions.java:1)
	at org.openqa.selenium.support.ui.FluentWait.until(FluentWait.java:238)
	... 27 more
Caused by: org.openqa.selenium.NoSuchElementException: Unable to locate element: {"method":"id","selector":"OfferStatus"}
For documentation on this error, please visit: http://seleniumhq.org/exceptions/no_such_element.html
Build info: version: '2.48.1', revision: 'd80083d', time: '2015-10-08 21:11:00'
System info: host: '360pc011', ip: '127.0.1.1', os.name: 'Linux', os.arch: 'amd64', os.version: '4.2.0-27-generic', java.version: '1.7.0_111'
Driver info: driver.version: unknown
	at <anonymous class>.FirefoxDriver.prototype.findElementInternal_(file:///tmp/anonymous7364508564828222126webdriver-profile/extensions/fxdriver@googlecode.com/components/driver-component.js:10659)
	at <anonymous class>.FirefoxDriver.prototype.findElement(file:///tmp/anonymous7364508564828222126webdriver-profile/extensions/fxdriver@googlecode.com/components/driver-component.js:10668)
	at <anonymous class>.DelayedCommand.prototype.executeInternal_/h(file:///tmp/anonymous7364508564828222126webdriver-profile/extensions/fxdriver@googlecode.com/components/command-processor.js:12534)
	at <anonymous class>.DelayedCommand.prototype.executeInternal_(file:///tmp/anonymous7364508564828222126webdriver-profile/extensions/fxdriver@googlecode.com/components/command-processor.js:12539)
	at <anonymous class>.DelayedCommand.prototype.execute/<(file:///tmp/anonymous7364508564828222126webdriver-profile/extensions/fxdriver@googlecode.com/components/command-processor.js:12481)
... Removed 27 stack frames]]>
    </failure>
  </testcase> <!-- test_018MakePaymentWhenB1S2OfferIsPresent_RP -->
  <testcase name="test_018MakePaymentWhenB1S2OfferIsPresent_Paypal" time="0.0" classname="com.edureka.paymentProcess.MakePaymentWhenCreditPointsAvailableAndB1S2OfferIsPresent">
    <skipped/>
  </testcase> <!-- test_018MakePaymentWhenB1S2OfferIsPresent_Paypal -->
  <testcase name="test_018MakePaymentWhenB1S2OfferIsPresent_CCAvenue" time="0.0" classname="com.edureka.paymentProcess.MakePaymentWhenCreditPointsAvailableAndB1S2OfferIsPresent">
    <skipped/>
  </testcase> <!-- test_018MakePaymentWhenB1S2OfferIsPresent_CCAvenue -->
  <testcase name="test_021MakePaymentWhenB1S2OfferAndCourseOtherThanIwillChooseLater_CCAvenue" time="120.246" classname="com.edureka.paymentProcess.MakePaymentWhenB1S2OfferAndCourseOtherThanIwillChooseLater">
    <failure type="java.lang.AssertionError" message="expected [true] but found [false]">
      <![CDATA[java.lang.AssertionError: expected [true] but found [false]
	at com.edureka.pages.RazorPayPage.verifyCCAvenuePage(RazorPayPage.java:132)
	at com.edureka.paymentProcess.MakePaymentWhenB1S2OfferAndCourseOtherThanIwillChooseLater.test_021MakePaymentWhenB1S2OfferAndCourseOtherThanIwillChooseLater_CCAvenue(MakePaymentWhenB1S2OfferAndCourseOtherThanIwillChooseLater.java:640)
... Removed 28 stack frames]]>
    </failure>
  </testcase> <!-- test_021MakePaymentWhenB1S2OfferAndCourseOtherThanIwillChooseLater_CCAvenue -->
  <testcase name="test_021MakePaymentWhenB1S2OfferAndCourseOtherThanIwillChooseLater_Paypal" time="0.0" classname="com.edureka.paymentProcess.MakePaymentWhenB1S2OfferAndCourseOtherThanIwillChooseLater">
    <skipped/>
  </testcase> <!-- test_021MakePaymentWhenB1S2OfferAndCourseOtherThanIwillChooseLater_Paypal -->
  <testcase name="test_021MakePaymentWhenB1S2OfferAndCourseOtherThanIwillChooseLater_RP" time="0.0" classname="com.edureka.paymentProcess.MakePaymentWhenB1S2OfferAndCourseOtherThanIwillChooseLater">
    <skipped/>
  </testcase> <!-- test_021MakePaymentWhenB1S2OfferAndCourseOtherThanIwillChooseLater_RP -->
  <testcase name="test_001ValidateTotalAmountOnChangeOfCurrency" time="74.695" classname="com.edureka.paymentProcess.ValidateTotalAmountOnChangeOfCurrency">
    <failure type="java.lang.AssertionError" message="Element Locator ://span[@id=&amp;apos;service-tax&amp;apos;] Not found expected [true] but found [false]">
      <![CDATA[java.lang.AssertionError: Element Locator ://span[@id='service-tax'] Not found expected [true] but found [false]
	at com.edureka.util.DriverHelper.getText(DriverHelper.java:460)
	at com.edureka.pages.OrderSummaryPage.verifyTotalAmountWithoutNetPrice(OrderSummaryPage.java:999)
	at com.edureka.paymentProcess.ValidateTotalAmountOnChangeOfCurrency.test_001ValidateTotalAmountOnChangeOfCurrency(ValidateTotalAmountOnChangeOfCurrency.java:80)
... Removed 27 stack frames]]>
    </failure>
  </testcase> <!-- test_001ValidateTotalAmountOnChangeOfCurrency -->
  <testcase name="test_008ValidateAllElementsPresentOnOrderSummaryPage" time="58.53" classname="com.edureka.paymentProcess.ValidateAllElementsPresentOnOrderSummaryPage"/>
  <testcase name="test_010ValidateBatchesDetailsSelfPacedCourses" time="30.603" classname="com.edureka.paymentProcess.ValidateBatchesDetailsSelfPacedCourses">
    <failure type="java.lang.AssertionError" message="expected [true] but found [false]">
      <![CDATA[java.lang.AssertionError: expected [true] but found [false]
	at com.edureka.pages.SelectedCoursePage.verifySelectedPopularCoursePage(SelectedCoursePage.java:60)
	at com.edureka.paymentProcess.ValidateBatchesDetailsSelfPacedCourses.test_010ValidateBatchesDetailsSelfPacedCourses(ValidateBatchesDetailsSelfPacedCourses.java:68)
... Removed 28 stack frames]]>
    </failure>
  </testcase> <!-- test_010ValidateBatchesDetailsSelfPacedCourses -->
  <testcase name="test_009ValidateBatchesDetailsLiveInstructorLedCourses" time="174.096" classname="com.edureka.paymentProcess.ValidateBatchesDetailsLiveInstructorLedCourses"/>
  <testcase name="test_001BatchTableValidationOnChangeOfTimeZone_Currency" time="64.055" classname="com.edureka.paymentProcess.BatchTableValidationOnChangeOfTimeZone_Currency"/>
  <testcase name="test_003CalculateAndValidatePricesOnChange" time="62.633" classname="com.edureka.paymentProcess.CalculateAndValidatePricesOnChangeOfCurrency"/>
</testsuite> <!-- TestSuitePaymentProcess -->
