<html>
<head>
<title>TestNG:  TestSuitePaymentProcess</title>
<link href="../testng.css" rel="stylesheet" type="text/css" />
<link href="../my-testng.css" rel="stylesheet" type="text/css" />

<style type="text/css">
.log { display: none;} 
.stack-trace { display: none;} 
</style>
<script type="text/javascript">
<!--
function flip(e) {
  current = e.style.display;
  if (current == 'block') {
    e.style.display = 'none';
    return 0;
  }
  else {
    e.style.display = 'block';
    return 1;
  }
}

function toggleBox(szDivId, elem, msg1, msg2)
{
  var res = -1;  if (document.getElementById) {
    res = flip(document.getElementById(szDivId));
  }
  else if (document.all) {
    // this is the way old msie versions work
    res = flip(document.all[szDivId]);
  }
  if(elem) {
    if(res == 0) elem.innerHTML = msg1; else elem.innerHTML = msg2;
  }

}

function toggleAllBoxes() {
  if (document.getElementsByTagName) {
    d = document.getElementsByTagName('div');
    for (i = 0; i < d.length; i++) {
      if (d[i].className == 'log') {
        flip(d[i]);
      }
    }
  }
}

// -->
</script>

</head>
<body>
<h2 align='center'>TestSuitePaymentProcess</h2><table border='1' align="center">
<tr>
<td>Tests passed/Failed/Skipped:</td><td>7/11/15</td>
</tr><tr>
<td>Started on:</td><td>Thu Feb 02 18:03:19 IST 2017</td>
</tr>
<tr><td>Total time:</td><td>1816 seconds (1816882 ms)</td>
</tr><tr>
<td>Included groups:</td><td></td>
</tr><tr>
<td>Excluded groups:</td><td></td>
</tr>
</table><p/>
<small><i>(Hover the method name to see the test class name)</i></small><p/>
<table width='100%' border='1' class='invocation-failed'>
<tr><td colspan='4' align='center'><b>FAILED TESTS</b></td></tr>
<tr><td><b>Test method</b></td>
<td width="30%"><b>Exception</b></td>
<td width="10%"><b>Time (seconds)</b></td>
<td><b>Instance</b></td>
</tr>
<tr>
<td title='com.edureka.paymentProcess.MakePaymentWhenAnyTypeOfDiscountNotB1S2.test014_MakePaymentWhenAnyTypeOfDiscountNotB1S2_CCAvenue()'><b>test014_MakePaymentWhenAnyTypeOfDiscountNotB1S2_CCAvenue</b><br>Test class: com.edureka.paymentProcess.MakePaymentWhenAnyTypeOfDiscountNotB1S2<br/>
<a href="#Output-1333777120" onClick='toggleBox("Output-1333777120", this, "Show output", "Hide output");'>Show output</a>

<a href="#Output-1333777120" onClick="toggleAllBoxes();">Show all outputs</a>
<div class='log' id="Output-1333777120">
Navigate to the Edureka application url<br><br/>
Verify Edureka Dashboard Page<br><br/>
Click on SignIn Navigation header<br><br/>
Login Application through Admin credentials<br><br/>
<a href= 'file:///home/logica/Desktop/test_workspace/Edureka_Automation/screenshots/test_014MakePaymentWhenAnyTypeOfDiscountNotB1S2__CCAvenue2017-02-02.jpg'target='_blank' ><img src='file:///home/logica/Desktop/test_workspace/Edureka_Automation/screenshots/test_014MakePaymentWhenAnyTypeOfDiscountNotB1S2__CCAvenue2017-02-02.jpg' height="42" width="42" >test_014MakePaymentWhenAnyTypeOfDiscountNotB1S2__CCAvenue2017-02-02</a><br/>
</div>
</td>
<td><div><pre>org.openqa.selenium.TimeoutException: Timed out after 60 seconds waiting for visibility of Proxy element for: org.openqa.selenium.support.pagefactory.DefaultElementLocator@2eee5031
Build info: version: &apos;2.48.1&apos;, revision: &apos;d80083d&apos;, time: &apos;2015-10-08 21:11:00&apos;
System info: host: &apos;360pc011&apos;, ip: &apos;127.0.1.1&apos;, os.name: &apos;Linux&apos;, os.arch: &apos;amd64&apos;, os.version: &apos;4.2.0-27-generic&apos;, java.version: &apos;1.7.0_111&apos;
Session ID: 688a5aff-474c-4f97-a806-7310a6be4338
Driver info: org.openqa.selenium.firefox.FirefoxDriver
Capabilities [{platform=LINUX, acceptSslCerts=true, javascriptEnabled=true, cssSelectorsEnabled=true, databaseEnabled=true, browserName=firefox, handlesAlerts=true, nativeEvents=false, webStorageEnabled=true, rotatable=false, locationContextEnabled=true, applicationCacheEnabled=true, takesScreenshot=true, version=41.0.2}]
	at org.openqa.selenium.support.ui.WebDriverWait.timeoutException(WebDriverWait.java:80)
	at org.openqa.selenium.support.ui.FluentWait.until(FluentWait.java:261)
	at com.edureka.util.DriverHelper.waitForWebElementPresent(DriverHelper.java:624)
	at com.edureka.pages.AdminDashboard.activateTheOffer(AdminDashboard.java:219)
	at com.edureka.paymentProcess.MakePaymentWhenAnyTypeOfDiscountNotB1S2.test014_MakePaymentWhenAnyTypeOfDiscountNotB1S2_CCAvenue(MakePaymentWhenAnyTypeOfDiscountNotB1S2.java:512)
Caused by: org.openqa.selenium.NoSuchElementException: Unable to locate element: {&quot;method&quot;:&quot;id&quot;,&quot;selector&quot;:&quot;OfferStatus&quot;}
Command duration or timeout: 6 milliseconds
For documentation on this error, please visit: http://seleniumhq.org/exceptions/no_such_element.html
Build info: version: &apos;2.48.1&apos;, revision: &apos;d80083d&apos;, time: &apos;2015-10-08 21:11:00&apos;
System info: host: &apos;360pc011&apos;, ip: &apos;127.0.1.1&apos;, os.name: &apos;Linux&apos;, os.arch: &apos;amd64&apos;, os.version: &apos;4.2.0-27-generic&apos;, java.version: &apos;1.7.0_111&apos;
*** Element info: {Using=id, value=OfferStatus}
Session ID: 688a5aff-474c-4f97-a806-7310a6be4338
Driver info: org.openqa.selenium.firefox.FirefoxDriver
Capabilities [{platform=LINUX, acceptSslCerts=true, javascriptEnabled=true, cssSelectorsEnabled=true, databaseEnabled=true, browserName=firefox, handlesAlerts=true, nativeEvents=false, webStorageEnabled=true, rotatable=false, locationContextEnabled=true, applicationCacheEnabled=true, takesScreenshot=true, version=41.0.2}]
	at org.openqa.selenium.remote.ErrorHandler.createThrowable(ErrorHandler.java:206)
	at org.openqa.selenium.remote.ErrorHandler.throwIfResponseFailed(ErrorHandler.java:158)
	at org.openqa.selenium.remote.RemoteWebDriver.execute(RemoteWebDriver.java:647)
	at org.openqa.selenium.remote.RemoteWebDriver.findElement(RemoteWebDriver.java:353)
	at org.openqa.selenium.remote.RemoteWebDriver.findElementById(RemoteWebDriver.java:403)
	at org.openqa.selenium.By$ById.findElement(By.java:218)
	at org.openqa.selenium.remote.RemoteWebDriver.findElement(RemoteWebDriver.java:345)
	at org.openqa.selenium.support.pagefactory.DefaultElementLocator.findElement(DefaultElementLocator.java:69)
	at org.openqa.selenium.support.pagefactory.internal.LocatingElementHandler.invoke(LocatingElementHandler.java:38)
	at com.sun.proxy.$Proxy7.isDisplayed(Unknown Source)
	at org.openqa.selenium.support.ui.ExpectedConditions.elementIfVisible(ExpectedConditions.java:302)
	at org.openqa.selenium.support.ui.ExpectedConditions.access$1(ExpectedConditions.java:301)
	at org.openqa.selenium.support.ui.ExpectedConditions$10.apply(ExpectedConditions.java:288)
	at org.openqa.selenium.support.ui.ExpectedConditions$10.apply(ExpectedConditions.java:1)
	at org.openqa.selenium.support.ui.FluentWait.until(FluentWait.java:238)
	... 27 more
Caused by: org.openqa.selenium.NoSuchElementException: Unable to locate element: {&quot;method&quot;:&quot;id&quot;,&quot;selector&quot;:&quot;OfferStatus&quot;}
For documentation on this error, please visit: http://seleniumhq.org/exceptions/no_such_element.html
Build info: version: &apos;2.48.1&apos;, revision: &apos;d80083d&apos;, time: &apos;2015-10-08 21:11:00&apos;
System info: host: &apos;360pc011&apos;, ip: &apos;127.0.1.1&apos;, os.name: &apos;Linux&apos;, os.arch: &apos;amd64&apos;, os.version: &apos;4.2.0-27-generic&apos;, java.version: &apos;1.7.0_111&apos;
Driver info: driver.version: unknown
	at &lt;anonymous class&gt;.FirefoxDriver.prototype.findElementInternal_(file:///tmp/anonymous702557509609118001webdriver-profile/extensions/fxdriver@googlecode.com/components/driver-component.js:10659)
	at &lt;anonymous class&gt;.FirefoxDriver.prototype.findElement(file:///tmp/anonymous702557509609118001webdriver-profile/extensions/fxdriver@googlecode.com/components/driver-component.js:10668)
	at &lt;anonymous class&gt;.DelayedCommand.prototype.executeInternal_/h(file:///tmp/anonymous702557509609118001webdriver-profile/extensions/fxdriver@googlecode.com/components/command-processor.js:12534)
	at &lt;anonymous class&gt;.DelayedCommand.prototype.executeInternal_(file:///tmp/anonymous702557509609118001webdriver-profile/extensions/fxdriver@googlecode.com/components/command-processor.js:12539)
	at &lt;anonymous class&gt;.DelayedCommand.prototype.execute/&lt;(file:///tmp/anonymous702557509609118001webdriver-profile/extensions/fxdriver@googlecode.com/components/command-processor.js:12481)
... Removed 27 stack frames</pre></div><a href='#' onClick='toggleBox("stack-trace1333777120", this, "Click to show all stack frames", "Click to hide stack frames")'>Click to show all stack frames</a>
<div class='stack-trace' id='stack-trace1333777120'><pre>org.openqa.selenium.TimeoutException: Timed out after 60 seconds waiting for visibility of Proxy element for: org.openqa.selenium.support.pagefactory.DefaultElementLocator@2eee5031
Build info: version: &apos;2.48.1&apos;, revision: &apos;d80083d&apos;, time: &apos;2015-10-08 21:11:00&apos;
System info: host: &apos;360pc011&apos;, ip: &apos;127.0.1.1&apos;, os.name: &apos;Linux&apos;, os.arch: &apos;amd64&apos;, os.version: &apos;4.2.0-27-generic&apos;, java.version: &apos;1.7.0_111&apos;
Session ID: 688a5aff-474c-4f97-a806-7310a6be4338
Driver info: org.openqa.selenium.firefox.FirefoxDriver
Capabilities [{platform=LINUX, acceptSslCerts=true, javascriptEnabled=true, cssSelectorsEnabled=true, databaseEnabled=true, browserName=firefox, handlesAlerts=true, nativeEvents=false, webStorageEnabled=true, rotatable=false, locationContextEnabled=true, applicationCacheEnabled=true, takesScreenshot=true, version=41.0.2}]
	at org.openqa.selenium.support.ui.WebDriverWait.timeoutException(WebDriverWait.java:80)
	at org.openqa.selenium.support.ui.FluentWait.until(FluentWait.java:261)
	at com.edureka.util.DriverHelper.waitForWebElementPresent(DriverHelper.java:624)
	at com.edureka.pages.AdminDashboard.activateTheOffer(AdminDashboard.java:219)
	at com.edureka.paymentProcess.MakePaymentWhenAnyTypeOfDiscountNotB1S2.test014_MakePaymentWhenAnyTypeOfDiscountNotB1S2_CCAvenue(MakePaymentWhenAnyTypeOfDiscountNotB1S2.java:512)
	at sun.reflect.NativeMethodAccessorImpl.invoke0(Native Method)
	at sun.reflect.NativeMethodAccessorImpl.invoke(NativeMethodAccessorImpl.java:57)
	at sun.reflect.DelegatingMethodAccessorImpl.invoke(DelegatingMethodAccessorImpl.java:43)
	at java.lang.reflect.Method.invoke(Method.java:606)
	at org.testng.internal.MethodInvocationHelper.invokeMethod(MethodInvocationHelper.java:85)
	at org.testng.internal.Invoker.invokeMethod(Invoker.java:639)
	at org.testng.internal.Invoker.invokeTestMethod(Invoker.java:821)
	at org.testng.internal.Invoker.invokeTestMethods(Invoker.java:1131)
	at org.testng.internal.TestMethodWorker.invokeTestMethods(TestMethodWorker.java:124)
	at org.testng.internal.TestMethodWorker.run(TestMethodWorker.java:108)
	at org.testng.TestRunner.privateRun(TestRunner.java:773)
	at org.testng.TestRunner.run(TestRunner.java:623)
	at org.testng.SuiteRunner.runTest(SuiteRunner.java:357)
	at org.testng.SuiteRunner.runSequentially(SuiteRunner.java:352)
	at org.testng.SuiteRunner.privateRun(SuiteRunner.java:310)
	at org.testng.SuiteRunner.run(SuiteRunner.java:259)
	at org.testng.SuiteRunnerWorker.runSuite(SuiteRunnerWorker.java:52)
	at org.testng.SuiteRunnerWorker.run(SuiteRunnerWorker.java:86)
	at org.testng.TestNG.runSuitesSequentially(TestNG.java:1185)
	at org.testng.TestNG.runSuitesLocally(TestNG.java:1110)
	at org.testng.TestNG.run(TestNG.java:1018)
	at org.testng.remote.AbstractRemoteTestNG.run(AbstractRemoteTestNG.java:126)
	at org.testng.remote.RemoteTestNG.initAndRun(RemoteTestNG.java:152)
	at org.testng.remote.RemoteTestNG.main(RemoteTestNG.java:57)
Caused by: org.openqa.selenium.NoSuchElementException: Unable to locate element: {&quot;method&quot;:&quot;id&quot;,&quot;selector&quot;:&quot;OfferStatus&quot;}
Command duration or timeout: 6 milliseconds
For documentation on this error, please visit: http://seleniumhq.org/exceptions/no_such_element.html
Build info: version: &apos;2.48.1&apos;, revision: &apos;d80083d&apos;, time: &apos;2015-10-08 21:11:00&apos;
System info: host: &apos;360pc011&apos;, ip: &apos;127.0.1.1&apos;, os.name: &apos;Linux&apos;, os.arch: &apos;amd64&apos;, os.version: &apos;4.2.0-27-generic&apos;, java.version: &apos;1.7.0_111&apos;
*** Element info: {Using=id, value=OfferStatus}
Session ID: 688a5aff-474c-4f97-a806-7310a6be4338
Driver info: org.openqa.selenium.firefox.FirefoxDriver
Capabilities [{platform=LINUX, acceptSslCerts=true, javascriptEnabled=true, cssSelectorsEnabled=true, databaseEnabled=true, browserName=firefox, handlesAlerts=true, nativeEvents=false, webStorageEnabled=true, rotatable=false, locationContextEnabled=true, applicationCacheEnabled=true, takesScreenshot=true, version=41.0.2}]
	at sun.reflect.GeneratedConstructorAccessor21.newInstance(Unknown Source)
	at sun.reflect.DelegatingConstructorAccessorImpl.newInstance(DelegatingConstructorAccessorImpl.java:45)
	at java.lang.reflect.Constructor.newInstance(Constructor.java:526)
	at org.openqa.selenium.remote.ErrorHandler.createThrowable(ErrorHandler.java:206)
	at org.openqa.selenium.remote.ErrorHandler.throwIfResponseFailed(ErrorHandler.java:158)
	at org.openqa.selenium.remote.RemoteWebDriver.execute(RemoteWebDriver.java:647)
	at org.openqa.selenium.remote.RemoteWebDriver.findElement(RemoteWebDriver.java:353)
	at org.openqa.selenium.remote.RemoteWebDriver.findElementById(RemoteWebDriver.java:403)
	at org.openqa.selenium.By$ById.findElement(By.java:218)
	at org.openqa.selenium.remote.RemoteWebDriver.findElement(RemoteWebDriver.java:345)
	at org.openqa.selenium.support.pagefactory.DefaultElementLocator.findElement(DefaultElementLocator.java:69)
	at org.openqa.selenium.support.pagefactory.internal.LocatingElementHandler.invoke(LocatingElementHandler.java:38)
	at com.sun.proxy.$Proxy7.isDisplayed(Unknown Source)
	at org.openqa.selenium.support.ui.ExpectedConditions.elementIfVisible(ExpectedConditions.java:302)
	at org.openqa.selenium.support.ui.ExpectedConditions.access$1(ExpectedConditions.java:301)
	at org.openqa.selenium.support.ui.ExpectedConditions$10.apply(ExpectedConditions.java:288)
	at org.openqa.selenium.support.ui.ExpectedConditions$10.apply(ExpectedConditions.java:1)
	at org.openqa.selenium.support.ui.FluentWait.until(FluentWait.java:238)
	... 27 more
Caused by: org.openqa.selenium.NoSuchElementException: Unable to locate element: {&quot;method&quot;:&quot;id&quot;,&quot;selector&quot;:&quot;OfferStatus&quot;}
For documentation on this error, please visit: http://seleniumhq.org/exceptions/no_such_element.html
Build info: version: &apos;2.48.1&apos;, revision: &apos;d80083d&apos;, time: &apos;2015-10-08 21:11:00&apos;
System info: host: &apos;360pc011&apos;, ip: &apos;127.0.1.1&apos;, os.name: &apos;Linux&apos;, os.arch: &apos;amd64&apos;, os.version: &apos;4.2.0-27-generic&apos;, java.version: &apos;1.7.0_111&apos;
Driver info: driver.version: unknown
	at &lt;anonymous class&gt;.FirefoxDriver.prototype.findElementInternal_(file:///tmp/anonymous702557509609118001webdriver-profile/extensions/fxdriver@googlecode.com/components/driver-component.js:10659)
	at &lt;anonymous class&gt;.FirefoxDriver.prototype.findElement(file:///tmp/anonymous702557509609118001webdriver-profile/extensions/fxdriver@googlecode.com/components/driver-component.js:10668)
	at &lt;anonymous class&gt;.DelayedCommand.prototype.executeInternal_/h(file:///tmp/anonymous702557509609118001webdriver-profile/extensions/fxdriver@googlecode.com/components/command-processor.js:12534)
	at &lt;anonymous class&gt;.DelayedCommand.prototype.executeInternal_(file:///tmp/anonymous702557509609118001webdriver-profile/extensions/fxdriver@googlecode.com/components/command-processor.js:12539)
	at &lt;anonymous class&gt;.DelayedCommand.prototype.execute/&lt;(file:///tmp/anonymous702557509609118001webdriver-profile/extensions/fxdriver@googlecode.com/components/command-processor.js:12481)
</pre></div></td>
<td>121</td>
<td>com.edureka.paymentProcess.MakePaymentWhenAnyTypeOfDiscountNotB1S2@5c8b9a98</td></tr>
<tr>
<td title='com.edureka.paymentProcess.ValidateTotalAmountOnChangeOfCurrency.test_001ValidateTotalAmountOnChangeOfCurrency()'><b>test_001ValidateTotalAmountOnChangeOfCurrency</b><br>Test class: com.edureka.paymentProcess.ValidateTotalAmountOnChangeOfCurrency<br/>
<a href="#Output-121106206" onClick='toggleBox("Output-121106206", this, "Show output", "Hide output");'>Show output</a>

<a href="#Output-121106206" onClick="toggleAllBoxes();">Show all outputs</a>
<div class='log' id="Output-121106206">
Navigate to the Edureka application url<br><br/>
Verify Edureka Dashboard Page<br><br/>
Click on SignIn Navigation header<br><br/>
Verify LogIn Is Default<br><br/>
click on Sign up link<br><br/>
Sign up user<br><br/>
Verify User Home Page<br><br/>
Select CourseBig Data Hadoop<br><br/>
Verify Selected course should be open<br><br/>
Click on Enroll Button<br><br/>
Verify Order Summary Page<br><br/>
Select countryIndia from contry list<br><br/>
Verify Currency after changing the coutry<br><br/>
verify Total amount<br><br/>
<a href= 'file:///home/logica/Desktop/test_workspace/Edureka_Automation/screenshots/test_001ValidateTotalAmountOnChangeOfCurrency2017-02-02.jpg'target='_blank' ><img src='file:///home/logica/Desktop/test_workspace/Edureka_Automation/screenshots/test_001ValidateTotalAmountOnChangeOfCurrency2017-02-02.jpg' height="42" width="42" >test_001ValidateTotalAmountOnChangeOfCurrency2017-02-02</a><br/>
</div>
</td>
<td><div><pre>java.lang.AssertionError: Element Locator ://span[@id=&apos;service-tax&apos;] Not found expected [true] but found [false]
	at com.edureka.util.DriverHelper.getText(DriverHelper.java:460)
	at com.edureka.pages.OrderSummaryPage.verifyTotalAmountWithoutNetPrice(OrderSummaryPage.java:999)
	at com.edureka.paymentProcess.ValidateTotalAmountOnChangeOfCurrency.test_001ValidateTotalAmountOnChangeOfCurrency(ValidateTotalAmountOnChangeOfCurrency.java:80)
... Removed 27 stack frames</pre></div><a href='#' onClick='toggleBox("stack-trace121106206", this, "Click to show all stack frames", "Click to hide stack frames")'>Click to show all stack frames</a>
<div class='stack-trace' id='stack-trace121106206'><pre>java.lang.AssertionError: Element Locator ://span[@id=&apos;service-tax&apos;] Not found expected [true] but found [false]
	at org.testng.Assert.fail(Assert.java:94)
	at org.testng.Assert.failNotEquals(Assert.java:496)
	at org.testng.Assert.assertTrue(Assert.java:42)
	at com.edureka.util.DriverHelper.getText(DriverHelper.java:460)
	at com.edureka.pages.OrderSummaryPage.verifyTotalAmountWithoutNetPrice(OrderSummaryPage.java:999)
	at com.edureka.paymentProcess.ValidateTotalAmountOnChangeOfCurrency.test_001ValidateTotalAmountOnChangeOfCurrency(ValidateTotalAmountOnChangeOfCurrency.java:80)
	at sun.reflect.NativeMethodAccessorImpl.invoke0(Native Method)
	at sun.reflect.NativeMethodAccessorImpl.invoke(NativeMethodAccessorImpl.java:57)
	at sun.reflect.DelegatingMethodAccessorImpl.invoke(DelegatingMethodAccessorImpl.java:43)
	at java.lang.reflect.Method.invoke(Method.java:606)
	at org.testng.internal.MethodInvocationHelper.invokeMethod(MethodInvocationHelper.java:85)
	at org.testng.internal.Invoker.invokeMethod(Invoker.java:639)
	at org.testng.internal.Invoker.invokeTestMethod(Invoker.java:821)
	at org.testng.internal.Invoker.invokeTestMethods(Invoker.java:1131)
	at org.testng.internal.TestMethodWorker.invokeTestMethods(TestMethodWorker.java:124)
	at org.testng.internal.TestMethodWorker.run(TestMethodWorker.java:108)
	at org.testng.TestRunner.privateRun(TestRunner.java:773)
	at org.testng.TestRunner.run(TestRunner.java:623)
	at org.testng.SuiteRunner.runTest(SuiteRunner.java:357)
	at org.testng.SuiteRunner.runSequentially(SuiteRunner.java:352)
	at org.testng.SuiteRunner.privateRun(SuiteRunner.java:310)
	at org.testng.SuiteRunner.run(SuiteRunner.java:259)
	at org.testng.SuiteRunnerWorker.runSuite(SuiteRunnerWorker.java:52)
	at org.testng.SuiteRunnerWorker.run(SuiteRunnerWorker.java:86)
	at org.testng.TestNG.runSuitesSequentially(TestNG.java:1185)
	at org.testng.TestNG.runSuitesLocally(TestNG.java:1110)
	at org.testng.TestNG.run(TestNG.java:1018)
	at org.testng.remote.AbstractRemoteTestNG.run(AbstractRemoteTestNG.java:126)
	at org.testng.remote.RemoteTestNG.initAndRun(RemoteTestNG.java:152)
	at org.testng.remote.RemoteTestNG.main(RemoteTestNG.java:57)
</pre></div></td>
<td>74</td>
<td>com.edureka.paymentProcess.ValidateTotalAmountOnChangeOfCurrency@2afb8a57</td></tr>
<tr>
<td title='com.edureka.paymentProcess.MakePaymentThroughPaypal.test_004MakePaymentThroughPaypal()'><b>test_004MakePaymentThroughPaypal</b><br>Test class: com.edureka.paymentProcess.MakePaymentThroughPaypal<br/>
<a href="#Output-1047157536" onClick='toggleBox("Output-1047157536", this, "Show output", "Hide output");'>Show output</a>

<a href="#Output-1047157536" onClick="toggleAllBoxes();">Show all outputs</a>
<div class='log' id="Output-1047157536">
Navigate to the Edureka application url<br><br/>
Verify Edureka Dashboard Page<br><br/>
Click on SignIn Navigation header<br><br/>
Verify LogIn Is Default<br><br/>
click on Sign up link<br><br/>
Sign up user<br><br/>
Verify User Home Page<br><br/>
Select Course<br><br/>
Verify Selected course should be open<br><br/>
Click on Enroll Button<br><br/>
Verify Order Summary Page<br><br/>
Verify total Amount for USD is equal to Net price<br><br/>
Verify USD Currency Exclusive Of Service Tax<br><br/>
Click on Paypal link<br><br/>
Verify Paypal Page<br><br/>
Enter Email, Password and Login paypal account<br><br/>
Make payment by clicking on Continue button<br><br/>
<a href= 'file:///home/logica/Desktop/test_workspace/Edureka_Automation/screenshots/test_004MakePaymentThroughPaypal2017-02-02.jpg'target='_blank' ><img src='file:///home/logica/Desktop/test_workspace/Edureka_Automation/screenshots/test_004MakePaymentThroughPaypal2017-02-02.jpg' height="42" width="42" >test_004MakePaymentThroughPaypal2017-02-02</a><br/>
</div>
</td>
<td><div><pre>java.lang.AssertionError: Element Locator ://input[@id=&apos;confirmButtonTop&apos;] Not found expected [true] but found [false]
	at com.edureka.util.DriverHelper.clickOn(DriverHelper.java:353)
	at com.edureka.pages.PayPalPage.clickOnContinueButton(PayPalPage.java:73)
	at com.edureka.paymentProcess.MakePaymentThroughPaypal.test_004MakePaymentThroughPaypal(MakePaymentThroughPaypal.java:112)
... Removed 27 stack frames</pre></div><a href='#' onClick='toggleBox("stack-trace1047157536", this, "Click to show all stack frames", "Click to hide stack frames")'>Click to show all stack frames</a>
<div class='stack-trace' id='stack-trace1047157536'><pre>java.lang.AssertionError: Element Locator ://input[@id=&apos;confirmButtonTop&apos;] Not found expected [true] but found [false]
	at org.testng.Assert.fail(Assert.java:94)
	at org.testng.Assert.failNotEquals(Assert.java:496)
	at org.testng.Assert.assertTrue(Assert.java:42)
	at com.edureka.util.DriverHelper.clickOn(DriverHelper.java:353)
	at com.edureka.pages.PayPalPage.clickOnContinueButton(PayPalPage.java:73)
	at com.edureka.paymentProcess.MakePaymentThroughPaypal.test_004MakePaymentThroughPaypal(MakePaymentThroughPaypal.java:112)
	at sun.reflect.NativeMethodAccessorImpl.invoke0(Native Method)
	at sun.reflect.NativeMethodAccessorImpl.invoke(NativeMethodAccessorImpl.java:57)
	at sun.reflect.DelegatingMethodAccessorImpl.invoke(DelegatingMethodAccessorImpl.java:43)
	at java.lang.reflect.Method.invoke(Method.java:606)
	at org.testng.internal.MethodInvocationHelper.invokeMethod(MethodInvocationHelper.java:85)
	at org.testng.internal.Invoker.invokeMethod(Invoker.java:639)
	at org.testng.internal.Invoker.invokeTestMethod(Invoker.java:821)
	at org.testng.internal.Invoker.invokeTestMethods(Invoker.java:1131)
	at org.testng.internal.TestMethodWorker.invokeTestMethods(TestMethodWorker.java:124)
	at org.testng.internal.TestMethodWorker.run(TestMethodWorker.java:108)
	at org.testng.TestRunner.privateRun(TestRunner.java:773)
	at org.testng.TestRunner.run(TestRunner.java:623)
	at org.testng.SuiteRunner.runTest(SuiteRunner.java:357)
	at org.testng.SuiteRunner.runSequentially(SuiteRunner.java:352)
	at org.testng.SuiteRunner.privateRun(SuiteRunner.java:310)
	at org.testng.SuiteRunner.run(SuiteRunner.java:259)
	at org.testng.SuiteRunnerWorker.runSuite(SuiteRunnerWorker.java:52)
	at org.testng.SuiteRunnerWorker.run(SuiteRunnerWorker.java:86)
	at org.testng.TestNG.runSuitesSequentially(TestNG.java:1185)
	at org.testng.TestNG.runSuitesLocally(TestNG.java:1110)
	at org.testng.TestNG.run(TestNG.java:1018)
	at org.testng.remote.AbstractRemoteTestNG.run(AbstractRemoteTestNG.java:126)
	at org.testng.remote.RemoteTestNG.initAndRun(RemoteTestNG.java:152)
	at org.testng.remote.RemoteTestNG.main(RemoteTestNG.java:57)
</pre></div></td>
<td>175</td>
<td>com.edureka.paymentProcess.MakePaymentThroughPaypal@3c8587f</td></tr>
<tr>
<td title='com.edureka.paymentProcess.MakePaymentThroughCCAvenue.test_005MakePaymentThroughCCAvenue()'><b>test_005MakePaymentThroughCCAvenue</b><br>Test class: com.edureka.paymentProcess.MakePaymentThroughCCAvenue<br/>
<a href="#Output-1607436604" onClick='toggleBox("Output-1607436604", this, "Show output", "Hide output");'>Show output</a>

<a href="#Output-1607436604" onClick="toggleAllBoxes();">Show all outputs</a>
<div class='log' id="Output-1607436604">
Navigate to the Edureka application url<br><br/>
Verify Edureka Dashboard Page<br><br/>
Click on SignIn Navigation header<br><br/>
Login Application through Admin credentials<br><br/>
Navigate to the Edureka application url<br><br/>
Click on SignIn Navigation header<br><br/>
Verify LogIn Is Default<br><br/>
click on Sign up link<br><br/>
Sign up user<br><br/>
Verify User Home Page<br><br/>
Select Course from Popular Heading<br><br/>
Verify Selected course should be open<br><br/>
Click on Enroll Button<br><br/>
Verify Order Summary Page<br><br/>
Select currecntINR from currnecy table<br><br/>
Click on Razor pay securely button<br><br/>
<a href= 'file:///home/logica/Desktop/test_workspace/Edureka_Automation/screenshots/test_005MakePaymentThroughCCAvenue2017-02-02.jpg'target='_blank' ><img src='file:///home/logica/Desktop/test_workspace/Edureka_Automation/screenshots/test_005MakePaymentThroughCCAvenue2017-02-02.jpg' height="42" width="42" >test_005MakePaymentThroughCCAvenue2017-02-02</a><br/>
</div>
</td>
<td><div><pre>java.lang.AssertionError: expected [true] but found [false]
	at com.edureka.pages.RazorPayPage.verifyCCAvenuePage(RazorPayPage.java:132)
	at com.edureka.paymentProcess.MakePaymentThroughCCAvenue.test_005MakePaymentThroughCCAvenue(MakePaymentThroughCCAvenue.java:128)
... Removed 28 stack frames</pre></div><a href='#' onClick='toggleBox("stack-trace1607436604", this, "Click to show all stack frames", "Click to hide stack frames")'>Click to show all stack frames</a>
<div class='stack-trace' id='stack-trace1607436604'><pre>java.lang.AssertionError: expected [true] but found [false]
	at org.testng.Assert.fail(Assert.java:94)
	at org.testng.Assert.failNotEquals(Assert.java:496)
	at org.testng.Assert.assertTrue(Assert.java:42)
	at org.testng.Assert.assertTrue(Assert.java:52)
	at com.edureka.pages.RazorPayPage.verifyCCAvenuePage(RazorPayPage.java:132)
	at com.edureka.paymentProcess.MakePaymentThroughCCAvenue.test_005MakePaymentThroughCCAvenue(MakePaymentThroughCCAvenue.java:128)
	at sun.reflect.NativeMethodAccessorImpl.invoke0(Native Method)
	at sun.reflect.NativeMethodAccessorImpl.invoke(NativeMethodAccessorImpl.java:57)
	at sun.reflect.DelegatingMethodAccessorImpl.invoke(DelegatingMethodAccessorImpl.java:43)
	at java.lang.reflect.Method.invoke(Method.java:606)
	at org.testng.internal.MethodInvocationHelper.invokeMethod(MethodInvocationHelper.java:85)
	at org.testng.internal.Invoker.invokeMethod(Invoker.java:639)
	at org.testng.internal.Invoker.invokeTestMethod(Invoker.java:821)
	at org.testng.internal.Invoker.invokeTestMethods(Invoker.java:1131)
	at org.testng.internal.TestMethodWorker.invokeTestMethods(TestMethodWorker.java:124)
	at org.testng.internal.TestMethodWorker.run(TestMethodWorker.java:108)
	at org.testng.TestRunner.privateRun(TestRunner.java:773)
	at org.testng.TestRunner.run(TestRunner.java:623)
	at org.testng.SuiteRunner.runTest(SuiteRunner.java:357)
	at org.testng.SuiteRunner.runSequentially(SuiteRunner.java:352)
	at org.testng.SuiteRunner.privateRun(SuiteRunner.java:310)
	at org.testng.SuiteRunner.run(SuiteRunner.java:259)
	at org.testng.SuiteRunnerWorker.runSuite(SuiteRunnerWorker.java:52)
	at org.testng.SuiteRunnerWorker.run(SuiteRunnerWorker.java:86)
	at org.testng.TestNG.runSuitesSequentially(TestNG.java:1185)
	at org.testng.TestNG.runSuitesLocally(TestNG.java:1110)
	at org.testng.TestNG.run(TestNG.java:1018)
	at org.testng.remote.AbstractRemoteTestNG.run(AbstractRemoteTestNG.java:126)
	at org.testng.remote.RemoteTestNG.initAndRun(RemoteTestNG.java:152)
	at org.testng.remote.RemoteTestNG.main(RemoteTestNG.java:57)
</pre></div></td>
<td>127</td>
<td>com.edureka.paymentProcess.MakePaymentThroughCCAvenue@72f2a45d</td></tr>
<tr>
<td title='com.edureka.paymentProcess.ValidateBatchesDetailsSelfPacedCourses.test_010ValidateBatchesDetailsSelfPacedCourses()'><b>test_010ValidateBatchesDetailsSelfPacedCourses</b><br>Test class: com.edureka.paymentProcess.ValidateBatchesDetailsSelfPacedCourses<br/>
<a href="#Output-1280414173" onClick='toggleBox("Output-1280414173", this, "Show output", "Hide output");'>Show output</a>

<a href="#Output-1280414173" onClick="toggleAllBoxes();">Show all outputs</a>
<div class='log' id="Output-1280414173">
Navigate to the Edureka application url<br><br/>
Verify Edureka Dashboard Page<br><br/>
Click on SignIn Navigation header<br><br/>
Verify LogIn Is Default<br><br/>
click on Sign up link<br><br/>
Sign up user<br><br/>
Verify User Home Page<br><br/>
Click on Course Tab<br><br/>
Select CourseContinuous Integration with Jenkins Certification Training<br><br/>
Verify Selected course should be open<br><br/>
<a href= 'file:///home/logica/Desktop/test_workspace/Edureka_Automation/screenshots/test_010ValidateBatchesDetailsSelfPacedCourses2017-02-02.jpg'target='_blank' ><img src='file:///home/logica/Desktop/test_workspace/Edureka_Automation/screenshots/test_010ValidateBatchesDetailsSelfPacedCourses2017-02-02.jpg' height="42" width="42" >test_010ValidateBatchesDetailsSelfPacedCourses2017-02-02</a><br/>
</div>
</td>
<td><div><pre>java.lang.AssertionError: expected [true] but found [false]
	at com.edureka.pages.SelectedCoursePage.verifySelectedPopularCoursePage(SelectedCoursePage.java:60)
	at com.edureka.paymentProcess.ValidateBatchesDetailsSelfPacedCourses.test_010ValidateBatchesDetailsSelfPacedCourses(ValidateBatchesDetailsSelfPacedCourses.java:68)
... Removed 28 stack frames</pre></div><a href='#' onClick='toggleBox("stack-trace1280414173", this, "Click to show all stack frames", "Click to hide stack frames")'>Click to show all stack frames</a>
<div class='stack-trace' id='stack-trace1280414173'><pre>java.lang.AssertionError: expected [true] but found [false]
	at org.testng.Assert.fail(Assert.java:94)
	at org.testng.Assert.failNotEquals(Assert.java:496)
	at org.testng.Assert.assertTrue(Assert.java:42)
	at org.testng.Assert.assertTrue(Assert.java:52)
	at com.edureka.pages.SelectedCoursePage.verifySelectedPopularCoursePage(SelectedCoursePage.java:60)
	at com.edureka.paymentProcess.ValidateBatchesDetailsSelfPacedCourses.test_010ValidateBatchesDetailsSelfPacedCourses(ValidateBatchesDetailsSelfPacedCourses.java:68)
	at sun.reflect.NativeMethodAccessorImpl.invoke0(Native Method)
	at sun.reflect.NativeMethodAccessorImpl.invoke(NativeMethodAccessorImpl.java:57)
	at sun.reflect.DelegatingMethodAccessorImpl.invoke(DelegatingMethodAccessorImpl.java:43)
	at java.lang.reflect.Method.invoke(Method.java:606)
	at org.testng.internal.MethodInvocationHelper.invokeMethod(MethodInvocationHelper.java:85)
	at org.testng.internal.Invoker.invokeMethod(Invoker.java:639)
	at org.testng.internal.Invoker.invokeTestMethod(Invoker.java:821)
	at org.testng.internal.Invoker.invokeTestMethods(Invoker.java:1131)
	at org.testng.internal.TestMethodWorker.invokeTestMethods(TestMethodWorker.java:124)
	at org.testng.internal.TestMethodWorker.run(TestMethodWorker.java:108)
	at org.testng.TestRunner.privateRun(TestRunner.java:773)
	at org.testng.TestRunner.run(TestRunner.java:623)
	at org.testng.SuiteRunner.runTest(SuiteRunner.java:357)
	at org.testng.SuiteRunner.runSequentially(SuiteRunner.java:352)
	at org.testng.SuiteRunner.privateRun(SuiteRunner.java:310)
	at org.testng.SuiteRunner.run(SuiteRunner.java:259)
	at org.testng.SuiteRunnerWorker.runSuite(SuiteRunnerWorker.java:52)
	at org.testng.SuiteRunnerWorker.run(SuiteRunnerWorker.java:86)
	at org.testng.TestNG.runSuitesSequentially(TestNG.java:1185)
	at org.testng.TestNG.runSuitesLocally(TestNG.java:1110)
	at org.testng.TestNG.run(TestNG.java:1018)
	at org.testng.remote.AbstractRemoteTestNG.run(AbstractRemoteTestNG.java:126)
	at org.testng.remote.RemoteTestNG.initAndRun(RemoteTestNG.java:152)
	at org.testng.remote.RemoteTestNG.main(RemoteTestNG.java:57)
</pre></div></td>
<td>30</td>
<td>com.edureka.paymentProcess.ValidateBatchesDetailsSelfPacedCourses@e865388</td></tr>
<tr>
<td title='com.edureka.paymentProcess.MakePaymentWhenNoneOfOfferPresent.test_013MakePaymentWhenNoDiscountNoB1S2__CCAvenue()'><b>test_013MakePaymentWhenNoDiscountNoB1S2__CCAvenue</b><br>Test class: com.edureka.paymentProcess.MakePaymentWhenNoneOfOfferPresent<br/>
<a href="#Output-1372309186" onClick='toggleBox("Output-1372309186", this, "Show output", "Hide output");'>Show output</a>

<a href="#Output-1372309186" onClick="toggleAllBoxes();">Show all outputs</a>
<div class='log' id="Output-1372309186">
Navigate to the Edureka application url<br><br/>
Verify Edureka Dashboard Page<br><br/>
Click on SignIn Navigation header<br><br/>
Login Application through Admin credentials<br><br/>
<a href= 'file:///home/logica/Desktop/test_workspace/Edureka_Automation/screenshots/test_013MakePaymentWhenNoDiscountNoB1S2__CCAvenue2017-02-02.jpg'target='_blank' ><img src='file:///home/logica/Desktop/test_workspace/Edureka_Automation/screenshots/test_013MakePaymentWhenNoDiscountNoB1S2__CCAvenue2017-02-02.jpg' height="42" width="42" >test_013MakePaymentWhenNoDiscountNoB1S2__CCAvenue2017-02-02</a><br/>
</div>
</td>
<td><div><pre>org.openqa.selenium.TimeoutException: Timed out after 60 seconds waiting for visibility of Proxy element for: org.openqa.selenium.support.pagefactory.DefaultElementLocator@310023dd
Build info: version: &apos;2.48.1&apos;, revision: &apos;d80083d&apos;, time: &apos;2015-10-08 21:11:00&apos;
System info: host: &apos;360pc011&apos;, ip: &apos;127.0.1.1&apos;, os.name: &apos;Linux&apos;, os.arch: &apos;amd64&apos;, os.version: &apos;4.2.0-27-generic&apos;, java.version: &apos;1.7.0_111&apos;
Session ID: 9da227a7-35de-4ae6-a06a-7f20388009ac
Driver info: org.openqa.selenium.firefox.FirefoxDriver
Capabilities [{platform=LINUX, acceptSslCerts=true, javascriptEnabled=true, cssSelectorsEnabled=true, databaseEnabled=true, browserName=firefox, handlesAlerts=true, nativeEvents=false, webStorageEnabled=true, rotatable=false, locationContextEnabled=true, applicationCacheEnabled=true, takesScreenshot=true, version=41.0.2}]
	at org.openqa.selenium.support.ui.WebDriverWait.timeoutException(WebDriverWait.java:80)
	at org.openqa.selenium.support.ui.FluentWait.until(FluentWait.java:261)
	at com.edureka.util.DriverHelper.waitForWebElementPresent(DriverHelper.java:624)
	at com.edureka.pages.AdminDashboard.activateTheOffer(AdminDashboard.java:219)
	at com.edureka.paymentProcess.MakePaymentWhenNoneOfOfferPresent.test_013MakePaymentWhenNoDiscountNoB1S2__CCAvenue(MakePaymentWhenNoneOfOfferPresent.java:463)
Caused by: org.openqa.selenium.NoSuchElementException: Unable to locate element: {&quot;method&quot;:&quot;id&quot;,&quot;selector&quot;:&quot;OfferStatus&quot;}
Command duration or timeout: 3 milliseconds
For documentation on this error, please visit: http://seleniumhq.org/exceptions/no_such_element.html
Build info: version: &apos;2.48.1&apos;, revision: &apos;d80083d&apos;, time: &apos;2015-10-08 21:11:00&apos;
System info: host: &apos;360pc011&apos;, ip: &apos;127.0.1.1&apos;, os.name: &apos;Linux&apos;, os.arch: &apos;amd64&apos;, os.version: &apos;4.2.0-27-generic&apos;, java.version: &apos;1.7.0_111&apos;
*** Element info: {Using=id, value=OfferStatus}
Session ID: 9da227a7-35de-4ae6-a06a-7f20388009ac
Driver info: org.openqa.selenium.firefox.FirefoxDriver
Capabilities [{platform=LINUX, acceptSslCerts=true, javascriptEnabled=true, cssSelectorsEnabled=true, databaseEnabled=true, browserName=firefox, handlesAlerts=true, nativeEvents=false, webStorageEnabled=true, rotatable=false, locationContextEnabled=true, applicationCacheEnabled=true, takesScreenshot=true, version=41.0.2}]
	at org.openqa.selenium.remote.ErrorHandler.createThrowable(ErrorHandler.java:206)
	at org.openqa.selenium.remote.ErrorHandler.throwIfResponseFailed(ErrorHandler.java:158)
	at org.openqa.selenium.remote.RemoteWebDriver.execute(RemoteWebDriver.java:647)
	at org.openqa.selenium.remote.RemoteWebDriver.findElement(RemoteWebDriver.java:353)
	at org.openqa.selenium.remote.RemoteWebDriver.findElementById(RemoteWebDriver.java:403)
	at org.openqa.selenium.By$ById.findElement(By.java:218)
	at org.openqa.selenium.remote.RemoteWebDriver.findElement(RemoteWebDriver.java:345)
	at org.openqa.selenium.support.pagefactory.DefaultElementLocator.findElement(DefaultElementLocator.java:69)
	at org.openqa.selenium.support.pagefactory.internal.LocatingElementHandler.invoke(LocatingElementHandler.java:38)
	at com.sun.proxy.$Proxy7.isDisplayed(Unknown Source)
	at org.openqa.selenium.support.ui.ExpectedConditions.elementIfVisible(ExpectedConditions.java:302)
	at org.openqa.selenium.support.ui.ExpectedConditions.access$1(ExpectedConditions.java:301)
	at org.openqa.selenium.support.ui.ExpectedConditions$10.apply(ExpectedConditions.java:288)
	at org.openqa.selenium.support.ui.ExpectedConditions$10.apply(ExpectedConditions.java:1)
	at org.openqa.selenium.support.ui.FluentWait.until(FluentWait.java:238)
	... 27 more
Caused by: org.openqa.selenium.NoSuchElementException: Unable to locate element: {&quot;method&quot;:&quot;id&quot;,&quot;selector&quot;:&quot;OfferStatus&quot;}
For documentation on this error, please visit: http://seleniumhq.org/exceptions/no_such_element.html
Build info: version: &apos;2.48.1&apos;, revision: &apos;d80083d&apos;, time: &apos;2015-10-08 21:11:00&apos;
System info: host: &apos;360pc011&apos;, ip: &apos;127.0.1.1&apos;, os.name: &apos;Linux&apos;, os.arch: &apos;amd64&apos;, os.version: &apos;4.2.0-27-generic&apos;, java.version: &apos;1.7.0_111&apos;
Driver info: driver.version: unknown
	at &lt;anonymous class&gt;.FirefoxDriver.prototype.findElementInternal_(file:///tmp/anonymous3467446526689421029webdriver-profile/extensions/fxdriver@googlecode.com/components/driver-component.js:10659)
	at &lt;anonymous class&gt;.FirefoxDriver.prototype.findElement(file:///tmp/anonymous3467446526689421029webdriver-profile/extensions/fxdriver@googlecode.com/components/driver-component.js:10668)
	at &lt;anonymous class&gt;.DelayedCommand.prototype.executeInternal_/h(file:///tmp/anonymous3467446526689421029webdriver-profile/extensions/fxdriver@googlecode.com/components/command-processor.js:12534)
	at &lt;anonymous class&gt;.DelayedCommand.prototype.executeInternal_(file:///tmp/anonymous3467446526689421029webdriver-profile/extensions/fxdriver@googlecode.com/components/command-processor.js:12539)
	at &lt;anonymous class&gt;.DelayedCommand.prototype.execute/&lt;(file:///tmp/anonymous3467446526689421029webdriver-profile/extensions/fxdriver@googlecode.com/components/command-processor.js:12481)
... Removed 27 stack frames</pre></div><a href='#' onClick='toggleBox("stack-trace1372309186", this, "Click to show all stack frames", "Click to hide stack frames")'>Click to show all stack frames</a>
<div class='stack-trace' id='stack-trace1372309186'><pre>org.openqa.selenium.TimeoutException: Timed out after 60 seconds waiting for visibility of Proxy element for: org.openqa.selenium.support.pagefactory.DefaultElementLocator@310023dd
Build info: version: &apos;2.48.1&apos;, revision: &apos;d80083d&apos;, time: &apos;2015-10-08 21:11:00&apos;
System info: host: &apos;360pc011&apos;, ip: &apos;127.0.1.1&apos;, os.name: &apos;Linux&apos;, os.arch: &apos;amd64&apos;, os.version: &apos;4.2.0-27-generic&apos;, java.version: &apos;1.7.0_111&apos;
Session ID: 9da227a7-35de-4ae6-a06a-7f20388009ac
Driver info: org.openqa.selenium.firefox.FirefoxDriver
Capabilities [{platform=LINUX, acceptSslCerts=true, javascriptEnabled=true, cssSelectorsEnabled=true, databaseEnabled=true, browserName=firefox, handlesAlerts=true, nativeEvents=false, webStorageEnabled=true, rotatable=false, locationContextEnabled=true, applicationCacheEnabled=true, takesScreenshot=true, version=41.0.2}]
	at org.openqa.selenium.support.ui.WebDriverWait.timeoutException(WebDriverWait.java:80)
	at org.openqa.selenium.support.ui.FluentWait.until(FluentWait.java:261)
	at com.edureka.util.DriverHelper.waitForWebElementPresent(DriverHelper.java:624)
	at com.edureka.pages.AdminDashboard.activateTheOffer(AdminDashboard.java:219)
	at com.edureka.paymentProcess.MakePaymentWhenNoneOfOfferPresent.test_013MakePaymentWhenNoDiscountNoB1S2__CCAvenue(MakePaymentWhenNoneOfOfferPresent.java:463)
	at sun.reflect.NativeMethodAccessorImpl.invoke0(Native Method)
	at sun.reflect.NativeMethodAccessorImpl.invoke(NativeMethodAccessorImpl.java:57)
	at sun.reflect.DelegatingMethodAccessorImpl.invoke(DelegatingMethodAccessorImpl.java:43)
	at java.lang.reflect.Method.invoke(Method.java:606)
	at org.testng.internal.MethodInvocationHelper.invokeMethod(MethodInvocationHelper.java:85)
	at org.testng.internal.Invoker.invokeMethod(Invoker.java:639)
	at org.testng.internal.Invoker.invokeTestMethod(Invoker.java:821)
	at org.testng.internal.Invoker.invokeTestMethods(Invoker.java:1131)
	at org.testng.internal.TestMethodWorker.invokeTestMethods(TestMethodWorker.java:124)
	at org.testng.internal.TestMethodWorker.run(TestMethodWorker.java:108)
	at org.testng.TestRunner.privateRun(TestRunner.java:773)
	at org.testng.TestRunner.run(TestRunner.java:623)
	at org.testng.SuiteRunner.runTest(SuiteRunner.java:357)
	at org.testng.SuiteRunner.runSequentially(SuiteRunner.java:352)
	at org.testng.SuiteRunner.privateRun(SuiteRunner.java:310)
	at org.testng.SuiteRunner.run(SuiteRunner.java:259)
	at org.testng.SuiteRunnerWorker.runSuite(SuiteRunnerWorker.java:52)
	at org.testng.SuiteRunnerWorker.run(SuiteRunnerWorker.java:86)
	at org.testng.TestNG.runSuitesSequentially(TestNG.java:1185)
	at org.testng.TestNG.runSuitesLocally(TestNG.java:1110)
	at org.testng.TestNG.run(TestNG.java:1018)
	at org.testng.remote.AbstractRemoteTestNG.run(AbstractRemoteTestNG.java:126)
	at org.testng.remote.RemoteTestNG.initAndRun(RemoteTestNG.java:152)
	at org.testng.remote.RemoteTestNG.main(RemoteTestNG.java:57)
Caused by: org.openqa.selenium.NoSuchElementException: Unable to locate element: {&quot;method&quot;:&quot;id&quot;,&quot;selector&quot;:&quot;OfferStatus&quot;}
Command duration or timeout: 3 milliseconds
For documentation on this error, please visit: http://seleniumhq.org/exceptions/no_such_element.html
Build info: version: &apos;2.48.1&apos;, revision: &apos;d80083d&apos;, time: &apos;2015-10-08 21:11:00&apos;
System info: host: &apos;360pc011&apos;, ip: &apos;127.0.1.1&apos;, os.name: &apos;Linux&apos;, os.arch: &apos;amd64&apos;, os.version: &apos;4.2.0-27-generic&apos;, java.version: &apos;1.7.0_111&apos;
*** Element info: {Using=id, value=OfferStatus}
Session ID: 9da227a7-35de-4ae6-a06a-7f20388009ac
Driver info: org.openqa.selenium.firefox.FirefoxDriver
Capabilities [{platform=LINUX, acceptSslCerts=true, javascriptEnabled=true, cssSelectorsEnabled=true, databaseEnabled=true, browserName=firefox, handlesAlerts=true, nativeEvents=false, webStorageEnabled=true, rotatable=false, locationContextEnabled=true, applicationCacheEnabled=true, takesScreenshot=true, version=41.0.2}]
	at sun.reflect.GeneratedConstructorAccessor21.newInstance(Unknown Source)
	at sun.reflect.DelegatingConstructorAccessorImpl.newInstance(DelegatingConstructorAccessorImpl.java:45)
	at java.lang.reflect.Constructor.newInstance(Constructor.java:526)
	at org.openqa.selenium.remote.ErrorHandler.createThrowable(ErrorHandler.java:206)
	at org.openqa.selenium.remote.ErrorHandler.throwIfResponseFailed(ErrorHandler.java:158)
	at org.openqa.selenium.remote.RemoteWebDriver.execute(RemoteWebDriver.java:647)
	at org.openqa.selenium.remote.RemoteWebDriver.findElement(RemoteWebDriver.java:353)
	at org.openqa.selenium.remote.RemoteWebDriver.findElementById(RemoteWebDriver.java:403)
	at org.openqa.selenium.By$ById.findElement(By.java:218)
	at org.openqa.selenium.remote.RemoteWebDriver.findElement(RemoteWebDriver.java:345)
	at org.openqa.selenium.support.pagefactory.DefaultElementLocator.findElement(DefaultElementLocator.java:69)
	at org.openqa.selenium.support.pagefactory.internal.LocatingElementHandler.invoke(LocatingElementHandler.java:38)
	at com.sun.proxy.$Proxy7.isDisplayed(Unknown Source)
	at org.openqa.selenium.support.ui.ExpectedConditions.elementIfVisible(ExpectedConditions.java:302)
	at org.openqa.selenium.support.ui.ExpectedConditions.access$1(ExpectedConditions.java:301)
	at org.openqa.selenium.support.ui.ExpectedConditions$10.apply(ExpectedConditions.java:288)
	at org.openqa.selenium.support.ui.ExpectedConditions$10.apply(ExpectedConditions.java:1)
	at org.openqa.selenium.support.ui.FluentWait.until(FluentWait.java:238)
	... 27 more
Caused by: org.openqa.selenium.NoSuchElementException: Unable to locate element: {&quot;method&quot;:&quot;id&quot;,&quot;selector&quot;:&quot;OfferStatus&quot;}
For documentation on this error, please visit: http://seleniumhq.org/exceptions/no_such_element.html
Build info: version: &apos;2.48.1&apos;, revision: &apos;d80083d&apos;, time: &apos;2015-10-08 21:11:00&apos;
System info: host: &apos;360pc011&apos;, ip: &apos;127.0.1.1&apos;, os.name: &apos;Linux&apos;, os.arch: &apos;amd64&apos;, os.version: &apos;4.2.0-27-generic&apos;, java.version: &apos;1.7.0_111&apos;
Driver info: driver.version: unknown
	at &lt;anonymous class&gt;.FirefoxDriver.prototype.findElementInternal_(file:///tmp/anonymous3467446526689421029webdriver-profile/extensions/fxdriver@googlecode.com/components/driver-component.js:10659)
	at &lt;anonymous class&gt;.FirefoxDriver.prototype.findElement(file:///tmp/anonymous3467446526689421029webdriver-profile/extensions/fxdriver@googlecode.com/components/driver-component.js:10668)
	at &lt;anonymous class&gt;.DelayedCommand.prototype.executeInternal_/h(file:///tmp/anonymous3467446526689421029webdriver-profile/extensions/fxdriver@googlecode.com/components/command-processor.js:12534)
	at &lt;anonymous class&gt;.DelayedCommand.prototype.executeInternal_(file:///tmp/anonymous3467446526689421029webdriver-profile/extensions/fxdriver@googlecode.com/components/command-processor.js:12539)
	at &lt;anonymous class&gt;.DelayedCommand.prototype.execute/&lt;(file:///tmp/anonymous3467446526689421029webdriver-profile/extensions/fxdriver@googlecode.com/components/command-processor.js:12481)
</pre></div></td>
<td>120</td>
<td>com.edureka.paymentProcess.MakePaymentWhenNoneOfOfferPresent@35ed0790</td></tr>
<tr>
<td title='com.edureka.paymentProcess.MakePaymentWhenCreditPointsAvailable.test_015MakePaymentWhenCreditPointsAvailable_CCAvenue()'><b>test_015MakePaymentWhenCreditPointsAvailable_CCAvenue</b><br>Test class: com.edureka.paymentProcess.MakePaymentWhenCreditPointsAvailable<br/>
<a href="#Output-293659996" onClick='toggleBox("Output-293659996", this, "Show output", "Hide output");'>Show output</a>

<a href="#Output-293659996" onClick="toggleAllBoxes();">Show all outputs</a>
<div class='log' id="Output-293659996">
Navigate to the Edureka application url<br><br/>
Verify Edureka Dashboard Page<br><br/>
Click on SignIn Navigation header<br><br/>
Login Application through Admin credentials<br><br/>
<a href= 'file:///home/logica/Desktop/test_workspace/Edureka_Automation/screenshots/test_015__CCAvenue2017-02-02.jpg'target='_blank' ><img src='file:///home/logica/Desktop/test_workspace/Edureka_Automation/screenshots/test_015__CCAvenue2017-02-02.jpg' height="42" width="42" >test_015__CCAvenue2017-02-02</a><br/>
</div>
</td>
<td><div><pre>org.openqa.selenium.TimeoutException: Timed out after 60 seconds waiting for visibility of Proxy element for: org.openqa.selenium.support.pagefactory.DefaultElementLocator@55499f8d
Build info: version: &apos;2.48.1&apos;, revision: &apos;d80083d&apos;, time: &apos;2015-10-08 21:11:00&apos;
System info: host: &apos;360pc011&apos;, ip: &apos;127.0.1.1&apos;, os.name: &apos;Linux&apos;, os.arch: &apos;amd64&apos;, os.version: &apos;4.2.0-27-generic&apos;, java.version: &apos;1.7.0_111&apos;
Session ID: b185592a-39e5-4095-9711-b7852e7bc314
Driver info: org.openqa.selenium.firefox.FirefoxDriver
Capabilities [{platform=LINUX, acceptSslCerts=true, javascriptEnabled=true, cssSelectorsEnabled=true, databaseEnabled=true, browserName=firefox, handlesAlerts=true, nativeEvents=false, webStorageEnabled=true, rotatable=false, locationContextEnabled=true, applicationCacheEnabled=true, takesScreenshot=true, version=41.0.2}]
	at org.openqa.selenium.support.ui.WebDriverWait.timeoutException(WebDriverWait.java:80)
	at org.openqa.selenium.support.ui.FluentWait.until(FluentWait.java:261)
	at com.edureka.util.DriverHelper.waitForWebElementPresent(DriverHelper.java:624)
	at com.edureka.pages.AdminDashboard.activateTheOffer(AdminDashboard.java:219)
	at com.edureka.paymentProcess.MakePaymentWhenCreditPointsAvailable.test_015MakePaymentWhenCreditPointsAvailable_CCAvenue(MakePaymentWhenCreditPointsAvailable.java:435)
Caused by: org.openqa.selenium.NoSuchElementException: Unable to locate element: {&quot;method&quot;:&quot;id&quot;,&quot;selector&quot;:&quot;OfferStatus&quot;}
Command duration or timeout: 10 milliseconds
For documentation on this error, please visit: http://seleniumhq.org/exceptions/no_such_element.html
Build info: version: &apos;2.48.1&apos;, revision: &apos;d80083d&apos;, time: &apos;2015-10-08 21:11:00&apos;
System info: host: &apos;360pc011&apos;, ip: &apos;127.0.1.1&apos;, os.name: &apos;Linux&apos;, os.arch: &apos;amd64&apos;, os.version: &apos;4.2.0-27-generic&apos;, java.version: &apos;1.7.0_111&apos;
*** Element info: {Using=id, value=OfferStatus}
Session ID: b185592a-39e5-4095-9711-b7852e7bc314
Driver info: org.openqa.selenium.firefox.FirefoxDriver
Capabilities [{platform=LINUX, acceptSslCerts=true, javascriptEnabled=true, cssSelectorsEnabled=true, databaseEnabled=true, browserName=firefox, handlesAlerts=true, nativeEvents=false, webStorageEnabled=true, rotatable=false, locationContextEnabled=true, applicationCacheEnabled=true, takesScreenshot=true, version=41.0.2}]
	at org.openqa.selenium.remote.ErrorHandler.createThrowable(ErrorHandler.java:206)
	at org.openqa.selenium.remote.ErrorHandler.throwIfResponseFailed(ErrorHandler.java:158)
	at org.openqa.selenium.remote.RemoteWebDriver.execute(RemoteWebDriver.java:647)
	at org.openqa.selenium.remote.RemoteWebDriver.findElement(RemoteWebDriver.java:353)
	at org.openqa.selenium.remote.RemoteWebDriver.findElementById(RemoteWebDriver.java:403)
	at org.openqa.selenium.By$ById.findElement(By.java:218)
	at org.openqa.selenium.remote.RemoteWebDriver.findElement(RemoteWebDriver.java:345)
	at org.openqa.selenium.support.pagefactory.DefaultElementLocator.findElement(DefaultElementLocator.java:69)
	at org.openqa.selenium.support.pagefactory.internal.LocatingElementHandler.invoke(LocatingElementHandler.java:38)
	at com.sun.proxy.$Proxy7.isDisplayed(Unknown Source)
	at org.openqa.selenium.support.ui.ExpectedConditions.elementIfVisible(ExpectedConditions.java:302)
	at org.openqa.selenium.support.ui.ExpectedConditions.access$1(ExpectedConditions.java:301)
	at org.openqa.selenium.support.ui.ExpectedConditions$10.apply(ExpectedConditions.java:288)
	at org.openqa.selenium.support.ui.ExpectedConditions$10.apply(ExpectedConditions.java:1)
	at org.openqa.selenium.support.ui.FluentWait.until(FluentWait.java:238)
	... 27 more
Caused by: org.openqa.selenium.NoSuchElementException: Unable to locate element: {&quot;method&quot;:&quot;id&quot;,&quot;selector&quot;:&quot;OfferStatus&quot;}
For documentation on this error, please visit: http://seleniumhq.org/exceptions/no_such_element.html
Build info: version: &apos;2.48.1&apos;, revision: &apos;d80083d&apos;, time: &apos;2015-10-08 21:11:00&apos;
System info: host: &apos;360pc011&apos;, ip: &apos;127.0.1.1&apos;, os.name: &apos;Linux&apos;, os.arch: &apos;amd64&apos;, os.version: &apos;4.2.0-27-generic&apos;, java.version: &apos;1.7.0_111&apos;
Driver info: driver.version: unknown
	at &lt;anonymous class&gt;.FirefoxDriver.prototype.findElementInternal_(file:///tmp/anonymous7432045428006247475webdriver-profile/extensions/fxdriver@googlecode.com/components/driver-component.js:10659)
	at &lt;anonymous class&gt;.FirefoxDriver.prototype.findElement(file:///tmp/anonymous7432045428006247475webdriver-profile/extensions/fxdriver@googlecode.com/components/driver-component.js:10668)
	at &lt;anonymous class&gt;.DelayedCommand.prototype.executeInternal_/h(file:///tmp/anonymous7432045428006247475webdriver-profile/extensions/fxdriver@googlecode.com/components/command-processor.js:12534)
	at &lt;anonymous class&gt;.DelayedCommand.prototype.executeInternal_(file:///tmp/anonymous7432045428006247475webdriver-profile/extensions/fxdriver@googlecode.com/components/command-processor.js:12539)
	at &lt;anonymous class&gt;.DelayedCommand.prototype.execute/&lt;(file:///tmp/anonymous7432045428006247475webdriver-profile/extensions/fxdriver@googlecode.com/components/command-processor.js:12481)
... Removed 27 stack frames</pre></div><a href='#' onClick='toggleBox("stack-trace293659996", this, "Click to show all stack frames", "Click to hide stack frames")'>Click to show all stack frames</a>
<div class='stack-trace' id='stack-trace293659996'><pre>org.openqa.selenium.TimeoutException: Timed out after 60 seconds waiting for visibility of Proxy element for: org.openqa.selenium.support.pagefactory.DefaultElementLocator@55499f8d
Build info: version: &apos;2.48.1&apos;, revision: &apos;d80083d&apos;, time: &apos;2015-10-08 21:11:00&apos;
System info: host: &apos;360pc011&apos;, ip: &apos;127.0.1.1&apos;, os.name: &apos;Linux&apos;, os.arch: &apos;amd64&apos;, os.version: &apos;4.2.0-27-generic&apos;, java.version: &apos;1.7.0_111&apos;
Session ID: b185592a-39e5-4095-9711-b7852e7bc314
Driver info: org.openqa.selenium.firefox.FirefoxDriver
Capabilities [{platform=LINUX, acceptSslCerts=true, javascriptEnabled=true, cssSelectorsEnabled=true, databaseEnabled=true, browserName=firefox, handlesAlerts=true, nativeEvents=false, webStorageEnabled=true, rotatable=false, locationContextEnabled=true, applicationCacheEnabled=true, takesScreenshot=true, version=41.0.2}]
	at org.openqa.selenium.support.ui.WebDriverWait.timeoutException(WebDriverWait.java:80)
	at org.openqa.selenium.support.ui.FluentWait.until(FluentWait.java:261)
	at com.edureka.util.DriverHelper.waitForWebElementPresent(DriverHelper.java:624)
	at com.edureka.pages.AdminDashboard.activateTheOffer(AdminDashboard.java:219)
	at com.edureka.paymentProcess.MakePaymentWhenCreditPointsAvailable.test_015MakePaymentWhenCreditPointsAvailable_CCAvenue(MakePaymentWhenCreditPointsAvailable.java:435)
	at sun.reflect.NativeMethodAccessorImpl.invoke0(Native Method)
	at sun.reflect.NativeMethodAccessorImpl.invoke(NativeMethodAccessorImpl.java:57)
	at sun.reflect.DelegatingMethodAccessorImpl.invoke(DelegatingMethodAccessorImpl.java:43)
	at java.lang.reflect.Method.invoke(Method.java:606)
	at org.testng.internal.MethodInvocationHelper.invokeMethod(MethodInvocationHelper.java:85)
	at org.testng.internal.Invoker.invokeMethod(Invoker.java:639)
	at org.testng.internal.Invoker.invokeTestMethod(Invoker.java:821)
	at org.testng.internal.Invoker.invokeTestMethods(Invoker.java:1131)
	at org.testng.internal.TestMethodWorker.invokeTestMethods(TestMethodWorker.java:124)
	at org.testng.internal.TestMethodWorker.run(TestMethodWorker.java:108)
	at org.testng.TestRunner.privateRun(TestRunner.java:773)
	at org.testng.TestRunner.run(TestRunner.java:623)
	at org.testng.SuiteRunner.runTest(SuiteRunner.java:357)
	at org.testng.SuiteRunner.runSequentially(SuiteRunner.java:352)
	at org.testng.SuiteRunner.privateRun(SuiteRunner.java:310)
	at org.testng.SuiteRunner.run(SuiteRunner.java:259)
	at org.testng.SuiteRunnerWorker.runSuite(SuiteRunnerWorker.java:52)
	at org.testng.SuiteRunnerWorker.run(SuiteRunnerWorker.java:86)
	at org.testng.TestNG.runSuitesSequentially(TestNG.java:1185)
	at org.testng.TestNG.runSuitesLocally(TestNG.java:1110)
	at org.testng.TestNG.run(TestNG.java:1018)
	at org.testng.remote.AbstractRemoteTestNG.run(AbstractRemoteTestNG.java:126)
	at org.testng.remote.RemoteTestNG.initAndRun(RemoteTestNG.java:152)
	at org.testng.remote.RemoteTestNG.main(RemoteTestNG.java:57)
Caused by: org.openqa.selenium.NoSuchElementException: Unable to locate element: {&quot;method&quot;:&quot;id&quot;,&quot;selector&quot;:&quot;OfferStatus&quot;}
Command duration or timeout: 10 milliseconds
For documentation on this error, please visit: http://seleniumhq.org/exceptions/no_such_element.html
Build info: version: &apos;2.48.1&apos;, revision: &apos;d80083d&apos;, time: &apos;2015-10-08 21:11:00&apos;
System info: host: &apos;360pc011&apos;, ip: &apos;127.0.1.1&apos;, os.name: &apos;Linux&apos;, os.arch: &apos;amd64&apos;, os.version: &apos;4.2.0-27-generic&apos;, java.version: &apos;1.7.0_111&apos;
*** Element info: {Using=id, value=OfferStatus}
Session ID: b185592a-39e5-4095-9711-b7852e7bc314
Driver info: org.openqa.selenium.firefox.FirefoxDriver
Capabilities [{platform=LINUX, acceptSslCerts=true, javascriptEnabled=true, cssSelectorsEnabled=true, databaseEnabled=true, browserName=firefox, handlesAlerts=true, nativeEvents=false, webStorageEnabled=true, rotatable=false, locationContextEnabled=true, applicationCacheEnabled=true, takesScreenshot=true, version=41.0.2}]
	at sun.reflect.GeneratedConstructorAccessor21.newInstance(Unknown Source)
	at sun.reflect.DelegatingConstructorAccessorImpl.newInstance(DelegatingConstructorAccessorImpl.java:45)
	at java.lang.reflect.Constructor.newInstance(Constructor.java:526)
	at org.openqa.selenium.remote.ErrorHandler.createThrowable(ErrorHandler.java:206)
	at org.openqa.selenium.remote.ErrorHandler.throwIfResponseFailed(ErrorHandler.java:158)
	at org.openqa.selenium.remote.RemoteWebDriver.execute(RemoteWebDriver.java:647)
	at org.openqa.selenium.remote.RemoteWebDriver.findElement(RemoteWebDriver.java:353)
	at org.openqa.selenium.remote.RemoteWebDriver.findElementById(RemoteWebDriver.java:403)
	at org.openqa.selenium.By$ById.findElement(By.java:218)
	at org.openqa.selenium.remote.RemoteWebDriver.findElement(RemoteWebDriver.java:345)
	at org.openqa.selenium.support.pagefactory.DefaultElementLocator.findElement(DefaultElementLocator.java:69)
	at org.openqa.selenium.support.pagefactory.internal.LocatingElementHandler.invoke(LocatingElementHandler.java:38)
	at com.sun.proxy.$Proxy7.isDisplayed(Unknown Source)
	at org.openqa.selenium.support.ui.ExpectedConditions.elementIfVisible(ExpectedConditions.java:302)
	at org.openqa.selenium.support.ui.ExpectedConditions.access$1(ExpectedConditions.java:301)
	at org.openqa.selenium.support.ui.ExpectedConditions$10.apply(ExpectedConditions.java:288)
	at org.openqa.selenium.support.ui.ExpectedConditions$10.apply(ExpectedConditions.java:1)
	at org.openqa.selenium.support.ui.FluentWait.until(FluentWait.java:238)
	... 27 more
Caused by: org.openqa.selenium.NoSuchElementException: Unable to locate element: {&quot;method&quot;:&quot;id&quot;,&quot;selector&quot;:&quot;OfferStatus&quot;}
For documentation on this error, please visit: http://seleniumhq.org/exceptions/no_such_element.html
Build info: version: &apos;2.48.1&apos;, revision: &apos;d80083d&apos;, time: &apos;2015-10-08 21:11:00&apos;
System info: host: &apos;360pc011&apos;, ip: &apos;127.0.1.1&apos;, os.name: &apos;Linux&apos;, os.arch: &apos;amd64&apos;, os.version: &apos;4.2.0-27-generic&apos;, java.version: &apos;1.7.0_111&apos;
Driver info: driver.version: unknown
	at &lt;anonymous class&gt;.FirefoxDriver.prototype.findElementInternal_(file:///tmp/anonymous7432045428006247475webdriver-profile/extensions/fxdriver@googlecode.com/components/driver-component.js:10659)
	at &lt;anonymous class&gt;.FirefoxDriver.prototype.findElement(file:///tmp/anonymous7432045428006247475webdriver-profile/extensions/fxdriver@googlecode.com/components/driver-component.js:10668)
	at &lt;anonymous class&gt;.DelayedCommand.prototype.executeInternal_/h(file:///tmp/anonymous7432045428006247475webdriver-profile/extensions/fxdriver@googlecode.com/components/command-processor.js:12534)
	at &lt;anonymous class&gt;.DelayedCommand.prototype.executeInternal_(file:///tmp/anonymous7432045428006247475webdriver-profile/extensions/fxdriver@googlecode.com/components/command-processor.js:12539)
	at &lt;anonymous class&gt;.DelayedCommand.prototype.execute/&lt;(file:///tmp/anonymous7432045428006247475webdriver-profile/extensions/fxdriver@googlecode.com/components/command-processor.js:12481)
</pre></div></td>
<td>96</td>
<td>com.edureka.paymentProcess.MakePaymentWhenCreditPointsAvailable@662ae4fe</td></tr>
<tr>
<td title='com.edureka.paymentProcess.MakePaymentWhenB1S2OfferIsPresent.test_016MakePaymentWhenB1S2OfferIsPresent_RP()'><b>test_016MakePaymentWhenB1S2OfferIsPresent_RP</b><br>Test class: com.edureka.paymentProcess.MakePaymentWhenB1S2OfferIsPresent<br/>
<a href="#Output-1627195771" onClick='toggleBox("Output-1627195771", this, "Show output", "Hide output");'>Show output</a>

<a href="#Output-1627195771" onClick="toggleAllBoxes();">Show all outputs</a>
<div class='log' id="Output-1627195771">
Navigate to the Edureka application url<br><br/>
Verify Edureka Dashboard Page<br><br/>
Click on SignIn Navigation header<br><br/>
Login Application through Admin credentials<br><br/>
<a href= 'file:///home/logica/Desktop/test_workspace/Edureka_Automation/screenshots/test_016MakePaymentWhenB1S2OfferIsPresent()_RP2017-02-02.jpg'target='_blank' ><img src='file:///home/logica/Desktop/test_workspace/Edureka_Automation/screenshots/test_016MakePaymentWhenB1S2OfferIsPresent()_RP2017-02-02.jpg' height="42" width="42" >test_016MakePaymentWhenB1S2OfferIsPresent()_RP2017-02-02</a><br/>
</div>
</td>
<td><div><pre>org.openqa.selenium.TimeoutException: Timed out after 60 seconds waiting for visibility of Proxy element for: org.openqa.selenium.support.pagefactory.DefaultElementLocator@15253eb5
Build info: version: &apos;2.48.1&apos;, revision: &apos;d80083d&apos;, time: &apos;2015-10-08 21:11:00&apos;
System info: host: &apos;360pc011&apos;, ip: &apos;127.0.1.1&apos;, os.name: &apos;Linux&apos;, os.arch: &apos;amd64&apos;, os.version: &apos;4.2.0-27-generic&apos;, java.version: &apos;1.7.0_111&apos;
Session ID: 9dc60a0f-14a0-4348-b33a-123512c41d21
Driver info: org.openqa.selenium.firefox.FirefoxDriver
Capabilities [{platform=LINUX, acceptSslCerts=true, javascriptEnabled=true, cssSelectorsEnabled=true, databaseEnabled=true, browserName=firefox, handlesAlerts=true, nativeEvents=false, webStorageEnabled=true, rotatable=false, locationContextEnabled=true, applicationCacheEnabled=true, takesScreenshot=true, version=41.0.2}]
	at org.openqa.selenium.support.ui.WebDriverWait.timeoutException(WebDriverWait.java:80)
	at org.openqa.selenium.support.ui.FluentWait.until(FluentWait.java:261)
	at com.edureka.util.DriverHelper.waitForWebElementPresent(DriverHelper.java:624)
	at com.edureka.pages.AdminDashboard.activateTheOffer(AdminDashboard.java:219)
	at com.edureka.paymentProcess.MakePaymentWhenB1S2OfferIsPresent.test_016MakePaymentWhenB1S2OfferIsPresent_RP(MakePaymentWhenB1S2OfferIsPresent.java:69)
Caused by: org.openqa.selenium.NoSuchElementException: Unable to locate element: {&quot;method&quot;:&quot;id&quot;,&quot;selector&quot;:&quot;OfferStatus&quot;}
Command duration or timeout: 8 milliseconds
For documentation on this error, please visit: http://seleniumhq.org/exceptions/no_such_element.html
Build info: version: &apos;2.48.1&apos;, revision: &apos;d80083d&apos;, time: &apos;2015-10-08 21:11:00&apos;
System info: host: &apos;360pc011&apos;, ip: &apos;127.0.1.1&apos;, os.name: &apos;Linux&apos;, os.arch: &apos;amd64&apos;, os.version: &apos;4.2.0-27-generic&apos;, java.version: &apos;1.7.0_111&apos;
*** Element info: {Using=id, value=OfferStatus}
Session ID: 9dc60a0f-14a0-4348-b33a-123512c41d21
Driver info: org.openqa.selenium.firefox.FirefoxDriver
Capabilities [{platform=LINUX, acceptSslCerts=true, javascriptEnabled=true, cssSelectorsEnabled=true, databaseEnabled=true, browserName=firefox, handlesAlerts=true, nativeEvents=false, webStorageEnabled=true, rotatable=false, locationContextEnabled=true, applicationCacheEnabled=true, takesScreenshot=true, version=41.0.2}]
	at org.openqa.selenium.remote.ErrorHandler.createThrowable(ErrorHandler.java:206)
	at org.openqa.selenium.remote.ErrorHandler.throwIfResponseFailed(ErrorHandler.java:158)
	at org.openqa.selenium.remote.RemoteWebDriver.execute(RemoteWebDriver.java:647)
	at org.openqa.selenium.remote.RemoteWebDriver.findElement(RemoteWebDriver.java:353)
	at org.openqa.selenium.remote.RemoteWebDriver.findElementById(RemoteWebDriver.java:403)
	at org.openqa.selenium.By$ById.findElement(By.java:218)
	at org.openqa.selenium.remote.RemoteWebDriver.findElement(RemoteWebDriver.java:345)
	at org.openqa.selenium.support.pagefactory.DefaultElementLocator.findElement(DefaultElementLocator.java:69)
	at org.openqa.selenium.support.pagefactory.internal.LocatingElementHandler.invoke(LocatingElementHandler.java:38)
	at com.sun.proxy.$Proxy7.isDisplayed(Unknown Source)
	at org.openqa.selenium.support.ui.ExpectedConditions.elementIfVisible(ExpectedConditions.java:302)
	at org.openqa.selenium.support.ui.ExpectedConditions.access$1(ExpectedConditions.java:301)
	at org.openqa.selenium.support.ui.ExpectedConditions$10.apply(ExpectedConditions.java:288)
	at org.openqa.selenium.support.ui.ExpectedConditions$10.apply(ExpectedConditions.java:1)
	at org.openqa.selenium.support.ui.FluentWait.until(FluentWait.java:238)
	... 27 more
Caused by: org.openqa.selenium.NoSuchElementException: Unable to locate element: {&quot;method&quot;:&quot;id&quot;,&quot;selector&quot;:&quot;OfferStatus&quot;}
For documentation on this error, please visit: http://seleniumhq.org/exceptions/no_such_element.html
Build info: version: &apos;2.48.1&apos;, revision: &apos;d80083d&apos;, time: &apos;2015-10-08 21:11:00&apos;
System info: host: &apos;360pc011&apos;, ip: &apos;127.0.1.1&apos;, os.name: &apos;Linux&apos;, os.arch: &apos;amd64&apos;, os.version: &apos;4.2.0-27-generic&apos;, java.version: &apos;1.7.0_111&apos;
Driver info: driver.version: unknown
	at &lt;anonymous class&gt;.FirefoxDriver.prototype.findElementInternal_(file:///tmp/anonymous5530364759173914548webdriver-profile/extensions/fxdriver@googlecode.com/components/driver-component.js:10659)
	at &lt;anonymous class&gt;.FirefoxDriver.prototype.findElement(file:///tmp/anonymous5530364759173914548webdriver-profile/extensions/fxdriver@googlecode.com/components/driver-component.js:10668)
	at &lt;anonymous class&gt;.DelayedCommand.prototype.executeInternal_/h(file:///tmp/anonymous5530364759173914548webdriver-profile/extensions/fxdriver@googlecode.com/components/command-processor.js:12534)
	at &lt;anonymous class&gt;.DelayedCommand.prototype.executeInternal_(file:///tmp/anonymous5530364759173914548webdriver-profile/extensions/fxdriver@googlecode.com/components/command-processor.js:12539)
	at &lt;anonymous class&gt;.DelayedCommand.prototype.execute/&lt;(file:///tmp/anonymous5530364759173914548webdriver-profile/extensions/fxdriver@googlecode.com/components/command-processor.js:12481)
... Removed 27 stack frames</pre></div><a href='#' onClick='toggleBox("stack-trace1627195771", this, "Click to show all stack frames", "Click to hide stack frames")'>Click to show all stack frames</a>
<div class='stack-trace' id='stack-trace1627195771'><pre>org.openqa.selenium.TimeoutException: Timed out after 60 seconds waiting for visibility of Proxy element for: org.openqa.selenium.support.pagefactory.DefaultElementLocator@15253eb5
Build info: version: &apos;2.48.1&apos;, revision: &apos;d80083d&apos;, time: &apos;2015-10-08 21:11:00&apos;
System info: host: &apos;360pc011&apos;, ip: &apos;127.0.1.1&apos;, os.name: &apos;Linux&apos;, os.arch: &apos;amd64&apos;, os.version: &apos;4.2.0-27-generic&apos;, java.version: &apos;1.7.0_111&apos;
Session ID: 9dc60a0f-14a0-4348-b33a-123512c41d21
Driver info: org.openqa.selenium.firefox.FirefoxDriver
Capabilities [{platform=LINUX, acceptSslCerts=true, javascriptEnabled=true, cssSelectorsEnabled=true, databaseEnabled=true, browserName=firefox, handlesAlerts=true, nativeEvents=false, webStorageEnabled=true, rotatable=false, locationContextEnabled=true, applicationCacheEnabled=true, takesScreenshot=true, version=41.0.2}]
	at org.openqa.selenium.support.ui.WebDriverWait.timeoutException(WebDriverWait.java:80)
	at org.openqa.selenium.support.ui.FluentWait.until(FluentWait.java:261)
	at com.edureka.util.DriverHelper.waitForWebElementPresent(DriverHelper.java:624)
	at com.edureka.pages.AdminDashboard.activateTheOffer(AdminDashboard.java:219)
	at com.edureka.paymentProcess.MakePaymentWhenB1S2OfferIsPresent.test_016MakePaymentWhenB1S2OfferIsPresent_RP(MakePaymentWhenB1S2OfferIsPresent.java:69)
	at sun.reflect.NativeMethodAccessorImpl.invoke0(Native Method)
	at sun.reflect.NativeMethodAccessorImpl.invoke(NativeMethodAccessorImpl.java:57)
	at sun.reflect.DelegatingMethodAccessorImpl.invoke(DelegatingMethodAccessorImpl.java:43)
	at java.lang.reflect.Method.invoke(Method.java:606)
	at org.testng.internal.MethodInvocationHelper.invokeMethod(MethodInvocationHelper.java:85)
	at org.testng.internal.Invoker.invokeMethod(Invoker.java:639)
	at org.testng.internal.Invoker.invokeTestMethod(Invoker.java:821)
	at org.testng.internal.Invoker.invokeTestMethods(Invoker.java:1131)
	at org.testng.internal.TestMethodWorker.invokeTestMethods(TestMethodWorker.java:124)
	at org.testng.internal.TestMethodWorker.run(TestMethodWorker.java:108)
	at org.testng.TestRunner.privateRun(TestRunner.java:773)
	at org.testng.TestRunner.run(TestRunner.java:623)
	at org.testng.SuiteRunner.runTest(SuiteRunner.java:357)
	at org.testng.SuiteRunner.runSequentially(SuiteRunner.java:352)
	at org.testng.SuiteRunner.privateRun(SuiteRunner.java:310)
	at org.testng.SuiteRunner.run(SuiteRunner.java:259)
	at org.testng.SuiteRunnerWorker.runSuite(SuiteRunnerWorker.java:52)
	at org.testng.SuiteRunnerWorker.run(SuiteRunnerWorker.java:86)
	at org.testng.TestNG.runSuitesSequentially(TestNG.java:1185)
	at org.testng.TestNG.runSuitesLocally(TestNG.java:1110)
	at org.testng.TestNG.run(TestNG.java:1018)
	at org.testng.remote.AbstractRemoteTestNG.run(AbstractRemoteTestNG.java:126)
	at org.testng.remote.RemoteTestNG.initAndRun(RemoteTestNG.java:152)
	at org.testng.remote.RemoteTestNG.main(RemoteTestNG.java:57)
Caused by: org.openqa.selenium.NoSuchElementException: Unable to locate element: {&quot;method&quot;:&quot;id&quot;,&quot;selector&quot;:&quot;OfferStatus&quot;}
Command duration or timeout: 8 milliseconds
For documentation on this error, please visit: http://seleniumhq.org/exceptions/no_such_element.html
Build info: version: &apos;2.48.1&apos;, revision: &apos;d80083d&apos;, time: &apos;2015-10-08 21:11:00&apos;
System info: host: &apos;360pc011&apos;, ip: &apos;127.0.1.1&apos;, os.name: &apos;Linux&apos;, os.arch: &apos;amd64&apos;, os.version: &apos;4.2.0-27-generic&apos;, java.version: &apos;1.7.0_111&apos;
*** Element info: {Using=id, value=OfferStatus}
Session ID: 9dc60a0f-14a0-4348-b33a-123512c41d21
Driver info: org.openqa.selenium.firefox.FirefoxDriver
Capabilities [{platform=LINUX, acceptSslCerts=true, javascriptEnabled=true, cssSelectorsEnabled=true, databaseEnabled=true, browserName=firefox, handlesAlerts=true, nativeEvents=false, webStorageEnabled=true, rotatable=false, locationContextEnabled=true, applicationCacheEnabled=true, takesScreenshot=true, version=41.0.2}]
	at sun.reflect.GeneratedConstructorAccessor21.newInstance(Unknown Source)
	at sun.reflect.DelegatingConstructorAccessorImpl.newInstance(DelegatingConstructorAccessorImpl.java:45)
	at java.lang.reflect.Constructor.newInstance(Constructor.java:526)
	at org.openqa.selenium.remote.ErrorHandler.createThrowable(ErrorHandler.java:206)
	at org.openqa.selenium.remote.ErrorHandler.throwIfResponseFailed(ErrorHandler.java:158)
	at org.openqa.selenium.remote.RemoteWebDriver.execute(RemoteWebDriver.java:647)
	at org.openqa.selenium.remote.RemoteWebDriver.findElement(RemoteWebDriver.java:353)
	at org.openqa.selenium.remote.RemoteWebDriver.findElementById(RemoteWebDriver.java:403)
	at org.openqa.selenium.By$ById.findElement(By.java:218)
	at org.openqa.selenium.remote.RemoteWebDriver.findElement(RemoteWebDriver.java:345)
	at org.openqa.selenium.support.pagefactory.DefaultElementLocator.findElement(DefaultElementLocator.java:69)
	at org.openqa.selenium.support.pagefactory.internal.LocatingElementHandler.invoke(LocatingElementHandler.java:38)
	at com.sun.proxy.$Proxy7.isDisplayed(Unknown Source)
	at org.openqa.selenium.support.ui.ExpectedConditions.elementIfVisible(ExpectedConditions.java:302)
	at org.openqa.selenium.support.ui.ExpectedConditions.access$1(ExpectedConditions.java:301)
	at org.openqa.selenium.support.ui.ExpectedConditions$10.apply(ExpectedConditions.java:288)
	at org.openqa.selenium.support.ui.ExpectedConditions$10.apply(ExpectedConditions.java:1)
	at org.openqa.selenium.support.ui.FluentWait.until(FluentWait.java:238)
	... 27 more
Caused by: org.openqa.selenium.NoSuchElementException: Unable to locate element: {&quot;method&quot;:&quot;id&quot;,&quot;selector&quot;:&quot;OfferStatus&quot;}
For documentation on this error, please visit: http://seleniumhq.org/exceptions/no_such_element.html
Build info: version: &apos;2.48.1&apos;, revision: &apos;d80083d&apos;, time: &apos;2015-10-08 21:11:00&apos;
System info: host: &apos;360pc011&apos;, ip: &apos;127.0.1.1&apos;, os.name: &apos;Linux&apos;, os.arch: &apos;amd64&apos;, os.version: &apos;4.2.0-27-generic&apos;, java.version: &apos;1.7.0_111&apos;
Driver info: driver.version: unknown
	at &lt;anonymous class&gt;.FirefoxDriver.prototype.findElementInternal_(file:///tmp/anonymous5530364759173914548webdriver-profile/extensions/fxdriver@googlecode.com/components/driver-component.js:10659)
	at &lt;anonymous class&gt;.FirefoxDriver.prototype.findElement(file:///tmp/anonymous5530364759173914548webdriver-profile/extensions/fxdriver@googlecode.com/components/driver-component.js:10668)
	at &lt;anonymous class&gt;.DelayedCommand.prototype.executeInternal_/h(file:///tmp/anonymous5530364759173914548webdriver-profile/extensions/fxdriver@googlecode.com/components/command-processor.js:12534)
	at &lt;anonymous class&gt;.DelayedCommand.prototype.executeInternal_(file:///tmp/anonymous5530364759173914548webdriver-profile/extensions/fxdriver@googlecode.com/components/command-processor.js:12539)
	at &lt;anonymous class&gt;.DelayedCommand.prototype.execute/&lt;(file:///tmp/anonymous5530364759173914548webdriver-profile/extensions/fxdriver@googlecode.com/components/command-processor.js:12481)
</pre></div></td>
<td>124</td>
<td>com.edureka.paymentProcess.MakePaymentWhenB1S2OfferIsPresent@1434108e</td></tr>
<tr>
<td title='com.edureka.paymentProcess.MakePaymentWhenAnyTypeOfDiscountWithB1S2IsPresent.test_017MakePaymentWhenAnyTypeOfDiscountWithB1S2IsPresent_CCAvenue()'><b>test_017MakePaymentWhenAnyTypeOfDiscountWithB1S2IsPresent_CCAvenue</b><br>Test class: com.edureka.paymentProcess.MakePaymentWhenAnyTypeOfDiscountWithB1S2IsPresent<br/>
<a href="#Output-1302347448" onClick='toggleBox("Output-1302347448", this, "Show output", "Hide output");'>Show output</a>

<a href="#Output-1302347448" onClick="toggleAllBoxes();">Show all outputs</a>
<div class='log' id="Output-1302347448">
Navigate to the Edureka application url<br><br/>
Verify Edureka Dashboard Page<br><br/>
Click on SignIn Navigation header<br><br/>
Login Application through Admin credentials<br><br/>
<a href= 'file:///home/logica/Desktop/test_workspace/Edureka_Automation/screenshots/test_017MakePaymentWhenAnyTypeOfDiscountWithB1S2IsPresent__CCAvenue2017-02-02.jpg'target='_blank' ><img src='file:///home/logica/Desktop/test_workspace/Edureka_Automation/screenshots/test_017MakePaymentWhenAnyTypeOfDiscountWithB1S2IsPresent__CCAvenue2017-02-02.jpg' height="42" width="42" >test_017MakePaymentWhenAnyTypeOfDiscountWithB1S2IsPresent__CCAvenue2017-02-02</a><br/>
</div>
</td>
<td><div><pre>org.openqa.selenium.TimeoutException: Timed out after 60 seconds waiting for visibility of Proxy element for: org.openqa.selenium.support.pagefactory.DefaultElementLocator@27bc3936
Build info: version: &apos;2.48.1&apos;, revision: &apos;d80083d&apos;, time: &apos;2015-10-08 21:11:00&apos;
System info: host: &apos;360pc011&apos;, ip: &apos;127.0.1.1&apos;, os.name: &apos;Linux&apos;, os.arch: &apos;amd64&apos;, os.version: &apos;4.2.0-27-generic&apos;, java.version: &apos;1.7.0_111&apos;
Session ID: 42e33df5-6c45-4172-823b-729f7d8dfbfb
Driver info: org.openqa.selenium.firefox.FirefoxDriver
Capabilities [{platform=LINUX, acceptSslCerts=true, javascriptEnabled=true, cssSelectorsEnabled=true, databaseEnabled=true, browserName=firefox, handlesAlerts=true, nativeEvents=false, webStorageEnabled=true, rotatable=false, locationContextEnabled=true, applicationCacheEnabled=true, takesScreenshot=true, version=41.0.2}]
	at org.openqa.selenium.support.ui.WebDriverWait.timeoutException(WebDriverWait.java:80)
	at org.openqa.selenium.support.ui.FluentWait.until(FluentWait.java:261)
	at com.edureka.util.DriverHelper.waitForWebElementPresent(DriverHelper.java:624)
	at com.edureka.pages.AdminDashboard.activateTheOffer(AdminDashboard.java:219)
	at com.edureka.paymentProcess.MakePaymentWhenAnyTypeOfDiscountWithB1S2IsPresent.test_017MakePaymentWhenAnyTypeOfDiscountWithB1S2IsPresent_CCAvenue(MakePaymentWhenAnyTypeOfDiscountWithB1S2IsPresent.java:559)
Caused by: org.openqa.selenium.NoSuchElementException: Unable to locate element: {&quot;method&quot;:&quot;id&quot;,&quot;selector&quot;:&quot;OfferStatus&quot;}
Command duration or timeout: 6 milliseconds
For documentation on this error, please visit: http://seleniumhq.org/exceptions/no_such_element.html
Build info: version: &apos;2.48.1&apos;, revision: &apos;d80083d&apos;, time: &apos;2015-10-08 21:11:00&apos;
System info: host: &apos;360pc011&apos;, ip: &apos;127.0.1.1&apos;, os.name: &apos;Linux&apos;, os.arch: &apos;amd64&apos;, os.version: &apos;4.2.0-27-generic&apos;, java.version: &apos;1.7.0_111&apos;
*** Element info: {Using=id, value=OfferStatus}
Session ID: 42e33df5-6c45-4172-823b-729f7d8dfbfb
Driver info: org.openqa.selenium.firefox.FirefoxDriver
Capabilities [{platform=LINUX, acceptSslCerts=true, javascriptEnabled=true, cssSelectorsEnabled=true, databaseEnabled=true, browserName=firefox, handlesAlerts=true, nativeEvents=false, webStorageEnabled=true, rotatable=false, locationContextEnabled=true, applicationCacheEnabled=true, takesScreenshot=true, version=41.0.2}]
	at org.openqa.selenium.remote.ErrorHandler.createThrowable(ErrorHandler.java:206)
	at org.openqa.selenium.remote.ErrorHandler.throwIfResponseFailed(ErrorHandler.java:158)
	at org.openqa.selenium.remote.RemoteWebDriver.execute(RemoteWebDriver.java:647)
	at org.openqa.selenium.remote.RemoteWebDriver.findElement(RemoteWebDriver.java:353)
	at org.openqa.selenium.remote.RemoteWebDriver.findElementById(RemoteWebDriver.java:403)
	at org.openqa.selenium.By$ById.findElement(By.java:218)
	at org.openqa.selenium.remote.RemoteWebDriver.findElement(RemoteWebDriver.java:345)
	at org.openqa.selenium.support.pagefactory.DefaultElementLocator.findElement(DefaultElementLocator.java:69)
	at org.openqa.selenium.support.pagefactory.internal.LocatingElementHandler.invoke(LocatingElementHandler.java:38)
	at com.sun.proxy.$Proxy7.isDisplayed(Unknown Source)
	at org.openqa.selenium.support.ui.ExpectedConditions.elementIfVisible(ExpectedConditions.java:302)
	at org.openqa.selenium.support.ui.ExpectedConditions.access$1(ExpectedConditions.java:301)
	at org.openqa.selenium.support.ui.ExpectedConditions$10.apply(ExpectedConditions.java:288)
	at org.openqa.selenium.support.ui.ExpectedConditions$10.apply(ExpectedConditions.java:1)
	at org.openqa.selenium.support.ui.FluentWait.until(FluentWait.java:238)
	... 27 more
Caused by: org.openqa.selenium.NoSuchElementException: Unable to locate element: {&quot;method&quot;:&quot;id&quot;,&quot;selector&quot;:&quot;OfferStatus&quot;}
For documentation on this error, please visit: http://seleniumhq.org/exceptions/no_such_element.html
Build info: version: &apos;2.48.1&apos;, revision: &apos;d80083d&apos;, time: &apos;2015-10-08 21:11:00&apos;
System info: host: &apos;360pc011&apos;, ip: &apos;127.0.1.1&apos;, os.name: &apos;Linux&apos;, os.arch: &apos;amd64&apos;, os.version: &apos;4.2.0-27-generic&apos;, java.version: &apos;1.7.0_111&apos;
Driver info: driver.version: unknown
	at &lt;anonymous class&gt;.FirefoxDriver.prototype.findElementInternal_(file:///tmp/anonymous8107510455646267787webdriver-profile/extensions/fxdriver@googlecode.com/components/driver-component.js:10659)
	at &lt;anonymous class&gt;.FirefoxDriver.prototype.findElement(file:///tmp/anonymous8107510455646267787webdriver-profile/extensions/fxdriver@googlecode.com/components/driver-component.js:10668)
	at &lt;anonymous class&gt;.DelayedCommand.prototype.executeInternal_/h(file:///tmp/anonymous8107510455646267787webdriver-profile/extensions/fxdriver@googlecode.com/components/command-processor.js:12534)
	at &lt;anonymous class&gt;.DelayedCommand.prototype.executeInternal_(file:///tmp/anonymous8107510455646267787webdriver-profile/extensions/fxdriver@googlecode.com/components/command-processor.js:12539)
	at &lt;anonymous class&gt;.DelayedCommand.prototype.execute/&lt;(file:///tmp/anonymous8107510455646267787webdriver-profile/extensions/fxdriver@googlecode.com/components/command-processor.js:12481)
... Removed 27 stack frames</pre></div><a href='#' onClick='toggleBox("stack-trace1302347448", this, "Click to show all stack frames", "Click to hide stack frames")'>Click to show all stack frames</a>
<div class='stack-trace' id='stack-trace1302347448'><pre>org.openqa.selenium.TimeoutException: Timed out after 60 seconds waiting for visibility of Proxy element for: org.openqa.selenium.support.pagefactory.DefaultElementLocator@27bc3936
Build info: version: &apos;2.48.1&apos;, revision: &apos;d80083d&apos;, time: &apos;2015-10-08 21:11:00&apos;
System info: host: &apos;360pc011&apos;, ip: &apos;127.0.1.1&apos;, os.name: &apos;Linux&apos;, os.arch: &apos;amd64&apos;, os.version: &apos;4.2.0-27-generic&apos;, java.version: &apos;1.7.0_111&apos;
Session ID: 42e33df5-6c45-4172-823b-729f7d8dfbfb
Driver info: org.openqa.selenium.firefox.FirefoxDriver
Capabilities [{platform=LINUX, acceptSslCerts=true, javascriptEnabled=true, cssSelectorsEnabled=true, databaseEnabled=true, browserName=firefox, handlesAlerts=true, nativeEvents=false, webStorageEnabled=true, rotatable=false, locationContextEnabled=true, applicationCacheEnabled=true, takesScreenshot=true, version=41.0.2}]
	at org.openqa.selenium.support.ui.WebDriverWait.timeoutException(WebDriverWait.java:80)
	at org.openqa.selenium.support.ui.FluentWait.until(FluentWait.java:261)
	at com.edureka.util.DriverHelper.waitForWebElementPresent(DriverHelper.java:624)
	at com.edureka.pages.AdminDashboard.activateTheOffer(AdminDashboard.java:219)
	at com.edureka.paymentProcess.MakePaymentWhenAnyTypeOfDiscountWithB1S2IsPresent.test_017MakePaymentWhenAnyTypeOfDiscountWithB1S2IsPresent_CCAvenue(MakePaymentWhenAnyTypeOfDiscountWithB1S2IsPresent.java:559)
	at sun.reflect.NativeMethodAccessorImpl.invoke0(Native Method)
	at sun.reflect.NativeMethodAccessorImpl.invoke(NativeMethodAccessorImpl.java:57)
	at sun.reflect.DelegatingMethodAccessorImpl.invoke(DelegatingMethodAccessorImpl.java:43)
	at java.lang.reflect.Method.invoke(Method.java:606)
	at org.testng.internal.MethodInvocationHelper.invokeMethod(MethodInvocationHelper.java:85)
	at org.testng.internal.Invoker.invokeMethod(Invoker.java:639)
	at org.testng.internal.Invoker.invokeTestMethod(Invoker.java:821)
	at org.testng.internal.Invoker.invokeTestMethods(Invoker.java:1131)
	at org.testng.internal.TestMethodWorker.invokeTestMethods(TestMethodWorker.java:124)
	at org.testng.internal.TestMethodWorker.run(TestMethodWorker.java:108)
	at org.testng.TestRunner.privateRun(TestRunner.java:773)
	at org.testng.TestRunner.run(TestRunner.java:623)
	at org.testng.SuiteRunner.runTest(SuiteRunner.java:357)
	at org.testng.SuiteRunner.runSequentially(SuiteRunner.java:352)
	at org.testng.SuiteRunner.privateRun(SuiteRunner.java:310)
	at org.testng.SuiteRunner.run(SuiteRunner.java:259)
	at org.testng.SuiteRunnerWorker.runSuite(SuiteRunnerWorker.java:52)
	at org.testng.SuiteRunnerWorker.run(SuiteRunnerWorker.java:86)
	at org.testng.TestNG.runSuitesSequentially(TestNG.java:1185)
	at org.testng.TestNG.runSuitesLocally(TestNG.java:1110)
	at org.testng.TestNG.run(TestNG.java:1018)
	at org.testng.remote.AbstractRemoteTestNG.run(AbstractRemoteTestNG.java:126)
	at org.testng.remote.RemoteTestNG.initAndRun(RemoteTestNG.java:152)
	at org.testng.remote.RemoteTestNG.main(RemoteTestNG.java:57)
Caused by: org.openqa.selenium.NoSuchElementException: Unable to locate element: {&quot;method&quot;:&quot;id&quot;,&quot;selector&quot;:&quot;OfferStatus&quot;}
Command duration or timeout: 6 milliseconds
For documentation on this error, please visit: http://seleniumhq.org/exceptions/no_such_element.html
Build info: version: &apos;2.48.1&apos;, revision: &apos;d80083d&apos;, time: &apos;2015-10-08 21:11:00&apos;
System info: host: &apos;360pc011&apos;, ip: &apos;127.0.1.1&apos;, os.name: &apos;Linux&apos;, os.arch: &apos;amd64&apos;, os.version: &apos;4.2.0-27-generic&apos;, java.version: &apos;1.7.0_111&apos;
*** Element info: {Using=id, value=OfferStatus}
Session ID: 42e33df5-6c45-4172-823b-729f7d8dfbfb
Driver info: org.openqa.selenium.firefox.FirefoxDriver
Capabilities [{platform=LINUX, acceptSslCerts=true, javascriptEnabled=true, cssSelectorsEnabled=true, databaseEnabled=true, browserName=firefox, handlesAlerts=true, nativeEvents=false, webStorageEnabled=true, rotatable=false, locationContextEnabled=true, applicationCacheEnabled=true, takesScreenshot=true, version=41.0.2}]
	at sun.reflect.GeneratedConstructorAccessor21.newInstance(Unknown Source)
	at sun.reflect.DelegatingConstructorAccessorImpl.newInstance(DelegatingConstructorAccessorImpl.java:45)
	at java.lang.reflect.Constructor.newInstance(Constructor.java:526)
	at org.openqa.selenium.remote.ErrorHandler.createThrowable(ErrorHandler.java:206)
	at org.openqa.selenium.remote.ErrorHandler.throwIfResponseFailed(ErrorHandler.java:158)
	at org.openqa.selenium.remote.RemoteWebDriver.execute(RemoteWebDriver.java:647)
	at org.openqa.selenium.remote.RemoteWebDriver.findElement(RemoteWebDriver.java:353)
	at org.openqa.selenium.remote.RemoteWebDriver.findElementById(RemoteWebDriver.java:403)
	at org.openqa.selenium.By$ById.findElement(By.java:218)
	at org.openqa.selenium.remote.RemoteWebDriver.findElement(RemoteWebDriver.java:345)
	at org.openqa.selenium.support.pagefactory.DefaultElementLocator.findElement(DefaultElementLocator.java:69)
	at org.openqa.selenium.support.pagefactory.internal.LocatingElementHandler.invoke(LocatingElementHandler.java:38)
	at com.sun.proxy.$Proxy7.isDisplayed(Unknown Source)
	at org.openqa.selenium.support.ui.ExpectedConditions.elementIfVisible(ExpectedConditions.java:302)
	at org.openqa.selenium.support.ui.ExpectedConditions.access$1(ExpectedConditions.java:301)
	at org.openqa.selenium.support.ui.ExpectedConditions$10.apply(ExpectedConditions.java:288)
	at org.openqa.selenium.support.ui.ExpectedConditions$10.apply(ExpectedConditions.java:1)
	at org.openqa.selenium.support.ui.FluentWait.until(FluentWait.java:238)
	... 27 more
Caused by: org.openqa.selenium.NoSuchElementException: Unable to locate element: {&quot;method&quot;:&quot;id&quot;,&quot;selector&quot;:&quot;OfferStatus&quot;}
For documentation on this error, please visit: http://seleniumhq.org/exceptions/no_such_element.html
Build info: version: &apos;2.48.1&apos;, revision: &apos;d80083d&apos;, time: &apos;2015-10-08 21:11:00&apos;
System info: host: &apos;360pc011&apos;, ip: &apos;127.0.1.1&apos;, os.name: &apos;Linux&apos;, os.arch: &apos;amd64&apos;, os.version: &apos;4.2.0-27-generic&apos;, java.version: &apos;1.7.0_111&apos;
Driver info: driver.version: unknown
	at &lt;anonymous class&gt;.FirefoxDriver.prototype.findElementInternal_(file:///tmp/anonymous8107510455646267787webdriver-profile/extensions/fxdriver@googlecode.com/components/driver-component.js:10659)
	at &lt;anonymous class&gt;.FirefoxDriver.prototype.findElement(file:///tmp/anonymous8107510455646267787webdriver-profile/extensions/fxdriver@googlecode.com/components/driver-component.js:10668)
	at &lt;anonymous class&gt;.DelayedCommand.prototype.executeInternal_/h(file:///tmp/anonymous8107510455646267787webdriver-profile/extensions/fxdriver@googlecode.com/components/command-processor.js:12534)
	at &lt;anonymous class&gt;.DelayedCommand.prototype.executeInternal_(file:///tmp/anonymous8107510455646267787webdriver-profile/extensions/fxdriver@googlecode.com/components/command-processor.js:12539)
	at &lt;anonymous class&gt;.DelayedCommand.prototype.execute/&lt;(file:///tmp/anonymous8107510455646267787webdriver-profile/extensions/fxdriver@googlecode.com/components/command-processor.js:12481)
</pre></div></td>
<td>111</td>
<td>com.edureka.paymentProcess.MakePaymentWhenAnyTypeOfDiscountWithB1S2IsPresent@65642eab</td></tr>
<tr>
<td title='com.edureka.paymentProcess.MakePaymentWhenCreditPointsAvailableAndB1S2OfferIsPresent.test_018MakePaymentWhenB1S2OfferIsPresent_RP()'><b>test_018MakePaymentWhenB1S2OfferIsPresent_RP</b><br>Test class: com.edureka.paymentProcess.MakePaymentWhenCreditPointsAvailableAndB1S2OfferIsPresent<br/>
<a href="#Output-1132777503" onClick='toggleBox("Output-1132777503", this, "Show output", "Hide output");'>Show output</a>

<a href="#Output-1132777503" onClick="toggleAllBoxes();">Show all outputs</a>
<div class='log' id="Output-1132777503">
Navigate to the Edureka application url<br><br/>
Verify Edureka Dashboard Page<br><br/>
Click on SignIn Navigation header<br><br/>
Login Application through Admin credentials<br><br/>
<a href= 'file:///home/logica/Desktop/test_workspace/Edureka_Automation/screenshots/test_016MakePaymentWhenB1S2OfferIsPresent()_RP2017-02-02.jpg'target='_blank' ><img src='file:///home/logica/Desktop/test_workspace/Edureka_Automation/screenshots/test_016MakePaymentWhenB1S2OfferIsPresent()_RP2017-02-02.jpg' height="42" width="42" >test_016MakePaymentWhenB1S2OfferIsPresent()_RP2017-02-02</a><br/>
</div>
</td>
<td><div><pre>org.openqa.selenium.TimeoutException: Timed out after 60 seconds waiting for visibility of Proxy element for: org.openqa.selenium.support.pagefactory.DefaultElementLocator@58f4d8f8
Build info: version: &apos;2.48.1&apos;, revision: &apos;d80083d&apos;, time: &apos;2015-10-08 21:11:00&apos;
System info: host: &apos;360pc011&apos;, ip: &apos;127.0.1.1&apos;, os.name: &apos;Linux&apos;, os.arch: &apos;amd64&apos;, os.version: &apos;4.2.0-27-generic&apos;, java.version: &apos;1.7.0_111&apos;
Session ID: 5e9a5958-5af3-46db-88b3-9595a65f36d2
Driver info: org.openqa.selenium.firefox.FirefoxDriver
Capabilities [{platform=LINUX, acceptSslCerts=true, javascriptEnabled=true, cssSelectorsEnabled=true, databaseEnabled=true, browserName=firefox, handlesAlerts=true, nativeEvents=false, webStorageEnabled=true, rotatable=false, locationContextEnabled=true, applicationCacheEnabled=true, takesScreenshot=true, version=41.0.2}]
	at org.openqa.selenium.support.ui.WebDriverWait.timeoutException(WebDriverWait.java:80)
	at org.openqa.selenium.support.ui.FluentWait.until(FluentWait.java:261)
	at com.edureka.util.DriverHelper.waitForWebElementPresent(DriverHelper.java:624)
	at com.edureka.pages.AdminDashboard.activateTheOffer(AdminDashboard.java:219)
	at com.edureka.paymentProcess.MakePaymentWhenCreditPointsAvailableAndB1S2OfferIsPresent.test_018MakePaymentWhenB1S2OfferIsPresent_RP(MakePaymentWhenCreditPointsAvailableAndB1S2OfferIsPresent.java:68)
Caused by: org.openqa.selenium.NoSuchElementException: Unable to locate element: {&quot;method&quot;:&quot;id&quot;,&quot;selector&quot;:&quot;OfferStatus&quot;}
Command duration or timeout: 3 milliseconds
For documentation on this error, please visit: http://seleniumhq.org/exceptions/no_such_element.html
Build info: version: &apos;2.48.1&apos;, revision: &apos;d80083d&apos;, time: &apos;2015-10-08 21:11:00&apos;
System info: host: &apos;360pc011&apos;, ip: &apos;127.0.1.1&apos;, os.name: &apos;Linux&apos;, os.arch: &apos;amd64&apos;, os.version: &apos;4.2.0-27-generic&apos;, java.version: &apos;1.7.0_111&apos;
*** Element info: {Using=id, value=OfferStatus}
Session ID: 5e9a5958-5af3-46db-88b3-9595a65f36d2
Driver info: org.openqa.selenium.firefox.FirefoxDriver
Capabilities [{platform=LINUX, acceptSslCerts=true, javascriptEnabled=true, cssSelectorsEnabled=true, databaseEnabled=true, browserName=firefox, handlesAlerts=true, nativeEvents=false, webStorageEnabled=true, rotatable=false, locationContextEnabled=true, applicationCacheEnabled=true, takesScreenshot=true, version=41.0.2}]
	at org.openqa.selenium.remote.ErrorHandler.createThrowable(ErrorHandler.java:206)
	at org.openqa.selenium.remote.ErrorHandler.throwIfResponseFailed(ErrorHandler.java:158)
	at org.openqa.selenium.remote.RemoteWebDriver.execute(RemoteWebDriver.java:647)
	at org.openqa.selenium.remote.RemoteWebDriver.findElement(RemoteWebDriver.java:353)
	at org.openqa.selenium.remote.RemoteWebDriver.findElementById(RemoteWebDriver.java:403)
	at org.openqa.selenium.By$ById.findElement(By.java:218)
	at org.openqa.selenium.remote.RemoteWebDriver.findElement(RemoteWebDriver.java:345)
	at org.openqa.selenium.support.pagefactory.DefaultElementLocator.findElement(DefaultElementLocator.java:69)
	at org.openqa.selenium.support.pagefactory.internal.LocatingElementHandler.invoke(LocatingElementHandler.java:38)
	at com.sun.proxy.$Proxy7.isDisplayed(Unknown Source)
	at org.openqa.selenium.support.ui.ExpectedConditions.elementIfVisible(ExpectedConditions.java:302)
	at org.openqa.selenium.support.ui.ExpectedConditions.access$1(ExpectedConditions.java:301)
	at org.openqa.selenium.support.ui.ExpectedConditions$10.apply(ExpectedConditions.java:288)
	at org.openqa.selenium.support.ui.ExpectedConditions$10.apply(ExpectedConditions.java:1)
	at org.openqa.selenium.support.ui.FluentWait.until(FluentWait.java:238)
	... 27 more
Caused by: org.openqa.selenium.NoSuchElementException: Unable to locate element: {&quot;method&quot;:&quot;id&quot;,&quot;selector&quot;:&quot;OfferStatus&quot;}
For documentation on this error, please visit: http://seleniumhq.org/exceptions/no_such_element.html
Build info: version: &apos;2.48.1&apos;, revision: &apos;d80083d&apos;, time: &apos;2015-10-08 21:11:00&apos;
System info: host: &apos;360pc011&apos;, ip: &apos;127.0.1.1&apos;, os.name: &apos;Linux&apos;, os.arch: &apos;amd64&apos;, os.version: &apos;4.2.0-27-generic&apos;, java.version: &apos;1.7.0_111&apos;
Driver info: driver.version: unknown
	at &lt;anonymous class&gt;.FirefoxDriver.prototype.findElementInternal_(file:///tmp/anonymous7364508564828222126webdriver-profile/extensions/fxdriver@googlecode.com/components/driver-component.js:10659)
	at &lt;anonymous class&gt;.FirefoxDriver.prototype.findElement(file:///tmp/anonymous7364508564828222126webdriver-profile/extensions/fxdriver@googlecode.com/components/driver-component.js:10668)
	at &lt;anonymous class&gt;.DelayedCommand.prototype.executeInternal_/h(file:///tmp/anonymous7364508564828222126webdriver-profile/extensions/fxdriver@googlecode.com/components/command-processor.js:12534)
	at &lt;anonymous class&gt;.DelayedCommand.prototype.executeInternal_(file:///tmp/anonymous7364508564828222126webdriver-profile/extensions/fxdriver@googlecode.com/components/command-processor.js:12539)
	at &lt;anonymous class&gt;.DelayedCommand.prototype.execute/&lt;(file:///tmp/anonymous7364508564828222126webdriver-profile/extensions/fxdriver@googlecode.com/components/command-processor.js:12481)
... Removed 27 stack frames</pre></div><a href='#' onClick='toggleBox("stack-trace1132777503", this, "Click to show all stack frames", "Click to hide stack frames")'>Click to show all stack frames</a>
<div class='stack-trace' id='stack-trace1132777503'><pre>org.openqa.selenium.TimeoutException: Timed out after 60 seconds waiting for visibility of Proxy element for: org.openqa.selenium.support.pagefactory.DefaultElementLocator@58f4d8f8
Build info: version: &apos;2.48.1&apos;, revision: &apos;d80083d&apos;, time: &apos;2015-10-08 21:11:00&apos;
System info: host: &apos;360pc011&apos;, ip: &apos;127.0.1.1&apos;, os.name: &apos;Linux&apos;, os.arch: &apos;amd64&apos;, os.version: &apos;4.2.0-27-generic&apos;, java.version: &apos;1.7.0_111&apos;
Session ID: 5e9a5958-5af3-46db-88b3-9595a65f36d2
Driver info: org.openqa.selenium.firefox.FirefoxDriver
Capabilities [{platform=LINUX, acceptSslCerts=true, javascriptEnabled=true, cssSelectorsEnabled=true, databaseEnabled=true, browserName=firefox, handlesAlerts=true, nativeEvents=false, webStorageEnabled=true, rotatable=false, locationContextEnabled=true, applicationCacheEnabled=true, takesScreenshot=true, version=41.0.2}]
	at org.openqa.selenium.support.ui.WebDriverWait.timeoutException(WebDriverWait.java:80)
	at org.openqa.selenium.support.ui.FluentWait.until(FluentWait.java:261)
	at com.edureka.util.DriverHelper.waitForWebElementPresent(DriverHelper.java:624)
	at com.edureka.pages.AdminDashboard.activateTheOffer(AdminDashboard.java:219)
	at com.edureka.paymentProcess.MakePaymentWhenCreditPointsAvailableAndB1S2OfferIsPresent.test_018MakePaymentWhenB1S2OfferIsPresent_RP(MakePaymentWhenCreditPointsAvailableAndB1S2OfferIsPresent.java:68)
	at sun.reflect.NativeMethodAccessorImpl.invoke0(Native Method)
	at sun.reflect.NativeMethodAccessorImpl.invoke(NativeMethodAccessorImpl.java:57)
	at sun.reflect.DelegatingMethodAccessorImpl.invoke(DelegatingMethodAccessorImpl.java:43)
	at java.lang.reflect.Method.invoke(Method.java:606)
	at org.testng.internal.MethodInvocationHelper.invokeMethod(MethodInvocationHelper.java:85)
	at org.testng.internal.Invoker.invokeMethod(Invoker.java:639)
	at org.testng.internal.Invoker.invokeTestMethod(Invoker.java:821)
	at org.testng.internal.Invoker.invokeTestMethods(Invoker.java:1131)
	at org.testng.internal.TestMethodWorker.invokeTestMethods(TestMethodWorker.java:124)
	at org.testng.internal.TestMethodWorker.run(TestMethodWorker.java:108)
	at org.testng.TestRunner.privateRun(TestRunner.java:773)
	at org.testng.TestRunner.run(TestRunner.java:623)
	at org.testng.SuiteRunner.runTest(SuiteRunner.java:357)
	at org.testng.SuiteRunner.runSequentially(SuiteRunner.java:352)
	at org.testng.SuiteRunner.privateRun(SuiteRunner.java:310)
	at org.testng.SuiteRunner.run(SuiteRunner.java:259)
	at org.testng.SuiteRunnerWorker.runSuite(SuiteRunnerWorker.java:52)
	at org.testng.SuiteRunnerWorker.run(SuiteRunnerWorker.java:86)
	at org.testng.TestNG.runSuitesSequentially(TestNG.java:1185)
	at org.testng.TestNG.runSuitesLocally(TestNG.java:1110)
	at org.testng.TestNG.run(TestNG.java:1018)
	at org.testng.remote.AbstractRemoteTestNG.run(AbstractRemoteTestNG.java:126)
	at org.testng.remote.RemoteTestNG.initAndRun(RemoteTestNG.java:152)
	at org.testng.remote.RemoteTestNG.main(RemoteTestNG.java:57)
Caused by: org.openqa.selenium.NoSuchElementException: Unable to locate element: {&quot;method&quot;:&quot;id&quot;,&quot;selector&quot;:&quot;OfferStatus&quot;}
Command duration or timeout: 3 milliseconds
For documentation on this error, please visit: http://seleniumhq.org/exceptions/no_such_element.html
Build info: version: &apos;2.48.1&apos;, revision: &apos;d80083d&apos;, time: &apos;2015-10-08 21:11:00&apos;
System info: host: &apos;360pc011&apos;, ip: &apos;127.0.1.1&apos;, os.name: &apos;Linux&apos;, os.arch: &apos;amd64&apos;, os.version: &apos;4.2.0-27-generic&apos;, java.version: &apos;1.7.0_111&apos;
*** Element info: {Using=id, value=OfferStatus}
Session ID: 5e9a5958-5af3-46db-88b3-9595a65f36d2
Driver info: org.openqa.selenium.firefox.FirefoxDriver
Capabilities [{platform=LINUX, acceptSslCerts=true, javascriptEnabled=true, cssSelectorsEnabled=true, databaseEnabled=true, browserName=firefox, handlesAlerts=true, nativeEvents=false, webStorageEnabled=true, rotatable=false, locationContextEnabled=true, applicationCacheEnabled=true, takesScreenshot=true, version=41.0.2}]
	at sun.reflect.GeneratedConstructorAccessor21.newInstance(Unknown Source)
	at sun.reflect.DelegatingConstructorAccessorImpl.newInstance(DelegatingConstructorAccessorImpl.java:45)
	at java.lang.reflect.Constructor.newInstance(Constructor.java:526)
	at org.openqa.selenium.remote.ErrorHandler.createThrowable(ErrorHandler.java:206)
	at org.openqa.selenium.remote.ErrorHandler.throwIfResponseFailed(ErrorHandler.java:158)
	at org.openqa.selenium.remote.RemoteWebDriver.execute(RemoteWebDriver.java:647)
	at org.openqa.selenium.remote.RemoteWebDriver.findElement(RemoteWebDriver.java:353)
	at org.openqa.selenium.remote.RemoteWebDriver.findElementById(RemoteWebDriver.java:403)
	at org.openqa.selenium.By$ById.findElement(By.java:218)
	at org.openqa.selenium.remote.RemoteWebDriver.findElement(RemoteWebDriver.java:345)
	at org.openqa.selenium.support.pagefactory.DefaultElementLocator.findElement(DefaultElementLocator.java:69)
	at org.openqa.selenium.support.pagefactory.internal.LocatingElementHandler.invoke(LocatingElementHandler.java:38)
	at com.sun.proxy.$Proxy7.isDisplayed(Unknown Source)
	at org.openqa.selenium.support.ui.ExpectedConditions.elementIfVisible(ExpectedConditions.java:302)
	at org.openqa.selenium.support.ui.ExpectedConditions.access$1(ExpectedConditions.java:301)
	at org.openqa.selenium.support.ui.ExpectedConditions$10.apply(ExpectedConditions.java:288)
	at org.openqa.selenium.support.ui.ExpectedConditions$10.apply(ExpectedConditions.java:1)
	at org.openqa.selenium.support.ui.FluentWait.until(FluentWait.java:238)
	... 27 more
Caused by: org.openqa.selenium.NoSuchElementException: Unable to locate element: {&quot;method&quot;:&quot;id&quot;,&quot;selector&quot;:&quot;OfferStatus&quot;}
For documentation on this error, please visit: http://seleniumhq.org/exceptions/no_such_element.html
Build info: version: &apos;2.48.1&apos;, revision: &apos;d80083d&apos;, time: &apos;2015-10-08 21:11:00&apos;
System info: host: &apos;360pc011&apos;, ip: &apos;127.0.1.1&apos;, os.name: &apos;Linux&apos;, os.arch: &apos;amd64&apos;, os.version: &apos;4.2.0-27-generic&apos;, java.version: &apos;1.7.0_111&apos;
Driver info: driver.version: unknown
	at &lt;anonymous class&gt;.FirefoxDriver.prototype.findElementInternal_(file:///tmp/anonymous7364508564828222126webdriver-profile/extensions/fxdriver@googlecode.com/components/driver-component.js:10659)
	at &lt;anonymous class&gt;.FirefoxDriver.prototype.findElement(file:///tmp/anonymous7364508564828222126webdriver-profile/extensions/fxdriver@googlecode.com/components/driver-component.js:10668)
	at &lt;anonymous class&gt;.DelayedCommand.prototype.executeInternal_/h(file:///tmp/anonymous7364508564828222126webdriver-profile/extensions/fxdriver@googlecode.com/components/command-processor.js:12534)
	at &lt;anonymous class&gt;.DelayedCommand.prototype.executeInternal_(file:///tmp/anonymous7364508564828222126webdriver-profile/extensions/fxdriver@googlecode.com/components/command-processor.js:12539)
	at &lt;anonymous class&gt;.DelayedCommand.prototype.execute/&lt;(file:///tmp/anonymous7364508564828222126webdriver-profile/extensions/fxdriver@googlecode.com/components/command-processor.js:12481)
</pre></div></td>
<td>112</td>
<td>com.edureka.paymentProcess.MakePaymentWhenCreditPointsAvailableAndB1S2OfferIsPresent@a201419</td></tr>
<tr>
<td title='com.edureka.paymentProcess.MakePaymentWhenB1S2OfferAndCourseOtherThanIwillChooseLater.test_021MakePaymentWhenB1S2OfferAndCourseOtherThanIwillChooseLater_CCAvenue()'><b>test_021MakePaymentWhenB1S2OfferAndCourseOtherThanIwillChooseLater_CCAvenue</b><br>Test class: com.edureka.paymentProcess.MakePaymentWhenB1S2OfferAndCourseOtherThanIwillChooseLater<br/>
<a href="#Output-1008110444" onClick='toggleBox("Output-1008110444", this, "Show output", "Hide output");'>Show output</a>

<a href="#Output-1008110444" onClick="toggleAllBoxes();">Show all outputs</a>
<div class='log' id="Output-1008110444">
Navigate to the Edureka application url<br><br/>
Verify Edureka Dashboard Page<br><br/>
Click on SignIn Navigation header<br><br/>
Login Application through Admin credentials<br><br/>
Navigate to the Edureka application url<br><br/>
Click on SignIn Navigation header<br><br/>
Verify Login is selected as default<br><br/>
click on Sign up link<br><br/>
Sign up user<br><br/>
Verify User Home Page<br><br/>
Select Course <br><br/>
Select CourseBig Data Hadoop<br><br/>
Verify Selected course should be open<br><br/>
Click on Enroll Button<br><br/>
Verify Order Summary Page<br><br/>
Select currecntINR from currnecy table<br><br/>
Click on Razor pay securely button<br><br/>
<a href= 'file:///home/logica/Desktop/test_workspace/Edureka_Automation/screenshots/test_021MakePaymentWhenB1S2OfferAndCourseOtherThanIwillChooseLater2017-02-02.jpg'target='_blank' ><img src='file:///home/logica/Desktop/test_workspace/Edureka_Automation/screenshots/test_021MakePaymentWhenB1S2OfferAndCourseOtherThanIwillChooseLater2017-02-02.jpg' height="42" width="42" >test_021MakePaymentWhenB1S2OfferAndCourseOtherThanIwillChooseLater2017-02-02</a><br/>
</div>
</td>
<td><div><pre>java.lang.AssertionError: expected [true] but found [false]
	at com.edureka.pages.RazorPayPage.verifyCCAvenuePage(RazorPayPage.java:132)
	at com.edureka.paymentProcess.MakePaymentWhenB1S2OfferAndCourseOtherThanIwillChooseLater.test_021MakePaymentWhenB1S2OfferAndCourseOtherThanIwillChooseLater_CCAvenue(MakePaymentWhenB1S2OfferAndCourseOtherThanIwillChooseLater.java:640)
... Removed 28 stack frames</pre></div><a href='#' onClick='toggleBox("stack-trace1008110444", this, "Click to show all stack frames", "Click to hide stack frames")'>Click to show all stack frames</a>
<div class='stack-trace' id='stack-trace1008110444'><pre>java.lang.AssertionError: expected [true] but found [false]
	at org.testng.Assert.fail(Assert.java:94)
	at org.testng.Assert.failNotEquals(Assert.java:496)
	at org.testng.Assert.assertTrue(Assert.java:42)
	at org.testng.Assert.assertTrue(Assert.java:52)
	at com.edureka.pages.RazorPayPage.verifyCCAvenuePage(RazorPayPage.java:132)
	at com.edureka.paymentProcess.MakePaymentWhenB1S2OfferAndCourseOtherThanIwillChooseLater.test_021MakePaymentWhenB1S2OfferAndCourseOtherThanIwillChooseLater_CCAvenue(MakePaymentWhenB1S2OfferAndCourseOtherThanIwillChooseLater.java:640)
	at sun.reflect.NativeMethodAccessorImpl.invoke0(Native Method)
	at sun.reflect.NativeMethodAccessorImpl.invoke(NativeMethodAccessorImpl.java:57)
	at sun.reflect.DelegatingMethodAccessorImpl.invoke(DelegatingMethodAccessorImpl.java:43)
	at java.lang.reflect.Method.invoke(Method.java:606)
	at org.testng.internal.MethodInvocationHelper.invokeMethod(MethodInvocationHelper.java:85)
	at org.testng.internal.Invoker.invokeMethod(Invoker.java:639)
	at org.testng.internal.Invoker.invokeTestMethod(Invoker.java:821)
	at org.testng.internal.Invoker.invokeTestMethods(Invoker.java:1131)
	at org.testng.internal.TestMethodWorker.invokeTestMethods(TestMethodWorker.java:124)
	at org.testng.internal.TestMethodWorker.run(TestMethodWorker.java:108)
	at org.testng.TestRunner.privateRun(TestRunner.java:773)
	at org.testng.TestRunner.run(TestRunner.java:623)
	at org.testng.SuiteRunner.runTest(SuiteRunner.java:357)
	at org.testng.SuiteRunner.runSequentially(SuiteRunner.java:352)
	at org.testng.SuiteRunner.privateRun(SuiteRunner.java:310)
	at org.testng.SuiteRunner.run(SuiteRunner.java:259)
	at org.testng.SuiteRunnerWorker.runSuite(SuiteRunnerWorker.java:52)
	at org.testng.SuiteRunnerWorker.run(SuiteRunnerWorker.java:86)
	at org.testng.TestNG.runSuitesSequentially(TestNG.java:1185)
	at org.testng.TestNG.runSuitesLocally(TestNG.java:1110)
	at org.testng.TestNG.run(TestNG.java:1018)
	at org.testng.remote.AbstractRemoteTestNG.run(AbstractRemoteTestNG.java:126)
	at org.testng.remote.RemoteTestNG.initAndRun(RemoteTestNG.java:152)
	at org.testng.remote.RemoteTestNG.main(RemoteTestNG.java:57)
</pre></div></td>
<td>120</td>
<td>com.edureka.paymentProcess.MakePaymentWhenB1S2OfferAndCourseOtherThanIwillChooseLater@40077a80</td></tr>
</table><p>
<table width='100%' border='1' class='invocation-passed'>
<tr><td colspan='4' align='center'><b>PASSED TESTS</b></td></tr>
<tr><td><b>Test method</b></td>
<td width="30%"><b>Exception</b></td>
<td width="10%"><b>Time (seconds)</b></td>
<td><b>Instance</b></td>
</tr>
<tr>
<td title='com.edureka.paymentProcess.BatchTableValidationOnChangeOfTimeZone_Currency.test_001BatchTableValidationOnChangeOfTimeZone_Currency()'><b>test_001BatchTableValidationOnChangeOfTimeZone_Currency</b><br>Test class: com.edureka.paymentProcess.BatchTableValidationOnChangeOfTimeZone_Currency<br/>
<a href="#Output-2027675021" onClick='toggleBox("Output-2027675021", this, "Show output", "Hide output");'>Show output</a>

<a href="#Output-2027675021" onClick="toggleAllBoxes();">Show all outputs</a>
<div class='log' id="Output-2027675021">
Navigate to the Edureka application url<br><br/>
Verify Edureka Dashboard Page<br><br/>
Click on SignIn Navigation header<br><br/>
Verify LogIn Is Default<br><br/>
click on Sign up link<br><br/>
Sign up user<br><br/>
Verify User Home Page<br><br/>
Select Course<br><br/>
Select INR currency<br><br/>
Click on Enroll Button<br><br/>
Verify Order Summary Page<br><br/>
Verify Timezone<br><br/>
Verify Payment modes<br><br/>
Verify INR Currency Inclusive Of Service Tax<br><br/>
Verify Data in User table<br><br/>
Verify Data in Pre-Order table<br><br/>
Verify Data in User Course Table<br><br/>
Change Country from country dropdown<br><br/>
Verify Order Summary Page<br><br/>
Verify Data in Pre-Order table for US dollor<br><br/>
</div>
</td>
<td></td>
<td>64</td>
<td>com.edureka.paymentProcess.BatchTableValidationOnChangeOfTimeZone_Currency@70fa8cbc</td></tr>
<tr>
<td title='com.edureka.paymentProcess.PriceCalculationInBatchTable.test_002PriceCalculationInBatchTable()'><b>test_002PriceCalculationInBatchTable</b><br>Test class: com.edureka.paymentProcess.PriceCalculationInBatchTable<br/>
<a href="#Output-1416684276" onClick='toggleBox("Output-1416684276", this, "Show output", "Hide output");'>Show output</a>

<a href="#Output-1416684276" onClick="toggleAllBoxes();">Show all outputs</a>
<div class='log' id="Output-1416684276">
Navigate to the Edureka application url<br><br/>
Verify Edureka Dashboard Page<br><br/>
Click on SignIn Navigation header<br><br/>
Verify LogIn Is Default<br><br/>
click on Sign up link<br><br/>
Sign up user<br><br/>
Verify User Home Page<br><br/>
Select Course<br><br/>
Verify Selected course should be open.<br><br/>
Select INR currency<br><br/>
Click on Enroll Button<br><br/>
Verify Order Summary Page<br><br/>
Verify Timezone<br><br/>
Verify Payment modes<br><br/>
Verify INR Currency Inclusive Of Service Tax<br><br/>
Verify Data in User table<br><br/>
Verify Data in Pre-Order table<br><br/>
Verify Data in User Course Table<br><br/>
Change Country from country dropdown<br><br/>
Verify Order Summary Page<br><br/>
Verify Total Price for Australian dollor<br><br/>
</div>
</td>
<td></td>
<td>72</td>
<td>com.edureka.paymentProcess.PriceCalculationInBatchTable@5e517550</td></tr>
<tr>
<td title='com.edureka.paymentProcess.CalculateAndValidatePricesOnChangeOfCurrency.test_003CalculateAndValidatePricesOnChange()'><b>test_003CalculateAndValidatePricesOnChange</b><br>Test class: com.edureka.paymentProcess.CalculateAndValidatePricesOnChangeOfCurrency<br/>
<a href="#Output-1626229192" onClick='toggleBox("Output-1626229192", this, "Show output", "Hide output");'>Show output</a>

<a href="#Output-1626229192" onClick="toggleAllBoxes();">Show all outputs</a>
<div class='log' id="Output-1626229192">
Navigate to the Edureka application url<br><br/>
Verify Edureka Dashboard Page<br><br/>
Click on SignIn Navigation header<br><br/>
Verify LogIn Is Default<br><br/>
click on Sign up link<br><br/>
Sign up user<br><br/>
Verify User Home Page<br><br/>
Select Course<br><br/>
Verify Selected course should be open.<br><br/>
Select INR currency<br><br/>
Click on Enroll Button<br><br/>
Verify Order Summary Page<br><br/>
Verify Timezone<br><br/>
Verify Payment modes<br><br/>
Verify INR Currency Inclusive Of Service Tax<br><br/>
Verify Data in User table<br><br/>
Verify Data in Pre-Order table<br><br/>
Verify Data in User Course Table<br><br/>
Change currency from currency dropdown<br><br/>
Verify Order Summary Page<br><br/>
Verify total Amount for INR is equal to Net price + Service Tax<br><br/>
Verify Data in Pre-Order table for USD<br><br/>
</div>
</td>
<td></td>
<td>62</td>
<td>com.edureka.paymentProcess.CalculateAndValidatePricesOnChangeOfCurrency@512dc496</td></tr>
<tr>
<td title='com.edureka.paymentProcess.MakePaymentThroughRazorPay.test_006MakePaymentThroughRazorPay()'><b>test_006MakePaymentThroughRazorPay</b><br>Test class: com.edureka.paymentProcess.MakePaymentThroughRazorPay<br/>
<a href="#Output-1176199161" onClick='toggleBox("Output-1176199161", this, "Show output", "Hide output");'>Show output</a>

<a href="#Output-1176199161" onClick="toggleAllBoxes();">Show all outputs</a>
<div class='log' id="Output-1176199161">
Navigate to the Edureka application url<br><br/>
Verify Edureka Dashboard Page<br><br/>
Click on SignIn Navigation header<br><br/>
Login Application through Admin credentials<br><br/>
Navigate to the Edureka application url<br><br/>
Verify Edureka Dashboard Page<br><br/>
Click on SignIn Navigation header<br><br/>
Verify LogIn Is Default<br><br/>
click on Sign up link<br><br/>
Sign up user<br><br/>
Verify User Home Page<br><br/>
Select CourseBig Data Hadoop<br><br/>
Verify Selected course should be open<br><br/>
Click on Enroll Button<br><br/>
Verify Order Summary Page<br><br/>
Select currecntINR from currnecy table<br><br/>
Verify Order Summary Page<br><br/>
Click on Razor pay securely button<br><br/>
Verify Razor page<br><br/>
Click on Net Banking tab<br><br/>
Select BankSBI from bank table <br><br/>
Click on pay button<br><br/>
Get Parent Window ID<br><br/>
Switch Child Window and Click on Succss button<br><br/>
Switch to Parent Window and verify my Profile page<br><br/>
Verify payment success message 'Thank you for making payment !'<br><br/>
Verify Data in Pre-Order table<br><br/>
Verify Data in User table<br><br/>
Verify Data in User Course Table<br><br/>
Database verification in Post order table<br><br/>
Verify Go to course and LMS Page<br><br/>
</div>
</td>
<td></td>
<td>149</td>
<td>com.edureka.paymentProcess.MakePaymentThroughRazorPay@5629fbc9</td></tr>
<tr>
<td title='com.edureka.paymentProcess.ValidateAllElementsPresentOnOrderSummaryPage.test_008ValidateAllElementsPresentOnOrderSummaryPage()'><b>test_008ValidateAllElementsPresentOnOrderSummaryPage</b><br>Test class: com.edureka.paymentProcess.ValidateAllElementsPresentOnOrderSummaryPage<br/>
<a href="#Output-1457363756" onClick='toggleBox("Output-1457363756", this, "Show output", "Hide output");'>Show output</a>

<a href="#Output-1457363756" onClick="toggleAllBoxes();">Show all outputs</a>
<div class='log' id="Output-1457363756">
Navigate to the Edureka application url<br><br/>
Verify Edureka Dashboard Page<br><br/>
Click on SignIn Navigation header<br><br/>
Verify LogIn Is Default<br><br/>
click on Sign up link<br><br/>
Sign up user<br><br/>
Verify User Home Page<br><br/>
Select CourseBig Data Hadoop<br><br/>
Verify Selected course should be open<br><br/>
Click on Enroll Button<br><br/>
Verify Order Summary Page<br><br/>
Select currecntINR from currnecy table<br><br/>
Verify Data in Pre-Order table<br><br/>
Change Country from country dropdown<br><br/>
Verify Order Summary Page<br><br/>
Select currecntAUD from currnecy table<br><br/>
verify Total amount<br><br/>
</div>
</td>
<td></td>
<td>58</td>
<td>com.edureka.paymentProcess.ValidateAllElementsPresentOnOrderSummaryPage@68376bcc</td></tr>
<tr>
<td title='com.edureka.paymentProcess.ValidateBatchesDetailsLiveInstructorLedCourses.test_009ValidateBatchesDetailsLiveInstructorLedCourses()'><b>test_009ValidateBatchesDetailsLiveInstructorLedCourses</b><br>Test class: com.edureka.paymentProcess.ValidateBatchesDetailsLiveInstructorLedCourses<br/>
<a href="#Output-931931099" onClick='toggleBox("Output-931931099", this, "Show output", "Hide output");'>Show output</a>

<a href="#Output-931931099" onClick="toggleAllBoxes();">Show all outputs</a>
<div class='log' id="Output-931931099">
Navigate to the Edureka application url<br><br/>
Verify Edureka Dashboard Page<br><br/>
Click on SignIn Navigation header<br><br/>
Verify LogIn Is Default<br><br/>
click on Sign up link<br><br/>
Sign up user<br><br/>
Verify User Home Page<br><br/>
Click on Course Tab<br><br/>
Select CourseApache Spark<br><br/>
Verify Selected course should be open<br><br/>
Change Country as : India<br><br/>
Verify Course price,batch order and batch details<br><br/>
Verify Online classroom and time zone<br><br/>
Verify no of live batches and enrollment<br><br/>
Change Country as : CST<br><br/>
Verify Course price,Currency,batch order and batch details<br><br/>
Verify Online classroom and time zone<br><br/>
Verify no of live batches and enrollment<br><br/>
Change Country as : US (MST)<br><br/>
Verify Course price,Currency,batch order and batch details<br><br/>
Verify Online classroom and time zone<br><br/>
Verify no of live batches and enrollment<br><br/>
Change Country as : US (PST)<br><br/>
Verify Course price,Currency,batch order and batch details<br><br/>
Verify Online classroom and time zone<br><br/>
Verify no of live batches and enrollment<br><br/>
Change Country as : Singapore<br><br/>
Verify Course price,Currency,batch order and batch details<br><br/>
Verify Online classroom and time zone<br><br/>
Verify no of live batches and enrollment<br><br/>
Change Country as : Canada<br><br/>
Verify Course price,Currency,batch order and batch details<br><br/>
Verify Online classroom and time zone<br><br/>
Verify no of live batches and enrollment<br><br/>
Change Country as : Australia<br><br/>
Verify Course price,Currency,batch order and batch details<br><br/>
Verify Online classroom and time zone<br><br/>
Verify no of live batches and enrollment<br><br/>
Change Country as : India<br><br/>
Verify Course price,batch order and batch details<br><br/>
Verify Online classroom and time zone<br><br/>
Verify no of live batches and enrollment<br><br/>
Change Country as : CST<br><br/>
Verify Course price,Currency,batch order and batch details<br><br/>
Verify Online classroom and time zone<br><br/>
Verify no of live batches and enrollment<br><br/>
Change Country as : US (MST)<br><br/>
Verify Course price,Currency,batch order and batch details<br><br/>
Verify Online classroom and time zone<br><br/>
Verify no of live batches and enrollment<br><br/>
Change Country as : US (PST)<br><br/>
Verify Course price,Currency,batch order and batch details<br><br/>
Verify Online classroom and time zone<br><br/>
Verify no of live batches and enrollment<br><br/>
Change Country as : Singapore<br><br/>
Verify Course price,Currency,batch order and batch details<br><br/>
Verify Online classroom and time zone<br><br/>
Verify no of live batches and enrollment<br><br/>
Change Country as : Canada<br><br/>
Verify Course price,Currency,batch order and batch details<br><br/>
Verify Online classroom and time zone<br><br/>
Verify no of live batches and enrollment<br><br/>
Change Country as : Canada<br><br/>
Verify Course price,Currency,batch order and batch details<br><br/>
Verify Online classroom and time zone<br><br/>
Verify no of live batches and enrollment<br><br/>
</div>
</td>
<td></td>
<td>174</td>
<td>com.edureka.paymentProcess.ValidateBatchesDetailsLiveInstructorLedCourses@14d60d2b</td></tr>
<tr>
<td title='com.edureka.paymentProcess.MakePaymentThroughRazorPay.test_023VerifyDataAfterPostPayment()'><b>test_023VerifyDataAfterPostPayment</b><br>Test class: com.edureka.paymentProcess.MakePaymentThroughRazorPay</td>
<td></td>
<td>0</td>
<td>com.edureka.paymentProcess.MakePaymentThroughRazorPay@5629fbc9</td></tr>
</table><p>
<table width='100%' border='1' class='invocation-skipped'>
<tr><td colspan='4' align='center'><b>SKIPPED TESTS</b></td></tr>
<tr><td><b>Test method</b></td>
<td width="30%"><b>Exception</b></td>
<td width="10%"><b>Time (seconds)</b></td>
<td><b>Instance</b></td>
</tr>
<tr>
<td title='com.edureka.paymentProcess.MakePaymentWhenNoneOfOfferPresent.test_013MakePaymentWhenNoDiscountNoB1S2__Paypal()'><b>test_013MakePaymentWhenNoDiscountNoB1S2__Paypal</b><br>Test class: com.edureka.paymentProcess.MakePaymentWhenNoneOfOfferPresent</td>
<td><div><pre>java.lang.Throwable: Method MakePaymentWhenNoneOfOfferPresent.test_013MakePaymentWhenNoDiscountNoB1S2__Paypal()[pri:0, instance:com.edureka.paymentProcess.MakePaymentWhenNoneOfOfferPresent@35ed0790] depends on not successfully finished methods
... Removed 17 stack frames</pre></div><a href='#' onClick='toggleBox("stack-trace1818034293", this, "Click to show all stack frames", "Click to hide stack frames")'>Click to show all stack frames</a>
<div class='stack-trace' id='stack-trace1818034293'><pre>java.lang.Throwable: Method MakePaymentWhenNoneOfOfferPresent.test_013MakePaymentWhenNoDiscountNoB1S2__Paypal()[pri:0, instance:com.edureka.paymentProcess.MakePaymentWhenNoneOfOfferPresent@35ed0790] depends on not successfully finished methods
	at org.testng.internal.Invoker.invokeTestMethods(Invoker.java:1040)
	at org.testng.internal.TestMethodWorker.invokeTestMethods(TestMethodWorker.java:124)
	at org.testng.internal.TestMethodWorker.run(TestMethodWorker.java:108)
	at org.testng.TestRunner.privateRun(TestRunner.java:773)
	at org.testng.TestRunner.run(TestRunner.java:623)
	at org.testng.SuiteRunner.runTest(SuiteRunner.java:357)
	at org.testng.SuiteRunner.runSequentially(SuiteRunner.java:352)
	at org.testng.SuiteRunner.privateRun(SuiteRunner.java:310)
	at org.testng.SuiteRunner.run(SuiteRunner.java:259)
	at org.testng.SuiteRunnerWorker.runSuite(SuiteRunnerWorker.java:52)
	at org.testng.SuiteRunnerWorker.run(SuiteRunnerWorker.java:86)
	at org.testng.TestNG.runSuitesSequentially(TestNG.java:1185)
	at org.testng.TestNG.runSuitesLocally(TestNG.java:1110)
	at org.testng.TestNG.run(TestNG.java:1018)
	at org.testng.remote.AbstractRemoteTestNG.run(AbstractRemoteTestNG.java:126)
	at org.testng.remote.RemoteTestNG.initAndRun(RemoteTestNG.java:152)
	at org.testng.remote.RemoteTestNG.main(RemoteTestNG.java:57)
</pre></div></td>
<td>0</td>
<td>null</td></tr>
<tr>
<td title='com.edureka.paymentProcess.MakePaymentWhenNoneOfOfferPresent.test_013MakePaymentWhenNoDiscountNoB1S2__RP()'><b>test_013MakePaymentWhenNoDiscountNoB1S2__RP</b><br>Test class: com.edureka.paymentProcess.MakePaymentWhenNoneOfOfferPresent</td>
<td><div><pre>java.lang.Throwable: Method MakePaymentWhenNoneOfOfferPresent.test_013MakePaymentWhenNoDiscountNoB1S2__RP()[pri:0, instance:com.edureka.paymentProcess.MakePaymentWhenNoneOfOfferPresent@35ed0790] depends on not successfully finished methods
... Removed 17 stack frames</pre></div><a href='#' onClick='toggleBox("stack-trace1438051734", this, "Click to show all stack frames", "Click to hide stack frames")'>Click to show all stack frames</a>
<div class='stack-trace' id='stack-trace1438051734'><pre>java.lang.Throwable: Method MakePaymentWhenNoneOfOfferPresent.test_013MakePaymentWhenNoDiscountNoB1S2__RP()[pri:0, instance:com.edureka.paymentProcess.MakePaymentWhenNoneOfOfferPresent@35ed0790] depends on not successfully finished methods
	at org.testng.internal.Invoker.invokeTestMethods(Invoker.java:1040)
	at org.testng.internal.TestMethodWorker.invokeTestMethods(TestMethodWorker.java:124)
	at org.testng.internal.TestMethodWorker.run(TestMethodWorker.java:108)
	at org.testng.TestRunner.privateRun(TestRunner.java:773)
	at org.testng.TestRunner.run(TestRunner.java:623)
	at org.testng.SuiteRunner.runTest(SuiteRunner.java:357)
	at org.testng.SuiteRunner.runSequentially(SuiteRunner.java:352)
	at org.testng.SuiteRunner.privateRun(SuiteRunner.java:310)
	at org.testng.SuiteRunner.run(SuiteRunner.java:259)
	at org.testng.SuiteRunnerWorker.runSuite(SuiteRunnerWorker.java:52)
	at org.testng.SuiteRunnerWorker.run(SuiteRunnerWorker.java:86)
	at org.testng.TestNG.runSuitesSequentially(TestNG.java:1185)
	at org.testng.TestNG.runSuitesLocally(TestNG.java:1110)
	at org.testng.TestNG.run(TestNG.java:1018)
	at org.testng.remote.AbstractRemoteTestNG.run(AbstractRemoteTestNG.java:126)
	at org.testng.remote.RemoteTestNG.initAndRun(RemoteTestNG.java:152)
	at org.testng.remote.RemoteTestNG.main(RemoteTestNG.java:57)
</pre></div></td>
<td>0</td>
<td>null</td></tr>
<tr>
<td title='com.edureka.paymentProcess.MakePaymentWhenAnyTypeOfDiscountNotB1S2.test_014MakePaymentWhenAnyTypeOfDiscountNotB1S2_Paypal()'><b>test_014MakePaymentWhenAnyTypeOfDiscountNotB1S2_Paypal</b><br>Test class: com.edureka.paymentProcess.MakePaymentWhenAnyTypeOfDiscountNotB1S2</td>
<td><div><pre>java.lang.Throwable: Method MakePaymentWhenAnyTypeOfDiscountNotB1S2.test_014MakePaymentWhenAnyTypeOfDiscountNotB1S2_Paypal()[pri:0, instance:com.edureka.paymentProcess.MakePaymentWhenAnyTypeOfDiscountNotB1S2@5c8b9a98] depends on not successfully finished methods
... Removed 17 stack frames</pre></div><a href='#' onClick='toggleBox("stack-trace1123443076", this, "Click to show all stack frames", "Click to hide stack frames")'>Click to show all stack frames</a>
<div class='stack-trace' id='stack-trace1123443076'><pre>java.lang.Throwable: Method MakePaymentWhenAnyTypeOfDiscountNotB1S2.test_014MakePaymentWhenAnyTypeOfDiscountNotB1S2_Paypal()[pri:0, instance:com.edureka.paymentProcess.MakePaymentWhenAnyTypeOfDiscountNotB1S2@5c8b9a98] depends on not successfully finished methods
	at org.testng.internal.Invoker.invokeTestMethods(Invoker.java:1040)
	at org.testng.internal.TestMethodWorker.invokeTestMethods(TestMethodWorker.java:124)
	at org.testng.internal.TestMethodWorker.run(TestMethodWorker.java:108)
	at org.testng.TestRunner.privateRun(TestRunner.java:773)
	at org.testng.TestRunner.run(TestRunner.java:623)
	at org.testng.SuiteRunner.runTest(SuiteRunner.java:357)
	at org.testng.SuiteRunner.runSequentially(SuiteRunner.java:352)
	at org.testng.SuiteRunner.privateRun(SuiteRunner.java:310)
	at org.testng.SuiteRunner.run(SuiteRunner.java:259)
	at org.testng.SuiteRunnerWorker.runSuite(SuiteRunnerWorker.java:52)
	at org.testng.SuiteRunnerWorker.run(SuiteRunnerWorker.java:86)
	at org.testng.TestNG.runSuitesSequentially(TestNG.java:1185)
	at org.testng.TestNG.runSuitesLocally(TestNG.java:1110)
	at org.testng.TestNG.run(TestNG.java:1018)
	at org.testng.remote.AbstractRemoteTestNG.run(AbstractRemoteTestNG.java:126)
	at org.testng.remote.RemoteTestNG.initAndRun(RemoteTestNG.java:152)
	at org.testng.remote.RemoteTestNG.main(RemoteTestNG.java:57)
</pre></div></td>
<td>0</td>
<td>null</td></tr>
<tr>
<td title='com.edureka.paymentProcess.MakePaymentWhenAnyTypeOfDiscountNotB1S2.test_014MakePaymentWhenAnyTypeOfDiscountNotB1S2_RP()'><b>test_014MakePaymentWhenAnyTypeOfDiscountNotB1S2_RP</b><br>Test class: com.edureka.paymentProcess.MakePaymentWhenAnyTypeOfDiscountNotB1S2</td>
<td><div><pre>java.lang.Throwable: Method MakePaymentWhenAnyTypeOfDiscountNotB1S2.test_014MakePaymentWhenAnyTypeOfDiscountNotB1S2_RP()[pri:0, instance:com.edureka.paymentProcess.MakePaymentWhenAnyTypeOfDiscountNotB1S2@5c8b9a98] depends on not successfully finished methods
... Removed 17 stack frames</pre></div><a href='#' onClick='toggleBox("stack-trace691049525", this, "Click to show all stack frames", "Click to hide stack frames")'>Click to show all stack frames</a>
<div class='stack-trace' id='stack-trace691049525'><pre>java.lang.Throwable: Method MakePaymentWhenAnyTypeOfDiscountNotB1S2.test_014MakePaymentWhenAnyTypeOfDiscountNotB1S2_RP()[pri:0, instance:com.edureka.paymentProcess.MakePaymentWhenAnyTypeOfDiscountNotB1S2@5c8b9a98] depends on not successfully finished methods
	at org.testng.internal.Invoker.invokeTestMethods(Invoker.java:1040)
	at org.testng.internal.TestMethodWorker.invokeTestMethods(TestMethodWorker.java:124)
	at org.testng.internal.TestMethodWorker.run(TestMethodWorker.java:108)
	at org.testng.TestRunner.privateRun(TestRunner.java:773)
	at org.testng.TestRunner.run(TestRunner.java:623)
	at org.testng.SuiteRunner.runTest(SuiteRunner.java:357)
	at org.testng.SuiteRunner.runSequentially(SuiteRunner.java:352)
	at org.testng.SuiteRunner.privateRun(SuiteRunner.java:310)
	at org.testng.SuiteRunner.run(SuiteRunner.java:259)
	at org.testng.SuiteRunnerWorker.runSuite(SuiteRunnerWorker.java:52)
	at org.testng.SuiteRunnerWorker.run(SuiteRunnerWorker.java:86)
	at org.testng.TestNG.runSuitesSequentially(TestNG.java:1185)
	at org.testng.TestNG.runSuitesLocally(TestNG.java:1110)
	at org.testng.TestNG.run(TestNG.java:1018)
	at org.testng.remote.AbstractRemoteTestNG.run(AbstractRemoteTestNG.java:126)
	at org.testng.remote.RemoteTestNG.initAndRun(RemoteTestNG.java:152)
	at org.testng.remote.RemoteTestNG.main(RemoteTestNG.java:57)
</pre></div></td>
<td>0</td>
<td>null</td></tr>
<tr>
<td title='com.edureka.paymentProcess.MakePaymentWhenCreditPointsAvailable.test_015MakePaymentWhenCreditPointsAvailable_Paypal()'><b>test_015MakePaymentWhenCreditPointsAvailable_Paypal</b><br>Test class: com.edureka.paymentProcess.MakePaymentWhenCreditPointsAvailable</td>
<td><div><pre>java.lang.Throwable: Method MakePaymentWhenCreditPointsAvailable.test_015MakePaymentWhenCreditPointsAvailable_Paypal()[pri:0, instance:com.edureka.paymentProcess.MakePaymentWhenCreditPointsAvailable@662ae4fe] depends on not successfully finished methods
... Removed 17 stack frames</pre></div><a href='#' onClick='toggleBox("stack-trace112154233", this, "Click to show all stack frames", "Click to hide stack frames")'>Click to show all stack frames</a>
<div class='stack-trace' id='stack-trace112154233'><pre>java.lang.Throwable: Method MakePaymentWhenCreditPointsAvailable.test_015MakePaymentWhenCreditPointsAvailable_Paypal()[pri:0, instance:com.edureka.paymentProcess.MakePaymentWhenCreditPointsAvailable@662ae4fe] depends on not successfully finished methods
	at org.testng.internal.Invoker.invokeTestMethods(Invoker.java:1040)
	at org.testng.internal.TestMethodWorker.invokeTestMethods(TestMethodWorker.java:124)
	at org.testng.internal.TestMethodWorker.run(TestMethodWorker.java:108)
	at org.testng.TestRunner.privateRun(TestRunner.java:773)
	at org.testng.TestRunner.run(TestRunner.java:623)
	at org.testng.SuiteRunner.runTest(SuiteRunner.java:357)
	at org.testng.SuiteRunner.runSequentially(SuiteRunner.java:352)
	at org.testng.SuiteRunner.privateRun(SuiteRunner.java:310)
	at org.testng.SuiteRunner.run(SuiteRunner.java:259)
	at org.testng.SuiteRunnerWorker.runSuite(SuiteRunnerWorker.java:52)
	at org.testng.SuiteRunnerWorker.run(SuiteRunnerWorker.java:86)
	at org.testng.TestNG.runSuitesSequentially(TestNG.java:1185)
	at org.testng.TestNG.runSuitesLocally(TestNG.java:1110)
	at org.testng.TestNG.run(TestNG.java:1018)
	at org.testng.remote.AbstractRemoteTestNG.run(AbstractRemoteTestNG.java:126)
	at org.testng.remote.RemoteTestNG.initAndRun(RemoteTestNG.java:152)
	at org.testng.remote.RemoteTestNG.main(RemoteTestNG.java:57)
</pre></div></td>
<td>0</td>
<td>null</td></tr>
<tr>
<td title='com.edureka.paymentProcess.MakePaymentWhenCreditPointsAvailable.test_015MakePaymentWhenCreditPointsAvailable_RP()'><b>test_015MakePaymentWhenCreditPointsAvailable_RP</b><br>Test class: com.edureka.paymentProcess.MakePaymentWhenCreditPointsAvailable</td>
<td><div><pre>java.lang.Throwable: Method MakePaymentWhenCreditPointsAvailable.test_015MakePaymentWhenCreditPointsAvailable_RP()[pri:0, instance:com.edureka.paymentProcess.MakePaymentWhenCreditPointsAvailable@662ae4fe] depends on not successfully finished methods
... Removed 17 stack frames</pre></div><a href='#' onClick='toggleBox("stack-trace257778761", this, "Click to show all stack frames", "Click to hide stack frames")'>Click to show all stack frames</a>
<div class='stack-trace' id='stack-trace257778761'><pre>java.lang.Throwable: Method MakePaymentWhenCreditPointsAvailable.test_015MakePaymentWhenCreditPointsAvailable_RP()[pri:0, instance:com.edureka.paymentProcess.MakePaymentWhenCreditPointsAvailable@662ae4fe] depends on not successfully finished methods
	at org.testng.internal.Invoker.invokeTestMethods(Invoker.java:1040)
	at org.testng.internal.TestMethodWorker.invokeTestMethods(TestMethodWorker.java:124)
	at org.testng.internal.TestMethodWorker.run(TestMethodWorker.java:108)
	at org.testng.TestRunner.privateRun(TestRunner.java:773)
	at org.testng.TestRunner.run(TestRunner.java:623)
	at org.testng.SuiteRunner.runTest(SuiteRunner.java:357)
	at org.testng.SuiteRunner.runSequentially(SuiteRunner.java:352)
	at org.testng.SuiteRunner.privateRun(SuiteRunner.java:310)
	at org.testng.SuiteRunner.run(SuiteRunner.java:259)
	at org.testng.SuiteRunnerWorker.runSuite(SuiteRunnerWorker.java:52)
	at org.testng.SuiteRunnerWorker.run(SuiteRunnerWorker.java:86)
	at org.testng.TestNG.runSuitesSequentially(TestNG.java:1185)
	at org.testng.TestNG.runSuitesLocally(TestNG.java:1110)
	at org.testng.TestNG.run(TestNG.java:1018)
	at org.testng.remote.AbstractRemoteTestNG.run(AbstractRemoteTestNG.java:126)
	at org.testng.remote.RemoteTestNG.initAndRun(RemoteTestNG.java:152)
	at org.testng.remote.RemoteTestNG.main(RemoteTestNG.java:57)
</pre></div></td>
<td>0</td>
<td>null</td></tr>
<tr>
<td title='com.edureka.paymentProcess.MakePaymentWhenB1S2OfferIsPresent.test_016MakePaymentWhenB1S2OfferIsPresent_CCAvenue()'><b>test_016MakePaymentWhenB1S2OfferIsPresent_CCAvenue</b><br>Test class: com.edureka.paymentProcess.MakePaymentWhenB1S2OfferIsPresent</td>
<td><div><pre>java.lang.Throwable: Method MakePaymentWhenB1S2OfferIsPresent.test_016MakePaymentWhenB1S2OfferIsPresent_CCAvenue()[pri:0, instance:com.edureka.paymentProcess.MakePaymentWhenB1S2OfferIsPresent@1434108e] depends on not successfully finished methods
... Removed 17 stack frames</pre></div><a href='#' onClick='toggleBox("stack-trace1407609131", this, "Click to show all stack frames", "Click to hide stack frames")'>Click to show all stack frames</a>
<div class='stack-trace' id='stack-trace1407609131'><pre>java.lang.Throwable: Method MakePaymentWhenB1S2OfferIsPresent.test_016MakePaymentWhenB1S2OfferIsPresent_CCAvenue()[pri:0, instance:com.edureka.paymentProcess.MakePaymentWhenB1S2OfferIsPresent@1434108e] depends on not successfully finished methods
	at org.testng.internal.Invoker.invokeTestMethods(Invoker.java:1040)
	at org.testng.internal.TestMethodWorker.invokeTestMethods(TestMethodWorker.java:124)
	at org.testng.internal.TestMethodWorker.run(TestMethodWorker.java:108)
	at org.testng.TestRunner.privateRun(TestRunner.java:773)
	at org.testng.TestRunner.run(TestRunner.java:623)
	at org.testng.SuiteRunner.runTest(SuiteRunner.java:357)
	at org.testng.SuiteRunner.runSequentially(SuiteRunner.java:352)
	at org.testng.SuiteRunner.privateRun(SuiteRunner.java:310)
	at org.testng.SuiteRunner.run(SuiteRunner.java:259)
	at org.testng.SuiteRunnerWorker.runSuite(SuiteRunnerWorker.java:52)
	at org.testng.SuiteRunnerWorker.run(SuiteRunnerWorker.java:86)
	at org.testng.TestNG.runSuitesSequentially(TestNG.java:1185)
	at org.testng.TestNG.runSuitesLocally(TestNG.java:1110)
	at org.testng.TestNG.run(TestNG.java:1018)
	at org.testng.remote.AbstractRemoteTestNG.run(AbstractRemoteTestNG.java:126)
	at org.testng.remote.RemoteTestNG.initAndRun(RemoteTestNG.java:152)
	at org.testng.remote.RemoteTestNG.main(RemoteTestNG.java:57)
</pre></div></td>
<td>0</td>
<td>null</td></tr>
<tr>
<td title='com.edureka.paymentProcess.MakePaymentWhenB1S2OfferIsPresent.test_016MakePaymentWhenB1S2OfferIsPresent_Paypal()'><b>test_016MakePaymentWhenB1S2OfferIsPresent_Paypal</b><br>Test class: com.edureka.paymentProcess.MakePaymentWhenB1S2OfferIsPresent</td>
<td><div><pre>java.lang.Throwable: Method MakePaymentWhenB1S2OfferIsPresent.test_016MakePaymentWhenB1S2OfferIsPresent_Paypal()[pri:0, instance:com.edureka.paymentProcess.MakePaymentWhenB1S2OfferIsPresent@1434108e] depends on not successfully finished methods
... Removed 17 stack frames</pre></div><a href='#' onClick='toggleBox("stack-trace1047294208", this, "Click to show all stack frames", "Click to hide stack frames")'>Click to show all stack frames</a>
<div class='stack-trace' id='stack-trace1047294208'><pre>java.lang.Throwable: Method MakePaymentWhenB1S2OfferIsPresent.test_016MakePaymentWhenB1S2OfferIsPresent_Paypal()[pri:0, instance:com.edureka.paymentProcess.MakePaymentWhenB1S2OfferIsPresent@1434108e] depends on not successfully finished methods
	at org.testng.internal.Invoker.invokeTestMethods(Invoker.java:1040)
	at org.testng.internal.TestMethodWorker.invokeTestMethods(TestMethodWorker.java:124)
	at org.testng.internal.TestMethodWorker.run(TestMethodWorker.java:108)
	at org.testng.TestRunner.privateRun(TestRunner.java:773)
	at org.testng.TestRunner.run(TestRunner.java:623)
	at org.testng.SuiteRunner.runTest(SuiteRunner.java:357)
	at org.testng.SuiteRunner.runSequentially(SuiteRunner.java:352)
	at org.testng.SuiteRunner.privateRun(SuiteRunner.java:310)
	at org.testng.SuiteRunner.run(SuiteRunner.java:259)
	at org.testng.SuiteRunnerWorker.runSuite(SuiteRunnerWorker.java:52)
	at org.testng.SuiteRunnerWorker.run(SuiteRunnerWorker.java:86)
	at org.testng.TestNG.runSuitesSequentially(TestNG.java:1185)
	at org.testng.TestNG.runSuitesLocally(TestNG.java:1110)
	at org.testng.TestNG.run(TestNG.java:1018)
	at org.testng.remote.AbstractRemoteTestNG.run(AbstractRemoteTestNG.java:126)
	at org.testng.remote.RemoteTestNG.initAndRun(RemoteTestNG.java:152)
	at org.testng.remote.RemoteTestNG.main(RemoteTestNG.java:57)
</pre></div></td>
<td>0</td>
<td>null</td></tr>
<tr>
<td title='com.edureka.paymentProcess.MakePaymentWhenAnyTypeOfDiscountWithB1S2IsPresent.test_017MakePaymentWhenAnyTypeOfDiscountWithB1S2IsPresent_Paypal()'><b>test_017MakePaymentWhenAnyTypeOfDiscountWithB1S2IsPresent_Paypal</b><br>Test class: com.edureka.paymentProcess.MakePaymentWhenAnyTypeOfDiscountWithB1S2IsPresent</td>
<td><div><pre>java.lang.Throwable: Method MakePaymentWhenAnyTypeOfDiscountWithB1S2IsPresent.test_017MakePaymentWhenAnyTypeOfDiscountWithB1S2IsPresent_Paypal()[pri:0, instance:com.edureka.paymentProcess.MakePaymentWhenAnyTypeOfDiscountWithB1S2IsPresent@65642eab] depends on not successfully finished methods
... Removed 17 stack frames</pre></div><a href='#' onClick='toggleBox("stack-trace1997224412", this, "Click to show all stack frames", "Click to hide stack frames")'>Click to show all stack frames</a>
<div class='stack-trace' id='stack-trace1997224412'><pre>java.lang.Throwable: Method MakePaymentWhenAnyTypeOfDiscountWithB1S2IsPresent.test_017MakePaymentWhenAnyTypeOfDiscountWithB1S2IsPresent_Paypal()[pri:0, instance:com.edureka.paymentProcess.MakePaymentWhenAnyTypeOfDiscountWithB1S2IsPresent@65642eab] depends on not successfully finished methods
	at org.testng.internal.Invoker.invokeTestMethods(Invoker.java:1040)
	at org.testng.internal.TestMethodWorker.invokeTestMethods(TestMethodWorker.java:124)
	at org.testng.internal.TestMethodWorker.run(TestMethodWorker.java:108)
	at org.testng.TestRunner.privateRun(TestRunner.java:773)
	at org.testng.TestRunner.run(TestRunner.java:623)
	at org.testng.SuiteRunner.runTest(SuiteRunner.java:357)
	at org.testng.SuiteRunner.runSequentially(SuiteRunner.java:352)
	at org.testng.SuiteRunner.privateRun(SuiteRunner.java:310)
	at org.testng.SuiteRunner.run(SuiteRunner.java:259)
	at org.testng.SuiteRunnerWorker.runSuite(SuiteRunnerWorker.java:52)
	at org.testng.SuiteRunnerWorker.run(SuiteRunnerWorker.java:86)
	at org.testng.TestNG.runSuitesSequentially(TestNG.java:1185)
	at org.testng.TestNG.runSuitesLocally(TestNG.java:1110)
	at org.testng.TestNG.run(TestNG.java:1018)
	at org.testng.remote.AbstractRemoteTestNG.run(AbstractRemoteTestNG.java:126)
	at org.testng.remote.RemoteTestNG.initAndRun(RemoteTestNG.java:152)
	at org.testng.remote.RemoteTestNG.main(RemoteTestNG.java:57)
</pre></div></td>
<td>0</td>
<td>null</td></tr>
<tr>
<td title='com.edureka.paymentProcess.MakePaymentWhenAnyTypeOfDiscountWithB1S2IsPresent.test_017MakePaymentWhenAnyTypeOfDiscountWithB1S2IsPresent_RP()'><b>test_017MakePaymentWhenAnyTypeOfDiscountWithB1S2IsPresent_RP</b><br>Test class: com.edureka.paymentProcess.MakePaymentWhenAnyTypeOfDiscountWithB1S2IsPresent</td>
<td><div><pre>java.lang.Throwable: Method MakePaymentWhenAnyTypeOfDiscountWithB1S2IsPresent.test_017MakePaymentWhenAnyTypeOfDiscountWithB1S2IsPresent_RP()[pri:0, instance:com.edureka.paymentProcess.MakePaymentWhenAnyTypeOfDiscountWithB1S2IsPresent@65642eab] depends on not successfully finished methods
... Removed 17 stack frames</pre></div><a href='#' onClick='toggleBox("stack-trace1245574381", this, "Click to show all stack frames", "Click to hide stack frames")'>Click to show all stack frames</a>
<div class='stack-trace' id='stack-trace1245574381'><pre>java.lang.Throwable: Method MakePaymentWhenAnyTypeOfDiscountWithB1S2IsPresent.test_017MakePaymentWhenAnyTypeOfDiscountWithB1S2IsPresent_RP()[pri:0, instance:com.edureka.paymentProcess.MakePaymentWhenAnyTypeOfDiscountWithB1S2IsPresent@65642eab] depends on not successfully finished methods
	at org.testng.internal.Invoker.invokeTestMethods(Invoker.java:1040)
	at org.testng.internal.TestMethodWorker.invokeTestMethods(TestMethodWorker.java:124)
	at org.testng.internal.TestMethodWorker.run(TestMethodWorker.java:108)
	at org.testng.TestRunner.privateRun(TestRunner.java:773)
	at org.testng.TestRunner.run(TestRunner.java:623)
	at org.testng.SuiteRunner.runTest(SuiteRunner.java:357)
	at org.testng.SuiteRunner.runSequentially(SuiteRunner.java:352)
	at org.testng.SuiteRunner.privateRun(SuiteRunner.java:310)
	at org.testng.SuiteRunner.run(SuiteRunner.java:259)
	at org.testng.SuiteRunnerWorker.runSuite(SuiteRunnerWorker.java:52)
	at org.testng.SuiteRunnerWorker.run(SuiteRunnerWorker.java:86)
	at org.testng.TestNG.runSuitesSequentially(TestNG.java:1185)
	at org.testng.TestNG.runSuitesLocally(TestNG.java:1110)
	at org.testng.TestNG.run(TestNG.java:1018)
	at org.testng.remote.AbstractRemoteTestNG.run(AbstractRemoteTestNG.java:126)
	at org.testng.remote.RemoteTestNG.initAndRun(RemoteTestNG.java:152)
	at org.testng.remote.RemoteTestNG.main(RemoteTestNG.java:57)
</pre></div></td>
<td>0</td>
<td>null</td></tr>
<tr>
<td title='com.edureka.paymentProcess.MakePaymentWhenCreditPointsAvailableAndB1S2OfferIsPresent.test_018MakePaymentWhenB1S2OfferIsPresent_CCAvenue()'><b>test_018MakePaymentWhenB1S2OfferIsPresent_CCAvenue</b><br>Test class: com.edureka.paymentProcess.MakePaymentWhenCreditPointsAvailableAndB1S2OfferIsPresent</td>
<td><div><pre>java.lang.Throwable: Method MakePaymentWhenCreditPointsAvailableAndB1S2OfferIsPresent.test_018MakePaymentWhenB1S2OfferIsPresent_CCAvenue()[pri:0, instance:com.edureka.paymentProcess.MakePaymentWhenCreditPointsAvailableAndB1S2OfferIsPresent@a201419] depends on not successfully finished methods
... Removed 17 stack frames</pre></div><a href='#' onClick='toggleBox("stack-trace13348053", this, "Click to show all stack frames", "Click to hide stack frames")'>Click to show all stack frames</a>
<div class='stack-trace' id='stack-trace13348053'><pre>java.lang.Throwable: Method MakePaymentWhenCreditPointsAvailableAndB1S2OfferIsPresent.test_018MakePaymentWhenB1S2OfferIsPresent_CCAvenue()[pri:0, instance:com.edureka.paymentProcess.MakePaymentWhenCreditPointsAvailableAndB1S2OfferIsPresent@a201419] depends on not successfully finished methods
	at org.testng.internal.Invoker.invokeTestMethods(Invoker.java:1040)
	at org.testng.internal.TestMethodWorker.invokeTestMethods(TestMethodWorker.java:124)
	at org.testng.internal.TestMethodWorker.run(TestMethodWorker.java:108)
	at org.testng.TestRunner.privateRun(TestRunner.java:773)
	at org.testng.TestRunner.run(TestRunner.java:623)
	at org.testng.SuiteRunner.runTest(SuiteRunner.java:357)
	at org.testng.SuiteRunner.runSequentially(SuiteRunner.java:352)
	at org.testng.SuiteRunner.privateRun(SuiteRunner.java:310)
	at org.testng.SuiteRunner.run(SuiteRunner.java:259)
	at org.testng.SuiteRunnerWorker.runSuite(SuiteRunnerWorker.java:52)
	at org.testng.SuiteRunnerWorker.run(SuiteRunnerWorker.java:86)
	at org.testng.TestNG.runSuitesSequentially(TestNG.java:1185)
	at org.testng.TestNG.runSuitesLocally(TestNG.java:1110)
	at org.testng.TestNG.run(TestNG.java:1018)
	at org.testng.remote.AbstractRemoteTestNG.run(AbstractRemoteTestNG.java:126)
	at org.testng.remote.RemoteTestNG.initAndRun(RemoteTestNG.java:152)
	at org.testng.remote.RemoteTestNG.main(RemoteTestNG.java:57)
</pre></div></td>
<td>0</td>
<td>null</td></tr>
<tr>
<td title='com.edureka.paymentProcess.MakePaymentWhenCreditPointsAvailableAndB1S2OfferIsPresent.test_018MakePaymentWhenB1S2OfferIsPresent_Paypal()'><b>test_018MakePaymentWhenB1S2OfferIsPresent_Paypal</b><br>Test class: com.edureka.paymentProcess.MakePaymentWhenCreditPointsAvailableAndB1S2OfferIsPresent</td>
<td><div><pre>java.lang.Throwable: Method MakePaymentWhenCreditPointsAvailableAndB1S2OfferIsPresent.test_018MakePaymentWhenB1S2OfferIsPresent_Paypal()[pri:0, instance:com.edureka.paymentProcess.MakePaymentWhenCreditPointsAvailableAndB1S2OfferIsPresent@a201419] depends on not successfully finished methods
... Removed 17 stack frames</pre></div><a href='#' onClick='toggleBox("stack-trace1230439612", this, "Click to show all stack frames", "Click to hide stack frames")'>Click to show all stack frames</a>
<div class='stack-trace' id='stack-trace1230439612'><pre>java.lang.Throwable: Method MakePaymentWhenCreditPointsAvailableAndB1S2OfferIsPresent.test_018MakePaymentWhenB1S2OfferIsPresent_Paypal()[pri:0, instance:com.edureka.paymentProcess.MakePaymentWhenCreditPointsAvailableAndB1S2OfferIsPresent@a201419] depends on not successfully finished methods
	at org.testng.internal.Invoker.invokeTestMethods(Invoker.java:1040)
	at org.testng.internal.TestMethodWorker.invokeTestMethods(TestMethodWorker.java:124)
	at org.testng.internal.TestMethodWorker.run(TestMethodWorker.java:108)
	at org.testng.TestRunner.privateRun(TestRunner.java:773)
	at org.testng.TestRunner.run(TestRunner.java:623)
	at org.testng.SuiteRunner.runTest(SuiteRunner.java:357)
	at org.testng.SuiteRunner.runSequentially(SuiteRunner.java:352)
	at org.testng.SuiteRunner.privateRun(SuiteRunner.java:310)
	at org.testng.SuiteRunner.run(SuiteRunner.java:259)
	at org.testng.SuiteRunnerWorker.runSuite(SuiteRunnerWorker.java:52)
	at org.testng.SuiteRunnerWorker.run(SuiteRunnerWorker.java:86)
	at org.testng.TestNG.runSuitesSequentially(TestNG.java:1185)
	at org.testng.TestNG.runSuitesLocally(TestNG.java:1110)
	at org.testng.TestNG.run(TestNG.java:1018)
	at org.testng.remote.AbstractRemoteTestNG.run(AbstractRemoteTestNG.java:126)
	at org.testng.remote.RemoteTestNG.initAndRun(RemoteTestNG.java:152)
	at org.testng.remote.RemoteTestNG.main(RemoteTestNG.java:57)
</pre></div></td>
<td>0</td>
<td>null</td></tr>
<tr>
<td title='com.edureka.paymentProcess.MakePaymentWhenB1S2OfferAndCourseOtherThanIwillChooseLater.test_021MakePaymentWhenB1S2OfferAndCourseOtherThanIwillChooseLater_Paypal()'><b>test_021MakePaymentWhenB1S2OfferAndCourseOtherThanIwillChooseLater_Paypal</b><br>Test class: com.edureka.paymentProcess.MakePaymentWhenB1S2OfferAndCourseOtherThanIwillChooseLater</td>
<td><div><pre>java.lang.Throwable: Method MakePaymentWhenB1S2OfferAndCourseOtherThanIwillChooseLater.test_021MakePaymentWhenB1S2OfferAndCourseOtherThanIwillChooseLater_Paypal()[pri:0, instance:com.edureka.paymentProcess.MakePaymentWhenB1S2OfferAndCourseOtherThanIwillChooseLater@40077a80] depends on not successfully finished methods
... Removed 17 stack frames</pre></div><a href='#' onClick='toggleBox("stack-trace1075375347", this, "Click to show all stack frames", "Click to hide stack frames")'>Click to show all stack frames</a>
<div class='stack-trace' id='stack-trace1075375347'><pre>java.lang.Throwable: Method MakePaymentWhenB1S2OfferAndCourseOtherThanIwillChooseLater.test_021MakePaymentWhenB1S2OfferAndCourseOtherThanIwillChooseLater_Paypal()[pri:0, instance:com.edureka.paymentProcess.MakePaymentWhenB1S2OfferAndCourseOtherThanIwillChooseLater@40077a80] depends on not successfully finished methods
	at org.testng.internal.Invoker.invokeTestMethods(Invoker.java:1040)
	at org.testng.internal.TestMethodWorker.invokeTestMethods(TestMethodWorker.java:124)
	at org.testng.internal.TestMethodWorker.run(TestMethodWorker.java:108)
	at org.testng.TestRunner.privateRun(TestRunner.java:773)
	at org.testng.TestRunner.run(TestRunner.java:623)
	at org.testng.SuiteRunner.runTest(SuiteRunner.java:357)
	at org.testng.SuiteRunner.runSequentially(SuiteRunner.java:352)
	at org.testng.SuiteRunner.privateRun(SuiteRunner.java:310)
	at org.testng.SuiteRunner.run(SuiteRunner.java:259)
	at org.testng.SuiteRunnerWorker.runSuite(SuiteRunnerWorker.java:52)
	at org.testng.SuiteRunnerWorker.run(SuiteRunnerWorker.java:86)
	at org.testng.TestNG.runSuitesSequentially(TestNG.java:1185)
	at org.testng.TestNG.runSuitesLocally(TestNG.java:1110)
	at org.testng.TestNG.run(TestNG.java:1018)
	at org.testng.remote.AbstractRemoteTestNG.run(AbstractRemoteTestNG.java:126)
	at org.testng.remote.RemoteTestNG.initAndRun(RemoteTestNG.java:152)
	at org.testng.remote.RemoteTestNG.main(RemoteTestNG.java:57)
</pre></div></td>
<td>0</td>
<td>null</td></tr>
<tr>
<td title='com.edureka.paymentProcess.MakePaymentWhenB1S2OfferAndCourseOtherThanIwillChooseLater.test_021MakePaymentWhenB1S2OfferAndCourseOtherThanIwillChooseLater_RP()'><b>test_021MakePaymentWhenB1S2OfferAndCourseOtherThanIwillChooseLater_RP</b><br>Test class: com.edureka.paymentProcess.MakePaymentWhenB1S2OfferAndCourseOtherThanIwillChooseLater</td>
<td><div><pre>java.lang.Throwable: Method MakePaymentWhenB1S2OfferAndCourseOtherThanIwillChooseLater.test_021MakePaymentWhenB1S2OfferAndCourseOtherThanIwillChooseLater_RP()[pri:0, instance:com.edureka.paymentProcess.MakePaymentWhenB1S2OfferAndCourseOtherThanIwillChooseLater@40077a80] depends on not successfully finished methods
... Removed 17 stack frames</pre></div><a href='#' onClick='toggleBox("stack-trace1182255586", this, "Click to show all stack frames", "Click to hide stack frames")'>Click to show all stack frames</a>
<div class='stack-trace' id='stack-trace1182255586'><pre>java.lang.Throwable: Method MakePaymentWhenB1S2OfferAndCourseOtherThanIwillChooseLater.test_021MakePaymentWhenB1S2OfferAndCourseOtherThanIwillChooseLater_RP()[pri:0, instance:com.edureka.paymentProcess.MakePaymentWhenB1S2OfferAndCourseOtherThanIwillChooseLater@40077a80] depends on not successfully finished methods
	at org.testng.internal.Invoker.invokeTestMethods(Invoker.java:1040)
	at org.testng.internal.TestMethodWorker.invokeTestMethods(TestMethodWorker.java:124)
	at org.testng.internal.TestMethodWorker.run(TestMethodWorker.java:108)
	at org.testng.TestRunner.privateRun(TestRunner.java:773)
	at org.testng.TestRunner.run(TestRunner.java:623)
	at org.testng.SuiteRunner.runTest(SuiteRunner.java:357)
	at org.testng.SuiteRunner.runSequentially(SuiteRunner.java:352)
	at org.testng.SuiteRunner.privateRun(SuiteRunner.java:310)
	at org.testng.SuiteRunner.run(SuiteRunner.java:259)
	at org.testng.SuiteRunnerWorker.runSuite(SuiteRunnerWorker.java:52)
	at org.testng.SuiteRunnerWorker.run(SuiteRunnerWorker.java:86)
	at org.testng.TestNG.runSuitesSequentially(TestNG.java:1185)
	at org.testng.TestNG.runSuitesLocally(TestNG.java:1110)
	at org.testng.TestNG.run(TestNG.java:1018)
	at org.testng.remote.AbstractRemoteTestNG.run(AbstractRemoteTestNG.java:126)
	at org.testng.remote.RemoteTestNG.initAndRun(RemoteTestNG.java:152)
	at org.testng.remote.RemoteTestNG.main(RemoteTestNG.java:57)
</pre></div></td>
<td>0</td>
<td>null</td></tr>
<tr>
<td title='com.edureka.paymentProcess.MakePaymentThroughPaypal.test_022ValidateMyOrdersDetailsOnMyProfilePage()'><b>test_022ValidateMyOrdersDetailsOnMyProfilePage</b><br>Test class: com.edureka.paymentProcess.MakePaymentThroughPaypal</td>
<td><div><pre>java.lang.Throwable: Method MakePaymentThroughPaypal.test_022ValidateMyOrdersDetailsOnMyProfilePage()[pri:0, instance:com.edureka.paymentProcess.MakePaymentThroughPaypal@3c8587f] depends on not successfully finished methods
... Removed 17 stack frames</pre></div><a href='#' onClick='toggleBox("stack-trace1926009642", this, "Click to show all stack frames", "Click to hide stack frames")'>Click to show all stack frames</a>
<div class='stack-trace' id='stack-trace1926009642'><pre>java.lang.Throwable: Method MakePaymentThroughPaypal.test_022ValidateMyOrdersDetailsOnMyProfilePage()[pri:0, instance:com.edureka.paymentProcess.MakePaymentThroughPaypal@3c8587f] depends on not successfully finished methods
	at org.testng.internal.Invoker.invokeTestMethods(Invoker.java:1040)
	at org.testng.internal.TestMethodWorker.invokeTestMethods(TestMethodWorker.java:124)
	at org.testng.internal.TestMethodWorker.run(TestMethodWorker.java:108)
	at org.testng.TestRunner.privateRun(TestRunner.java:773)
	at org.testng.TestRunner.run(TestRunner.java:623)
	at org.testng.SuiteRunner.runTest(SuiteRunner.java:357)
	at org.testng.SuiteRunner.runSequentially(SuiteRunner.java:352)
	at org.testng.SuiteRunner.privateRun(SuiteRunner.java:310)
	at org.testng.SuiteRunner.run(SuiteRunner.java:259)
	at org.testng.SuiteRunnerWorker.runSuite(SuiteRunnerWorker.java:52)
	at org.testng.SuiteRunnerWorker.run(SuiteRunnerWorker.java:86)
	at org.testng.TestNG.runSuitesSequentially(TestNG.java:1185)
	at org.testng.TestNG.runSuitesLocally(TestNG.java:1110)
	at org.testng.TestNG.run(TestNG.java:1018)
	at org.testng.remote.AbstractRemoteTestNG.run(AbstractRemoteTestNG.java:126)
	at org.testng.remote.RemoteTestNG.initAndRun(RemoteTestNG.java:152)
	at org.testng.remote.RemoteTestNG.main(RemoteTestNG.java:57)
</pre></div></td>
<td>0</td>
<td>null</td></tr>
</table><p>
</body>
</html>