<!DOCTYPE html PUBLIC "-//W3C//DTD XHTML 1.1//EN" "http://www.w3.org/TR/xhtml11/DTD/xhtml11.dtd">
<html xmlns="http://www.w3.org/1999/xhtml"><head><title>TestNG Report</title><style type="text/css">table {margin-bottom:10px;border-collapse:collapse;empty-cells:show}th,td {border:1px solid #009;padding:.25em .5em}th {vertical-align:bottom}td {vertical-align:top}table a {font-weight:bold}.stripe td {background-color: #E6EBF9}.num {text-align:right}.passedodd td {background-color: #3F3}.passedeven td {background-color: #0A0}.skippedodd td {background-color: #DDD}.skippedeven td {background-color: #CCC}.failedodd td,.attn {background-color: #F33}.failedeven td,.stripe .attn {background-color: #D00}.stacktrace {white-space:pre;font-family:monospace}.totop {font-size:85%;text-align:center;border-bottom:2px solid #000}</style></head><body><table><tr><th>Test</th><th># Passed</th><th># Skipped</th><th># Failed</th><th>Time (ms)</th><th>Included Groups</th><th>Excluded Groups</th></tr><tr><th colspan="7">CreateUserForForgotPassword</th></tr><tr><td><a href="#t0">CreateUserForForgotPassword</a></td><td class="num">0</td><td class="num">0</td><td class="num attn">1</td><td class="num">90,426</td><td></td><td></td></tr></table><table><thead><tr><th>Class</th><th>Method</th><th>Start</th><th>Time (ms)</th></tr></thead><tbody><tr><th colspan="4">CreateUserForForgotPassword</th></tr></tbody><tbody id="t0"><tr><th colspan="4">CreateUserForForgotPassword &#8212; failed</th></tr><tr class="failedeven"><td rowspan="1">com.edureka.registration.CreateUserForForgotPassword</td><td><a href="#m0">test_CreateUserForForgotPassword</a></td><td rowspan="1">1479883580530</td><td rowspan="1">41625</td></tr></tbody></table><h2>CreateUserForForgotPassword</h2><h3 id="m0">com.edureka.registration.CreateUserForForgotPassword#test_CreateUserForForgotPassword</h3><table class="result"><tr><th>Messages</th></tr><tr><td><div class="messages">Navigate to the Edureka application url&lt;br&gt;<br/>Verify Edureka Dashboard Page&lt;br&gt;<br/>Click on SignIn Navigation header&lt;br&gt;<br/>&lt;a href= &apos;file://D:/Projects/Edureka_Automation/screenshots/test_CreateUserForForgotPassword2016-11-23.jpg&apos;target=&apos;_blank&apos; &gt;&lt;img src=&apos;file://D:/Projects/Edureka_Automation/screenshots/test_CreateUserForForgotPassword2016-11-23.jpg&apos; height=&quot;42&quot; width=&quot;42&quot; &gt;test_CreateUserForForgotPassword2016-11-23&lt;/a&gt;</div></td></tr><tr><th>Exception</th></tr><tr><td><div class="stacktrace">org.openqa.selenium.ElementNotVisibleException: Element is not currently visible and so may not be interacted with
Command duration or timeout: 180 milliseconds
Build info: version: &apos;2.48.1&apos;, revision: &apos;d80083d&apos;, time: &apos;2015-10-08 21:11:00&apos;
System info: host: &apos;360LP039&apos;, ip: &apos;192.168.3.60&apos;, os.name: &apos;Windows 8.1&apos;, os.arch: &apos;amd64&apos;, os.version: &apos;6.3&apos;, java.version: &apos;1.8.0_101&apos;
Driver info: org.openqa.selenium.firefox.FirefoxDriver
Capabilities [{applicationCacheEnabled=true, rotatable=false, handlesAlerts=true, databaseEnabled=true, version=42.0, platform=WINDOWS, nativeEvents=false, acceptSslCerts=true, webStorageEnabled=true, locationContextEnabled=true, browserName=firefox, takesScreenshot=true, javascriptEnabled=true, cssSelectorsEnabled=true}]
Session ID: 7cff8bbc-1060-45ea-aa04-397356b6392f
	at org.openqa.selenium.remote.ErrorHandler.createThrowable(ErrorHandler.java:206)
	at org.openqa.selenium.remote.ErrorHandler.throwIfResponseFailed(ErrorHandler.java:158)
	at org.openqa.selenium.remote.RemoteWebDriver.execute(RemoteWebDriver.java:647)
	at org.openqa.selenium.remote.RemoteWebElement.execute(RemoteWebElement.java:326)
	at org.openqa.selenium.remote.RemoteWebElement.click(RemoteWebElement.java:84)
	at com.edureka.util.DriverHelper.clickOn(DriverHelper.java:327)
	at com.edureka.pages.DashboardPage.clickSignInHeader(DashboardPage.java:33)
	at com.edureka.registration.CreateUserForForgotPassword.test_CreateUserForForgotPassword(CreateUserForForgotPassword.java:29)
Caused by: org.openqa.selenium.ElementNotVisibleException: Element is not currently visible and so may not be interacted with
Build info: version: &apos;2.48.1&apos;, revision: &apos;d80083d&apos;, time: &apos;2015-10-08 21:11:00&apos;
System info: host: &apos;360LP039&apos;, ip: &apos;192.168.3.60&apos;, os.name: &apos;Windows 8.1&apos;, os.arch: &apos;amd64&apos;, os.version: &apos;6.3&apos;, java.version: &apos;1.8.0_101&apos;
Driver info: driver.version: unknown
	at &lt;anonymous class&gt;.fxdriver.preconditions.visible(file:///C:/Users/dhruvt/AppData/Local/Temp/anonymous2243202223349154511webdriver-profile/extensions/fxdriver@googlecode.com/components/command-processor.js:9981)
	at &lt;anonymous class&gt;.DelayedCommand.prototype.checkPreconditions_(file:///C:/Users/dhruvt/AppData/Local/Temp/anonymous2243202223349154511webdriver-profile/extensions/fxdriver@googlecode.com/components/command-processor.js:12517)
	at &lt;anonymous class&gt;.DelayedCommand.prototype.executeInternal_/h(file:///C:/Users/dhruvt/AppData/Local/Temp/anonymous2243202223349154511webdriver-profile/extensions/fxdriver@googlecode.com/components/command-processor.js:12534)
	at &lt;anonymous class&gt;.DelayedCommand.prototype.executeInternal_(file:///C:/Users/dhruvt/AppData/Local/Temp/anonymous2243202223349154511webdriver-profile/extensions/fxdriver@googlecode.com/components/command-processor.js:12539)
	at &lt;anonymous class&gt;.DelayedCommand.prototype.execute/&lt;(file:///C:/Users/dhruvt/AppData/Local/Temp/anonymous2243202223349154511webdriver-profile/extensions/fxdriver@googlecode.com/components/command-processor.js:12481)
... Removed 27 stack frames</div></td></tr></table><p class="totop"><a href="#summary">back to summary</a></p></body></html>