<?xml version="1.0" encoding="UTF-8"?>
<testng-results skipped="0" failed="1" total="1" passed="0">
  <reporter-output>
    <line>
      <![CDATA[Navigate to the Edureka application url<br>]]>
    </line>
    <line>
      <![CDATA[Verify Edureka Dashboard Page<br>]]>
    </line>
    <line>
      <![CDATA[Click on SignIn Navigation header<br>]]>
    </line>
    <line>
      <![CDATA[<a href= 'file://D:/Projects/Edureka_Automation/screenshots/test_CreateUserForForgotPassword2016-11-23.jpg'target='_blank' ><img src='file://D:/Projects/Edureka_Automation/screenshots/test_CreateUserForForgotPassword2016-11-23.jpg' height="42" width="42" >test_CreateUserForForgotPassword2016-11-23</a>]]>
    </line>
  </reporter-output>
  <suite name="CreateUserForForgotPassword" duration-ms="90426" started-at="2016-11-23T06:45:58Z" finished-at="2016-11-23T06:47:29Z">
    <groups>
    </groups>
    <test name="CreateUserForForgotPassword" duration-ms="90426" started-at="2016-11-23T06:45:58Z" finished-at="2016-11-23T06:47:29Z">
      <class name="com.edureka.registration.CreateUserForForgotPassword">
        <test-method status="PASS" signature="setUp()[pri:0, instance:com.edureka.registration.CreateUserForForgotPassword@5f2108b5]" name="setUp" is-config="true" duration-ms="21824" started-at="2016-11-23T12:15:58Z" finished-at="2016-11-23T12:16:20Z">
          <reporter-output>
          </reporter-output>
        </test-method> <!-- setUp -->
        <test-method status="FAIL" signature="test_CreateUserForForgotPassword()[pri:0, instance:com.edureka.registration.CreateUserForForgotPassword@5f2108b5]" name="test_CreateUserForForgotPassword" duration-ms="41625" started-at="2016-11-23T12:16:20Z" finished-at="2016-11-23T12:17:02Z">
          <exception class="org.openqa.selenium.ElementNotVisibleException">
            <message>
              <![CDATA[Element is not currently visible and so may not be interacted with
Command duration or timeout: 180 milliseconds
Build info: version: '2.48.1', revision: 'd80083d', time: '2015-10-08 21:11:00'
System info: host: '360LP039', ip: '192.168.3.60', os.name: 'Windows 8.1', os.arch: 'amd64', os.version: '6.3', java.version: '1.8.0_101'
Driver info: org.openqa.selenium.firefox.FirefoxDriver
Capabilities [{applicationCacheEnabled=true, rotatable=false, handlesAlerts=true, databaseEnabled=true, version=42.0, platform=WINDOWS, nativeEvents=false, acceptSslCerts=true, webStorageEnabled=true, locationContextEnabled=true, browserName=firefox, takesScreenshot=true, javascriptEnabled=true, cssSelectorsEnabled=true}]
Session ID: 7cff8bbc-1060-45ea-aa04-397356b6392f]]>
            </message>
            <full-stacktrace>
              <![CDATA[org.openqa.selenium.ElementNotVisibleException: Element is not currently visible and so may not be interacted with
Command duration or timeout: 180 milliseconds
Build info: version: '2.48.1', revision: 'd80083d', time: '2015-10-08 21:11:00'
System info: host: '360LP039', ip: '192.168.3.60', os.name: 'Windows 8.1', os.arch: 'amd64', os.version: '6.3', java.version: '1.8.0_101'
Driver info: org.openqa.selenium.firefox.FirefoxDriver
Capabilities [{applicationCacheEnabled=true, rotatable=false, handlesAlerts=true, databaseEnabled=true, version=42.0, platform=WINDOWS, nativeEvents=false, acceptSslCerts=true, webStorageEnabled=true, locationContextEnabled=true, browserName=firefox, takesScreenshot=true, javascriptEnabled=true, cssSelectorsEnabled=true}]
Session ID: 7cff8bbc-1060-45ea-aa04-397356b6392f
	at sun.reflect.NativeConstructorAccessorImpl.newInstance0(Native Method)
	at sun.reflect.NativeConstructorAccessorImpl.newInstance(NativeConstructorAccessorImpl.java:62)
	at sun.reflect.DelegatingConstructorAccessorImpl.newInstance(DelegatingConstructorAccessorImpl.java:45)
	at java.lang.reflect.Constructor.newInstance(Constructor.java:423)
	at org.openqa.selenium.remote.ErrorHandler.createThrowable(ErrorHandler.java:206)
	at org.openqa.selenium.remote.ErrorHandler.throwIfResponseFailed(ErrorHandler.java:158)
	at org.openqa.selenium.remote.RemoteWebDriver.execute(RemoteWebDriver.java:647)
	at org.openqa.selenium.remote.RemoteWebElement.execute(RemoteWebElement.java:326)
	at org.openqa.selenium.remote.RemoteWebElement.click(RemoteWebElement.java:84)
	at com.edureka.util.DriverHelper.clickOn(DriverHelper.java:327)
	at com.edureka.pages.DashboardPage.clickSignInHeader(DashboardPage.java:33)
	at com.edureka.registration.CreateUserForForgotPassword.test_CreateUserForForgotPassword(CreateUserForForgotPassword.java:29)
	at sun.reflect.NativeMethodAccessorImpl.invoke0(Native Method)
	at sun.reflect.NativeMethodAccessorImpl.invoke(NativeMethodAccessorImpl.java:62)
	at sun.reflect.DelegatingMethodAccessorImpl.invoke(DelegatingMethodAccessorImpl.java:43)
	at java.lang.reflect.Method.invoke(Method.java:498)
	at org.testng.internal.MethodInvocationHelper.invokeMethod(MethodInvocationHelper.java:85)
	at org.testng.internal.Invoker.invokeMethod(Invoker.java:639)
	at org.testng.internal.Invoker.invokeTestMethod(Invoker.java:821)
	at org.testng.internal.Invoker.invokeTestMethods(Invoker.java:1131)
	at org.testng.internal.TestMethodWorker.invokeTestMethods(TestMethodWorker.java:124)
	at org.testng.internal.TestMethodWorker.run(TestMethodWorker.java:108)
	at org.testng.TestRunner.privateRun(TestRunner.java:773)
	at org.testng.TestRunner.run(TestRunner.java:623)
	at org.testng.SuiteRunner.runTest(SuiteRunner.java:357)
	at org.testng.SuiteRunner.runSequentially(SuiteRunner.java:352)
	at org.testng.SuiteRunner.privateRun(SuiteRunner.java:310)
	at org.testng.SuiteRunner.run(SuiteRunner.java:259)
	at org.testng.SuiteRunnerWorker.runSuite(SuiteRunnerWorker.java:52)
	at org.testng.SuiteRunnerWorker.run(SuiteRunnerWorker.java:86)
	at org.testng.TestNG.runSuitesSequentially(TestNG.java:1185)
	at org.testng.TestNG.runSuitesLocally(TestNG.java:1110)
	at org.testng.TestNG.run(TestNG.java:1018)
	at org.testng.TestNG.privateMain(TestNG.java:1325)
	at org.testng.TestNG.main(TestNG.java:1294)
Caused by: org.openqa.selenium.ElementNotVisibleException: Element is not currently visible and so may not be interacted with
Build info: version: '2.48.1', revision: 'd80083d', time: '2015-10-08 21:11:00'
System info: host: '360LP039', ip: '192.168.3.60', os.name: 'Windows 8.1', os.arch: 'amd64', os.version: '6.3', java.version: '1.8.0_101'
Driver info: driver.version: unknown
	at <anonymous class>.fxdriver.preconditions.visible(file:///C:/Users/dhruvt/AppData/Local/Temp/anonymous2243202223349154511webdriver-profile/extensions/fxdriver@googlecode.com/components/command-processor.js:9981)
	at <anonymous class>.DelayedCommand.prototype.checkPreconditions_(file:///C:/Users/dhruvt/AppData/Local/Temp/anonymous2243202223349154511webdriver-profile/extensions/fxdriver@googlecode.com/components/command-processor.js:12517)
	at <anonymous class>.DelayedCommand.prototype.executeInternal_/h(file:///C:/Users/dhruvt/AppData/Local/Temp/anonymous2243202223349154511webdriver-profile/extensions/fxdriver@googlecode.com/components/command-processor.js:12534)
	at <anonymous class>.DelayedCommand.prototype.executeInternal_(file:///C:/Users/dhruvt/AppData/Local/Temp/anonymous2243202223349154511webdriver-profile/extensions/fxdriver@googlecode.com/components/command-processor.js:12539)
	at <anonymous class>.DelayedCommand.prototype.execute/<(file:///C:/Users/dhruvt/AppData/Local/Temp/anonymous2243202223349154511webdriver-profile/extensions/fxdriver@googlecode.com/components/command-processor.js:12481)
]]>
            </full-stacktrace>
          </exception> <!-- org.openqa.selenium.ElementNotVisibleException -->
          <reporter-output>
            <line>
              <![CDATA[Navigate to the Edureka application url<br>]]>
            </line>
            <line>
              <![CDATA[Verify Edureka Dashboard Page<br>]]>
            </line>
            <line>
              <![CDATA[Click on SignIn Navigation header<br>]]>
            </line>
            <line>
              <![CDATA[<a href= 'file://D:/Projects/Edureka_Automation/screenshots/test_CreateUserForForgotPassword2016-11-23.jpg'target='_blank' ><img src='file://D:/Projects/Edureka_Automation/screenshots/test_CreateUserForForgotPassword2016-11-23.jpg' height="42" width="42" >test_CreateUserForForgotPassword2016-11-23</a>]]>
            </line>
          </reporter-output>
        </test-method> <!-- test_CreateUserForForgotPassword -->
        <test-method status="PASS" signature="tearDown()[pri:0, instance:com.edureka.registration.CreateUserForForgotPassword@5f2108b5]" name="tearDown" is-config="true" duration-ms="25370" started-at="2016-11-23T12:17:03Z" finished-at="2016-11-23T12:17:29Z">
          <reporter-output>
          </reporter-output>
        </test-method> <!-- tearDown -->
      </class> <!-- com.edureka.registration.CreateUserForForgotPassword -->
    </test> <!-- CreateUserForForgotPassword -->
  </suite> <!-- CreateUserForForgotPassword -->
</testng-results>
