<?xml version="1.0" encoding="UTF-8"?>
<!-- Generated by org.testng.reporters.JUnitXMLReporter -->
<testsuite hostname="360LP048" name="AdditionalDisocuntMessageWhenSomeOfferIsPresent" tests="1" failures="1" timestamp="21 Oct 2016 11:27:01 GMT" time="239.066" errors="0">
  <testcase name="test_023AdditionalDisocuntMessageWhenSomeOfferIsPresent" time="219.264" classname="com.edureka.referralProcess.AdditionalDisocuntMessageWhenSomeOfferIsPresent">
    <failure type="java.lang.AssertionError" message="expected [255] but found [282]">
      <![CDATA[java.lang.AssertionError: expected [255] but found [282]
	at com.edureka.pages.AllCoursesPage.verifyDiscountPriceValue(AllCoursesPage.java:736)
	at com.edureka.referralProcess.AdditionalDisocuntMessageWhenSomeOfferIsPresent.test_023AdditionalDisocuntMessageWhenSomeOfferIsPresent(AdditionalDisocuntMessageWhenSomeOfferIsPresent.java:456)
... Removed 28 stack frames]]>
    </failure>
  </testcase> <!-- test_023AdditionalDisocuntMessageWhenSomeOfferIsPresent -->
</testsuite> <!-- AdditionalDisocuntMessageWhenSomeOfferIsPresent -->
