<?xml version="1.0" encoding="UTF-8"?>
<!-- Generated by org.testng.reporters.JUnitXMLReporter -->
<testsuite hostname="BrajR" name="VerifyCourseAmountOnOrderSummaryForForeignCurrency" tests="1" failures="1" timestamp="13 Jun 2016 17:08:07 GMT" time="157.413" errors="0">
  <testcase name="test_07VerifyCourseAmountOnOrderSummaryForForeignCurrency" time="149.44" classname="com.edureka.scripts.VerifyCourseAmountOnOrderSummaryForForeignCurrency">
    <failure type="java.lang.AssertionError" message="Element Locator :(//div[contains(text(),&amp;apos;Price :&amp;apos;)])[2]/following::div/span[@id=&amp;apos;org_price&amp;apos;] Not found expected [true] but found [false]">
      <![CDATA[java.lang.AssertionError: Element Locator :(//div[contains(text(),'Price :')])[2]/following::div/span[@id='org_price'] Not found expected [true] but found [false]
	at com.edureka.util.DriverHelper.getText(DriverHelper.java:386)
	at com.edureka.pages.OrderSummaryPage.verifyTotalAmount(OrderSummaryPage.java:67)
	at com.edureka.scripts.VerifyCourseAmountOnOrderSummaryForForeignCurrency.test_07VerifyCourseAmountOnOrderSummaryForForeignCurrency(VerifyCourseAmountOnOrderSummaryForForeignCurrency.java:73)
... Removed 26 stack frames]]>
    </failure>
  </testcase> <!-- test_07VerifyCourseAmountOnOrderSummaryForForeignCurrency -->
</testsuite> <!-- VerifyCourseAmountOnOrderSummaryForForeignCurrency -->
