<?xml version="1.0" encoding="UTF-8"?>
<!-- Generated by org.testng.reporters.JUnitXMLReporter -->
<testsuite hostname="360LP042" name="TestSuiteRegistrationProcess" tests="38" failures="3" timestamp="26 Jul 2016 11:43:15 GMT" time="1652.298" errors="0">
  <testcase name="test_35SignUpDisabledWhenNoDataIsEntered" time="31.266" classname="com.edureka.registration.VerifySignUpFromNavigationHeader"/>
  <testcase name="test_01VerifySignUpFromNavigationHeader" time="15.033" classname="com.edureka.registration.VerifySignUpFromNavigationHeader"/>
  <testcase name="test_002VerifyUserNotAbleToSignupIfMandatoryFieldISEmpty" time="19.305" classname="com.edureka.registration.VerifyUserNotAbleToSignupIfMandatoryFieldIsEmpty"/>
  <testcase name="test_03VerifyUserNotAbleTOSignupEnteredEmailIsIncorrect" time="12.884" classname="com.edureka.registration.VerifyUserNotAbleToSignupIfMandatoryFieldIsEmpty"/>
  <testcase name="test_04VerifyUserNotAbleTOSignupEnteredPasswordIsLessThan8Characters" time="13.287" classname="com.edureka.registration.VerifyUserNotAbleToSignupIfMandatoryFieldIsEmpty"/>
  <testcase name="test_008VerifyClickingOnShowTextPasswordBecomeUnmasked" time="22.0" classname="com.edureka.registration.VerifyUserNotAbleToSignupIfMandatoryFieldIsEmpty"/>
  <testcase name="test_009VerifyClickingTCRedirectTermsAndConditionsPage" time="3.361" classname="com.edureka.registration.VerifyUserNotAbleToSignupIfMandatoryFieldIsEmpty"/>
  <testcase name="test_007VerifyAllTextBoxesContainsrelevantPlaceholderText" time="10.186" classname="com.edureka.registration.VerifyUserNotAbleToSignUpIfEnteredPhNumberInAlphabets"/>
  <testcase name="test_005VerifyUserNotAbleToSignUpIfEnteredPhNumberInAlphabets" time="11.453" classname="com.edureka.registration.VerifyUserNotAbleToSignUpIfEnteredPhNumberInAlphabets"/>
  <testcase name="test_04VerifyUserNotAbleTOSignupEnteredPasswordIsLessThan8Characters" time="15.707" classname="com.edureka.registration.VerifyUserNotAbleToSignUpIfEnteredPhNumberInAlphabets"/>
  <testcase name="test_011VerifyCrossClosedSignupPopop" time="23.773" classname="com.edureka.registration.VerifyUserNotAbleToSignUpIfEnteredPhNumberInAlphabets"/>
  <testcase name="test_010VerifyClickingHyperlinkOnClickingRedirectToPrivacyPolicyPage" time="5.721" classname="com.edureka.registration.VerifyUserNotAbleToSignUpIfEnteredPhNumberInAlphabets"/>
  <testcase name="test_012VerifyLoginWithCorrectEmailAndCorrectPassword" time="24.758" classname="com.edureka.registration.VerifyLoginWithCorrectEmailAndCorrectPassword"/>
  <testcase name="test_013UserCannotLoggedInWithIncorrectEmailAndCorrectPassword" time="16.306" classname="com.edureka.registration.VerifyUserCannotLoggedInWithIncorrectEmailAndCorrectPassword"/>
  <testcase name="test_014serCannotLoggedInWithoutPassword" time="57.558" classname="com.edureka.registration.VerifyUserCannotLoggedInWithIncorrectEmailAndCorrectPassword"/>
  <testcase name="test_014LoginWithEmailAndWithoutPassword" time="38.157" classname="com.edureka.registration.LoginWithEmailAndWithoutPassword"/>
  <testcase name="test_015LoginWithoutEmail" time="9.33" classname="com.edureka.registration.LoginWithEmailAndWithoutPassword"/>
  <testcase name="test_016LoginWithoutEmailAndWithoutPassword" time="20.896" classname="com.edureka.registration.LoginWithEmailAndWithoutPassword"/>
  <testcase name="test_017LoginWithCorrectEmailAndIncorrectPassword" time="12.544" classname="com.edureka.registration.LoginWithEmailAndWithoutPassword"/>
  <testcase name="test_018LoginWithIncorrectEmailAndIncorrectPassword" time="10.474" classname="com.edureka.registration.LoginWithEmailAndWithoutPassword"/>
  <testcase name="test_036ClickPasswordResetAndDontResetPassword" time="124.866" classname="com.edureka.registration.ClickPasswordResetAndDontResetPassword"/>
  <testcase name="test_022ValidationOnForgotPasswordLinkWhenEmailIsBlank" time="8.477" classname="com.edureka.registration.ValidationOnForgotPasswordLinkWhenEmailInBlank"/>
  <testcase name="test_023ValidationOnForgotPasswordLinkWhenEmailNotRegistered" time="22.708" classname="com.edureka.registration.ValidationOnForgotPasswordLinkWhenEmailInBlank"/>
  <testcase name="test_021VerifyForgotPasswordFeatureIsWorking" time="10.531" classname="com.edureka.registration.ValidationOnForgotPasswordLinkWhenEmailInBlank"/>
  <testcase name="test_024VerificationAndPasswordFieldShowAfterVerificationCodeSent" time="0.358" classname="com.edureka.registration.ValidationOnForgotPasswordLinkWhenEmailInBlank"/>
  <testcase name="test_028VerifyResendOfVerificationCodeFunctionality" time="0.809" classname="com.edureka.registration.ValidationOnForgotPasswordLinkWhenEmailInBlank"/>
  <testcase name="test_032VerifySupportEmailLink" time="0.043" classname="com.edureka.registration.ValidationOnForgotPasswordLinkWhenEmailInBlank"/>
  <testcase name="test_38VerifyErrorMessageInRedAndSuccessMessageInGreen" time="12.73" classname="com.edureka.registration.ValidationOnForgotPasswordLinkWhenEmailInBlank"/>
  <testcase name="test_30VerifyShowFuncationlityForNewPassword" time="1.856" classname="com.edureka.registration.ValidationOnForgotPasswordLinkWhenEmailInBlank"/>
  <testcase name="test_20VerifyErrorForWrongExistingPasswordAndCorrectNewPassword" time="28.478" classname="com.edureka.registration.VerifyUserAbleToSuccessfullyChangeThePassword"/>
  <testcase name="test_019VerifyUserAbleToSuccessfullyChangeThePassword" time="2.963" classname="com.edureka.registration.VerifyUserAbleToSuccessfullyChangeThePassword"/>
  <testcase name="test_033VerifySignupShouldAllowWithSameIdUsedInInquiry" time="844.452" classname="com.edureka.registration.VerifySignupShouldAllowWithSameIdUsedInInquiry">
    <failure type="java.lang.AssertionError" message="expected [true] but found [false]">
      <![CDATA[java.lang.AssertionError: expected [true] but found [false]
	at com.edureka.pages.SelectedCoursePage.verifySumbitInquiry(SelectedCoursePage.java:104)
	at com.edureka.registration.VerifySignupShouldAllowWithSameIdUsedInInquiry.test_033VerifySignupShouldAllowWithSameIdUsedInInquiry(VerifySignupShouldAllowWithSameIdUsedInInquiry.java:44)
... Removed 27 stack frames]]>
    </failure>
  </testcase> <!-- test_033VerifySignupShouldAllowWithSameIdUsedInInquiry -->
  <testcase name="test_CreateUserForForgotPassword" time="23.366" classname="com.edureka.registration.CreateUserForForgotPassword">
    <failure type="org.openqa.selenium.ElementNotVisibleException" message="Element is not currently visible and so may not be interacted with
Command duration or timeout: 9 milliseconds
Build info: version: &amp;apos;2.48.1&amp;apos;, revision: &amp;apos;d80083d&amp;apos;, time: &amp;apos;2015-10-08 21:11:00&amp;apos;
System info: host: &amp;apos;360LP042&amp;apos;, ip: &amp;apos;192.168.3.81&amp;apos;, os.name: &amp;apos;Windows 7&amp;apos;, os.arch: &amp;apos;amd64&amp;apos;, os.version: &amp;apos;6.1&amp;apos;, java.version: &amp;apos;1.8.0_91&amp;apos;
Driver info: org.openqa.selenium.firefox.FirefoxDriver
Capabilities [{applicationCacheEnabled=true, rotatable=false, handlesAlerts=true, databaseEnabled=true, version=43.0.1, platform=WINDOWS, nativeEvents=false, acceptSslCerts=true, webStorageEnabled=true, locationContextEnabled=true, browserName=firefox, takesScreenshot=true, javascriptEnabled=true, cssSelectorsEnabled=true}]
Session ID: d35f026e-d0cd-4629-b3b4-d6f05391cb28">
      <![CDATA[org.openqa.selenium.ElementNotVisibleException: Element is not currently visible and so may not be interacted with
Command duration or timeout: 9 milliseconds
Build info: version: '2.48.1', revision: 'd80083d', time: '2015-10-08 21:11:00'
System info: host: '360LP042', ip: '192.168.3.81', os.name: 'Windows 7', os.arch: 'amd64', os.version: '6.1', java.version: '1.8.0_91'
Driver info: org.openqa.selenium.firefox.FirefoxDriver
Capabilities [{applicationCacheEnabled=true, rotatable=false, handlesAlerts=true, databaseEnabled=true, version=43.0.1, platform=WINDOWS, nativeEvents=false, acceptSslCerts=true, webStorageEnabled=true, locationContextEnabled=true, browserName=firefox, takesScreenshot=true, javascriptEnabled=true, cssSelectorsEnabled=true}]
Session ID: d35f026e-d0cd-4629-b3b4-d6f05391cb28
	at org.openqa.selenium.remote.ErrorHandler.createThrowable(ErrorHandler.java:206)
	at org.openqa.selenium.remote.ErrorHandler.throwIfResponseFailed(ErrorHandler.java:158)
	at org.openqa.selenium.remote.RemoteWebDriver.execute(RemoteWebDriver.java:647)
	at org.openqa.selenium.remote.RemoteWebElement.execute(RemoteWebElement.java:326)
	at org.openqa.selenium.remote.RemoteWebElement.clear(RemoteWebElement.java:139)
	at com.edureka.util.DriverHelper.sendKeys(DriverHelper.java:328)
	at com.edureka.pages.SignInModalPage.signUp(SignInModalPage.java:46)
	at com.edureka.registration.CreateUserForForgotPassword.test_CreateUserForForgotPassword(CreateUserForForgotPassword.java:42)
Caused by: org.openqa.selenium.ElementNotVisibleException: Element is not currently visible and so may not be interacted with
Build info: version: '2.48.1', revision: 'd80083d', time: '2015-10-08 21:11:00'
System info: host: '360LP042', ip: '192.168.3.81', os.name: 'Windows 7', os.arch: 'amd64', os.version: '6.1', java.version: '1.8.0_91'
Driver info: driver.version: unknown
	at <anonymous class>.fxdriver.preconditions.visible(file:///C:/Users/brajrajs/AppData/Local/Temp/anonymous1836776505570173165webdriver-profile/extensions/fxdriver@googlecode.com/components/command-processor.js:9981)
	at <anonymous class>.DelayedCommand.prototype.checkPreconditions_(file:///C:/Users/brajrajs/AppData/Local/Temp/anonymous1836776505570173165webdriver-profile/extensions/fxdriver@googlecode.com/components/command-processor.js:12517)
	at <anonymous class>.DelayedCommand.prototype.executeInternal_/h(file:///C:/Users/brajrajs/AppData/Local/Temp/anonymous1836776505570173165webdriver-profile/extensions/fxdriver@googlecode.com/components/command-processor.js:12534)
	at <anonymous class>.DelayedCommand.prototype.executeInternal_(file:///C:/Users/brajrajs/AppData/Local/Temp/anonymous1836776505570173165webdriver-profile/extensions/fxdriver@googlecode.com/components/command-processor.js:12539)
	at <anonymous class>.DelayedCommand.prototype.execute/<(file:///C:/Users/brajrajs/AppData/Local/Temp/anonymous1836776505570173165webdriver-profile/extensions/fxdriver@googlecode.com/components/command-processor.js:12481)
... Removed 27 stack frames]]>
    </failure>
  </testcase> <!-- test_CreateUserForForgotPassword -->
  <testcase name="test_025VerifySubjectLineOfVerification" time="73.626" classname="com.edureka.registration.VerifySubjectLineOfVerification">
    <failure type="java.lang.AssertionError" message="expected [true] but found [false]">
      <![CDATA[java.lang.AssertionError: expected [true] but found [false]
	at com.edureka.pages.SignInModalPage.verifySuccessMsgForCode(SignInModalPage.java:358)
	at com.edureka.registration.VerifySubjectLineOfVerification.test_025VerifySubjectLineOfVerification(VerifySubjectLineOfVerification.java:54)
... Removed 27 stack frames]]>
    </failure>
  </testcase> <!-- test_025VerifySubjectLineOfVerification -->
  <testcase name="test_027VerifyErrorMsgForIncorrectVeirficationCode" time="0.0" classname="com.edureka.registration.VerifySubjectLineOfVerification">
    <skipped/>
  </testcase> <!-- test_027VerifyErrorMsgForIncorrectVeirficationCode -->
  <testcase name="test_029VerifyNewPasswordShouldNotBeLessThan8Characters" time="0.0" classname="com.edureka.registration.VerifySubjectLineOfVerification">
    <skipped/>
  </testcase> <!-- test_029VerifyNewPasswordShouldNotBeLessThan8Characters -->
  <testcase name="test_026VerifyCorrectVerificationCode" time="0.0" classname="com.edureka.registration.VerifySubjectLineOfVerification">
    <skipped/>
  </testcase> <!-- test_026VerifyCorrectVerificationCode -->
  <testcase name="test_031VerifyCompleteForgotPasswordFunctionality" time="0.0" classname="com.edureka.registration.VerifySubjectLineOfVerification">
    <skipped/>
  </testcase> <!-- test_031VerifyCompleteForgotPasswordFunctionality -->
</testsuite> <!-- TestSuiteRegistrationProcess -->
