<html>
<head>
<title>TestNG:  Default test</title>
<link href="../testng.css" rel="stylesheet" type="text/css" />
<link href="../my-testng.css" rel="stylesheet" type="text/css" />

<style type="text/css">
.log { display: none;} 
.stack-trace { display: none;} 
</style>
<script type="text/javascript">
<!--
function flip(e) {
  current = e.style.display;
  if (current == 'block') {
    e.style.display = 'none';
    return 0;
  }
  else {
    e.style.display = 'block';
    return 1;
  }
}

function toggleBox(szDivId, elem, msg1, msg2)
{
  var res = -1;  if (document.getElementById) {
    res = flip(document.getElementById(szDivId));
  }
  else if (document.all) {
    // this is the way old msie versions work
    res = flip(document.all[szDivId]);
  }
  if(elem) {
    if(res == 0) elem.innerHTML = msg1; else elem.innerHTML = msg2;
  }

}

function toggleAllBoxes() {
  if (document.getElementsByTagName) {
    d = document.getElementsByTagName('div');
    for (i = 0; i < d.length; i++) {
      if (d[i].className == 'log') {
        flip(d[i]);
      }
    }
  }
}

// -->
</script>

</head>
<body>
<h2 align='center'>Default test</h2><table border='1' align="center">
<tr>
<td>Tests passed/Failed/Skipped:</td><td>2/1/1</td>
</tr><tr>
<td>Started on:</td><td>Fri Feb 03 17:37:00 IST 2017</td>
</tr>
<tr><td>Total time:</td><td>408 seconds (408182 ms)</td>
</tr><tr>
<td>Included groups:</td><td></td>
</tr><tr>
<td>Excluded groups:</td><td></td>
</tr>
</table><p/>
<small><i>(Hover the method name to see the test class name)</i></small><p/>
<table width='100%' border='1' class='invocation-failed'>
<tr><td colspan='4' align='center'><b>FAILED TESTS</b></td></tr>
<tr><td><b>Test method</b></td>
<td width="30%"><b>Exception</b></td>
<td width="10%"><b>Time (seconds)</b></td>
<td><b>Instance</b></td>
</tr>
<tr>
<td title='com.edureka.referralProcess.VerifyReferringFlow.test_003VerifyEarningCredtiPoints()'><b>test_003VerifyEarningCredtiPoints</b><br>Test class: com.edureka.referralProcess.VerifyReferringFlow<br/>
<a href="#Output-43623380" onClick='toggleBox("Output-43623380", this, "Show output", "Hide output");'>Show output</a>

<a href="#Output-43623380" onClick="toggleAllBoxes();">Show all outputs</a>
<div class='log' id="Output-43623380">
Click on SignIn Navigation header<br><br/>
Verify LogIn Is Default<br><br/>
Login user A<br><br/>
Verify User Page<br><br/>
<a href= 'file:///home/logica/Desktop/test_workspace/Edureka_Automation/screenshots/test_003VerifyEarningCredtiPoints2017-02-03.jpg'target='_blank' ><img src='file:///home/logica/Desktop/test_workspace/Edureka_Automation/screenshots/test_003VerifyEarningCredtiPoints2017-02-03.jpg' height="42" width="42" >test_003VerifyEarningCredtiPoints2017-02-03</a><br/>
</div>
</td>
<td><div><pre>org.openqa.selenium.NoSuchElementException: Unable to locate element: {&quot;method&quot;:&quot;xpath&quot;,&quot;selector&quot;:&quot;//span[@class=&apos;webinar-profile-name&apos;]&quot;}
Command duration or timeout: 17 milliseconds
For documentation on this error, please visit: http://seleniumhq.org/exceptions/no_such_element.html
Build info: version: &apos;2.48.1&apos;, revision: &apos;d80083d&apos;, time: &apos;2015-10-08 21:11:00&apos;
System info: host: &apos;360pc011&apos;, ip: &apos;127.0.1.1&apos;, os.name: &apos;Linux&apos;, os.arch: &apos;amd64&apos;, os.version: &apos;4.2.0-27-generic&apos;, java.version: &apos;1.7.0_111&apos;
*** Element info: {Using=xpath, value=//span[@class=&apos;webinar-profile-name&apos;]}
Session ID: 32fdd595-b4cd-48f9-8b6e-f9e7cefd2734
Driver info: org.openqa.selenium.firefox.FirefoxDriver
Capabilities [{platform=LINUX, acceptSslCerts=true, javascriptEnabled=true, cssSelectorsEnabled=true, databaseEnabled=true, browserName=firefox, handlesAlerts=true, nativeEvents=false, webStorageEnabled=true, rotatable=false, locationContextEnabled=true, applicationCacheEnabled=true, takesScreenshot=true, version=41.0.2}]
	at sun.reflect.GeneratedConstructorAccessor24.newInstance(Unknown Source)
	at sun.reflect.DelegatingConstructorAccessorImpl.newInstance(DelegatingConstructorAccessorImpl.java:45)
	at java.lang.reflect.Constructor.newInstance(Constructor.java:526)
	at org.openqa.selenium.remote.ErrorHandler.createThrowable(ErrorHandler.java:206)
	at org.openqa.selenium.remote.ErrorHandler.throwIfResponseFailed(ErrorHandler.java:158)
	at org.openqa.selenium.remote.RemoteWebDriver.execute(RemoteWebDriver.java:647)
	at org.openqa.selenium.remote.RemoteWebDriver.findElement(RemoteWebDriver.java:353)
	at org.openqa.selenium.remote.RemoteWebDriver.findElementByXPath(RemoteWebDriver.java:490)
	at org.openqa.selenium.By$ByXPath.findElement(By.java:361)
	at org.openqa.selenium.remote.RemoteWebDriver.findElement(RemoteWebDriver.java:345)
	at com.edureka.pages.UserHomePage.verifyUserPage(UserHomePage.java:36)
	at com.edureka.referralProcess.VerifyReferringFlow.test_003VerifyEarningCredtiPoints(VerifyReferringFlow.java:377)
	at sun.reflect.NativeMethodAccessorImpl.invoke0(Native Method)
	at sun.reflect.NativeMethodAccessorImpl.invoke(NativeMethodAccessorImpl.java:57)
	at sun.reflect.DelegatingMethodAccessorImpl.invoke(DelegatingMethodAccessorImpl.java:43)
	at java.lang.reflect.Method.invoke(Method.java:606)
	at org.testng.internal.MethodInvocationHelper.invokeMethod(MethodInvocationHelper.java:85)
	at org.testng.internal.Invoker.invokeMethod(Invoker.java:639)
	at org.testng.internal.Invoker.invokeTestMethod(Invoker.java:821)
	at org.testng.internal.Invoker.invokeTestMethods(Invoker.java:1131)
	at org.testng.internal.TestMethodWorker.invokeTestMethods(TestMethodWorker.java:124)
	at org.testng.internal.TestMethodWorker.run(TestMethodWorker.java:108)
	at org.testng.TestRunner.privateRun(TestRunner.java:773)
	at org.testng.TestRunner.run(TestRunner.java:623)
	at org.testng.SuiteRunner.runTest(SuiteRunner.java:357)
	at org.testng.SuiteRunner.runSequentially(SuiteRunner.java:352)
	at org.testng.SuiteRunner.privateRun(SuiteRunner.java:310)
	at org.testng.SuiteRunner.run(SuiteRunner.java:259)
	at org.testng.SuiteRunnerWorker.runSuite(SuiteRunnerWorker.java:52)
	at org.testng.SuiteRunnerWorker.run(SuiteRunnerWorker.java:86)
	at org.testng.TestNG.runSuitesSequentially(TestNG.java:1185)
	at org.testng.TestNG.runSuitesLocally(TestNG.java:1110)
	at org.testng.TestNG.run(TestNG.java:1018)
	at org.testng.remote.AbstractRemoteTestNG.run(AbstractRemoteTestNG.java:126)
	at org.testng.remote.RemoteTestNG.initAndRun(RemoteTestNG.java:152)
	at org.testng.remote.RemoteTestNG.main(RemoteTestNG.java:57)
Caused by: org.openqa.selenium.NoSuchElementException: Unable to locate element: {&quot;method&quot;:&quot;xpath&quot;,&quot;selector&quot;:&quot;//span[@class=&apos;webinar-profile-name&apos;]&quot;}
For documentation on this error, please visit: http://seleniumhq.org/exceptions/no_such_element.html
Build info: version: &apos;2.48.1&apos;, revision: &apos;d80083d&apos;, time: &apos;2015-10-08 21:11:00&apos;
System info: host: &apos;360pc011&apos;, ip: &apos;127.0.1.1&apos;, os.name: &apos;Linux&apos;, os.arch: &apos;amd64&apos;, os.version: &apos;4.2.0-27-generic&apos;, java.version: &apos;1.7.0_111&apos;
Driver info: driver.version: unknown
	at &lt;anonymous class&gt;.FirefoxDriver.prototype.findElementInternal_(file:///tmp/anonymous3053520068614860405webdriver-profile/extensions/fxdriver@googlecode.com/components/driver-component.js:10659)
	at &lt;anonymous class&gt;.FirefoxDriver.prototype.findElement(file:///tmp/anonymous3053520068614860405webdriver-profile/extensions/fxdriver@googlecode.com/components/driver-component.js:10668)
	at &lt;anonymous class&gt;.DelayedCommand.prototype.executeInternal_/h(file:///tmp/anonymous3053520068614860405webdriver-profile/extensions/fxdriver@googlecode.com/components/command-processor.js:12534)
	at &lt;anonymous class&gt;.DelayedCommand.prototype.executeInternal_(file:///tmp/anonymous3053520068614860405webdriver-profile/extensions/fxdriver@googlecode.com/components/command-processor.js:12539)
	at &lt;anonymous class&gt;.DelayedCommand.prototype.execute/&lt;(file:///tmp/anonymous3053520068614860405webdriver-profile/extensions/fxdriver@googlecode.com/components/command-processor.js:12481)
</pre></div><a href='#' onClick='toggleBox("stack-trace43623380", this, "Click to show all stack frames", "Click to hide stack frames")'>Click to show all stack frames</a>
<div class='stack-trace' id='stack-trace43623380'><pre>org.openqa.selenium.NoSuchElementException: Unable to locate element: {&quot;method&quot;:&quot;xpath&quot;,&quot;selector&quot;:&quot;//span[@class=&apos;webinar-profile-name&apos;]&quot;}
Command duration or timeout: 17 milliseconds
For documentation on this error, please visit: http://seleniumhq.org/exceptions/no_such_element.html
Build info: version: &apos;2.48.1&apos;, revision: &apos;d80083d&apos;, time: &apos;2015-10-08 21:11:00&apos;
System info: host: &apos;360pc011&apos;, ip: &apos;127.0.1.1&apos;, os.name: &apos;Linux&apos;, os.arch: &apos;amd64&apos;, os.version: &apos;4.2.0-27-generic&apos;, java.version: &apos;1.7.0_111&apos;
*** Element info: {Using=xpath, value=//span[@class=&apos;webinar-profile-name&apos;]}
Session ID: 32fdd595-b4cd-48f9-8b6e-f9e7cefd2734
Driver info: org.openqa.selenium.firefox.FirefoxDriver
Capabilities [{platform=LINUX, acceptSslCerts=true, javascriptEnabled=true, cssSelectorsEnabled=true, databaseEnabled=true, browserName=firefox, handlesAlerts=true, nativeEvents=false, webStorageEnabled=true, rotatable=false, locationContextEnabled=true, applicationCacheEnabled=true, takesScreenshot=true, version=41.0.2}]
	at sun.reflect.GeneratedConstructorAccessor24.newInstance(Unknown Source)
	at sun.reflect.DelegatingConstructorAccessorImpl.newInstance(DelegatingConstructorAccessorImpl.java:45)
	at java.lang.reflect.Constructor.newInstance(Constructor.java:526)
	at org.openqa.selenium.remote.ErrorHandler.createThrowable(ErrorHandler.java:206)
	at org.openqa.selenium.remote.ErrorHandler.throwIfResponseFailed(ErrorHandler.java:158)
	at org.openqa.selenium.remote.RemoteWebDriver.execute(RemoteWebDriver.java:647)
	at org.openqa.selenium.remote.RemoteWebDriver.findElement(RemoteWebDriver.java:353)
	at org.openqa.selenium.remote.RemoteWebDriver.findElementByXPath(RemoteWebDriver.java:490)
	at org.openqa.selenium.By$ByXPath.findElement(By.java:361)
	at org.openqa.selenium.remote.RemoteWebDriver.findElement(RemoteWebDriver.java:345)
	at com.edureka.pages.UserHomePage.verifyUserPage(UserHomePage.java:36)
	at com.edureka.referralProcess.VerifyReferringFlow.test_003VerifyEarningCredtiPoints(VerifyReferringFlow.java:377)
	at sun.reflect.NativeMethodAccessorImpl.invoke0(Native Method)
	at sun.reflect.NativeMethodAccessorImpl.invoke(NativeMethodAccessorImpl.java:57)
	at sun.reflect.DelegatingMethodAccessorImpl.invoke(DelegatingMethodAccessorImpl.java:43)
	at java.lang.reflect.Method.invoke(Method.java:606)
	at org.testng.internal.MethodInvocationHelper.invokeMethod(MethodInvocationHelper.java:85)
	at org.testng.internal.Invoker.invokeMethod(Invoker.java:639)
	at org.testng.internal.Invoker.invokeTestMethod(Invoker.java:821)
	at org.testng.internal.Invoker.invokeTestMethods(Invoker.java:1131)
	at org.testng.internal.TestMethodWorker.invokeTestMethods(TestMethodWorker.java:124)
	at org.testng.internal.TestMethodWorker.run(TestMethodWorker.java:108)
	at org.testng.TestRunner.privateRun(TestRunner.java:773)
	at org.testng.TestRunner.run(TestRunner.java:623)
	at org.testng.SuiteRunner.runTest(SuiteRunner.java:357)
	at org.testng.SuiteRunner.runSequentially(SuiteRunner.java:352)
	at org.testng.SuiteRunner.privateRun(SuiteRunner.java:310)
	at org.testng.SuiteRunner.run(SuiteRunner.java:259)
	at org.testng.SuiteRunnerWorker.runSuite(SuiteRunnerWorker.java:52)
	at org.testng.SuiteRunnerWorker.run(SuiteRunnerWorker.java:86)
	at org.testng.TestNG.runSuitesSequentially(TestNG.java:1185)
	at org.testng.TestNG.runSuitesLocally(TestNG.java:1110)
	at org.testng.TestNG.run(TestNG.java:1018)
	at org.testng.remote.AbstractRemoteTestNG.run(AbstractRemoteTestNG.java:126)
	at org.testng.remote.RemoteTestNG.initAndRun(RemoteTestNG.java:152)
	at org.testng.remote.RemoteTestNG.main(RemoteTestNG.java:57)
Caused by: org.openqa.selenium.NoSuchElementException: Unable to locate element: {&quot;method&quot;:&quot;xpath&quot;,&quot;selector&quot;:&quot;//span[@class=&apos;webinar-profile-name&apos;]&quot;}
For documentation on this error, please visit: http://seleniumhq.org/exceptions/no_such_element.html
Build info: version: &apos;2.48.1&apos;, revision: &apos;d80083d&apos;, time: &apos;2015-10-08 21:11:00&apos;
System info: host: &apos;360pc011&apos;, ip: &apos;127.0.1.1&apos;, os.name: &apos;Linux&apos;, os.arch: &apos;amd64&apos;, os.version: &apos;4.2.0-27-generic&apos;, java.version: &apos;1.7.0_111&apos;
Driver info: driver.version: unknown
	at &lt;anonymous class&gt;.FirefoxDriver.prototype.findElementInternal_(file:///tmp/anonymous3053520068614860405webdriver-profile/extensions/fxdriver@googlecode.com/components/driver-component.js:10659)
	at &lt;anonymous class&gt;.FirefoxDriver.prototype.findElement(file:///tmp/anonymous3053520068614860405webdriver-profile/extensions/fxdriver@googlecode.com/components/driver-component.js:10668)
	at &lt;anonymous class&gt;.DelayedCommand.prototype.executeInternal_/h(file:///tmp/anonymous3053520068614860405webdriver-profile/extensions/fxdriver@googlecode.com/components/command-processor.js:12534)
	at &lt;anonymous class&gt;.DelayedCommand.prototype.executeInternal_(file:///tmp/anonymous3053520068614860405webdriver-profile/extensions/fxdriver@googlecode.com/components/command-processor.js:12539)
	at &lt;anonymous class&gt;.DelayedCommand.prototype.execute/&lt;(file:///tmp/anonymous3053520068614860405webdriver-profile/extensions/fxdriver@googlecode.com/components/command-processor.js:12481)
</pre></div></td>
<td>22</td>
<td>com.edureka.referralProcess.VerifyReferringFlow@691574db</td></tr>
</table><p>
<table width='100%' border='1' class='invocation-passed'>
<tr><td colspan='4' align='center'><b>PASSED TESTS</b></td></tr>
<tr><td><b>Test method</b></td>
<td width="30%"><b>Exception</b></td>
<td width="10%"><b>Time (seconds)</b></td>
<td><b>Instance</b></td>
</tr>
<tr>
<td title='com.edureka.referralProcess.VerifyReferringFlow.test_001VerifyRefferringFlow()'><b>test_001VerifyRefferringFlow</b><br>Test class: com.edureka.referralProcess.VerifyReferringFlow<br/>
<a href="#Output-572948923" onClick='toggleBox("Output-572948923", this, "Show output", "Hide output");'>Show output</a>

<a href="#Output-572948923" onClick="toggleAllBoxes();">Show all outputs</a>
<div class='log' id="Output-572948923">
Navigate to the Edureka application url<br><br/>
Verify Edureka Dashboard Page<br><br/>
Click on SignIn Navigation header<br><br/>
Verify LogIn Is Default<br><br/>
click on Sign up link<br><br/>
Sign up user<br><br/>
Verify User Home Page<br><br/>
Select Course Big Data Hadoop<br><br/>
Verify Selected course should be open<br><br/>
Click on Enroll Button<br><br/>
Verify Data in User table<br><br/>
Verify Order Summary Page<br><br/>
Select currecntINR from currnecy table<br><br/>
Click on Razor pay securely button<br><br/>
Verify Razor page<br><br/>
Click on Net Banking tab<br><br/>
Select BankSBI from bank table <br><br/>
Click on pay button<br><br/>
Get Parent Window ID<br><br/>
Switch Child Window and Click on Succss button<br><br/>
Switch to Parent Window and verify my Profile page<br><br/>
Verify payment success message 'Thank you for making payment !'<br><br/>
Click on Referral Tab<br><br/>
Click on Refer Friend button<br><br/>
Enter email IEN@tech.edureka.in<br><br/>
Copy Referral Link https://goo.gl/uLsr28<br><br/>
Verify Success Message for sent refferral mail<br><br/>
Close Refer pop up<br><br/>
Get Page url: http://ecomqa.edureka.in/my-profile/166<br><br/>
Database verification for Referral Process<br><br/>
Click on Profile Dropdown<br><br/>
Logout from the application.<br><br/>
Verify Dashboard<br><br/>
Navigate to the https://goo.gl/uLsr28<br><br/>
</div>
</td>
<td></td>
<td>125</td>
<td>com.edureka.referralProcess.VerifyReferringFlow@691574db</td></tr>
<tr>
<td title='com.edureka.referralProcess.VerifyReferringFlow.test_002RefferralActivities()'><b>test_002RefferralActivities</b><br>Test class: com.edureka.referralProcess.VerifyReferringFlow<br/>
<a href="#Output-1476639692" onClick='toggleBox("Output-1476639692", this, "Show output", "Hide output");'>Show output</a>

<a href="#Output-1476639692" onClick="toggleAllBoxes();">Show all outputs</a>
<div class='log' id="Output-1476639692">
Click on SignIn Navigation header<br><br/>
Verify LogIn Is Default<br><br/>
click on Sign up link<br><br/>
Sign up user B who is refferrad by A in TC_001<br><br/>
Click on Sign create Account button<br><br/>
Select Course Big Data Hadoop<br><br/>
Verify Selected course should be open<br><br/>
Verify Data in User table<br><br/>
Click on Enroll Button<br><br/>
Verify Order Summary Page<br><br/>
Select currecntINR from currnecy table<br><br/>
Click on Razor pay securely button<br><br/>
Verify Razor page<br><br/>
Click on Net Banking tab<br><br/>
Select BankSBI from bank table <br><br/>
Click on pay button<br><br/>
Get Parent Window ID<br><br/>
Switch Child Window and Click on Succss button<br><br/>
Switch to Parent Window and verify my Profile page<br><br/>
Verify payment success message 'Thank you for making payment !'<br><br/>
Click on Referral Tab<br><br/>
Click on Refer Friend button<br><br/>
Copy Referral Link https://goo.gl/iklukA<br><br/>
Close Refer pop up<br><br/>
Database verification for referres user<br><br/>
Click on Profile Dropdown<br><br/>
Logout from the application.<br><br/>
Verify Dashboard<br><br/>
</div>
</td>
<td></td>
<td>258</td>
<td>com.edureka.referralProcess.VerifyReferringFlow@691574db</td></tr>
</table><p>
<table width='100%' border='1' class='invocation-skipped'>
<tr><td colspan='4' align='center'><b>SKIPPED TESTS</b></td></tr>
<tr><td><b>Test method</b></td>
<td width="30%"><b>Exception</b></td>
<td width="10%"><b>Time (seconds)</b></td>
<td><b>Instance</b></td>
</tr>
<tr>
<td title='com.edureka.referralProcess.VerifyReferringFlow.test_005VrifyRedemptionOFCreditPoints()'><b>test_005VrifyRedemptionOFCreditPoints</b><br>Test class: com.edureka.referralProcess.VerifyReferringFlow</td>
<td><div><pre>java.lang.Throwable: Method VerifyReferringFlow.test_005VrifyRedemptionOFCreditPoints()[pri:0, instance:com.edureka.referralProcess.VerifyReferringFlow@691574db] depends on not successfully finished methods
	at org.testng.internal.Invoker.invokeTestMethods(Invoker.java:1040)
	at org.testng.internal.TestMethodWorker.invokeTestMethods(TestMethodWorker.java:124)
	at org.testng.internal.TestMethodWorker.run(TestMethodWorker.java:108)
	at org.testng.TestRunner.privateRun(TestRunner.java:773)
	at org.testng.TestRunner.run(TestRunner.java:623)
	at org.testng.SuiteRunner.runTest(SuiteRunner.java:357)
	at org.testng.SuiteRunner.runSequentially(SuiteRunner.java:352)
	at org.testng.SuiteRunner.privateRun(SuiteRunner.java:310)
	at org.testng.SuiteRunner.run(SuiteRunner.java:259)
	at org.testng.SuiteRunnerWorker.runSuite(SuiteRunnerWorker.java:52)
	at org.testng.SuiteRunnerWorker.run(SuiteRunnerWorker.java:86)
	at org.testng.TestNG.runSuitesSequentially(TestNG.java:1185)
	at org.testng.TestNG.runSuitesLocally(TestNG.java:1110)
	at org.testng.TestNG.run(TestNG.java:1018)
	at org.testng.remote.AbstractRemoteTestNG.run(AbstractRemoteTestNG.java:126)
	at org.testng.remote.RemoteTestNG.initAndRun(RemoteTestNG.java:152)
	at org.testng.remote.RemoteTestNG.main(RemoteTestNG.java:57)
</pre></div><a href='#' onClick='toggleBox("stack-trace35706172", this, "Click to show all stack frames", "Click to hide stack frames")'>Click to show all stack frames</a>
<div class='stack-trace' id='stack-trace35706172'><pre>java.lang.Throwable: Method VerifyReferringFlow.test_005VrifyRedemptionOFCreditPoints()[pri:0, instance:com.edureka.referralProcess.VerifyReferringFlow@691574db] depends on not successfully finished methods
	at org.testng.internal.Invoker.invokeTestMethods(Invoker.java:1040)
	at org.testng.internal.TestMethodWorker.invokeTestMethods(TestMethodWorker.java:124)
	at org.testng.internal.TestMethodWorker.run(TestMethodWorker.java:108)
	at org.testng.TestRunner.privateRun(TestRunner.java:773)
	at org.testng.TestRunner.run(TestRunner.java:623)
	at org.testng.SuiteRunner.runTest(SuiteRunner.java:357)
	at org.testng.SuiteRunner.runSequentially(SuiteRunner.java:352)
	at org.testng.SuiteRunner.privateRun(SuiteRunner.java:310)
	at org.testng.SuiteRunner.run(SuiteRunner.java:259)
	at org.testng.SuiteRunnerWorker.runSuite(SuiteRunnerWorker.java:52)
	at org.testng.SuiteRunnerWorker.run(SuiteRunnerWorker.java:86)
	at org.testng.TestNG.runSuitesSequentially(TestNG.java:1185)
	at org.testng.TestNG.runSuitesLocally(TestNG.java:1110)
	at org.testng.TestNG.run(TestNG.java:1018)
	at org.testng.remote.AbstractRemoteTestNG.run(AbstractRemoteTestNG.java:126)
	at org.testng.remote.RemoteTestNG.initAndRun(RemoteTestNG.java:152)
	at org.testng.remote.RemoteTestNG.main(RemoteTestNG.java:57)
</pre></div></td>
<td>0</td>
<td>null</td></tr>
</table><p>
</body>
</html>