<?xml version="1.0" encoding="UTF-8"?>
<!-- Generated by org.testng.reporters.JUnitXMLReporter -->
<testsuite hostname="360LP048" name="VerifyFriendsReferredInsideReferralTab" tests="2" failures="1" timestamp="8 Oct 2016 07:47:27 GMT" time="277.276" errors="0">
  <testcase name="test_013VerifyFriendsReferredInsideReferralTab" time="163.898" classname="com.edureka.referralProcess.VerifyFriendsReferredInsideReferralTab"/>
  <testcase name="test_014VerifyValueOfEnrolmentsNumberInsideReferral" time="101.364" classname="com.edureka.referralProcess.VerifyFriendsReferredInsideReferralTab">
    <failure type="org.openqa.selenium.ElementNotVisibleException" message="Element is not currently visible and so may not be interacted with
Command duration or timeout: 21 milliseconds
Build info: version: &amp;apos;2.48.1&amp;apos;, revision: &amp;apos;d80083d&amp;apos;, time: &amp;apos;2015-10-08 21:11:00&amp;apos;
System info: host: &amp;apos;360LP048&amp;apos;, ip: &amp;apos;192.168.10.26&amp;apos;, os.name: &amp;apos;Windows 7&amp;apos;, os.arch: &amp;apos;amd64&amp;apos;, os.version: &amp;apos;6.1&amp;apos;, java.version: &amp;apos;1.8.0_91&amp;apos;
Driver info: org.openqa.selenium.firefox.FirefoxDriver
Capabilities [{applicationCacheEnabled=true, rotatable=false, handlesAlerts=true, databaseEnabled=true, version=43.0.4, platform=WINDOWS, nativeEvents=false, acceptSslCerts=true, webStorageEnabled=true, locationContextEnabled=true, browserName=firefox, takesScreenshot=true, javascriptEnabled=true, cssSelectorsEnabled=true}]
Session ID: e70097a6-8d07-49ba-9eb1-3c5550b6b37f">
      <![CDATA[org.openqa.selenium.ElementNotVisibleException: Element is not currently visible and so may not be interacted with
Command duration or timeout: 21 milliseconds
Build info: version: '2.48.1', revision: 'd80083d', time: '2015-10-08 21:11:00'
System info: host: '360LP048', ip: '192.168.10.26', os.name: 'Windows 7', os.arch: 'amd64', os.version: '6.1', java.version: '1.8.0_91'
Driver info: org.openqa.selenium.firefox.FirefoxDriver
Capabilities [{applicationCacheEnabled=true, rotatable=false, handlesAlerts=true, databaseEnabled=true, version=43.0.4, platform=WINDOWS, nativeEvents=false, acceptSslCerts=true, webStorageEnabled=true, locationContextEnabled=true, browserName=firefox, takesScreenshot=true, javascriptEnabled=true, cssSelectorsEnabled=true}]
Session ID: e70097a6-8d07-49ba-9eb1-3c5550b6b37f
	at org.openqa.selenium.remote.ErrorHandler.createThrowable(ErrorHandler.java:206)
	at org.openqa.selenium.remote.ErrorHandler.throwIfResponseFailed(ErrorHandler.java:158)
	at org.openqa.selenium.remote.RemoteWebDriver.execute(RemoteWebDriver.java:647)
	at org.openqa.selenium.remote.RemoteWebElement.execute(RemoteWebElement.java:326)
	at org.openqa.selenium.remote.RemoteWebElement.clear(RemoteWebElement.java:139)
	at com.edureka.util.DriverHelper.sendKeys(DriverHelper.java:339)
	at com.edureka.pages.SignInModalPage.loginApp(SignInModalPage.java:81)
	at com.edureka.referralProcess.VerifyFriendsReferredInsideReferralTab.test_014VerifyValueOfEnrolmentsNumberInsideReferral(VerifyFriendsReferredInsideReferralTab.java:460)
Caused by: org.openqa.selenium.ElementNotVisibleException: Element is not currently visible and so may not be interacted with
Build info: version: '2.48.1', revision: 'd80083d', time: '2015-10-08 21:11:00'
System info: host: '360LP048', ip: '192.168.10.26', os.name: 'Windows 7', os.arch: 'amd64', os.version: '6.1', java.version: '1.8.0_91'
Driver info: driver.version: unknown
	at <anonymous class>.fxdriver.preconditions.visible(file:///C:/Users/ADMINI~1.360/AppData/Local/Temp/anonymous925410691619854109webdriver-profile/extensions/fxdriver@googlecode.com/components/command-processor.js:9981)
	at <anonymous class>.DelayedCommand.prototype.checkPreconditions_(file:///C:/Users/ADMINI~1.360/AppData/Local/Temp/anonymous925410691619854109webdriver-profile/extensions/fxdriver@googlecode.com/components/command-processor.js:12517)
	at <anonymous class>.DelayedCommand.prototype.executeInternal_/h(file:///C:/Users/ADMINI~1.360/AppData/Local/Temp/anonymous925410691619854109webdriver-profile/extensions/fxdriver@googlecode.com/components/command-processor.js:12534)
	at <anonymous class>.DelayedCommand.prototype.executeInternal_(file:///C:/Users/ADMINI~1.360/AppData/Local/Temp/anonymous925410691619854109webdriver-profile/extensions/fxdriver@googlecode.com/components/command-processor.js:12539)
	at <anonymous class>.DelayedCommand.prototype.execute/<(file:///C:/Users/ADMINI~1.360/AppData/Local/Temp/anonymous925410691619854109webdriver-profile/extensions/fxdriver@googlecode.com/components/command-processor.js:12481)
... Removed 27 stack frames]]>
    </failure>
  </testcase> <!-- test_014VerifyValueOfEnrolmentsNumberInsideReferral -->
</testsuite> <!-- VerifyFriendsReferredInsideReferralTab -->
