<html>
<head>
<title>TestNG:  VerifyOnlyEnrolledCourseIsShowInSelectedCourseDropdown</title>
<link href="../testng.css" rel="stylesheet" type="text/css" />
<link href="../my-testng.css" rel="stylesheet" type="text/css" />

<style type="text/css">
.log { display: none;} 
.stack-trace { display: none;} 
</style>
<script type="text/javascript">
<!--
function flip(e) {
  current = e.style.display;
  if (current == 'block') {
    e.style.display = 'none';
    return 0;
  }
  else {
    e.style.display = 'block';
    return 1;
  }
}

function toggleBox(szDivId, elem, msg1, msg2)
{
  var res = -1;  if (document.getElementById) {
    res = flip(document.getElementById(szDivId));
  }
  else if (document.all) {
    // this is the way old msie versions work
    res = flip(document.all[szDivId]);
  }
  if(elem) {
    if(res == 0) elem.innerHTML = msg1; else elem.innerHTML = msg2;
  }

}

function toggleAllBoxes() {
  if (document.getElementsByTagName) {
    d = document.getElementsByTagName('div');
    for (i = 0; i < d.length; i++) {
      if (d[i].className == 'log') {
        flip(d[i]);
      }
    }
  }
}

// -->
</script>

</head>
<body>
<h2 align='center'>VerifyOnlyEnrolledCourseIsShowInSelectedCourseDropdown</h2><table border='1' align="center">
<tr>
<td>Tests passed/Failed/Skipped:</td><td>0/1/2</td>
</tr><tr>
<td>Started on:</td><td>Thu Sep 08 14:50:37 IST 2016</td>
</tr>
<tr><td>Total time:</td><td>453 seconds (453350 ms)</td>
</tr><tr>
<td>Included groups:</td><td></td>
</tr><tr>
<td>Excluded groups:</td><td></td>
</tr>
</table><p/>
<small><i>(Hover the method name to see the test class name)</i></small><p/>
<table width='100%' border='1' class='invocation-failed'>
<tr><td colspan='4' align='center'><b>FAILED TESTS</b></td></tr>
<tr><td><b>Test method</b></td>
<td width="30%"><b>Exception</b></td>
<td width="10%"><b>Time (seconds)</b></td>
<td><b>Instance</b></td>
</tr>
<tr>
<td title='com.edureka.community.VerifyOnlyEnrolledCourseIsShowInSelectedCourseDropdown.test_003VerifyOnlyEnrolledCourseIsShowInSelectedCourseDropdown()'><b>test_003VerifyOnlyEnrolledCourseIsShowInSelectedCourseDropdown</b><br>Test class: com.edureka.community.VerifyOnlyEnrolledCourseIsShowInSelectedCourseDropdown<br/>
<a href="#Output-2143582219" onClick='toggleBox("Output-2143582219", this, "Show output", "Hide output");'>Show output</a>

<a href="#Output-2143582219" onClick="toggleAllBoxes();">Show all outputs</a>
<div class='log' id="Output-2143582219">
Navigate to the Edureka application url<br><br/>
Verify Edureka Dashboard Page<br><br/>
Click on SignIn Navigation header<br><br/>
Verify LogIn Is Default<br><br/>
click on Sign up link<br><br/>
Sign up user<br><br/>
Verify User Home Page<br><br/>
Select CourseBig Data Hadoop<br><br/>
Verify Selected course should be open<br><br/>
Click on Enroll Button<br><br/>
Verify Order Summary Page<br><br/>
Select currecntINR from currnecy table<br><br/>
verify Total amount<br><br/>
Click on Razor pay securely button<br><br/>
Verify Razor page<br><br/>
Click on Net Banking tab<br><br/>
Select BankSBI from bank table <br><br/>
Click on pay button<br><br/>
Get Parent Window ID<br><br/>
Switch Child Window and Click on Succss button<br><br/>
Switch to Parent Window and verify my Profile page<br><br/>
Verify payment success message 'Thank you for making payment !'<br><br/>
Select Forum from Community dropdown<br><br/>
Verify Forums page<br><br/>
</div>
</td>
<td><div><pre>java.lang.AssertionError: Element Locator ://input[@id=&apos;input&apos;] Not found expected [true] but found [false]
	at com.edureka.util.DriverHelper.getAttribute(DriverHelper.java:433)
	at com.edureka.pages.ForumsPage.verifyPage(ForumsPage.java:26)
	at com.edureka.community.VerifyOnlyEnrolledCourseIsShowInSelectedCourseDropdown.test_003VerifyOnlyEnrolledCourseIsShowInSelectedCourseDropdown(VerifyOnlyEnrolledCourseIsShowInSelectedCourseDropdown.java:136)
... Removed 26 stack frames</pre></div><a href='#' onClick='toggleBox("stack-trace2143582219", this, "Click to show all stack frames", "Click to hide stack frames")'>Click to show all stack frames</a>
<div class='stack-trace' id='stack-trace2143582219'><pre>java.lang.AssertionError: Element Locator ://input[@id=&apos;input&apos;] Not found expected [true] but found [false]
	at org.testng.Assert.fail(Assert.java:94)
	at org.testng.Assert.failNotEquals(Assert.java:496)
	at org.testng.Assert.assertTrue(Assert.java:42)
	at com.edureka.util.DriverHelper.getAttribute(DriverHelper.java:433)
	at com.edureka.pages.ForumsPage.verifyPage(ForumsPage.java:26)
	at com.edureka.community.VerifyOnlyEnrolledCourseIsShowInSelectedCourseDropdown.test_003VerifyOnlyEnrolledCourseIsShowInSelectedCourseDropdown(VerifyOnlyEnrolledCourseIsShowInSelectedCourseDropdown.java:136)
	at sun.reflect.NativeMethodAccessorImpl.invoke0(Native Method)
	at sun.reflect.NativeMethodAccessorImpl.invoke(NativeMethodAccessorImpl.java:62)
	at sun.reflect.DelegatingMethodAccessorImpl.invoke(DelegatingMethodAccessorImpl.java:43)
	at java.lang.reflect.Method.invoke(Method.java:498)
	at org.testng.internal.MethodInvocationHelper.invokeMethod(MethodInvocationHelper.java:85)
	at org.testng.internal.Invoker.invokeMethod(Invoker.java:639)
	at org.testng.internal.Invoker.invokeTestMethod(Invoker.java:821)
	at org.testng.internal.Invoker.invokeTestMethods(Invoker.java:1131)
	at org.testng.internal.TestMethodWorker.invokeTestMethods(TestMethodWorker.java:124)
	at org.testng.internal.TestMethodWorker.run(TestMethodWorker.java:108)
	at org.testng.TestRunner.privateRun(TestRunner.java:773)
	at org.testng.TestRunner.run(TestRunner.java:623)
	at org.testng.SuiteRunner.runTest(SuiteRunner.java:357)
	at org.testng.SuiteRunner.runSequentially(SuiteRunner.java:352)
	at org.testng.SuiteRunner.privateRun(SuiteRunner.java:310)
	at org.testng.SuiteRunner.run(SuiteRunner.java:259)
	at org.testng.SuiteRunnerWorker.runSuite(SuiteRunnerWorker.java:52)
	at org.testng.SuiteRunnerWorker.run(SuiteRunnerWorker.java:86)
	at org.testng.TestNG.runSuitesSequentially(TestNG.java:1185)
	at org.testng.TestNG.runSuitesLocally(TestNG.java:1110)
	at org.testng.TestNG.run(TestNG.java:1018)
	at org.testng.TestNG.privateMain(TestNG.java:1325)
	at org.testng.TestNG.main(TestNG.java:1294)
</pre></div></td>
<td>442</td>
<td>com.edureka.community.VerifyOnlyEnrolledCourseIsShowInSelectedCourseDropdown@e45f292</td></tr>
</table><p>
<table width='100%' border='1' class='invocation-skipped'>
<tr><td colspan='4' align='center'><b>SKIPPED TESTS</b></td></tr>
<tr><td><b>Test method</b></td>
<td width="30%"><b>Exception</b></td>
<td width="10%"><b>Time (seconds)</b></td>
<td><b>Instance</b></td>
</tr>
<tr>
<td title='com.edureka.community.VerifyOnlyEnrolledCourseIsShowInSelectedCourseDropdown.test_004VerifyQuestionTitle()'><b>test_004VerifyQuestionTitle</b><br>Test class: com.edureka.community.VerifyOnlyEnrolledCourseIsShowInSelectedCourseDropdown</td>
<td><div><pre>java.lang.Throwable: Method VerifyOnlyEnrolledCourseIsShowInSelectedCourseDropdown.test_004VerifyQuestionTitle()[pri:0, instance:com.edureka.community.VerifyOnlyEnrolledCourseIsShowInSelectedCourseDropdown@e45f292] depends on not successfully finished methods
... Removed 16 stack frames</pre></div><a href='#' onClick='toggleBox("stack-trace1004009692", this, "Click to show all stack frames", "Click to hide stack frames")'>Click to show all stack frames</a>
<div class='stack-trace' id='stack-trace1004009692'><pre>java.lang.Throwable: Method VerifyOnlyEnrolledCourseIsShowInSelectedCourseDropdown.test_004VerifyQuestionTitle()[pri:0, instance:com.edureka.community.VerifyOnlyEnrolledCourseIsShowInSelectedCourseDropdown@e45f292] depends on not successfully finished methods
	at org.testng.internal.Invoker.invokeTestMethods(Invoker.java:1040)
	at org.testng.internal.TestMethodWorker.invokeTestMethods(TestMethodWorker.java:124)
	at org.testng.internal.TestMethodWorker.run(TestMethodWorker.java:108)
	at org.testng.TestRunner.privateRun(TestRunner.java:773)
	at org.testng.TestRunner.run(TestRunner.java:623)
	at org.testng.SuiteRunner.runTest(SuiteRunner.java:357)
	at org.testng.SuiteRunner.runSequentially(SuiteRunner.java:352)
	at org.testng.SuiteRunner.privateRun(SuiteRunner.java:310)
	at org.testng.SuiteRunner.run(SuiteRunner.java:259)
	at org.testng.SuiteRunnerWorker.runSuite(SuiteRunnerWorker.java:52)
	at org.testng.SuiteRunnerWorker.run(SuiteRunnerWorker.java:86)
	at org.testng.TestNG.runSuitesSequentially(TestNG.java:1185)
	at org.testng.TestNG.runSuitesLocally(TestNG.java:1110)
	at org.testng.TestNG.run(TestNG.java:1018)
	at org.testng.TestNG.privateMain(TestNG.java:1325)
	at org.testng.TestNG.main(TestNG.java:1294)
</pre></div></td>
<td>0</td>
<td>null</td></tr>
<tr>
<td title='com.edureka.community.VerifyOnlyEnrolledCourseIsShowInSelectedCourseDropdown.test_007VerifyErrorMessageForBlankField()'><b>test_007VerifyErrorMessageForBlankField</b><br>Test class: com.edureka.community.VerifyOnlyEnrolledCourseIsShowInSelectedCourseDropdown</td>
<td><div><pre>java.lang.Throwable: Method VerifyOnlyEnrolledCourseIsShowInSelectedCourseDropdown.test_007VerifyErrorMessageForBlankField()[pri:0, instance:com.edureka.community.VerifyOnlyEnrolledCourseIsShowInSelectedCourseDropdown@e45f292] depends on not successfully finished methods
... Removed 16 stack frames</pre></div><a href='#' onClick='toggleBox("stack-trace1827303532", this, "Click to show all stack frames", "Click to hide stack frames")'>Click to show all stack frames</a>
<div class='stack-trace' id='stack-trace1827303532'><pre>java.lang.Throwable: Method VerifyOnlyEnrolledCourseIsShowInSelectedCourseDropdown.test_007VerifyErrorMessageForBlankField()[pri:0, instance:com.edureka.community.VerifyOnlyEnrolledCourseIsShowInSelectedCourseDropdown@e45f292] depends on not successfully finished methods
	at org.testng.internal.Invoker.invokeTestMethods(Invoker.java:1040)
	at org.testng.internal.TestMethodWorker.invokeTestMethods(TestMethodWorker.java:124)
	at org.testng.internal.TestMethodWorker.run(TestMethodWorker.java:108)
	at org.testng.TestRunner.privateRun(TestRunner.java:773)
	at org.testng.TestRunner.run(TestRunner.java:623)
	at org.testng.SuiteRunner.runTest(SuiteRunner.java:357)
	at org.testng.SuiteRunner.runSequentially(SuiteRunner.java:352)
	at org.testng.SuiteRunner.privateRun(SuiteRunner.java:310)
	at org.testng.SuiteRunner.run(SuiteRunner.java:259)
	at org.testng.SuiteRunnerWorker.runSuite(SuiteRunnerWorker.java:52)
	at org.testng.SuiteRunnerWorker.run(SuiteRunnerWorker.java:86)
	at org.testng.TestNG.runSuitesSequentially(TestNG.java:1185)
	at org.testng.TestNG.runSuitesLocally(TestNG.java:1110)
	at org.testng.TestNG.run(TestNG.java:1018)
	at org.testng.TestNG.privateMain(TestNG.java:1325)
	at org.testng.TestNG.main(TestNG.java:1294)
</pre></div></td>
<td>0</td>
<td>null</td></tr>
</table><p>
</body>
</html>