<?xml version="1.0" encoding="UTF-8"?>
<!-- Generated by org.testng.reporters.JUnitXMLReporter -->
<testsuite hostname="360LP048" name="VerifyOnlyEnrolledCourseIsShowInSelectedCourseDropdown" tests="3" failures="1" timestamp="8 Sep 2016 09:28:11 GMT" time="453.35" errors="0">
  <testcase name="test_003VerifyOnlyEnrolledCourseIsShowInSelectedCourseDropdown" time="442.652" classname="com.edureka.community.VerifyOnlyEnrolledCourseIsShowInSelectedCourseDropdown">
    <failure type="java.lang.AssertionError" message="Element Locator ://input[@id=&amp;apos;input&amp;apos;] Not found expected [true] but found [false]">
      <![CDATA[java.lang.AssertionError: Element Locator ://input[@id='input'] Not found expected [true] but found [false]
	at com.edureka.util.DriverHelper.getAttribute(DriverHelper.java:433)
	at com.edureka.pages.ForumsPage.verifyPage(ForumsPage.java:26)
	at com.edureka.community.VerifyOnlyEnrolledCourseIsShowInSelectedCourseDropdown.test_003VerifyOnlyEnrolledCourseIsShowInSelectedCourseDropdown(VerifyOnlyEnrolledCourseIsShowInSelectedCourseDropdown.java:136)
... Removed 26 stack frames]]>
    </failure>
  </testcase> <!-- test_003VerifyOnlyEnrolledCourseIsShowInSelectedCourseDropdown -->
  <testcase name="test_007VerifyErrorMessageForBlankField" time="0.0" classname="com.edureka.community.VerifyOnlyEnrolledCourseIsShowInSelectedCourseDropdown">
    <skipped/>
  </testcase> <!-- test_007VerifyErrorMessageForBlankField -->
  <testcase name="test_004VerifyQuestionTitle" time="0.0" classname="com.edureka.community.VerifyOnlyEnrolledCourseIsShowInSelectedCourseDropdown">
    <skipped/>
  </testcase> <!-- test_004VerifyQuestionTitle -->
</testsuite> <!-- VerifyOnlyEnrolledCourseIsShowInSelectedCourseDropdown -->
