<?xml version="1.0" encoding="UTF-8"?>
<!-- Generated by org.testng.reporters.JUnitXMLReporter -->
<testsuite hostname="360LP048" name="SearchBasedOnCategory" tests="3" failures="1" timestamp="17 Oct 2016 08:36:50 GMT" time="132.641" errors="0">
  <testcase name="test_001SearchBasedOnCategory" time="103.389" classname="com.edureka.searchFunctionality.SearchBasedOnCategory">
    <failure type="java.lang.AssertionError" message="Element Locator ://label[text()=&amp;apos;null&amp;apos;] Not found expected [true] but found [false]">
      <![CDATA[java.lang.AssertionError: Element Locator ://label[text()='null'] Not found expected [true] but found [false]
	at com.edureka.util.DriverHelper.clickOn(DriverHelper.java:323)
	at com.edureka.pages.AllCoursesPage.checkCourseCheckBoxinSearch(AllCoursesPage.java:54)
	at com.edureka.searchFunctionality.SearchBasedOnCategory.test_001SearchBasedOnCategory(SearchBasedOnCategory.java:78)
... Removed 26 stack frames]]>
    </failure>
  </testcase> <!-- test_001SearchBasedOnCategory -->
  <testcase name="test_003_SearchBasedOnCourseType" time="0.0" classname="com.edureka.searchFunctionality.SearchBasedOnCategory">
    <skipped/>
  </testcase> <!-- test_003_SearchBasedOnCourseType -->
  <testcase name="test_002_SearchFunctionalityBasedOnTypedKeyword" time="0.0" classname="com.edureka.searchFunctionality.SearchBasedOnCategory">
    <skipped/>
  </testcase> <!-- test_002_SearchFunctionalityBasedOnTypedKeyword -->
</testsuite> <!-- SearchBasedOnCategory -->
