<?xml version="1.0" encoding="utf-8" ?>
<!DOCTYPE html PUBLIC "-//W3C//DTD XHTML 1.0 Strict//EN"
        "http://www.w3.org/TR/xhtml1/DTD/xhtml1-strict.dtd">
<html xmlns="http://www.w3.org/1999/xhtml" xml:lang="" lang="">
<head>
  <title>Edureka_Automation - CreateUserForForgotPassword</title>
  <meta http-equiv="Content-Type" content="text/html;charset=utf-8" />
  <meta name="description" content="TestNG unit test results." />
  <link href="reportng.css" rel="stylesheet" type="text/css" />
    <script type="text/javascript" src="reportng.js"></script>
</head>
<body>
<h1>CreateUserForForgotPassword</h1>
<p>
  Test duration: 88.819s
</p>



  <table class="resultsTable">
    <tr><th colspan="3" class="header failed">Failed Tests</th></tr>
          <tr>
        <td colspan="3" class="group">com.edureka.registration.CreateUserForForgotPassword</td>
      </tr>
            
<tr>
  <td class="method">
                  test_CreateUserForForgotPassword
      </td>
  <td class="duration">
    41.625s
  </td>
  <td class="result">
        
    
            <div class="testOutput">
                        Navigate to the Edureka application url<br>
                                Verify Edureka Dashboard Page<br>
                                Click on SignIn Navigation header<br>
                                <a href= 'file://D:/Projects/Edureka_Automation/screenshots/test_CreateUserForForgotPassword2016-11-23.jpg'target='_blank' ><img src='file://D:/Projects/Edureka_Automation/screenshots/test_CreateUserForForgotPassword2016-11-23.jpg' height="42" width="42" >test_CreateUserForForgotPassword2016-11-23</a>
                  </div>
    

        <a href="javascript:toggleElement('exception-0', 'block')" title="Click to expand/collapse"><b>org.openqa.selenium.ElementNotVisibleException: Element is not currently visible and so may not be interacted with<br/>
Command duration or timeout: 180 milliseconds<br/>
Build info: version: &apos;2.48.1&apos;, revision: &apos;d80083d&apos;, time: &apos;2015-10-08 21:11:00&apos;<br/>
System info: host: &apos;360LP039&apos;, ip: &apos;192.168.3.60&apos;, os.name: &apos;Windows 8.1&apos;, os.arch: &apos;amd64&apos;, os.version: &apos;6.3&apos;, java.version: &apos;1.8.0_101&apos;<br/>
Driver info: org.openqa.selenium.firefox.FirefoxDriver<br/>
Capabilities [{applicationCacheEnabled=true, rotatable=false, handlesAlerts=true, databaseEnabled=true, version=42.0, platform=WINDOWS, nativeEvents=false, acceptSslCerts=true, webStorageEnabled=true, locationContextEnabled=true, browserName=firefox, takesScreenshot=true, javascriptEnabled=true, cssSelectorsEnabled=true}]<br/>
Session ID: 7cff8bbc-1060-45ea-aa04-397356b6392f</b></a><br />
    <div class="stackTrace" id="exception-0">
              sun.reflect.NativeConstructorAccessorImpl.newInstance0(Native Method)<br />
              sun.reflect.NativeConstructorAccessorImpl.newInstance(NativeConstructorAccessorImpl.java:62)<br />
              sun.reflect.DelegatingConstructorAccessorImpl.newInstance(DelegatingConstructorAccessorImpl.java:45)<br />
              java.lang.reflect.Constructor.newInstance(Constructor.java:423)<br />
              org.openqa.selenium.remote.ErrorHandler.createThrowable(ErrorHandler.java:206)<br />
              org.openqa.selenium.remote.ErrorHandler.throwIfResponseFailed(ErrorHandler.java:158)<br />
              org.openqa.selenium.remote.RemoteWebDriver.execute(RemoteWebDriver.java:647)<br />
              org.openqa.selenium.remote.RemoteWebElement.execute(RemoteWebElement.java:326)<br />
              org.openqa.selenium.remote.RemoteWebElement.click(RemoteWebElement.java:84)<br />
              com.edureka.util.DriverHelper.clickOn(DriverHelper.java:327)<br />
              com.edureka.pages.DashboardPage.clickSignInHeader(DashboardPage.java:33)<br />
              com.edureka.registration.CreateUserForForgotPassword.test_CreateUserForForgotPassword(CreateUserForForgotPassword.java:29)<br />
              sun.reflect.NativeMethodAccessorImpl.invoke0(Native Method)<br />
              sun.reflect.NativeMethodAccessorImpl.invoke(NativeMethodAccessorImpl.java:62)<br />
              sun.reflect.DelegatingMethodAccessorImpl.invoke(DelegatingMethodAccessorImpl.java:43)<br />
              java.lang.reflect.Method.invoke(Method.java:498)<br />
              org.testng.internal.MethodInvocationHelper.invokeMethod(MethodInvocationHelper.java:85)<br />
              org.testng.internal.Invoker.invokeMethod(Invoker.java:639)<br />
              org.testng.internal.Invoker.invokeTestMethod(Invoker.java:821)<br />
              org.testng.internal.Invoker.invokeTestMethods(Invoker.java:1131)<br />
              org.testng.internal.TestMethodWorker.invokeTestMethods(TestMethodWorker.java:124)<br />
              org.testng.internal.TestMethodWorker.run(TestMethodWorker.java:108)<br />
              org.testng.TestRunner.privateRun(TestRunner.java:773)<br />
              org.testng.TestRunner.run(TestRunner.java:623)<br />
              org.testng.SuiteRunner.runTest(SuiteRunner.java:357)<br />
              org.testng.SuiteRunner.runSequentially(SuiteRunner.java:352)<br />
              org.testng.SuiteRunner.privateRun(SuiteRunner.java:310)<br />
              org.testng.SuiteRunner.run(SuiteRunner.java:259)<br />
              org.testng.SuiteRunnerWorker.runSuite(SuiteRunnerWorker.java:52)<br />
              org.testng.SuiteRunnerWorker.run(SuiteRunnerWorker.java:86)<br />
              org.testng.TestNG.runSuitesSequentially(TestNG.java:1185)<br />
              org.testng.TestNG.runSuitesLocally(TestNG.java:1110)<br />
              org.testng.TestNG.run(TestNG.java:1018)<br />
              org.testng.TestNG.privateMain(TestNG.java:1325)<br />
              org.testng.TestNG.main(TestNG.java:1294)<br />
                    <b>Caused by: </b> <a href="javascript:toggleElement('exception-1', 'block')" title="Click to expand/collapse">org.openqa.selenium.ElementNotVisibleException: Element is not currently visible and so may not be interacted with<br/>
Build info: version: &apos;2.48.1&apos;, revision: &apos;d80083d&apos;, time: &apos;2015-10-08 21:11:00&apos;<br/>
System info: host: &apos;360LP039&apos;, ip: &apos;192.168.3.60&apos;, os.name: &apos;Windows 8.1&apos;, os.arch: &apos;amd64&apos;, os.version: &apos;6.3&apos;, java.version: &apos;1.8.0_101&apos;<br/>
Driver info: driver.version: unknown</a><br />
        <div class="stackTrace" id="exception-1">
                      &lt;anonymous class&gt;.fxdriver.preconditions.visible(file:///C:/Users/dhruvt/AppData/Local/Temp/anonymous2243202223349154511webdriver-profile/extensions/fxdriver@googlecode.com/components/command-processor.js:9981)<br />
                      &lt;anonymous class&gt;.DelayedCommand.prototype.checkPreconditions_(file:///C:/Users/dhruvt/AppData/Local/Temp/anonymous2243202223349154511webdriver-profile/extensions/fxdriver@googlecode.com/components/command-processor.js:12517)<br />
                      &lt;anonymous class&gt;.DelayedCommand.prototype.executeInternal_/h(file:///C:/Users/dhruvt/AppData/Local/Temp/anonymous2243202223349154511webdriver-profile/extensions/fxdriver@googlecode.com/components/command-processor.js:12534)<br />
                      &lt;anonymous class&gt;.DelayedCommand.prototype.executeInternal_(file:///C:/Users/dhruvt/AppData/Local/Temp/anonymous2243202223349154511webdriver-profile/extensions/fxdriver@googlecode.com/components/command-processor.js:12539)<br />
                      &lt;anonymous class&gt;.DelayedCommand.prototype.execute/&lt;(file:///C:/Users/dhruvt/AppData/Local/Temp/anonymous2243202223349154511webdriver-profile/extensions/fxdriver@googlecode.com/components/command-processor.js:12481)<br />
                  </div>
          </div>
      </td>
</tr>
      </table>


  
</body>
</html>
