<?xml version="1.0" encoding="UTF-8"?>
<!-- Generated by org.testng.reporters.JUnitReportReporter -->
<testsuite hostname="BrajR" name="com.edureka.scripts.VerifyCourseAmountOnOrderSummaryForINR" tests="1" failures="0" timestamp="13 Jun 2016 16:23:42 GMT" time="47.009" errors="1">
  <testcase name="test_06VerifyCourseAmountOnOrderSummaryForINR" time="47.009" classname="com.edureka.scripts.VerifyCourseAmountOnOrderSummaryForINR">
    <error type="java.lang.NumberFormatException" message="For input string: &quot;Order Summary&quot;">
      <![CDATA[java.lang.NumberFormatException: For input string: "Order Summary"
	at java.lang.NumberFormatException.forInputString(NumberFormatException.java:65)
	at java.lang.Integer.parseInt(Integer.java:492)
	at java.lang.Integer.parseInt(Integer.java:527)
	at com.edureka.pages.OrderSummaryPage.verifyTotalAmount(OrderSummaryPage.java:69)
	at com.edureka.scripts.VerifyCourseAmountOnOrderSummaryForINR.test_06VerifyCourseAmountOnOrderSummaryForINR(VerifyCourseAmountOnOrderSummaryForINR.java:72)
	at sun.reflect.NativeMethodAccessorImpl.invoke0(Native Method)
	at sun.reflect.NativeMethodAccessorImpl.invoke(NativeMethodAccessorImpl.java:57)
	at sun.reflect.DelegatingMethodAccessorImpl.invoke(DelegatingMethodAccessorImpl.java:43)
	at java.lang.reflect.Method.invoke(Method.java:606)
	at org.testng.internal.MethodInvocationHelper.invokeMethod(MethodInvocationHelper.java:85)
	at org.testng.internal.Invoker.invokeMethod(Invoker.java:639)
	at org.testng.internal.Invoker.invokeTestMethod(Invoker.java:821)
	at org.testng.internal.Invoker.invokeTestMethods(Invoker.java:1131)
	at org.testng.internal.TestMethodWorker.invokeTestMethods(TestMethodWorker.java:124)
	at org.testng.internal.TestMethodWorker.run(TestMethodWorker.java:108)
	at org.testng.TestRunner.privateRun(TestRunner.java:773)
	at org.testng.TestRunner.run(TestRunner.java:623)
	at org.testng.SuiteRunner.runTest(SuiteRunner.java:357)
	at org.testng.SuiteRunner.runSequentially(SuiteRunner.java:352)
	at org.testng.SuiteRunner.privateRun(SuiteRunner.java:310)
	at org.testng.SuiteRunner.run(SuiteRunner.java:259)
	at org.testng.SuiteRunnerWorker.runSuite(SuiteRunnerWorker.java:52)
	at org.testng.SuiteRunnerWorker.run(SuiteRunnerWorker.java:86)
	at org.testng.TestNG.runSuitesSequentially(TestNG.java:1185)
	at org.testng.TestNG.runSuitesLocally(TestNG.java:1110)
	at org.testng.TestNG.run(TestNG.java:1018)
	at org.testng.TestNG.privateMain(TestNG.java:1325)
	at org.testng.TestNG.main(TestNG.java:1294)
]]>
    </error>
  </testcase> <!-- test_06VerifyCourseAmountOnOrderSummaryForINR -->
</testsuite> <!-- com.edureka.scripts.VerifyCourseAmountOnOrderSummaryForINR -->
