<!DOCTYPE html PUBLIC "-//W3C//DTD XHTML 1.1//EN" "http://www.w3.org/TR/xhtml11/DTD/xhtml11.dtd">
<html xmlns="http://www.w3.org/1999/xhtml"><head><title>TestNG Report</title><style type="text/css">table {margin-bottom:10px;border-collapse:collapse;empty-cells:show}th,td {border:1px solid #009;padding:.25em .5em}th {vertical-align:bottom}td {vertical-align:top}table a {font-weight:bold}.stripe td {background-color: #E6EBF9}.num {text-align:right}.passedodd td {background-color: #3F3}.passedeven td {background-color: #0A0}.skippedodd td {background-color: #DDD}.skippedeven td {background-color: #CCC}.failedodd td,.attn {background-color: #F33}.failedeven td,.stripe .attn {background-color: #D00}.stacktrace {white-space:pre;font-family:monospace}.totop {font-size:85%;text-align:center;border-bottom:2px solid #000}</style></head><body><table><tr><th>Test</th><th># Passed</th><th># Skipped</th><th># Failed</th><th>Time (ms)</th><th>Included Groups</th><th>Excluded Groups</th></tr><tr><th colspan="7">Default suite</th></tr><tr><td><a href="#t0">Default test</a></td><td class="num">2</td><td class="num attn">1</td><td class="num attn">1</td><td class="num">408,182</td><td></td><td></td></tr></table><table><thead><tr><th>Class</th><th>Method</th><th>Start</th><th>Time (ms)</th></tr></thead><tbody><tr><th colspan="4">Default suite</th></tr></tbody><tbody id="t0"><tr><th colspan="4">Default test &#8212; failed</th></tr><tr class="failedeven"><td rowspan="1">com.edureka.referralProcess.VerifyReferringFlow</td><td><a href="#m0">test_003VerifyEarningCredtiPoints</a></td><td rowspan="1">1486124005621</td><td rowspan="1">22591</td></tr><tr><th colspan="4">Default test &#8212; skipped</th></tr><tr class="skippedeven"><td rowspan="1">com.edureka.referralProcess.VerifyReferringFlow</td><td><a href="#m1">test_005VrifyRedemptionOFCreditPoints</a></td><td rowspan="1">1486124028218</td><td rowspan="1">0</td></tr><tr><th colspan="4">Default test &#8212; passed</th></tr><tr class="passedeven"><td rowspan="2">com.edureka.referralProcess.VerifyReferringFlow</td><td><a href="#m2">test_001VerifyRefferringFlow</a></td><td rowspan="1">1486123622020</td><td rowspan="1">125458</td></tr><tr class="passedeven"><td><a href="#m3">test_002RefferralActivities</a></td><td rowspan="1">1486123747486</td><td rowspan="1">258133</td></tr></tbody></table><h2>Default test</h2><h3 id="m0">com.edureka.referralProcess.VerifyReferringFlow#test_003VerifyEarningCredtiPoints</h3><table class="result"><tr><th>Messages</th></tr><tr><td><div class="messages">Click on SignIn Navigation header&lt;br&gt;<br/>Verify LogIn Is Default&lt;br&gt;<br/>Login user A&lt;br&gt;<br/>Verify User Page&lt;br&gt;<br/>&lt;a href= &apos;file:///home/logica/Desktop/test_workspace/Edureka_Automation/screenshots/test_003VerifyEarningCredtiPoints2017-02-03.jpg&apos;target=&apos;_blank&apos; &gt;&lt;img src=&apos;file:///home/logica/Desktop/test_workspace/Edureka_Automation/screenshots/test_003VerifyEarningCredtiPoints2017-02-03.jpg&apos; height=&quot;42&quot; width=&quot;42&quot; &gt;test_003VerifyEarningCredtiPoints2017-02-03&lt;/a&gt;</div></td></tr><tr><th>Exception</th></tr><tr><td><div class="stacktrace">org.openqa.selenium.NoSuchElementException: Unable to locate element: {&quot;method&quot;:&quot;xpath&quot;,&quot;selector&quot;:&quot;//span[@class=&apos;webinar-profile-name&apos;]&quot;}
Command duration or timeout: 17 milliseconds
For documentation on this error, please visit: http://seleniumhq.org/exceptions/no_such_element.html
Build info: version: &apos;2.48.1&apos;, revision: &apos;d80083d&apos;, time: &apos;2015-10-08 21:11:00&apos;
System info: host: &apos;360pc011&apos;, ip: &apos;127.0.1.1&apos;, os.name: &apos;Linux&apos;, os.arch: &apos;amd64&apos;, os.version: &apos;4.2.0-27-generic&apos;, java.version: &apos;1.7.0_111&apos;
*** Element info: {Using=xpath, value=//span[@class=&apos;webinar-profile-name&apos;]}
Session ID: 32fdd595-b4cd-48f9-8b6e-f9e7cefd2734
Driver info: org.openqa.selenium.firefox.FirefoxDriver
Capabilities [{platform=LINUX, acceptSslCerts=true, javascriptEnabled=true, cssSelectorsEnabled=true, databaseEnabled=true, browserName=firefox, handlesAlerts=true, nativeEvents=false, webStorageEnabled=true, rotatable=false, locationContextEnabled=true, applicationCacheEnabled=true, takesScreenshot=true, version=41.0.2}]
	at sun.reflect.GeneratedConstructorAccessor24.newInstance(Unknown Source)
	at sun.reflect.DelegatingConstructorAccessorImpl.newInstance(DelegatingConstructorAccessorImpl.java:45)
	at java.lang.reflect.Constructor.newInstance(Constructor.java:526)
	at org.openqa.selenium.remote.ErrorHandler.createThrowable(ErrorHandler.java:206)
	at org.openqa.selenium.remote.ErrorHandler.throwIfResponseFailed(ErrorHandler.java:158)
	at org.openqa.selenium.remote.RemoteWebDriver.execute(RemoteWebDriver.java:647)
	at org.openqa.selenium.remote.RemoteWebDriver.findElement(RemoteWebDriver.java:353)
	at org.openqa.selenium.remote.RemoteWebDriver.findElementByXPath(RemoteWebDriver.java:490)
	at org.openqa.selenium.By$ByXPath.findElement(By.java:361)
	at org.openqa.selenium.remote.RemoteWebDriver.findElement(RemoteWebDriver.java:345)
	at com.edureka.pages.UserHomePage.verifyUserPage(UserHomePage.java:36)
	at com.edureka.referralProcess.VerifyReferringFlow.test_003VerifyEarningCredtiPoints(VerifyReferringFlow.java:377)
	at sun.reflect.NativeMethodAccessorImpl.invoke0(Native Method)
	at sun.reflect.NativeMethodAccessorImpl.invoke(NativeMethodAccessorImpl.java:57)
	at sun.reflect.DelegatingMethodAccessorImpl.invoke(DelegatingMethodAccessorImpl.java:43)
	at java.lang.reflect.Method.invoke(Method.java:606)
	at org.testng.internal.MethodInvocationHelper.invokeMethod(MethodInvocationHelper.java:85)
	at org.testng.internal.Invoker.invokeMethod(Invoker.java:639)
	at org.testng.internal.Invoker.invokeTestMethod(Invoker.java:821)
	at org.testng.internal.Invoker.invokeTestMethods(Invoker.java:1131)
	at org.testng.internal.TestMethodWorker.invokeTestMethods(TestMethodWorker.java:124)
	at org.testng.internal.TestMethodWorker.run(TestMethodWorker.java:108)
	at org.testng.TestRunner.privateRun(TestRunner.java:773)
	at org.testng.TestRunner.run(TestRunner.java:623)
	at org.testng.SuiteRunner.runTest(SuiteRunner.java:357)
	at org.testng.SuiteRunner.runSequentially(SuiteRunner.java:352)
	at org.testng.SuiteRunner.privateRun(SuiteRunner.java:310)
	at org.testng.SuiteRunner.run(SuiteRunner.java:259)
	at org.testng.SuiteRunnerWorker.runSuite(SuiteRunnerWorker.java:52)
	at org.testng.SuiteRunnerWorker.run(SuiteRunnerWorker.java:86)
	at org.testng.TestNG.runSuitesSequentially(TestNG.java:1185)
	at org.testng.TestNG.runSuitesLocally(TestNG.java:1110)
	at org.testng.TestNG.run(TestNG.java:1018)
	at org.testng.remote.AbstractRemoteTestNG.run(AbstractRemoteTestNG.java:126)
	at org.testng.remote.RemoteTestNG.initAndRun(RemoteTestNG.java:152)
	at org.testng.remote.RemoteTestNG.main(RemoteTestNG.java:57)
Caused by: org.openqa.selenium.NoSuchElementException: Unable to locate element: {&quot;method&quot;:&quot;xpath&quot;,&quot;selector&quot;:&quot;//span[@class=&apos;webinar-profile-name&apos;]&quot;}
For documentation on this error, please visit: http://seleniumhq.org/exceptions/no_such_element.html
Build info: version: &apos;2.48.1&apos;, revision: &apos;d80083d&apos;, time: &apos;2015-10-08 21:11:00&apos;
System info: host: &apos;360pc011&apos;, ip: &apos;127.0.1.1&apos;, os.name: &apos;Linux&apos;, os.arch: &apos;amd64&apos;, os.version: &apos;4.2.0-27-generic&apos;, java.version: &apos;1.7.0_111&apos;
Driver info: driver.version: unknown
	at &lt;anonymous class&gt;.FirefoxDriver.prototype.findElementInternal_(file:///tmp/anonymous3053520068614860405webdriver-profile/extensions/fxdriver@googlecode.com/components/driver-component.js:10659)
	at &lt;anonymous class&gt;.FirefoxDriver.prototype.findElement(file:///tmp/anonymous3053520068614860405webdriver-profile/extensions/fxdriver@googlecode.com/components/driver-component.js:10668)
	at &lt;anonymous class&gt;.DelayedCommand.prototype.executeInternal_/h(file:///tmp/anonymous3053520068614860405webdriver-profile/extensions/fxdriver@googlecode.com/components/command-processor.js:12534)
	at &lt;anonymous class&gt;.DelayedCommand.prototype.executeInternal_(file:///tmp/anonymous3053520068614860405webdriver-profile/extensions/fxdriver@googlecode.com/components/command-processor.js:12539)
	at &lt;anonymous class&gt;.DelayedCommand.prototype.execute/&lt;(file:///tmp/anonymous3053520068614860405webdriver-profile/extensions/fxdriver@googlecode.com/components/command-processor.js:12481)
</div></td></tr></table><p class="totop"><a href="#summary">back to summary</a></p><h3 id="m1">com.edureka.referralProcess.VerifyReferringFlow#test_005VrifyRedemptionOFCreditPoints</h3><table class="result"><tr><th>Exception</th></tr><tr><td><div class="stacktrace">java.lang.Throwable: Method VerifyReferringFlow.test_005VrifyRedemptionOFCreditPoints()[pri:0, instance:com.edureka.referralProcess.VerifyReferringFlow@691574db] depends on not successfully finished methods
	at org.testng.internal.Invoker.invokeTestMethods(Invoker.java:1040)
	at org.testng.internal.TestMethodWorker.invokeTestMethods(TestMethodWorker.java:124)
	at org.testng.internal.TestMethodWorker.run(TestMethodWorker.java:108)
	at org.testng.TestRunner.privateRun(TestRunner.java:773)
	at org.testng.TestRunner.run(TestRunner.java:623)
	at org.testng.SuiteRunner.runTest(SuiteRunner.java:357)
	at org.testng.SuiteRunner.runSequentially(SuiteRunner.java:352)
	at org.testng.SuiteRunner.privateRun(SuiteRunner.java:310)
	at org.testng.SuiteRunner.run(SuiteRunner.java:259)
	at org.testng.SuiteRunnerWorker.runSuite(SuiteRunnerWorker.java:52)
	at org.testng.SuiteRunnerWorker.run(SuiteRunnerWorker.java:86)
	at org.testng.TestNG.runSuitesSequentially(TestNG.java:1185)
	at org.testng.TestNG.runSuitesLocally(TestNG.java:1110)
	at org.testng.TestNG.run(TestNG.java:1018)
	at org.testng.remote.AbstractRemoteTestNG.run(AbstractRemoteTestNG.java:126)
	at org.testng.remote.RemoteTestNG.initAndRun(RemoteTestNG.java:152)
	at org.testng.remote.RemoteTestNG.main(RemoteTestNG.java:57)
</div></td></tr></table><p class="totop"><a href="#summary">back to summary</a></p><h3 id="m2">com.edureka.referralProcess.VerifyReferringFlow#test_001VerifyRefferringFlow</h3><table class="result"><tr><th>Messages</th></tr><tr><td><div class="messages">Navigate to the Edureka application url&lt;br&gt;<br/>Verify Edureka Dashboard Page&lt;br&gt;<br/>Click on SignIn Navigation header&lt;br&gt;<br/>Verify LogIn Is Default&lt;br&gt;<br/>click on Sign up link&lt;br&gt;<br/>Sign up user&lt;br&gt;<br/>Verify User Home Page&lt;br&gt;<br/>Select Course Big Data Hadoop&lt;br&gt;<br/>Verify Selected course should be open&lt;br&gt;<br/>Click on Enroll Button&lt;br&gt;<br/>Verify Data in User table&lt;br&gt;<br/>Verify Order Summary Page&lt;br&gt;<br/>Select currecntINR from currnecy table&lt;br&gt;<br/>Click on Razor pay securely button&lt;br&gt;<br/>Verify Razor page&lt;br&gt;<br/>Click on Net Banking tab&lt;br&gt;<br/>Select BankSBI from bank table &lt;br&gt;<br/>Click on pay button&lt;br&gt;<br/>Get Parent Window ID&lt;br&gt;<br/>Switch Child Window and Click on Succss button&lt;br&gt;<br/>Switch to Parent Window and verify my Profile page&lt;br&gt;<br/>Verify payment success message &apos;Thank you for making payment !&apos;&lt;br&gt;<br/>Click on Referral Tab&lt;br&gt;<br/>Click on Refer Friend button&lt;br&gt;<br/>Enter email IEN@tech.edureka.in&lt;br&gt;<br/>Copy Referral Link https://goo.gl/uLsr28&lt;br&gt;<br/>Verify Success Message for sent refferral mail&lt;br&gt;<br/>Close Refer pop up&lt;br&gt;<br/>Get Page url: http://ecomqa.edureka.in/my-profile/166&lt;br&gt;<br/>Database verification for Referral Process&lt;br&gt;<br/>Click on Profile Dropdown&lt;br&gt;<br/>Logout from the application.&lt;br&gt;<br/>Verify Dashboard&lt;br&gt;<br/>Navigate to the https://goo.gl/uLsr28&lt;br&gt;</div></td></tr></table><p class="totop"><a href="#summary">back to summary</a></p><h3 id="m3">com.edureka.referralProcess.VerifyReferringFlow#test_002RefferralActivities</h3><table class="result"><tr><th>Messages</th></tr><tr><td><div class="messages">Click on SignIn Navigation header&lt;br&gt;<br/>Verify LogIn Is Default&lt;br&gt;<br/>click on Sign up link&lt;br&gt;<br/>Sign up user B who is refferrad by A in TC_001&lt;br&gt;<br/>Click on Sign create Account button&lt;br&gt;<br/>Select Course Big Data Hadoop&lt;br&gt;<br/>Verify Selected course should be open&lt;br&gt;<br/>Verify Data in User table&lt;br&gt;<br/>Click on Enroll Button&lt;br&gt;<br/>Verify Order Summary Page&lt;br&gt;<br/>Select currecntINR from currnecy table&lt;br&gt;<br/>Click on Razor pay securely button&lt;br&gt;<br/>Verify Razor page&lt;br&gt;<br/>Click on Net Banking tab&lt;br&gt;<br/>Select BankSBI from bank table &lt;br&gt;<br/>Click on pay button&lt;br&gt;<br/>Get Parent Window ID&lt;br&gt;<br/>Switch Child Window and Click on Succss button&lt;br&gt;<br/>Switch to Parent Window and verify my Profile page&lt;br&gt;<br/>Verify payment success message &apos;Thank you for making payment !&apos;&lt;br&gt;<br/>Click on Referral Tab&lt;br&gt;<br/>Click on Refer Friend button&lt;br&gt;<br/>Copy Referral Link https://goo.gl/iklukA&lt;br&gt;<br/>Close Refer pop up&lt;br&gt;<br/>Database verification for referres user&lt;br&gt;<br/>Click on Profile Dropdown&lt;br&gt;<br/>Logout from the application.&lt;br&gt;<br/>Verify Dashboard&lt;br&gt;</div></td></tr></table><p class="totop"><a href="#summary">back to summary</a></p></body></html>