<?xml version="1.0" encoding="UTF-8"?>
<testng-results skipped="1" failed="1" total="4" passed="2">
  <reporter-output>
    <line>
      <![CDATA[Navigate to the Edureka application url<br>]]>
    </line>
    <line>
      <![CDATA[Verify Edureka Dashboard Page<br>]]>
    </line>
    <line>
      <![CDATA[Click on SignIn Navigation header<br>]]>
    </line>
    <line>
      <![CDATA[Verify LogIn Is Default<br>]]>
    </line>
    <line>
      <![CDATA[click on Sign up link<br>]]>
    </line>
    <line>
      <![CDATA[Sign up user<br>]]>
    </line>
    <line>
      <![CDATA[Verify User Home Page<br>]]>
    </line>
    <line>
      <![CDATA[Select Course Big Data Hadoop<br>]]>
    </line>
    <line>
      <![CDATA[Verify Selected course should be open<br>]]>
    </line>
    <line>
      <![CDATA[Click on Enroll Button<br>]]>
    </line>
    <line>
      <![CDATA[Verify Data in User table<br>]]>
    </line>
    <line>
      <![CDATA[Verify Order Summary Page<br>]]>
    </line>
    <line>
      <![CDATA[Select currecntINR from currnecy table<br>]]>
    </line>
    <line>
      <![CDATA[Click on Razor pay securely button<br>]]>
    </line>
    <line>
      <![CDATA[Verify Razor page<br>]]>
    </line>
    <line>
      <![CDATA[Click on Net Banking tab<br>]]>
    </line>
    <line>
      <![CDATA[Select BankSBI from bank table <br>]]>
    </line>
    <line>
      <![CDATA[Click on pay button<br>]]>
    </line>
    <line>
      <![CDATA[Get Parent Window ID<br>]]>
    </line>
    <line>
      <![CDATA[Switch Child Window and Click on Succss button<br>]]>
    </line>
    <line>
      <![CDATA[Switch to Parent Window and verify my Profile page<br>]]>
    </line>
    <line>
      <![CDATA[Verify payment success message 'Thank you for making payment !'<br>]]>
    </line>
    <line>
      <![CDATA[Click on Referral Tab<br>]]>
    </line>
    <line>
      <![CDATA[Click on Refer Friend button<br>]]>
    </line>
    <line>
      <![CDATA[Enter email IEN@tech.edureka.in<br>]]>
    </line>
    <line>
      <![CDATA[Copy Referral Link https://goo.gl/uLsr28<br>]]>
    </line>
    <line>
      <![CDATA[Verify Success Message for sent refferral mail<br>]]>
    </line>
    <line>
      <![CDATA[Close Refer pop up<br>]]>
    </line>
    <line>
      <![CDATA[Get Page url: http://ecomqa.edureka.in/my-profile/166<br>]]>
    </line>
    <line>
      <![CDATA[Database verification for Referral Process<br>]]>
    </line>
    <line>
      <![CDATA[Click on Profile Dropdown<br>]]>
    </line>
    <line>
      <![CDATA[Logout from the application.<br>]]>
    </line>
    <line>
      <![CDATA[Verify Dashboard<br>]]>
    </line>
    <line>
      <![CDATA[Navigate to the https://goo.gl/uLsr28<br>]]>
    </line>
    <line>
      <![CDATA[Click on SignIn Navigation header<br>]]>
    </line>
    <line>
      <![CDATA[Verify LogIn Is Default<br>]]>
    </line>
    <line>
      <![CDATA[click on Sign up link<br>]]>
    </line>
    <line>
      <![CDATA[Sign up user B who is refferrad by A in TC_001<br>]]>
    </line>
    <line>
      <![CDATA[Click on Sign create Account button<br>]]>
    </line>
    <line>
      <![CDATA[Select Course Big Data Hadoop<br>]]>
    </line>
    <line>
      <![CDATA[Verify Selected course should be open<br>]]>
    </line>
    <line>
      <![CDATA[Verify Data in User table<br>]]>
    </line>
    <line>
      <![CDATA[Click on Enroll Button<br>]]>
    </line>
    <line>
      <![CDATA[Verify Order Summary Page<br>]]>
    </line>
    <line>
      <![CDATA[Select currecntINR from currnecy table<br>]]>
    </line>
    <line>
      <![CDATA[Click on Razor pay securely button<br>]]>
    </line>
    <line>
      <![CDATA[Verify Razor page<br>]]>
    </line>
    <line>
      <![CDATA[Click on Net Banking tab<br>]]>
    </line>
    <line>
      <![CDATA[Select BankSBI from bank table <br>]]>
    </line>
    <line>
      <![CDATA[Click on pay button<br>]]>
    </line>
    <line>
      <![CDATA[Get Parent Window ID<br>]]>
    </line>
    <line>
      <![CDATA[Switch Child Window and Click on Succss button<br>]]>
    </line>
    <line>
      <![CDATA[Switch to Parent Window and verify my Profile page<br>]]>
    </line>
    <line>
      <![CDATA[Verify payment success message 'Thank you for making payment !'<br>]]>
    </line>
    <line>
      <![CDATA[Click on Referral Tab<br>]]>
    </line>
    <line>
      <![CDATA[Click on Refer Friend button<br>]]>
    </line>
    <line>
      <![CDATA[Copy Referral Link https://goo.gl/iklukA<br>]]>
    </line>
    <line>
      <![CDATA[Close Refer pop up<br>]]>
    </line>
    <line>
      <![CDATA[Database verification for referres user<br>]]>
    </line>
    <line>
      <![CDATA[Click on Profile Dropdown<br>]]>
    </line>
    <line>
      <![CDATA[Logout from the application.<br>]]>
    </line>
    <line>
      <![CDATA[Verify Dashboard<br>]]>
    </line>
    <line>
      <![CDATA[Click on SignIn Navigation header<br>]]>
    </line>
    <line>
      <![CDATA[Verify LogIn Is Default<br>]]>
    </line>
    <line>
      <![CDATA[Login user A<br>]]>
    </line>
    <line>
      <![CDATA[Verify User Page<br>]]>
    </line>
    <line>
      <![CDATA[<a href= 'file:///home/logica/Desktop/test_workspace/Edureka_Automation/screenshots/test_003VerifyEarningCredtiPoints2017-02-03.jpg'target='_blank' ><img src='file:///home/logica/Desktop/test_workspace/Edureka_Automation/screenshots/test_003VerifyEarningCredtiPoints2017-02-03.jpg' height="42" width="42" >test_003VerifyEarningCredtiPoints2017-02-03</a>]]>
    </line>
  </reporter-output>
  <suite name="Default suite" duration-ms="408182" started-at="2017-02-03T12:07:00Z" finished-at="2017-02-03T12:13:48Z">
    <groups>
    </groups>
    <test name="Default test" duration-ms="408182" started-at="2017-02-03T12:07:00Z" finished-at="2017-02-03T12:13:48Z">
      <class name="com.edureka.referralProcess.VerifyReferringFlow">
        <test-method status="PASS" signature="setUp()[pri:0, instance:com.edureka.referralProcess.VerifyReferringFlow@691574db]" name="setUp" is-config="true" duration-ms="1784" started-at="2017-02-03T17:37:00Z" finished-at="2017-02-03T17:37:02Z">
          <reporter-output>
          </reporter-output>
        </test-method> <!-- setUp -->
        <test-method status="PASS" signature="test_001VerifyRefferringFlow()[pri:0, instance:com.edureka.referralProcess.VerifyReferringFlow@691574db]" name="test_001VerifyRefferringFlow" duration-ms="125458" started-at="2017-02-03T17:37:02Z" finished-at="2017-02-03T17:39:07Z">
          <reporter-output>
            <line>
              <![CDATA[Navigate to the Edureka application url<br>]]>
            </line>
            <line>
              <![CDATA[Verify Edureka Dashboard Page<br>]]>
            </line>
            <line>
              <![CDATA[Click on SignIn Navigation header<br>]]>
            </line>
            <line>
              <![CDATA[Verify LogIn Is Default<br>]]>
            </line>
            <line>
              <![CDATA[click on Sign up link<br>]]>
            </line>
            <line>
              <![CDATA[Sign up user<br>]]>
            </line>
            <line>
              <![CDATA[Verify User Home Page<br>]]>
            </line>
            <line>
              <![CDATA[Select Course Big Data Hadoop<br>]]>
            </line>
            <line>
              <![CDATA[Verify Selected course should be open<br>]]>
            </line>
            <line>
              <![CDATA[Click on Enroll Button<br>]]>
            </line>
            <line>
              <![CDATA[Verify Data in User table<br>]]>
            </line>
            <line>
              <![CDATA[Verify Order Summary Page<br>]]>
            </line>
            <line>
              <![CDATA[Select currecntINR from currnecy table<br>]]>
            </line>
            <line>
              <![CDATA[Click on Razor pay securely button<br>]]>
            </line>
            <line>
              <![CDATA[Verify Razor page<br>]]>
            </line>
            <line>
              <![CDATA[Click on Net Banking tab<br>]]>
            </line>
            <line>
              <![CDATA[Select BankSBI from bank table <br>]]>
            </line>
            <line>
              <![CDATA[Click on pay button<br>]]>
            </line>
            <line>
              <![CDATA[Get Parent Window ID<br>]]>
            </line>
            <line>
              <![CDATA[Switch Child Window and Click on Succss button<br>]]>
            </line>
            <line>
              <![CDATA[Switch to Parent Window and verify my Profile page<br>]]>
            </line>
            <line>
              <![CDATA[Verify payment success message 'Thank you for making payment !'<br>]]>
            </line>
            <line>
              <![CDATA[Click on Referral Tab<br>]]>
            </line>
            <line>
              <![CDATA[Click on Refer Friend button<br>]]>
            </line>
            <line>
              <![CDATA[Enter email IEN@tech.edureka.in<br>]]>
            </line>
            <line>
              <![CDATA[Copy Referral Link https://goo.gl/uLsr28<br>]]>
            </line>
            <line>
              <![CDATA[Verify Success Message for sent refferral mail<br>]]>
            </line>
            <line>
              <![CDATA[Close Refer pop up<br>]]>
            </line>
            <line>
              <![CDATA[Get Page url: http://ecomqa.edureka.in/my-profile/166<br>]]>
            </line>
            <line>
              <![CDATA[Database verification for Referral Process<br>]]>
            </line>
            <line>
              <![CDATA[Click on Profile Dropdown<br>]]>
            </line>
            <line>
              <![CDATA[Logout from the application.<br>]]>
            </line>
            <line>
              <![CDATA[Verify Dashboard<br>]]>
            </line>
            <line>
              <![CDATA[Navigate to the https://goo.gl/uLsr28<br>]]>
            </line>
          </reporter-output>
        </test-method> <!-- test_001VerifyRefferringFlow -->
        <test-method status="PASS" signature="test_002RefferralActivities()[pri:0, instance:com.edureka.referralProcess.VerifyReferringFlow@691574db]" name="test_002RefferralActivities" duration-ms="258133" started-at="2017-02-03T17:39:07Z" depends-on-methods="com.edureka.referralProcess.VerifyReferringFlow.test_001VerifyRefferringFlow" finished-at="2017-02-03T17:43:25Z">
          <reporter-output>
            <line>
              <![CDATA[Click on SignIn Navigation header<br>]]>
            </line>
            <line>
              <![CDATA[Verify LogIn Is Default<br>]]>
            </line>
            <line>
              <![CDATA[click on Sign up link<br>]]>
            </line>
            <line>
              <![CDATA[Sign up user B who is refferrad by A in TC_001<br>]]>
            </line>
            <line>
              <![CDATA[Click on Sign create Account button<br>]]>
            </line>
            <line>
              <![CDATA[Select Course Big Data Hadoop<br>]]>
            </line>
            <line>
              <![CDATA[Verify Selected course should be open<br>]]>
            </line>
            <line>
              <![CDATA[Verify Data in User table<br>]]>
            </line>
            <line>
              <![CDATA[Click on Enroll Button<br>]]>
            </line>
            <line>
              <![CDATA[Verify Order Summary Page<br>]]>
            </line>
            <line>
              <![CDATA[Select currecntINR from currnecy table<br>]]>
            </line>
            <line>
              <![CDATA[Click on Razor pay securely button<br>]]>
            </line>
            <line>
              <![CDATA[Verify Razor page<br>]]>
            </line>
            <line>
              <![CDATA[Click on Net Banking tab<br>]]>
            </line>
            <line>
              <![CDATA[Select BankSBI from bank table <br>]]>
            </line>
            <line>
              <![CDATA[Click on pay button<br>]]>
            </line>
            <line>
              <![CDATA[Get Parent Window ID<br>]]>
            </line>
            <line>
              <![CDATA[Switch Child Window and Click on Succss button<br>]]>
            </line>
            <line>
              <![CDATA[Switch to Parent Window and verify my Profile page<br>]]>
            </line>
            <line>
              <![CDATA[Verify payment success message 'Thank you for making payment !'<br>]]>
            </line>
            <line>
              <![CDATA[Click on Referral Tab<br>]]>
            </line>
            <line>
              <![CDATA[Click on Refer Friend button<br>]]>
            </line>
            <line>
              <![CDATA[Copy Referral Link https://goo.gl/iklukA<br>]]>
            </line>
            <line>
              <![CDATA[Close Refer pop up<br>]]>
            </line>
            <line>
              <![CDATA[Database verification for referres user<br>]]>
            </line>
            <line>
              <![CDATA[Click on Profile Dropdown<br>]]>
            </line>
            <line>
              <![CDATA[Logout from the application.<br>]]>
            </line>
            <line>
              <![CDATA[Verify Dashboard<br>]]>
            </line>
          </reporter-output>
        </test-method> <!-- test_002RefferralActivities -->
        <test-method status="FAIL" signature="test_003VerifyEarningCredtiPoints()[pri:0, instance:com.edureka.referralProcess.VerifyReferringFlow@691574db]" name="test_003VerifyEarningCredtiPoints" duration-ms="22591" started-at="2017-02-03T17:43:25Z" depends-on-methods="com.edureka.referralProcess.VerifyReferringFlow.test_002RefferralActivities" finished-at="2017-02-03T17:43:48Z">
          <exception class="org.openqa.selenium.NoSuchElementException">
            <message>
              <![CDATA[Unable to locate element: {"method":"xpath","selector":"//span[@class='webinar-profile-name']"}
Command duration or timeout: 17 milliseconds
For documentation on this error, please visit: http://seleniumhq.org/exceptions/no_such_element.html
Build info: version: '2.48.1', revision: 'd80083d', time: '2015-10-08 21:11:00'
System info: host: '360pc011', ip: '127.0.1.1', os.name: 'Linux', os.arch: 'amd64', os.version: '4.2.0-27-generic', java.version: '1.7.0_111'
*** Element info: {Using=xpath, value=//span[@class='webinar-profile-name']}
Session ID: 32fdd595-b4cd-48f9-8b6e-f9e7cefd2734
Driver info: org.openqa.selenium.firefox.FirefoxDriver
Capabilities [{platform=LINUX, acceptSslCerts=true, javascriptEnabled=true, cssSelectorsEnabled=true, databaseEnabled=true, browserName=firefox, handlesAlerts=true, nativeEvents=false, webStorageEnabled=true, rotatable=false, locationContextEnabled=true, applicationCacheEnabled=true, takesScreenshot=true, version=41.0.2}]]]>
            </message>
            <full-stacktrace>
              <![CDATA[org.openqa.selenium.NoSuchElementException: Unable to locate element: {"method":"xpath","selector":"//span[@class='webinar-profile-name']"}
Command duration or timeout: 17 milliseconds
For documentation on this error, please visit: http://seleniumhq.org/exceptions/no_such_element.html
Build info: version: '2.48.1', revision: 'd80083d', time: '2015-10-08 21:11:00'
System info: host: '360pc011', ip: '127.0.1.1', os.name: 'Linux', os.arch: 'amd64', os.version: '4.2.0-27-generic', java.version: '1.7.0_111'
*** Element info: {Using=xpath, value=//span[@class='webinar-profile-name']}
Session ID: 32fdd595-b4cd-48f9-8b6e-f9e7cefd2734
Driver info: org.openqa.selenium.firefox.FirefoxDriver
Capabilities [{platform=LINUX, acceptSslCerts=true, javascriptEnabled=true, cssSelectorsEnabled=true, databaseEnabled=true, browserName=firefox, handlesAlerts=true, nativeEvents=false, webStorageEnabled=true, rotatable=false, locationContextEnabled=true, applicationCacheEnabled=true, takesScreenshot=true, version=41.0.2}]
	at sun.reflect.GeneratedConstructorAccessor24.newInstance(Unknown Source)
	at sun.reflect.DelegatingConstructorAccessorImpl.newInstance(DelegatingConstructorAccessorImpl.java:45)
	at java.lang.reflect.Constructor.newInstance(Constructor.java:526)
	at org.openqa.selenium.remote.ErrorHandler.createThrowable(ErrorHandler.java:206)
	at org.openqa.selenium.remote.ErrorHandler.throwIfResponseFailed(ErrorHandler.java:158)
	at org.openqa.selenium.remote.RemoteWebDriver.execute(RemoteWebDriver.java:647)
	at org.openqa.selenium.remote.RemoteWebDriver.findElement(RemoteWebDriver.java:353)
	at org.openqa.selenium.remote.RemoteWebDriver.findElementByXPath(RemoteWebDriver.java:490)
	at org.openqa.selenium.By$ByXPath.findElement(By.java:361)
	at org.openqa.selenium.remote.RemoteWebDriver.findElement(RemoteWebDriver.java:345)
	at com.edureka.pages.UserHomePage.verifyUserPage(UserHomePage.java:36)
	at com.edureka.referralProcess.VerifyReferringFlow.test_003VerifyEarningCredtiPoints(VerifyReferringFlow.java:377)
	at sun.reflect.NativeMethodAccessorImpl.invoke0(Native Method)
	at sun.reflect.NativeMethodAccessorImpl.invoke(NativeMethodAccessorImpl.java:57)
	at sun.reflect.DelegatingMethodAccessorImpl.invoke(DelegatingMethodAccessorImpl.java:43)
	at java.lang.reflect.Method.invoke(Method.java:606)
	at org.testng.internal.MethodInvocationHelper.invokeMethod(MethodInvocationHelper.java:85)
	at org.testng.internal.Invoker.invokeMethod(Invoker.java:639)
	at org.testng.internal.Invoker.invokeTestMethod(Invoker.java:821)
	at org.testng.internal.Invoker.invokeTestMethods(Invoker.java:1131)
	at org.testng.internal.TestMethodWorker.invokeTestMethods(TestMethodWorker.java:124)
	at org.testng.internal.TestMethodWorker.run(TestMethodWorker.java:108)
	at org.testng.TestRunner.privateRun(TestRunner.java:773)
	at org.testng.TestRunner.run(TestRunner.java:623)
	at org.testng.SuiteRunner.runTest(SuiteRunner.java:357)
	at org.testng.SuiteRunner.runSequentially(SuiteRunner.java:352)
	at org.testng.SuiteRunner.privateRun(SuiteRunner.java:310)
	at org.testng.SuiteRunner.run(SuiteRunner.java:259)
	at org.testng.SuiteRunnerWorker.runSuite(SuiteRunnerWorker.java:52)
	at org.testng.SuiteRunnerWorker.run(SuiteRunnerWorker.java:86)
	at org.testng.TestNG.runSuitesSequentially(TestNG.java:1185)
	at org.testng.TestNG.runSuitesLocally(TestNG.java:1110)
	at org.testng.TestNG.run(TestNG.java:1018)
	at org.testng.remote.AbstractRemoteTestNG.run(AbstractRemoteTestNG.java:126)
	at org.testng.remote.RemoteTestNG.initAndRun(RemoteTestNG.java:152)
	at org.testng.remote.RemoteTestNG.main(RemoteTestNG.java:57)
Caused by: org.openqa.selenium.NoSuchElementException: Unable to locate element: {"method":"xpath","selector":"//span[@class='webinar-profile-name']"}
For documentation on this error, please visit: http://seleniumhq.org/exceptions/no_such_element.html
Build info: version: '2.48.1', revision: 'd80083d', time: '2015-10-08 21:11:00'
System info: host: '360pc011', ip: '127.0.1.1', os.name: 'Linux', os.arch: 'amd64', os.version: '4.2.0-27-generic', java.version: '1.7.0_111'
Driver info: driver.version: unknown
	at <anonymous class>.FirefoxDriver.prototype.findElementInternal_(file:///tmp/anonymous3053520068614860405webdriver-profile/extensions/fxdriver@googlecode.com/components/driver-component.js:10659)
	at <anonymous class>.FirefoxDriver.prototype.findElement(file:///tmp/anonymous3053520068614860405webdriver-profile/extensions/fxdriver@googlecode.com/components/driver-component.js:10668)
	at <anonymous class>.DelayedCommand.prototype.executeInternal_/h(file:///tmp/anonymous3053520068614860405webdriver-profile/extensions/fxdriver@googlecode.com/components/command-processor.js:12534)
	at <anonymous class>.DelayedCommand.prototype.executeInternal_(file:///tmp/anonymous3053520068614860405webdriver-profile/extensions/fxdriver@googlecode.com/components/command-processor.js:12539)
	at <anonymous class>.DelayedCommand.prototype.execute/<(file:///tmp/anonymous3053520068614860405webdriver-profile/extensions/fxdriver@googlecode.com/components/command-processor.js:12481)
]]>
            </full-stacktrace>
          </exception> <!-- org.openqa.selenium.NoSuchElementException -->
          <reporter-output>
            <line>
              <![CDATA[Click on SignIn Navigation header<br>]]>
            </line>
            <line>
              <![CDATA[Verify LogIn Is Default<br>]]>
            </line>
            <line>
              <![CDATA[Login user A<br>]]>
            </line>
            <line>
              <![CDATA[Verify User Page<br>]]>
            </line>
            <line>
              <![CDATA[<a href= 'file:///home/logica/Desktop/test_workspace/Edureka_Automation/screenshots/test_003VerifyEarningCredtiPoints2017-02-03.jpg'target='_blank' ><img src='file:///home/logica/Desktop/test_workspace/Edureka_Automation/screenshots/test_003VerifyEarningCredtiPoints2017-02-03.jpg' height="42" width="42" >test_003VerifyEarningCredtiPoints2017-02-03</a>]]>
            </line>
          </reporter-output>
        </test-method> <!-- test_003VerifyEarningCredtiPoints -->
        <test-method status="SKIP" signature="test_005VrifyRedemptionOFCreditPoints()[pri:0, instance:com.edureka.referralProcess.VerifyReferringFlow@691574db]" name="test_005VrifyRedemptionOFCreditPoints" duration-ms="0" started-at="2017-02-03T17:43:48Z" depends-on-methods="com.edureka.referralProcess.VerifyReferringFlow.test_003VerifyEarningCredtiPoints" finished-at="2017-02-03T17:43:48Z">
          <exception class="java.lang.Throwable">
            <message>
              <![CDATA[Method VerifyReferringFlow.test_005VrifyRedemptionOFCreditPoints()[pri:0, instance:com.edureka.referralProcess.VerifyReferringFlow@691574db] depends on not successfully finished methods]]>
            </message>
            <full-stacktrace>
              <![CDATA[java.lang.Throwable: Method VerifyReferringFlow.test_005VrifyRedemptionOFCreditPoints()[pri:0, instance:com.edureka.referralProcess.VerifyReferringFlow@691574db] depends on not successfully finished methods
	at org.testng.internal.Invoker.invokeTestMethods(Invoker.java:1040)
	at org.testng.internal.TestMethodWorker.invokeTestMethods(TestMethodWorker.java:124)
	at org.testng.internal.TestMethodWorker.run(TestMethodWorker.java:108)
	at org.testng.TestRunner.privateRun(TestRunner.java:773)
	at org.testng.TestRunner.run(TestRunner.java:623)
	at org.testng.SuiteRunner.runTest(SuiteRunner.java:357)
	at org.testng.SuiteRunner.runSequentially(SuiteRunner.java:352)
	at org.testng.SuiteRunner.privateRun(SuiteRunner.java:310)
	at org.testng.SuiteRunner.run(SuiteRunner.java:259)
	at org.testng.SuiteRunnerWorker.runSuite(SuiteRunnerWorker.java:52)
	at org.testng.SuiteRunnerWorker.run(SuiteRunnerWorker.java:86)
	at org.testng.TestNG.runSuitesSequentially(TestNG.java:1185)
	at org.testng.TestNG.runSuitesLocally(TestNG.java:1110)
	at org.testng.TestNG.run(TestNG.java:1018)
	at org.testng.remote.AbstractRemoteTestNG.run(AbstractRemoteTestNG.java:126)
	at org.testng.remote.RemoteTestNG.initAndRun(RemoteTestNG.java:152)
	at org.testng.remote.RemoteTestNG.main(RemoteTestNG.java:57)
]]>
            </full-stacktrace>
          </exception> <!-- java.lang.Throwable -->
          <reporter-output>
          </reporter-output>
        </test-method> <!-- test_005VrifyRedemptionOFCreditPoints -->
        <test-method status="PASS" signature="tearDown()[pri:0, instance:com.edureka.referralProcess.VerifyReferringFlow@691574db]" name="tearDown" is-config="true" duration-ms="186" started-at="2017-02-03T17:43:48Z" finished-at="2017-02-03T17:43:48Z">
          <reporter-output>
          </reporter-output>
        </test-method> <!-- tearDown -->
      </class> <!-- com.edureka.referralProcess.VerifyReferringFlow -->
    </test> <!-- Default test -->
  </suite> <!-- Default suite -->
</testng-results>
