<?xml version="1.0" encoding="UTF-8"?>
<!-- Generated by org.testng.reporters.JUnitXMLReporter -->
<testsuite hostname="360LP048" name="SignInEnrollOnAnyCourse" tests="2" failures="1" timestamp="16 Sep 2016 13:38:26 GMT" time="217.902" errors="0">
  <testcase name="test_014SignInEnrollOnAnyCourse" time="143.654" classname="com.edureka.leadProcess.SignInEnrollOnAnyCourse"/>
  <testcase name="test_023EnrollOnAnyCourseLandingPage" time="62.491" classname="com.edureka.leadProcess.SignInEnrollOnAnyCourse">
    <failure type="java.lang.AssertionError" message="expected [true] but found [false]">
      <![CDATA[java.lang.AssertionError: expected [true] but found [false]
	at com.edureka.pages.DatabaseVerifications.dataVerificationInUserLeadTable(DatabaseVerifications.java:102)
	at com.edureka.pages.OrderSummaryPage.dataVerificationInUser_LeadsTable(OrderSummaryPage.java:193)
	at com.edureka.leadProcess.SignInEnrollOnAnyCourse.test_023EnrollOnAnyCourseLandingPage(SignInEnrollOnAnyCourse.java:173)
... Removed 27 stack frames]]>
    </failure>
  </testcase> <!-- test_023EnrollOnAnyCourseLandingPage -->
</testsuite> <!-- SignInEnrollOnAnyCourse -->
