<?xml version="1.0" encoding="UTF-8"?>
<!-- Generated by org.testng.reporters.JUnitXMLReporter -->
<testsuite hostname="BrajR" name="TestSuiteEdurekaPOC" tests="7" failures="3" timestamp="13 Jun 2016 16:23:42 GMT" time="445.225" errors="0">
  <testcase name="test_01VerifySignUpFromNavigationHeader" time="33.952" classname="com.edureka.scripts.VerifySignUpFromNavigationHeader"/>
  <testcase name="test_04VerifySignUpFromAddToWishlist" time="103.353" classname="com.edureka.scripts.VerifySignUpFromAddToWishlist"/>
  <testcase name="test_03VerifySignUpFromClassRecording" time="55.357" classname="com.edureka.scripts.VerifySignUpFromClassRecording"/>
  <testcase name="test_02VerifySignUpFromEnrollNow" time="41.715" classname="com.edureka.scripts.VerifySignUpFromEnrollNow"/>
  <testcase name="test_07VerifyCourseAmountOnOrderSummaryForForeignCurrency" time="83.895" classname="com.edureka.scripts.VerifyCourseAmountOnOrderSummaryForForeignCurrency">
    <failure type="java.lang.NumberFormatException" message="For input string: &amp;quot;Order Summary&amp;quot;">
      <![CDATA[java.lang.NumberFormatException: For input string: "Order Summary"
	at java.lang.NumberFormatException.forInputString(NumberFormatException.java:65)
	at java.lang.Integer.parseInt(Integer.java:492)
	at java.lang.Integer.parseInt(Integer.java:527)
	at com.edureka.pages.OrderSummaryPage.verifyTotalAmount(OrderSummaryPage.java:69)
	at com.edureka.scripts.VerifyCourseAmountOnOrderSummaryForForeignCurrency.test_07VerifyCourseAmountOnOrderSummaryForForeignCurrency(VerifyCourseAmountOnOrderSummaryForForeignCurrency.java:73)
... Removed 23 stack frames]]>
    </failure>
  </testcase> <!-- test_07VerifyCourseAmountOnOrderSummaryForForeignCurrency -->
  <testcase name="test_06VerifyCourseAmountOnOrderSummaryForINR" time="47.009" classname="com.edureka.scripts.VerifyCourseAmountOnOrderSummaryForINR">
    <failure type="java.lang.NumberFormatException" message="For input string: &amp;quot;Order Summary&amp;quot;">
      <![CDATA[java.lang.NumberFormatException: For input string: "Order Summary"
	at java.lang.NumberFormatException.forInputString(NumberFormatException.java:65)
	at java.lang.Integer.parseInt(Integer.java:492)
	at java.lang.Integer.parseInt(Integer.java:527)
	at com.edureka.pages.OrderSummaryPage.verifyTotalAmount(OrderSummaryPage.java:69)
	at com.edureka.scripts.VerifyCourseAmountOnOrderSummaryForINR.test_06VerifyCourseAmountOnOrderSummaryForINR(VerifyCourseAmountOnOrderSummaryForINR.java:72)
... Removed 23 stack frames]]>
    </failure>
  </testcase> <!-- test_06VerifyCourseAmountOnOrderSummaryForINR -->
  <testcase name="test_05VerifyCreatingLeadUsingDropUsQuery" time="17.276" classname="com.edureka.scripts.VerifyCreatingLeadUsingDropUsQuery">
    <failure type="org.openqa.selenium.NoSuchElementException" message="Unable to locate element: {&amp;quot;method&amp;quot;:&amp;quot;xpath&amp;quot;,&amp;quot;selector&amp;quot;:&amp;quot;//input[@id=&amp;apos;inquiry_query&amp;apos;]&amp;quot;}
Command duration or timeout: 44 milliseconds
For documentation on this error, please visit: http://seleniumhq.org/exceptions/no_such_element.html
Build info: version: &amp;apos;2.48.1&amp;apos;, revision: &amp;apos;d80083d&amp;apos;, time: &amp;apos;2015-10-08 21:11:00&amp;apos;
System info: host: &amp;apos;BrajR&amp;apos;, ip: &amp;apos;192.168.3.10&amp;apos;, os.name: &amp;apos;Windows 7&amp;apos;, os.arch: &amp;apos;x86&amp;apos;, os.version: &amp;apos;6.1&amp;apos;, java.version: &amp;apos;1.7.0_45&amp;apos;
*** Element info: {Using=xpath, value=//input[@id=&amp;apos;inquiry_query&amp;apos;]}
Session ID: 95f1648f-92b7-46c6-8c21-d366793b9022
Driver info: org.openqa.selenium.firefox.FirefoxDriver
Capabilities [{platform=WINDOWS, acceptSslCerts=true, javascriptEnabled=true, cssSelectorsEnabled=true, databaseEnabled=true, browserName=firefox, handlesAlerts=true, nativeEvents=false, webStorageEnabled=true, rotatable=false, locationContextEnabled=true, applicationCacheEnabled=true, takesScreenshot=true, version=43.0.1}]">
      <![CDATA[org.openqa.selenium.NoSuchElementException: Unable to locate element: {"method":"xpath","selector":"//input[@id='inquiry_query']"}
Command duration or timeout: 44 milliseconds
For documentation on this error, please visit: http://seleniumhq.org/exceptions/no_such_element.html
Build info: version: '2.48.1', revision: 'd80083d', time: '2015-10-08 21:11:00'
System info: host: 'BrajR', ip: '192.168.3.10', os.name: 'Windows 7', os.arch: 'x86', os.version: '6.1', java.version: '1.7.0_45'
*** Element info: {Using=xpath, value=//input[@id='inquiry_query']}
Session ID: 95f1648f-92b7-46c6-8c21-d366793b9022
Driver info: org.openqa.selenium.firefox.FirefoxDriver
Capabilities [{platform=WINDOWS, acceptSslCerts=true, javascriptEnabled=true, cssSelectorsEnabled=true, databaseEnabled=true, browserName=firefox, handlesAlerts=true, nativeEvents=false, webStorageEnabled=true, rotatable=false, locationContextEnabled=true, applicationCacheEnabled=true, takesScreenshot=true, version=43.0.1}]
	at org.openqa.selenium.remote.ErrorHandler.createThrowable(ErrorHandler.java:206)
	at org.openqa.selenium.remote.ErrorHandler.throwIfResponseFailed(ErrorHandler.java:158)
	at org.openqa.selenium.remote.RemoteWebDriver.execute(RemoteWebDriver.java:647)
	at org.openqa.selenium.remote.RemoteWebDriver.findElement(RemoteWebDriver.java:353)
	at org.openqa.selenium.remote.RemoteWebDriver.findElementByXPath(RemoteWebDriver.java:490)
	at org.openqa.selenium.By$ByXPath.findElement(By.java:361)
	at org.openqa.selenium.remote.RemoteWebDriver.findElement(RemoteWebDriver.java:345)
	at com.edureka.pages.SelectedCoursePage.sendQuery(SelectedCoursePage.java:73)
	at com.edureka.scripts.VerifyCreatingLeadUsingDropUsQuery.test_05VerifyCreatingLeadUsingDropUsQuery(VerifyCreatingLeadUsingDropUsQuery.java:40)
Caused by: org.openqa.selenium.NoSuchElementException: Unable to locate element: {"method":"xpath","selector":"//input[@id='inquiry_query']"}
For documentation on this error, please visit: http://seleniumhq.org/exceptions/no_such_element.html
Build info: version: '2.48.1', revision: 'd80083d', time: '2015-10-08 21:11:00'
System info: host: 'BrajR', ip: '192.168.3.10', os.name: 'Windows 7', os.arch: 'x86', os.version: '6.1', java.version: '1.7.0_45'
Driver info: driver.version: unknown
	at <anonymous class>.FirefoxDriver.prototype.findElementInternal_(file:///C:/Users/MonikaS2/AppData/Local/Temp/anonymous8712355136374318871webdriver-profile/extensions/fxdriver@googlecode.com/components/driver-component.js:10659)
	at <anonymous class>.FirefoxDriver.prototype.findElement(file:///C:/Users/MonikaS2/AppData/Local/Temp/anonymous8712355136374318871webdriver-profile/extensions/fxdriver@googlecode.com/components/driver-component.js:10668)
	at <anonymous class>.DelayedCommand.prototype.executeInternal_/h(file:///C:/Users/MonikaS2/AppData/Local/Temp/anonymous8712355136374318871webdriver-profile/extensions/fxdriver@googlecode.com/components/command-processor.js:12534)
	at <anonymous class>.DelayedCommand.prototype.executeInternal_(file:///C:/Users/MonikaS2/AppData/Local/Temp/anonymous8712355136374318871webdriver-profile/extensions/fxdriver@googlecode.com/components/command-processor.js:12539)
	at <anonymous class>.DelayedCommand.prototype.execute/<(file:///C:/Users/MonikaS2/AppData/Local/Temp/anonymous8712355136374318871webdriver-profile/extensions/fxdriver@googlecode.com/components/command-processor.js:12481)
... Removed 26 stack frames]]>
    </failure>
  </testcase> <!-- test_05VerifyCreatingLeadUsingDropUsQuery -->
</testsuite> <!-- TestSuiteEdurekaPOC -->
