<?xml version="1.0" encoding="UTF-8"?>
<!-- Generated by org.testng.reporters.JUnitXMLReporter -->
<testsuite hostname="360LP048" name="MakePaymentThroughPaypal" tests="2" failures="1" timestamp="7 Oct 2016 18:15:26 GMT" time="155.92" errors="0">
  <testcase name="test_004MakePaymentThroughPaypal" time="144.153" classname="com.edureka.paymentProcess.MakePaymentThroughPaypal">
    <failure type="java.lang.AssertionError" message="expected [true] but found [false]">
      <![CDATA[java.lang.AssertionError: expected [true] but found [false]
	at com.edureka.pages.MyProfilePage.verifyPage(MyProfilePage.java:32)
	at com.edureka.paymentProcess.MakePaymentThroughPaypal.test_004MakePaymentThroughPaypal(MakePaymentThroughPaypal.java:104)
... Removed 27 stack frames]]>
    </failure>
  </testcase> <!-- test_004MakePaymentThroughPaypal -->
  <testcase name="test_022ValidateMyOrdersDetailsOnMyProfilePage" time="0.0" classname="com.edureka.paymentProcess.MakePaymentThroughPaypal">
    <skipped/>
  </testcase> <!-- test_022ValidateMyOrdersDetailsOnMyProfilePage -->
</testsuite> <!-- MakePaymentThroughPaypal -->
